ARM GAS  C:\Users\aticl\AppData\Local\Temp\ccOW3x2o.s 			page 1


   1              		.cpu cortex-m7
   2              		.arch armv7e-m
   3              		.fpu fpv5-d16
   4              		.eabi_attribute 28, 1
   5              		.eabi_attribute 20, 1
   6              		.eabi_attribute 21, 1
   7              		.eabi_attribute 23, 3
   8              		.eabi_attribute 24, 1
   9              		.eabi_attribute 25, 1
  10              		.eabi_attribute 26, 1
  11              		.eabi_attribute 30, 1
  12              		.eabi_attribute 34, 1
  13              		.eabi_attribute 18, 4
  14              		.file	"stm32h7xx_hal_msp.c"
  15              		.text
  16              	.Ltext0:
  17              		.cfi_sections	.debug_frame
  18              		.file 1 "Core/Src/stm32h7xx_hal_msp.c"
  19              		.section	.text.HAL_MspInit,"ax",%progbits
  20              		.align	1
  21              		.global	HAL_MspInit
  22              		.syntax unified
  23              		.thumb
  24              		.thumb_func
  26              	HAL_MspInit:
  27              	.LFB144:
   1:Core/Src/stm32h7xx_hal_msp.c **** /* USER CODE BEGIN Header */
   2:Core/Src/stm32h7xx_hal_msp.c **** /**
   3:Core/Src/stm32h7xx_hal_msp.c ****   ******************************************************************************
   4:Core/Src/stm32h7xx_hal_msp.c ****   * @file         stm32h7xx_hal_msp.c
   5:Core/Src/stm32h7xx_hal_msp.c ****   * @brief        This file provides code for the MSP Initialization
   6:Core/Src/stm32h7xx_hal_msp.c ****   *               and de-Initialization codes.
   7:Core/Src/stm32h7xx_hal_msp.c ****   ******************************************************************************
   8:Core/Src/stm32h7xx_hal_msp.c ****   * @attention
   9:Core/Src/stm32h7xx_hal_msp.c ****   *
  10:Core/Src/stm32h7xx_hal_msp.c ****   * Copyright (c) 2025 STMicroelectronics.
  11:Core/Src/stm32h7xx_hal_msp.c ****   * All rights reserved.
  12:Core/Src/stm32h7xx_hal_msp.c ****   *
  13:Core/Src/stm32h7xx_hal_msp.c ****   * This software is licensed under terms that can be found in the LICENSE file
  14:Core/Src/stm32h7xx_hal_msp.c ****   * in the root directory of this software component.
  15:Core/Src/stm32h7xx_hal_msp.c ****   * If no LICENSE file comes with this software, it is provided AS-IS.
  16:Core/Src/stm32h7xx_hal_msp.c ****   *
  17:Core/Src/stm32h7xx_hal_msp.c ****   ******************************************************************************
  18:Core/Src/stm32h7xx_hal_msp.c ****   */
  19:Core/Src/stm32h7xx_hal_msp.c **** /* USER CODE END Header */
  20:Core/Src/stm32h7xx_hal_msp.c **** 
  21:Core/Src/stm32h7xx_hal_msp.c **** /* Includes ------------------------------------------------------------------*/
  22:Core/Src/stm32h7xx_hal_msp.c **** #include "main.h"
  23:Core/Src/stm32h7xx_hal_msp.c **** /* USER CODE BEGIN Includes */
  24:Core/Src/stm32h7xx_hal_msp.c **** 
  25:Core/Src/stm32h7xx_hal_msp.c **** /* USER CODE END Includes */
  26:Core/Src/stm32h7xx_hal_msp.c **** 
  27:Core/Src/stm32h7xx_hal_msp.c **** /* Private typedef -----------------------------------------------------------*/
  28:Core/Src/stm32h7xx_hal_msp.c **** /* USER CODE BEGIN TD */
  29:Core/Src/stm32h7xx_hal_msp.c **** 
  30:Core/Src/stm32h7xx_hal_msp.c **** /* USER CODE END TD */
  31:Core/Src/stm32h7xx_hal_msp.c **** 
ARM GAS  C:\Users\aticl\AppData\Local\Temp\ccOW3x2o.s 			page 2


  32:Core/Src/stm32h7xx_hal_msp.c **** /* Private define ------------------------------------------------------------*/
  33:Core/Src/stm32h7xx_hal_msp.c **** /* USER CODE BEGIN Define */
  34:Core/Src/stm32h7xx_hal_msp.c **** 
  35:Core/Src/stm32h7xx_hal_msp.c **** /* USER CODE END Define */
  36:Core/Src/stm32h7xx_hal_msp.c **** 
  37:Core/Src/stm32h7xx_hal_msp.c **** /* Private macro -------------------------------------------------------------*/
  38:Core/Src/stm32h7xx_hal_msp.c **** /* USER CODE BEGIN Macro */
  39:Core/Src/stm32h7xx_hal_msp.c **** 
  40:Core/Src/stm32h7xx_hal_msp.c **** /* USER CODE END Macro */
  41:Core/Src/stm32h7xx_hal_msp.c **** 
  42:Core/Src/stm32h7xx_hal_msp.c **** /* Private variables ---------------------------------------------------------*/
  43:Core/Src/stm32h7xx_hal_msp.c **** /* USER CODE BEGIN PV */
  44:Core/Src/stm32h7xx_hal_msp.c **** 
  45:Core/Src/stm32h7xx_hal_msp.c **** /* USER CODE END PV */
  46:Core/Src/stm32h7xx_hal_msp.c **** 
  47:Core/Src/stm32h7xx_hal_msp.c **** /* Private function prototypes -----------------------------------------------*/
  48:Core/Src/stm32h7xx_hal_msp.c **** /* USER CODE BEGIN PFP */
  49:Core/Src/stm32h7xx_hal_msp.c **** 
  50:Core/Src/stm32h7xx_hal_msp.c **** /* USER CODE END PFP */
  51:Core/Src/stm32h7xx_hal_msp.c **** 
  52:Core/Src/stm32h7xx_hal_msp.c **** /* External functions --------------------------------------------------------*/
  53:Core/Src/stm32h7xx_hal_msp.c **** /* USER CODE BEGIN ExternalFunctions */
  54:Core/Src/stm32h7xx_hal_msp.c **** 
  55:Core/Src/stm32h7xx_hal_msp.c **** /* USER CODE END ExternalFunctions */
  56:Core/Src/stm32h7xx_hal_msp.c **** 
  57:Core/Src/stm32h7xx_hal_msp.c **** /* USER CODE BEGIN 0 */
  58:Core/Src/stm32h7xx_hal_msp.c **** 
  59:Core/Src/stm32h7xx_hal_msp.c **** /* USER CODE END 0 */
  60:Core/Src/stm32h7xx_hal_msp.c **** 
  61:Core/Src/stm32h7xx_hal_msp.c **** void HAL_TIM_MspPostInit(TIM_HandleTypeDef *htim);
  62:Core/Src/stm32h7xx_hal_msp.c ****                     /**
  63:Core/Src/stm32h7xx_hal_msp.c ****   * Initializes the Global MSP.
  64:Core/Src/stm32h7xx_hal_msp.c ****   */
  65:Core/Src/stm32h7xx_hal_msp.c **** void HAL_MspInit(void)
  66:Core/Src/stm32h7xx_hal_msp.c **** {
  28              		.loc 1 66 1 view -0
  29              		.cfi_startproc
  30              		@ args = 0, pretend = 0, frame = 8
  31              		@ frame_needed = 0, uses_anonymous_args = 0
  32              		@ link register save eliminated.
  33 0000 82B0     		sub	sp, sp, #8
  34              		.cfi_def_cfa_offset 8
  67:Core/Src/stm32h7xx_hal_msp.c **** 
  68:Core/Src/stm32h7xx_hal_msp.c ****   /* USER CODE BEGIN MspInit 0 */
  69:Core/Src/stm32h7xx_hal_msp.c **** 
  70:Core/Src/stm32h7xx_hal_msp.c ****   /* USER CODE END MspInit 0 */
  71:Core/Src/stm32h7xx_hal_msp.c **** 
  72:Core/Src/stm32h7xx_hal_msp.c ****   __HAL_RCC_SYSCFG_CLK_ENABLE();
  35              		.loc 1 72 3 view .LVU1
  36              	.LBB2:
  37              		.loc 1 72 3 view .LVU2
  38              		.loc 1 72 3 view .LVU3
  39 0002 074B     		ldr	r3, .L3
  40 0004 D3F8F420 		ldr	r2, [r3, #244]
  41 0008 42F00202 		orr	r2, r2, #2
  42 000c C3F8F420 		str	r2, [r3, #244]
  43              		.loc 1 72 3 view .LVU4
ARM GAS  C:\Users\aticl\AppData\Local\Temp\ccOW3x2o.s 			page 3


  44 0010 D3F8F430 		ldr	r3, [r3, #244]
  45 0014 03F00203 		and	r3, r3, #2
  46 0018 0193     		str	r3, [sp, #4]
  47              		.loc 1 72 3 view .LVU5
  48 001a 019B     		ldr	r3, [sp, #4]
  49              	.LBE2:
  50              		.loc 1 72 3 view .LVU6
  73:Core/Src/stm32h7xx_hal_msp.c **** 
  74:Core/Src/stm32h7xx_hal_msp.c ****   /* System interrupt init*/
  75:Core/Src/stm32h7xx_hal_msp.c **** 
  76:Core/Src/stm32h7xx_hal_msp.c ****   /* USER CODE BEGIN MspInit 1 */
  77:Core/Src/stm32h7xx_hal_msp.c **** 
  78:Core/Src/stm32h7xx_hal_msp.c ****   /* USER CODE END MspInit 1 */
  79:Core/Src/stm32h7xx_hal_msp.c **** }
  51              		.loc 1 79 1 is_stmt 0 view .LVU7
  52 001c 02B0     		add	sp, sp, #8
  53              		.cfi_def_cfa_offset 0
  54              		@ sp needed
  55 001e 7047     		bx	lr
  56              	.L4:
  57              		.align	2
  58              	.L3:
  59 0020 00440258 		.word	1476543488
  60              		.cfi_endproc
  61              	.LFE144:
  63              		.section	.text.HAL_FDCAN_MspInit,"ax",%progbits
  64              		.align	1
  65              		.global	HAL_FDCAN_MspInit
  66              		.syntax unified
  67              		.thumb
  68              		.thumb_func
  70              	HAL_FDCAN_MspInit:
  71              	.LVL0:
  72              	.LFB145:
  80:Core/Src/stm32h7xx_hal_msp.c **** 
  81:Core/Src/stm32h7xx_hal_msp.c **** /**
  82:Core/Src/stm32h7xx_hal_msp.c ****   * @brief FDCAN MSP Initialization
  83:Core/Src/stm32h7xx_hal_msp.c ****   * This function configures the hardware resources used in this example
  84:Core/Src/stm32h7xx_hal_msp.c ****   * @param hfdcan: FDCAN handle pointer
  85:Core/Src/stm32h7xx_hal_msp.c ****   * @retval None
  86:Core/Src/stm32h7xx_hal_msp.c ****   */
  87:Core/Src/stm32h7xx_hal_msp.c **** void HAL_FDCAN_MspInit(FDCAN_HandleTypeDef* hfdcan)
  88:Core/Src/stm32h7xx_hal_msp.c **** {
  73              		.loc 1 88 1 is_stmt 1 view -0
  74              		.cfi_startproc
  75              		@ args = 0, pretend = 0, frame = 224
  76              		@ frame_needed = 0, uses_anonymous_args = 0
  77              		.loc 1 88 1 is_stmt 0 view .LVU9
  78 0000 10B5     		push	{r4, lr}
  79              		.cfi_def_cfa_offset 8
  80              		.cfi_offset 4, -8
  81              		.cfi_offset 14, -4
  82 0002 B8B0     		sub	sp, sp, #224
  83              		.cfi_def_cfa_offset 232
  84 0004 0446     		mov	r4, r0
  89:Core/Src/stm32h7xx_hal_msp.c ****   GPIO_InitTypeDef GPIO_InitStruct = {0};
  85              		.loc 1 89 3 is_stmt 1 view .LVU10
ARM GAS  C:\Users\aticl\AppData\Local\Temp\ccOW3x2o.s 			page 4


  86              		.loc 1 89 20 is_stmt 0 view .LVU11
  87 0006 0021     		movs	r1, #0
  88 0008 3391     		str	r1, [sp, #204]
  89 000a 3491     		str	r1, [sp, #208]
  90 000c 3591     		str	r1, [sp, #212]
  91 000e 3691     		str	r1, [sp, #216]
  92 0010 3791     		str	r1, [sp, #220]
  90:Core/Src/stm32h7xx_hal_msp.c ****   RCC_PeriphCLKInitTypeDef PeriphClkInitStruct = {0};
  93              		.loc 1 90 3 is_stmt 1 view .LVU12
  94              		.loc 1 90 28 is_stmt 0 view .LVU13
  95 0012 C022     		movs	r2, #192
  96 0014 02A8     		add	r0, sp, #8
  97              	.LVL1:
  98              		.loc 1 90 28 view .LVU14
  99 0016 FFF7FEFF 		bl	memset
 100              	.LVL2:
  91:Core/Src/stm32h7xx_hal_msp.c ****   if(hfdcan->Instance==FDCAN1)
 101              		.loc 1 91 3 is_stmt 1 view .LVU15
 102              		.loc 1 91 12 is_stmt 0 view .LVU16
 103 001a 2268     		ldr	r2, [r4]
 104              		.loc 1 91 5 view .LVU17
 105 001c 234B     		ldr	r3, .L11
 106 001e 9A42     		cmp	r2, r3
 107 0020 01D0     		beq	.L9
 108              	.L5:
  92:Core/Src/stm32h7xx_hal_msp.c ****   {
  93:Core/Src/stm32h7xx_hal_msp.c ****     /* USER CODE BEGIN FDCAN1_MspInit 0 */
  94:Core/Src/stm32h7xx_hal_msp.c **** 
  95:Core/Src/stm32h7xx_hal_msp.c ****     /* USER CODE END FDCAN1_MspInit 0 */
  96:Core/Src/stm32h7xx_hal_msp.c **** 
  97:Core/Src/stm32h7xx_hal_msp.c ****   /** Initializes the peripherals clock
  98:Core/Src/stm32h7xx_hal_msp.c ****   */
  99:Core/Src/stm32h7xx_hal_msp.c ****     PeriphClkInitStruct.PeriphClockSelection = RCC_PERIPHCLK_FDCAN;
 100:Core/Src/stm32h7xx_hal_msp.c ****     PeriphClkInitStruct.PLL2.PLL2M = 2;
 101:Core/Src/stm32h7xx_hal_msp.c ****     PeriphClkInitStruct.PLL2.PLL2N = 12;
 102:Core/Src/stm32h7xx_hal_msp.c ****     PeriphClkInitStruct.PLL2.PLL2P = 2;
 103:Core/Src/stm32h7xx_hal_msp.c ****     PeriphClkInitStruct.PLL2.PLL2Q = 3;
 104:Core/Src/stm32h7xx_hal_msp.c ****     PeriphClkInitStruct.PLL2.PLL2R = 2;
 105:Core/Src/stm32h7xx_hal_msp.c ****     PeriphClkInitStruct.PLL2.PLL2RGE = RCC_PLL2VCIRANGE_3;
 106:Core/Src/stm32h7xx_hal_msp.c ****     PeriphClkInitStruct.PLL2.PLL2VCOSEL = RCC_PLL2VCOMEDIUM;
 107:Core/Src/stm32h7xx_hal_msp.c ****     PeriphClkInitStruct.PLL2.PLL2FRACN = 0.0;
 108:Core/Src/stm32h7xx_hal_msp.c ****     PeriphClkInitStruct.FdcanClockSelection = RCC_FDCANCLKSOURCE_PLL2;
 109:Core/Src/stm32h7xx_hal_msp.c ****     if (HAL_RCCEx_PeriphCLKConfig(&PeriphClkInitStruct) != HAL_OK)
 110:Core/Src/stm32h7xx_hal_msp.c ****     {
 111:Core/Src/stm32h7xx_hal_msp.c ****       Error_Handler();
 112:Core/Src/stm32h7xx_hal_msp.c ****     }
 113:Core/Src/stm32h7xx_hal_msp.c **** 
 114:Core/Src/stm32h7xx_hal_msp.c ****     /* Peripheral clock enable */
 115:Core/Src/stm32h7xx_hal_msp.c ****     __HAL_RCC_FDCAN_CLK_ENABLE();
 116:Core/Src/stm32h7xx_hal_msp.c **** 
 117:Core/Src/stm32h7xx_hal_msp.c ****     __HAL_RCC_GPIOD_CLK_ENABLE();
 118:Core/Src/stm32h7xx_hal_msp.c ****     /**FDCAN1 GPIO Configuration
 119:Core/Src/stm32h7xx_hal_msp.c ****     PD0     ------> FDCAN1_RX
 120:Core/Src/stm32h7xx_hal_msp.c ****     PD1     ------> FDCAN1_TX
 121:Core/Src/stm32h7xx_hal_msp.c ****     */
 122:Core/Src/stm32h7xx_hal_msp.c ****     GPIO_InitStruct.Pin = GPIO_PIN_0|GPIO_PIN_1;
 123:Core/Src/stm32h7xx_hal_msp.c ****     GPIO_InitStruct.Mode = GPIO_MODE_AF_PP;
ARM GAS  C:\Users\aticl\AppData\Local\Temp\ccOW3x2o.s 			page 5


 124:Core/Src/stm32h7xx_hal_msp.c ****     GPIO_InitStruct.Pull = GPIO_NOPULL;
 125:Core/Src/stm32h7xx_hal_msp.c ****     GPIO_InitStruct.Speed = GPIO_SPEED_FREQ_LOW;
 126:Core/Src/stm32h7xx_hal_msp.c ****     GPIO_InitStruct.Alternate = GPIO_AF9_FDCAN1;
 127:Core/Src/stm32h7xx_hal_msp.c ****     HAL_GPIO_Init(GPIOD, &GPIO_InitStruct);
 128:Core/Src/stm32h7xx_hal_msp.c **** 
 129:Core/Src/stm32h7xx_hal_msp.c ****     /* USER CODE BEGIN FDCAN1_MspInit 1 */
 130:Core/Src/stm32h7xx_hal_msp.c **** 
 131:Core/Src/stm32h7xx_hal_msp.c ****     /* USER CODE END FDCAN1_MspInit 1 */
 132:Core/Src/stm32h7xx_hal_msp.c **** 
 133:Core/Src/stm32h7xx_hal_msp.c ****   }
 134:Core/Src/stm32h7xx_hal_msp.c **** 
 135:Core/Src/stm32h7xx_hal_msp.c **** }
 109              		.loc 1 135 1 view .LVU18
 110 0022 38B0     		add	sp, sp, #224
 111              		.cfi_remember_state
 112              		.cfi_def_cfa_offset 8
 113              		@ sp needed
 114 0024 10BD     		pop	{r4, pc}
 115              	.LVL3:
 116              	.L9:
 117              		.cfi_restore_state
  99:Core/Src/stm32h7xx_hal_msp.c ****     PeriphClkInitStruct.PLL2.PLL2M = 2;
 118              		.loc 1 99 5 is_stmt 1 view .LVU19
  99:Core/Src/stm32h7xx_hal_msp.c ****     PeriphClkInitStruct.PLL2.PLL2M = 2;
 119              		.loc 1 99 46 is_stmt 0 view .LVU20
 120 0026 4FF40042 		mov	r2, #32768
 121 002a 0023     		movs	r3, #0
 122 002c CDE90223 		strd	r2, [sp, #8]
 100:Core/Src/stm32h7xx_hal_msp.c ****     PeriphClkInitStruct.PLL2.PLL2N = 12;
 123              		.loc 1 100 5 is_stmt 1 view .LVU21
 100:Core/Src/stm32h7xx_hal_msp.c ****     PeriphClkInitStruct.PLL2.PLL2N = 12;
 124              		.loc 1 100 36 is_stmt 0 view .LVU22
 125 0030 0223     		movs	r3, #2
 126 0032 0493     		str	r3, [sp, #16]
 101:Core/Src/stm32h7xx_hal_msp.c ****     PeriphClkInitStruct.PLL2.PLL2P = 2;
 127              		.loc 1 101 5 is_stmt 1 view .LVU23
 101:Core/Src/stm32h7xx_hal_msp.c ****     PeriphClkInitStruct.PLL2.PLL2P = 2;
 128              		.loc 1 101 36 is_stmt 0 view .LVU24
 129 0034 0C22     		movs	r2, #12
 130 0036 0592     		str	r2, [sp, #20]
 102:Core/Src/stm32h7xx_hal_msp.c ****     PeriphClkInitStruct.PLL2.PLL2Q = 3;
 131              		.loc 1 102 5 is_stmt 1 view .LVU25
 102:Core/Src/stm32h7xx_hal_msp.c ****     PeriphClkInitStruct.PLL2.PLL2Q = 3;
 132              		.loc 1 102 36 is_stmt 0 view .LVU26
 133 0038 0693     		str	r3, [sp, #24]
 103:Core/Src/stm32h7xx_hal_msp.c ****     PeriphClkInitStruct.PLL2.PLL2R = 2;
 134              		.loc 1 103 5 is_stmt 1 view .LVU27
 103:Core/Src/stm32h7xx_hal_msp.c ****     PeriphClkInitStruct.PLL2.PLL2R = 2;
 135              		.loc 1 103 36 is_stmt 0 view .LVU28
 136 003a 0322     		movs	r2, #3
 137 003c 0792     		str	r2, [sp, #28]
 104:Core/Src/stm32h7xx_hal_msp.c ****     PeriphClkInitStruct.PLL2.PLL2RGE = RCC_PLL2VCIRANGE_3;
 138              		.loc 1 104 5 is_stmt 1 view .LVU29
 104:Core/Src/stm32h7xx_hal_msp.c ****     PeriphClkInitStruct.PLL2.PLL2RGE = RCC_PLL2VCIRANGE_3;
 139              		.loc 1 104 36 is_stmt 0 view .LVU30
 140 003e 0893     		str	r3, [sp, #32]
 105:Core/Src/stm32h7xx_hal_msp.c ****     PeriphClkInitStruct.PLL2.PLL2VCOSEL = RCC_PLL2VCOMEDIUM;
ARM GAS  C:\Users\aticl\AppData\Local\Temp\ccOW3x2o.s 			page 6


 141              		.loc 1 105 5 is_stmt 1 view .LVU31
 105:Core/Src/stm32h7xx_hal_msp.c ****     PeriphClkInitStruct.PLL2.PLL2VCOSEL = RCC_PLL2VCOMEDIUM;
 142              		.loc 1 105 38 is_stmt 0 view .LVU32
 143 0040 C023     		movs	r3, #192
 144 0042 0993     		str	r3, [sp, #36]
 106:Core/Src/stm32h7xx_hal_msp.c ****     PeriphClkInitStruct.PLL2.PLL2FRACN = 0.0;
 145              		.loc 1 106 5 is_stmt 1 view .LVU33
 106:Core/Src/stm32h7xx_hal_msp.c ****     PeriphClkInitStruct.PLL2.PLL2FRACN = 0.0;
 146              		.loc 1 106 41 is_stmt 0 view .LVU34
 147 0044 2023     		movs	r3, #32
 148 0046 0A93     		str	r3, [sp, #40]
 107:Core/Src/stm32h7xx_hal_msp.c ****     PeriphClkInitStruct.FdcanClockSelection = RCC_FDCANCLKSOURCE_PLL2;
 149              		.loc 1 107 5 is_stmt 1 view .LVU35
 108:Core/Src/stm32h7xx_hal_msp.c ****     if (HAL_RCCEx_PeriphCLKConfig(&PeriphClkInitStruct) != HAL_OK)
 150              		.loc 1 108 5 view .LVU36
 108:Core/Src/stm32h7xx_hal_msp.c ****     if (HAL_RCCEx_PeriphCLKConfig(&PeriphClkInitStruct) != HAL_OK)
 151              		.loc 1 108 45 is_stmt 0 view .LVU37
 152 0048 4FF00053 		mov	r3, #536870912
 153 004c 1E93     		str	r3, [sp, #120]
 109:Core/Src/stm32h7xx_hal_msp.c ****     {
 154              		.loc 1 109 5 is_stmt 1 view .LVU38
 109:Core/Src/stm32h7xx_hal_msp.c ****     {
 155              		.loc 1 109 9 is_stmt 0 view .LVU39
 156 004e 02A8     		add	r0, sp, #8
 157 0050 FFF7FEFF 		bl	HAL_RCCEx_PeriphCLKConfig
 158              	.LVL4:
 109:Core/Src/stm32h7xx_hal_msp.c ****     {
 159              		.loc 1 109 8 discriminator 1 view .LVU40
 160 0054 30BB     		cbnz	r0, .L10
 161              	.L7:
 115:Core/Src/stm32h7xx_hal_msp.c **** 
 162              		.loc 1 115 5 is_stmt 1 view .LVU41
 163              	.LBB3:
 115:Core/Src/stm32h7xx_hal_msp.c **** 
 164              		.loc 1 115 5 view .LVU42
 115:Core/Src/stm32h7xx_hal_msp.c **** 
 165              		.loc 1 115 5 view .LVU43
 166 0056 164B     		ldr	r3, .L11+4
 167 0058 D3F8EC20 		ldr	r2, [r3, #236]
 168 005c 42F48072 		orr	r2, r2, #256
 169 0060 C3F8EC20 		str	r2, [r3, #236]
 115:Core/Src/stm32h7xx_hal_msp.c **** 
 170              		.loc 1 115 5 view .LVU44
 171 0064 D3F8EC20 		ldr	r2, [r3, #236]
 172 0068 02F48072 		and	r2, r2, #256
 173 006c 0092     		str	r2, [sp]
 115:Core/Src/stm32h7xx_hal_msp.c **** 
 174              		.loc 1 115 5 view .LVU45
 175 006e 009A     		ldr	r2, [sp]
 176              	.LBE3:
 115:Core/Src/stm32h7xx_hal_msp.c **** 
 177              		.loc 1 115 5 view .LVU46
 117:Core/Src/stm32h7xx_hal_msp.c ****     /**FDCAN1 GPIO Configuration
 178              		.loc 1 117 5 view .LVU47
 179              	.LBB4:
 117:Core/Src/stm32h7xx_hal_msp.c ****     /**FDCAN1 GPIO Configuration
 180              		.loc 1 117 5 view .LVU48
ARM GAS  C:\Users\aticl\AppData\Local\Temp\ccOW3x2o.s 			page 7


 117:Core/Src/stm32h7xx_hal_msp.c ****     /**FDCAN1 GPIO Configuration
 181              		.loc 1 117 5 view .LVU49
 182 0070 D3F8E020 		ldr	r2, [r3, #224]
 183 0074 42F00802 		orr	r2, r2, #8
 184 0078 C3F8E020 		str	r2, [r3, #224]
 117:Core/Src/stm32h7xx_hal_msp.c ****     /**FDCAN1 GPIO Configuration
 185              		.loc 1 117 5 view .LVU50
 186 007c D3F8E030 		ldr	r3, [r3, #224]
 187 0080 03F00803 		and	r3, r3, #8
 188 0084 0193     		str	r3, [sp, #4]
 117:Core/Src/stm32h7xx_hal_msp.c ****     /**FDCAN1 GPIO Configuration
 189              		.loc 1 117 5 view .LVU51
 190 0086 019B     		ldr	r3, [sp, #4]
 191              	.LBE4:
 117:Core/Src/stm32h7xx_hal_msp.c ****     /**FDCAN1 GPIO Configuration
 192              		.loc 1 117 5 view .LVU52
 122:Core/Src/stm32h7xx_hal_msp.c ****     GPIO_InitStruct.Mode = GPIO_MODE_AF_PP;
 193              		.loc 1 122 5 view .LVU53
 122:Core/Src/stm32h7xx_hal_msp.c ****     GPIO_InitStruct.Mode = GPIO_MODE_AF_PP;
 194              		.loc 1 122 25 is_stmt 0 view .LVU54
 195 0088 0323     		movs	r3, #3
 196 008a 3393     		str	r3, [sp, #204]
 123:Core/Src/stm32h7xx_hal_msp.c ****     GPIO_InitStruct.Pull = GPIO_NOPULL;
 197              		.loc 1 123 5 is_stmt 1 view .LVU55
 123:Core/Src/stm32h7xx_hal_msp.c ****     GPIO_InitStruct.Pull = GPIO_NOPULL;
 198              		.loc 1 123 26 is_stmt 0 view .LVU56
 199 008c 0223     		movs	r3, #2
 200 008e 3493     		str	r3, [sp, #208]
 124:Core/Src/stm32h7xx_hal_msp.c ****     GPIO_InitStruct.Speed = GPIO_SPEED_FREQ_LOW;
 201              		.loc 1 124 5 is_stmt 1 view .LVU57
 124:Core/Src/stm32h7xx_hal_msp.c ****     GPIO_InitStruct.Speed = GPIO_SPEED_FREQ_LOW;
 202              		.loc 1 124 26 is_stmt 0 view .LVU58
 203 0090 0023     		movs	r3, #0
 204 0092 3593     		str	r3, [sp, #212]
 125:Core/Src/stm32h7xx_hal_msp.c ****     GPIO_InitStruct.Alternate = GPIO_AF9_FDCAN1;
 205              		.loc 1 125 5 is_stmt 1 view .LVU59
 125:Core/Src/stm32h7xx_hal_msp.c ****     GPIO_InitStruct.Alternate = GPIO_AF9_FDCAN1;
 206              		.loc 1 125 27 is_stmt 0 view .LVU60
 207 0094 3693     		str	r3, [sp, #216]
 126:Core/Src/stm32h7xx_hal_msp.c ****     HAL_GPIO_Init(GPIOD, &GPIO_InitStruct);
 208              		.loc 1 126 5 is_stmt 1 view .LVU61
 126:Core/Src/stm32h7xx_hal_msp.c ****     HAL_GPIO_Init(GPIOD, &GPIO_InitStruct);
 209              		.loc 1 126 31 is_stmt 0 view .LVU62
 210 0096 0923     		movs	r3, #9
 211 0098 3793     		str	r3, [sp, #220]
 127:Core/Src/stm32h7xx_hal_msp.c **** 
 212              		.loc 1 127 5 is_stmt 1 view .LVU63
 213 009a 33A9     		add	r1, sp, #204
 214 009c 0548     		ldr	r0, .L11+8
 215 009e FFF7FEFF 		bl	HAL_GPIO_Init
 216              	.LVL5:
 217              		.loc 1 135 1 is_stmt 0 view .LVU64
 218 00a2 BEE7     		b	.L5
 219              	.L10:
 111:Core/Src/stm32h7xx_hal_msp.c ****     }
 220              		.loc 1 111 7 is_stmt 1 view .LVU65
 221 00a4 FFF7FEFF 		bl	Error_Handler
ARM GAS  C:\Users\aticl\AppData\Local\Temp\ccOW3x2o.s 			page 8


 222              	.LVL6:
 223 00a8 D5E7     		b	.L7
 224              	.L12:
 225 00aa 00BF     		.align	2
 226              	.L11:
 227 00ac 00A00040 		.word	1073782784
 228 00b0 00440258 		.word	1476543488
 229 00b4 000C0258 		.word	1476529152
 230              		.cfi_endproc
 231              	.LFE145:
 233              		.section	.text.HAL_FDCAN_MspDeInit,"ax",%progbits
 234              		.align	1
 235              		.global	HAL_FDCAN_MspDeInit
 236              		.syntax unified
 237              		.thumb
 238              		.thumb_func
 240              	HAL_FDCAN_MspDeInit:
 241              	.LVL7:
 242              	.LFB146:
 136:Core/Src/stm32h7xx_hal_msp.c **** 
 137:Core/Src/stm32h7xx_hal_msp.c **** /**
 138:Core/Src/stm32h7xx_hal_msp.c ****   * @brief FDCAN MSP De-Initialization
 139:Core/Src/stm32h7xx_hal_msp.c ****   * This function freeze the hardware resources used in this example
 140:Core/Src/stm32h7xx_hal_msp.c ****   * @param hfdcan: FDCAN handle pointer
 141:Core/Src/stm32h7xx_hal_msp.c ****   * @retval None
 142:Core/Src/stm32h7xx_hal_msp.c ****   */
 143:Core/Src/stm32h7xx_hal_msp.c **** void HAL_FDCAN_MspDeInit(FDCAN_HandleTypeDef* hfdcan)
 144:Core/Src/stm32h7xx_hal_msp.c **** {
 243              		.loc 1 144 1 view -0
 244              		.cfi_startproc
 245              		@ args = 0, pretend = 0, frame = 0
 246              		@ frame_needed = 0, uses_anonymous_args = 0
 247              		.loc 1 144 1 is_stmt 0 view .LVU67
 248 0000 08B5     		push	{r3, lr}
 249              		.cfi_def_cfa_offset 8
 250              		.cfi_offset 3, -8
 251              		.cfi_offset 14, -4
 145:Core/Src/stm32h7xx_hal_msp.c ****   if(hfdcan->Instance==FDCAN1)
 252              		.loc 1 145 3 is_stmt 1 view .LVU68
 253              		.loc 1 145 12 is_stmt 0 view .LVU69
 254 0002 0268     		ldr	r2, [r0]
 255              		.loc 1 145 5 view .LVU70
 256 0004 074B     		ldr	r3, .L17
 257 0006 9A42     		cmp	r2, r3
 258 0008 00D0     		beq	.L16
 259              	.LVL8:
 260              	.L13:
 146:Core/Src/stm32h7xx_hal_msp.c ****   {
 147:Core/Src/stm32h7xx_hal_msp.c ****     /* USER CODE BEGIN FDCAN1_MspDeInit 0 */
 148:Core/Src/stm32h7xx_hal_msp.c **** 
 149:Core/Src/stm32h7xx_hal_msp.c ****     /* USER CODE END FDCAN1_MspDeInit 0 */
 150:Core/Src/stm32h7xx_hal_msp.c ****     /* Peripheral clock disable */
 151:Core/Src/stm32h7xx_hal_msp.c ****     __HAL_RCC_FDCAN_CLK_DISABLE();
 152:Core/Src/stm32h7xx_hal_msp.c **** 
 153:Core/Src/stm32h7xx_hal_msp.c ****     /**FDCAN1 GPIO Configuration
 154:Core/Src/stm32h7xx_hal_msp.c ****     PD0     ------> FDCAN1_RX
 155:Core/Src/stm32h7xx_hal_msp.c ****     PD1     ------> FDCAN1_TX
ARM GAS  C:\Users\aticl\AppData\Local\Temp\ccOW3x2o.s 			page 9


 156:Core/Src/stm32h7xx_hal_msp.c ****     */
 157:Core/Src/stm32h7xx_hal_msp.c ****     HAL_GPIO_DeInit(GPIOD, GPIO_PIN_0|GPIO_PIN_1);
 158:Core/Src/stm32h7xx_hal_msp.c **** 
 159:Core/Src/stm32h7xx_hal_msp.c ****     /* USER CODE BEGIN FDCAN1_MspDeInit 1 */
 160:Core/Src/stm32h7xx_hal_msp.c **** 
 161:Core/Src/stm32h7xx_hal_msp.c ****     /* USER CODE END FDCAN1_MspDeInit 1 */
 162:Core/Src/stm32h7xx_hal_msp.c ****   }
 163:Core/Src/stm32h7xx_hal_msp.c **** 
 164:Core/Src/stm32h7xx_hal_msp.c **** }
 261              		.loc 1 164 1 view .LVU71
 262 000a 08BD     		pop	{r3, pc}
 263              	.LVL9:
 264              	.L16:
 151:Core/Src/stm32h7xx_hal_msp.c **** 
 265              		.loc 1 151 5 is_stmt 1 view .LVU72
 266 000c 064A     		ldr	r2, .L17+4
 267 000e D2F8EC30 		ldr	r3, [r2, #236]
 268 0012 23F48073 		bic	r3, r3, #256
 269 0016 C2F8EC30 		str	r3, [r2, #236]
 157:Core/Src/stm32h7xx_hal_msp.c **** 
 270              		.loc 1 157 5 view .LVU73
 271 001a 0321     		movs	r1, #3
 272 001c 0348     		ldr	r0, .L17+8
 273              	.LVL10:
 157:Core/Src/stm32h7xx_hal_msp.c **** 
 274              		.loc 1 157 5 is_stmt 0 view .LVU74
 275 001e FFF7FEFF 		bl	HAL_GPIO_DeInit
 276              	.LVL11:
 277              		.loc 1 164 1 view .LVU75
 278 0022 F2E7     		b	.L13
 279              	.L18:
 280              		.align	2
 281              	.L17:
 282 0024 00A00040 		.word	1073782784
 283 0028 00440258 		.word	1476543488
 284 002c 000C0258 		.word	1476529152
 285              		.cfi_endproc
 286              	.LFE146:
 288              		.section	.text.HAL_TIM_PWM_MspInit,"ax",%progbits
 289              		.align	1
 290              		.global	HAL_TIM_PWM_MspInit
 291              		.syntax unified
 292              		.thumb
 293              		.thumb_func
 295              	HAL_TIM_PWM_MspInit:
 296              	.LVL12:
 297              	.LFB147:
 165:Core/Src/stm32h7xx_hal_msp.c **** 
 166:Core/Src/stm32h7xx_hal_msp.c **** /**
 167:Core/Src/stm32h7xx_hal_msp.c ****   * @brief TIM_PWM MSP Initialization
 168:Core/Src/stm32h7xx_hal_msp.c ****   * This function configures the hardware resources used in this example
 169:Core/Src/stm32h7xx_hal_msp.c ****   * @param htim_pwm: TIM_PWM handle pointer
 170:Core/Src/stm32h7xx_hal_msp.c ****   * @retval None
 171:Core/Src/stm32h7xx_hal_msp.c ****   */
 172:Core/Src/stm32h7xx_hal_msp.c **** void HAL_TIM_PWM_MspInit(TIM_HandleTypeDef* htim_pwm)
 173:Core/Src/stm32h7xx_hal_msp.c **** {
 298              		.loc 1 173 1 is_stmt 1 view -0
ARM GAS  C:\Users\aticl\AppData\Local\Temp\ccOW3x2o.s 			page 10


 299              		.cfi_startproc
 300              		@ args = 0, pretend = 0, frame = 8
 301              		@ frame_needed = 0, uses_anonymous_args = 0
 302              		@ link register save eliminated.
 174:Core/Src/stm32h7xx_hal_msp.c ****   if(htim_pwm->Instance==TIM2)
 303              		.loc 1 174 3 view .LVU77
 304              		.loc 1 174 14 is_stmt 0 view .LVU78
 305 0000 0368     		ldr	r3, [r0]
 306              		.loc 1 174 5 view .LVU79
 307 0002 B3F1804F 		cmp	r3, #1073741824
 308 0006 00D0     		beq	.L25
 309 0008 7047     		bx	lr
 310              	.L25:
 173:Core/Src/stm32h7xx_hal_msp.c ****   if(htim_pwm->Instance==TIM2)
 311              		.loc 1 173 1 view .LVU80
 312 000a 82B0     		sub	sp, sp, #8
 313              		.cfi_def_cfa_offset 8
 175:Core/Src/stm32h7xx_hal_msp.c ****   {
 176:Core/Src/stm32h7xx_hal_msp.c ****     /* USER CODE BEGIN TIM2_MspInit 0 */
 177:Core/Src/stm32h7xx_hal_msp.c **** 
 178:Core/Src/stm32h7xx_hal_msp.c ****     /* USER CODE END TIM2_MspInit 0 */
 179:Core/Src/stm32h7xx_hal_msp.c ****     /* Peripheral clock enable */
 180:Core/Src/stm32h7xx_hal_msp.c ****     __HAL_RCC_TIM2_CLK_ENABLE();
 314              		.loc 1 180 5 is_stmt 1 view .LVU81
 315              	.LBB5:
 316              		.loc 1 180 5 view .LVU82
 317              		.loc 1 180 5 view .LVU83
 318 000c 074B     		ldr	r3, .L26
 319 000e D3F8E820 		ldr	r2, [r3, #232]
 320 0012 42F00102 		orr	r2, r2, #1
 321 0016 C3F8E820 		str	r2, [r3, #232]
 322              		.loc 1 180 5 view .LVU84
 323 001a D3F8E830 		ldr	r3, [r3, #232]
 324 001e 03F00103 		and	r3, r3, #1
 325 0022 0193     		str	r3, [sp, #4]
 326              		.loc 1 180 5 view .LVU85
 327 0024 019B     		ldr	r3, [sp, #4]
 328              	.LBE5:
 329              		.loc 1 180 5 discriminator 1 view .LVU86
 181:Core/Src/stm32h7xx_hal_msp.c ****     /* USER CODE BEGIN TIM2_MspInit 1 */
 182:Core/Src/stm32h7xx_hal_msp.c **** 
 183:Core/Src/stm32h7xx_hal_msp.c ****     /* USER CODE END TIM2_MspInit 1 */
 184:Core/Src/stm32h7xx_hal_msp.c **** 
 185:Core/Src/stm32h7xx_hal_msp.c ****   }
 186:Core/Src/stm32h7xx_hal_msp.c **** 
 187:Core/Src/stm32h7xx_hal_msp.c **** }
 330              		.loc 1 187 1 is_stmt 0 view .LVU87
 331 0026 02B0     		add	sp, sp, #8
 332              		.cfi_def_cfa_offset 0
 333              		@ sp needed
 334 0028 7047     		bx	lr
 335              	.L27:
 336 002a 00BF     		.align	2
 337              	.L26:
 338 002c 00440258 		.word	1476543488
 339              		.cfi_endproc
 340              	.LFE147:
ARM GAS  C:\Users\aticl\AppData\Local\Temp\ccOW3x2o.s 			page 11


 342              		.section	.text.HAL_TIM_MspPostInit,"ax",%progbits
 343              		.align	1
 344              		.global	HAL_TIM_MspPostInit
 345              		.syntax unified
 346              		.thumb
 347              		.thumb_func
 349              	HAL_TIM_MspPostInit:
 350              	.LVL13:
 351              	.LFB148:
 188:Core/Src/stm32h7xx_hal_msp.c **** 
 189:Core/Src/stm32h7xx_hal_msp.c **** void HAL_TIM_MspPostInit(TIM_HandleTypeDef* htim)
 190:Core/Src/stm32h7xx_hal_msp.c **** {
 352              		.loc 1 190 1 is_stmt 1 view -0
 353              		.cfi_startproc
 354              		@ args = 0, pretend = 0, frame = 24
 355              		@ frame_needed = 0, uses_anonymous_args = 0
 356              		.loc 1 190 1 is_stmt 0 view .LVU89
 357 0000 00B5     		push	{lr}
 358              		.cfi_def_cfa_offset 4
 359              		.cfi_offset 14, -4
 360 0002 87B0     		sub	sp, sp, #28
 361              		.cfi_def_cfa_offset 32
 191:Core/Src/stm32h7xx_hal_msp.c ****   GPIO_InitTypeDef GPIO_InitStruct = {0};
 362              		.loc 1 191 3 is_stmt 1 view .LVU90
 363              		.loc 1 191 20 is_stmt 0 view .LVU91
 364 0004 0023     		movs	r3, #0
 365 0006 0193     		str	r3, [sp, #4]
 366 0008 0293     		str	r3, [sp, #8]
 367 000a 0393     		str	r3, [sp, #12]
 368 000c 0493     		str	r3, [sp, #16]
 369 000e 0593     		str	r3, [sp, #20]
 192:Core/Src/stm32h7xx_hal_msp.c ****   if(htim->Instance==TIM2)
 370              		.loc 1 192 3 is_stmt 1 view .LVU92
 371              		.loc 1 192 10 is_stmt 0 view .LVU93
 372 0010 0368     		ldr	r3, [r0]
 373              		.loc 1 192 5 view .LVU94
 374 0012 B3F1804F 		cmp	r3, #1073741824
 375 0016 02D0     		beq	.L31
 376              	.LVL14:
 377              	.L28:
 193:Core/Src/stm32h7xx_hal_msp.c ****   {
 194:Core/Src/stm32h7xx_hal_msp.c ****     /* USER CODE BEGIN TIM2_MspPostInit 0 */
 195:Core/Src/stm32h7xx_hal_msp.c **** 
 196:Core/Src/stm32h7xx_hal_msp.c ****     /* USER CODE END TIM2_MspPostInit 0 */
 197:Core/Src/stm32h7xx_hal_msp.c **** 
 198:Core/Src/stm32h7xx_hal_msp.c ****     __HAL_RCC_GPIOA_CLK_ENABLE();
 199:Core/Src/stm32h7xx_hal_msp.c ****     /**TIM2 GPIO Configuration
 200:Core/Src/stm32h7xx_hal_msp.c ****     PA3     ------> TIM2_CH4
 201:Core/Src/stm32h7xx_hal_msp.c ****     */
 202:Core/Src/stm32h7xx_hal_msp.c ****     GPIO_InitStruct.Pin = GPIO_PIN_3;
 203:Core/Src/stm32h7xx_hal_msp.c ****     GPIO_InitStruct.Mode = GPIO_MODE_AF_PP;
 204:Core/Src/stm32h7xx_hal_msp.c ****     GPIO_InitStruct.Pull = GPIO_NOPULL;
 205:Core/Src/stm32h7xx_hal_msp.c ****     GPIO_InitStruct.Speed = GPIO_SPEED_FREQ_LOW;
 206:Core/Src/stm32h7xx_hal_msp.c ****     GPIO_InitStruct.Alternate = GPIO_AF1_TIM2;
 207:Core/Src/stm32h7xx_hal_msp.c ****     HAL_GPIO_Init(GPIOA, &GPIO_InitStruct);
 208:Core/Src/stm32h7xx_hal_msp.c **** 
 209:Core/Src/stm32h7xx_hal_msp.c ****     /* USER CODE BEGIN TIM2_MspPostInit 1 */
ARM GAS  C:\Users\aticl\AppData\Local\Temp\ccOW3x2o.s 			page 12


 210:Core/Src/stm32h7xx_hal_msp.c **** 
 211:Core/Src/stm32h7xx_hal_msp.c ****     /* USER CODE END TIM2_MspPostInit 1 */
 212:Core/Src/stm32h7xx_hal_msp.c ****   }
 213:Core/Src/stm32h7xx_hal_msp.c **** 
 214:Core/Src/stm32h7xx_hal_msp.c **** }
 378              		.loc 1 214 1 view .LVU95
 379 0018 07B0     		add	sp, sp, #28
 380              		.cfi_remember_state
 381              		.cfi_def_cfa_offset 4
 382              		@ sp needed
 383 001a 5DF804FB 		ldr	pc, [sp], #4
 384              	.LVL15:
 385              	.L31:
 386              		.cfi_restore_state
 198:Core/Src/stm32h7xx_hal_msp.c ****     /**TIM2 GPIO Configuration
 387              		.loc 1 198 5 is_stmt 1 view .LVU96
 388              	.LBB6:
 198:Core/Src/stm32h7xx_hal_msp.c ****     /**TIM2 GPIO Configuration
 389              		.loc 1 198 5 view .LVU97
 198:Core/Src/stm32h7xx_hal_msp.c ****     /**TIM2 GPIO Configuration
 390              		.loc 1 198 5 view .LVU98
 391 001e 0C4B     		ldr	r3, .L32
 392 0020 D3F8E020 		ldr	r2, [r3, #224]
 393 0024 42F00102 		orr	r2, r2, #1
 394 0028 C3F8E020 		str	r2, [r3, #224]
 198:Core/Src/stm32h7xx_hal_msp.c ****     /**TIM2 GPIO Configuration
 395              		.loc 1 198 5 view .LVU99
 396 002c D3F8E030 		ldr	r3, [r3, #224]
 397 0030 03F00103 		and	r3, r3, #1
 398 0034 0093     		str	r3, [sp]
 198:Core/Src/stm32h7xx_hal_msp.c ****     /**TIM2 GPIO Configuration
 399              		.loc 1 198 5 view .LVU100
 400 0036 009B     		ldr	r3, [sp]
 401              	.LBE6:
 198:Core/Src/stm32h7xx_hal_msp.c ****     /**TIM2 GPIO Configuration
 402              		.loc 1 198 5 view .LVU101
 202:Core/Src/stm32h7xx_hal_msp.c ****     GPIO_InitStruct.Mode = GPIO_MODE_AF_PP;
 403              		.loc 1 202 5 view .LVU102
 202:Core/Src/stm32h7xx_hal_msp.c ****     GPIO_InitStruct.Mode = GPIO_MODE_AF_PP;
 404              		.loc 1 202 25 is_stmt 0 view .LVU103
 405 0038 0823     		movs	r3, #8
 406 003a 0193     		str	r3, [sp, #4]
 203:Core/Src/stm32h7xx_hal_msp.c ****     GPIO_InitStruct.Pull = GPIO_NOPULL;
 407              		.loc 1 203 5 is_stmt 1 view .LVU104
 203:Core/Src/stm32h7xx_hal_msp.c ****     GPIO_InitStruct.Pull = GPIO_NOPULL;
 408              		.loc 1 203 26 is_stmt 0 view .LVU105
 409 003c 0223     		movs	r3, #2
 410 003e 0293     		str	r3, [sp, #8]
 204:Core/Src/stm32h7xx_hal_msp.c ****     GPIO_InitStruct.Speed = GPIO_SPEED_FREQ_LOW;
 411              		.loc 1 204 5 is_stmt 1 view .LVU106
 205:Core/Src/stm32h7xx_hal_msp.c ****     GPIO_InitStruct.Alternate = GPIO_AF1_TIM2;
 412              		.loc 1 205 5 view .LVU107
 206:Core/Src/stm32h7xx_hal_msp.c ****     HAL_GPIO_Init(GPIOA, &GPIO_InitStruct);
 413              		.loc 1 206 5 view .LVU108
 206:Core/Src/stm32h7xx_hal_msp.c ****     HAL_GPIO_Init(GPIOA, &GPIO_InitStruct);
 414              		.loc 1 206 31 is_stmt 0 view .LVU109
 415 0040 0123     		movs	r3, #1
ARM GAS  C:\Users\aticl\AppData\Local\Temp\ccOW3x2o.s 			page 13


 416 0042 0593     		str	r3, [sp, #20]
 207:Core/Src/stm32h7xx_hal_msp.c **** 
 417              		.loc 1 207 5 is_stmt 1 view .LVU110
 418 0044 01A9     		add	r1, sp, #4
 419 0046 0348     		ldr	r0, .L32+4
 420              	.LVL16:
 207:Core/Src/stm32h7xx_hal_msp.c **** 
 421              		.loc 1 207 5 is_stmt 0 view .LVU111
 422 0048 FFF7FEFF 		bl	HAL_GPIO_Init
 423              	.LVL17:
 424              		.loc 1 214 1 view .LVU112
 425 004c E4E7     		b	.L28
 426              	.L33:
 427 004e 00BF     		.align	2
 428              	.L32:
 429 0050 00440258 		.word	1476543488
 430 0054 00000258 		.word	1476526080
 431              		.cfi_endproc
 432              	.LFE148:
 434              		.section	.text.HAL_TIM_PWM_MspDeInit,"ax",%progbits
 435              		.align	1
 436              		.global	HAL_TIM_PWM_MspDeInit
 437              		.syntax unified
 438              		.thumb
 439              		.thumb_func
 441              	HAL_TIM_PWM_MspDeInit:
 442              	.LVL18:
 443              	.LFB149:
 215:Core/Src/stm32h7xx_hal_msp.c **** /**
 216:Core/Src/stm32h7xx_hal_msp.c ****   * @brief TIM_PWM MSP De-Initialization
 217:Core/Src/stm32h7xx_hal_msp.c ****   * This function freeze the hardware resources used in this example
 218:Core/Src/stm32h7xx_hal_msp.c ****   * @param htim_pwm: TIM_PWM handle pointer
 219:Core/Src/stm32h7xx_hal_msp.c ****   * @retval None
 220:Core/Src/stm32h7xx_hal_msp.c ****   */
 221:Core/Src/stm32h7xx_hal_msp.c **** void HAL_TIM_PWM_MspDeInit(TIM_HandleTypeDef* htim_pwm)
 222:Core/Src/stm32h7xx_hal_msp.c **** {
 444              		.loc 1 222 1 is_stmt 1 view -0
 445              		.cfi_startproc
 446              		@ args = 0, pretend = 0, frame = 0
 447              		@ frame_needed = 0, uses_anonymous_args = 0
 448              		@ link register save eliminated.
 223:Core/Src/stm32h7xx_hal_msp.c ****   if(htim_pwm->Instance==TIM2)
 449              		.loc 1 223 3 view .LVU114
 450              		.loc 1 223 14 is_stmt 0 view .LVU115
 451 0000 0368     		ldr	r3, [r0]
 452              		.loc 1 223 5 view .LVU116
 453 0002 B3F1804F 		cmp	r3, #1073741824
 454 0006 00D0     		beq	.L36
 455              	.L34:
 224:Core/Src/stm32h7xx_hal_msp.c ****   {
 225:Core/Src/stm32h7xx_hal_msp.c ****     /* USER CODE BEGIN TIM2_MspDeInit 0 */
 226:Core/Src/stm32h7xx_hal_msp.c **** 
 227:Core/Src/stm32h7xx_hal_msp.c ****     /* USER CODE END TIM2_MspDeInit 0 */
 228:Core/Src/stm32h7xx_hal_msp.c ****     /* Peripheral clock disable */
 229:Core/Src/stm32h7xx_hal_msp.c ****     __HAL_RCC_TIM2_CLK_DISABLE();
 230:Core/Src/stm32h7xx_hal_msp.c ****     /* USER CODE BEGIN TIM2_MspDeInit 1 */
 231:Core/Src/stm32h7xx_hal_msp.c **** 
ARM GAS  C:\Users\aticl\AppData\Local\Temp\ccOW3x2o.s 			page 14


 232:Core/Src/stm32h7xx_hal_msp.c ****     /* USER CODE END TIM2_MspDeInit 1 */
 233:Core/Src/stm32h7xx_hal_msp.c ****   }
 234:Core/Src/stm32h7xx_hal_msp.c **** 
 235:Core/Src/stm32h7xx_hal_msp.c **** }
 456              		.loc 1 235 1 view .LVU117
 457 0008 7047     		bx	lr
 458              	.L36:
 229:Core/Src/stm32h7xx_hal_msp.c ****     /* USER CODE BEGIN TIM2_MspDeInit 1 */
 459              		.loc 1 229 5 is_stmt 1 view .LVU118
 460 000a 044A     		ldr	r2, .L37
 461 000c D2F8E830 		ldr	r3, [r2, #232]
 462 0010 23F00103 		bic	r3, r3, #1
 463 0014 C2F8E830 		str	r3, [r2, #232]
 464              		.loc 1 235 1 is_stmt 0 view .LVU119
 465 0018 F6E7     		b	.L34
 466              	.L38:
 467 001a 00BF     		.align	2
 468              	.L37:
 469 001c 00440258 		.word	1476543488
 470              		.cfi_endproc
 471              	.LFE149:
 473              		.text
 474              	.Letext0:
 475              		.file 2 "C:/Users/aticl/AppData/Roaming/Code/User/globalStorage/bmd.stm32-for-vscode/@xpack-dev-to
 476              		.file 3 "C:/Users/aticl/AppData/Roaming/Code/User/globalStorage/bmd.stm32-for-vscode/@xpack-dev-to
 477              		.file 4 "Drivers/CMSIS/Device/ST/STM32H7xx/Include/stm32h750xx.h"
 478              		.file 5 "Drivers/CMSIS/Device/ST/STM32H7xx/Include/stm32h7xx.h"
 479              		.file 6 "Drivers/STM32H7xx_HAL_Driver/Inc/stm32h7xx_hal_def.h"
 480              		.file 7 "Drivers/STM32H7xx_HAL_Driver/Inc/stm32h7xx_hal_rcc_ex.h"
 481              		.file 8 "Drivers/STM32H7xx_HAL_Driver/Inc/stm32h7xx_hal_gpio.h"
 482              		.file 9 "Drivers/STM32H7xx_HAL_Driver/Inc/stm32h7xx_hal_dma.h"
 483              		.file 10 "Drivers/STM32H7xx_HAL_Driver/Inc/stm32h7xx_hal_fdcan.h"
 484              		.file 11 "Drivers/STM32H7xx_HAL_Driver/Inc/stm32h7xx_hal_tim.h"
 485              		.file 12 "Core/Inc/main.h"
 486              		.file 13 "<built-in>"
ARM GAS  C:\Users\aticl\AppData\Local\Temp\ccOW3x2o.s 			page 15


DEFINED SYMBOLS
                            *ABS*:00000000 stm32h7xx_hal_msp.c
C:\Users\aticl\AppData\Local\Temp\ccOW3x2o.s:20     .text.HAL_MspInit:00000000 $t
C:\Users\aticl\AppData\Local\Temp\ccOW3x2o.s:26     .text.HAL_MspInit:00000000 HAL_MspInit
C:\Users\aticl\AppData\Local\Temp\ccOW3x2o.s:59     .text.HAL_MspInit:00000020 $d
C:\Users\aticl\AppData\Local\Temp\ccOW3x2o.s:64     .text.HAL_FDCAN_MspInit:00000000 $t
C:\Users\aticl\AppData\Local\Temp\ccOW3x2o.s:70     .text.HAL_FDCAN_MspInit:00000000 HAL_FDCAN_MspInit
C:\Users\aticl\AppData\Local\Temp\ccOW3x2o.s:227    .text.HAL_FDCAN_MspInit:000000ac $d
C:\Users\aticl\AppData\Local\Temp\ccOW3x2o.s:234    .text.HAL_FDCAN_MspDeInit:00000000 $t
C:\Users\aticl\AppData\Local\Temp\ccOW3x2o.s:240    .text.HAL_FDCAN_MspDeInit:00000000 HAL_FDCAN_MspDeInit
C:\Users\aticl\AppData\Local\Temp\ccOW3x2o.s:282    .text.HAL_FDCAN_MspDeInit:00000024 $d
C:\Users\aticl\AppData\Local\Temp\ccOW3x2o.s:289    .text.HAL_TIM_PWM_MspInit:00000000 $t
C:\Users\aticl\AppData\Local\Temp\ccOW3x2o.s:295    .text.HAL_TIM_PWM_MspInit:00000000 HAL_TIM_PWM_MspInit
C:\Users\aticl\AppData\Local\Temp\ccOW3x2o.s:338    .text.HAL_TIM_PWM_MspInit:0000002c $d
C:\Users\aticl\AppData\Local\Temp\ccOW3x2o.s:343    .text.HAL_TIM_MspPostInit:00000000 $t
C:\Users\aticl\AppData\Local\Temp\ccOW3x2o.s:349    .text.HAL_TIM_MspPostInit:00000000 HAL_TIM_MspPostInit
C:\Users\aticl\AppData\Local\Temp\ccOW3x2o.s:429    .text.HAL_TIM_MspPostInit:00000050 $d
C:\Users\aticl\AppData\Local\Temp\ccOW3x2o.s:435    .text.HAL_TIM_PWM_MspDeInit:00000000 $t
C:\Users\aticl\AppData\Local\Temp\ccOW3x2o.s:441    .text.HAL_TIM_PWM_MspDeInit:00000000 HAL_TIM_PWM_MspDeInit
C:\Users\aticl\AppData\Local\Temp\ccOW3x2o.s:469    .text.HAL_TIM_PWM_MspDeInit:0000001c $d

UNDEFINED SYMBOLS
memset
HAL_RCCEx_PeriphCLKConfig
HAL_GPIO_Init
Error_Handler
HAL_GPIO_DeInit
