ARM GAS  C:\Users\aticl\AppData\Local\Temp\ccZIOYGD.s 			page 1


   1              		.cpu cortex-m7
   2              		.arch armv7e-m
   3              		.fpu fpv5-d16
   4              		.eabi_attribute 28, 1
   5              		.eabi_attribute 20, 1
   6              		.eabi_attribute 21, 1
   7              		.eabi_attribute 23, 3
   8              		.eabi_attribute 24, 1
   9              		.eabi_attribute 25, 1
  10              		.eabi_attribute 26, 1
  11              		.eabi_attribute 30, 1
  12              		.eabi_attribute 34, 1
  13              		.eabi_attribute 18, 4
  14              		.file	"stm32h7xx_hal_pcd_ex.c"
  15              		.text
  16              		.section	.text.HAL_PCDEx_SetTxFiFo,"ax",%progbits
  17              		.align	1
  18              		.global	HAL_PCDEx_SetTxFiFo
  19              		.syntax unified
  20              		.thumb
  21              		.thumb_func
  23              	HAL_PCDEx_SetTxFiFo:
  24              		@ args = 0, pretend = 0, frame = 0
  25              		@ frame_needed = 0, uses_anonymous_args = 0
  26              		@ link register save eliminated.
  27 0000 10B4     		push	{r4}
  28 0002 0468     		ldr	r4, [r0]
  29 0004 606A     		ldr	r0, [r4, #36]
  30 0006 31B9     		cbnz	r1, .L2
  31 0008 40EA0240 		orr	r0, r0, r2, lsl #16
  32 000c A062     		str	r0, [r4, #40]
  33              	.L3:
  34 000e 0020     		movs	r0, #0
  35 0010 5DF8044B 		ldr	r4, [sp], #4
  36 0014 7047     		bx	lr
  37              	.L2:
  38 0016 8C46     		mov	ip, r1
  39 0018 A36A     		ldr	r3, [r4, #40]
  40 001a 00EB1340 		add	r0, r0, r3, lsr #16
  41 001e 0023     		movs	r3, #0
  42 0020 08E0     		b	.L4
  43              	.L5:
  44 0022 03F14001 		add	r1, r3, #64
  45 0026 04EB8101 		add	r1, r4, r1, lsl #2
  46 002a 4968     		ldr	r1, [r1, #4]
  47 002c 00EB1140 		add	r0, r0, r1, lsr #16
  48 0030 0133     		adds	r3, r3, #1
  49 0032 DBB2     		uxtb	r3, r3
  50              	.L4:
  51 0034 0CF1FF31 		add	r1, ip, #-1
  52 0038 8B42     		cmp	r3, r1
  53 003a F2D3     		bcc	.L5
  54 003c 40EA0240 		orr	r0, r0, r2, lsl #16
  55 0040 0CF13F01 		add	r1, ip, #63
  56 0044 04EB8104 		add	r4, r4, r1, lsl #2
  57 0048 6060     		str	r0, [r4, #4]
  58 004a E0E7     		b	.L3
ARM GAS  C:\Users\aticl\AppData\Local\Temp\ccZIOYGD.s 			page 2


  60              		.section	.text.HAL_PCDEx_SetRxFiFo,"ax",%progbits
  61              		.align	1
  62              		.global	HAL_PCDEx_SetRxFiFo
  63              		.syntax unified
  64              		.thumb
  65              		.thumb_func
  67              	HAL_PCDEx_SetRxFiFo:
  68              		@ args = 0, pretend = 0, frame = 0
  69              		@ frame_needed = 0, uses_anonymous_args = 0
  70              		@ link register save eliminated.
  71 0000 0368     		ldr	r3, [r0]
  72 0002 5962     		str	r1, [r3, #36]
  73 0004 0020     		movs	r0, #0
  74 0006 7047     		bx	lr
  76              		.section	.text.HAL_PCDEx_ActivateLPM,"ax",%progbits
  77              		.align	1
  78              		.global	HAL_PCDEx_ActivateLPM
  79              		.syntax unified
  80              		.thumb
  81              		.thumb_func
  83              	HAL_PCDEx_ActivateLPM:
  84              		@ args = 0, pretend = 0, frame = 0
  85              		@ frame_needed = 0, uses_anonymous_args = 0
  86              		@ link register save eliminated.
  87 0000 0346     		mov	r3, r0
  88 0002 0268     		ldr	r2, [r0]
  89 0004 0121     		movs	r1, #1
  90 0006 C0F8D814 		str	r1, [r0, #1240]
  91 000a 0020     		movs	r0, #0
  92 000c 83F8CC04 		strb	r0, [r3, #1228]
  93 0010 9369     		ldr	r3, [r2, #24]
  94 0012 43F00063 		orr	r3, r3, #134217728
  95 0016 9361     		str	r3, [r2, #24]
  96 0018 516D     		ldr	r1, [r2, #84]
  97 001a 024B     		ldr	r3, .L9
  98 001c 0B43     		orrs	r3, r3, r1
  99 001e 5365     		str	r3, [r2, #84]
 100 0020 7047     		bx	lr
 101              	.L10:
 102 0022 00BF     		.align	2
 103              	.L9:
 104 0024 03000010 		.word	268435459
 106              		.section	.text.HAL_PCDEx_DeActivateLPM,"ax",%progbits
 107              		.align	1
 108              		.global	HAL_PCDEx_DeActivateLPM
 109              		.syntax unified
 110              		.thumb
 111              		.thumb_func
 113              	HAL_PCDEx_DeActivateLPM:
 114              		@ args = 0, pretend = 0, frame = 0
 115              		@ frame_needed = 0, uses_anonymous_args = 0
 116              		@ link register save eliminated.
 117 0000 0246     		mov	r2, r0
 118 0002 0368     		ldr	r3, [r0]
 119 0004 0020     		movs	r0, #0
 120 0006 C2F8D804 		str	r0, [r2, #1240]
 121 000a 9A69     		ldr	r2, [r3, #24]
ARM GAS  C:\Users\aticl\AppData\Local\Temp\ccZIOYGD.s 			page 3


 122 000c 22F00062 		bic	r2, r2, #134217728
 123 0010 9A61     		str	r2, [r3, #24]
 124 0012 596D     		ldr	r1, [r3, #84]
 125 0014 014A     		ldr	r2, .L12
 126 0016 0A40     		ands	r2, r2, r1
 127 0018 5A65     		str	r2, [r3, #84]
 128 001a 7047     		bx	lr
 129              	.L13:
 130              		.align	2
 131              	.L12:
 132 001c FCFFFFEF 		.word	-268435460
 134              		.section	.text.HAL_PCDEx_ActivateBCD,"ax",%progbits
 135              		.align	1
 136              		.global	HAL_PCDEx_ActivateBCD
 137              		.syntax unified
 138              		.thumb
 139              		.thumb_func
 141              	HAL_PCDEx_ActivateBCD:
 142              		@ args = 0, pretend = 0, frame = 0
 143              		@ frame_needed = 0, uses_anonymous_args = 0
 144              		@ link register save eliminated.
 145 0000 0368     		ldr	r3, [r0]
 146 0002 9A6B     		ldr	r2, [r3, #56]
 147 0004 22F40022 		bic	r2, r2, #524288
 148 0008 9A63     		str	r2, [r3, #56]
 149 000a 9A6B     		ldr	r2, [r3, #56]
 150 000c 22F48012 		bic	r2, r2, #1048576
 151 0010 9A63     		str	r2, [r3, #56]
 152 0012 9A6B     		ldr	r2, [r3, #56]
 153 0014 22F48032 		bic	r2, r2, #65536
 154 0018 9A63     		str	r2, [r3, #56]
 155 001a 9A6B     		ldr	r2, [r3, #56]
 156 001c 42F40032 		orr	r2, r2, #131072
 157 0020 9A63     		str	r2, [r3, #56]
 158 0022 0123     		movs	r3, #1
 159 0024 C0F8DC34 		str	r3, [r0, #1244]
 160 0028 0020     		movs	r0, #0
 161 002a 7047     		bx	lr
 163              		.section	.text.HAL_PCDEx_DeActivateBCD,"ax",%progbits
 164              		.align	1
 165              		.global	HAL_PCDEx_DeActivateBCD
 166              		.syntax unified
 167              		.thumb
 168              		.thumb_func
 170              	HAL_PCDEx_DeActivateBCD:
 171              		@ args = 0, pretend = 0, frame = 0
 172              		@ frame_needed = 0, uses_anonymous_args = 0
 173              		@ link register save eliminated.
 174 0000 0246     		mov	r2, r0
 175 0002 0368     		ldr	r3, [r0]
 176 0004 996B     		ldr	r1, [r3, #56]
 177 0006 21F48011 		bic	r1, r1, #1048576
 178 000a 9963     		str	r1, [r3, #56]
 179 000c 996B     		ldr	r1, [r3, #56]
 180 000e 21F40021 		bic	r1, r1, #524288
 181 0012 9963     		str	r1, [r3, #56]
 182 0014 996B     		ldr	r1, [r3, #56]
ARM GAS  C:\Users\aticl\AppData\Local\Temp\ccZIOYGD.s 			page 4


 183 0016 21F40031 		bic	r1, r1, #131072
 184 001a 9963     		str	r1, [r3, #56]
 185 001c 0020     		movs	r0, #0
 186 001e C2F8DC04 		str	r0, [r2, #1244]
 187 0022 7047     		bx	lr
 189              		.section	.text.HAL_PCDEx_LPM_Callback,"ax",%progbits
 190              		.align	1
 191              		.weak	HAL_PCDEx_LPM_Callback
 192              		.syntax unified
 193              		.thumb
 194              		.thumb_func
 196              	HAL_PCDEx_LPM_Callback:
 197              		@ args = 0, pretend = 0, frame = 0
 198              		@ frame_needed = 0, uses_anonymous_args = 0
 199              		@ link register save eliminated.
 200 0000 7047     		bx	lr
 202              		.section	.text.HAL_PCDEx_BCD_Callback,"ax",%progbits
 203              		.align	1
 204              		.weak	HAL_PCDEx_BCD_Callback
 205              		.syntax unified
 206              		.thumb
 207              		.thumb_func
 209              	HAL_PCDEx_BCD_Callback:
 210              		@ args = 0, pretend = 0, frame = 0
 211              		@ frame_needed = 0, uses_anonymous_args = 0
 212              		@ link register save eliminated.
 213 0000 7047     		bx	lr
 215              		.section	.text.HAL_PCDEx_BCD_VBUSDetect,"ax",%progbits
 216              		.align	1
 217              		.global	HAL_PCDEx_BCD_VBUSDetect
 218              		.syntax unified
 219              		.thumb
 220              		.thumb_func
 222              	HAL_PCDEx_BCD_VBUSDetect:
 223              		@ args = 0, pretend = 0, frame = 0
 224              		@ frame_needed = 0, uses_anonymous_args = 0
 225 0000 70B5     		push	{r4, r5, r6, lr}
 226 0002 0546     		mov	r5, r0
 227 0004 0468     		ldr	r4, [r0]
 228 0006 FFF7FEFF 		bl	HAL_GetTick
 229 000a 0646     		mov	r6, r0
 230 000c A36B     		ldr	r3, [r4, #56]
 231 000e 43F48023 		orr	r3, r3, #262144
 232 0012 A363     		str	r3, [r4, #56]
 233 0014 4FF49670 		mov	r0, #300
 234 0018 FFF7FEFF 		bl	HAL_Delay
 235 001c A36B     		ldr	r3, [r4, #56]
 236 001e 13F0010F 		tst	r3, #1
 237 0022 23D1     		bne	.L26
 238              	.L19:
 239 0024 A36B     		ldr	r3, [r4, #56]
 240 0026 23F48023 		bic	r3, r3, #262144
 241 002a A363     		str	r3, [r4, #56]
 242 002c 3220     		movs	r0, #50
 243 002e FFF7FEFF 		bl	HAL_Delay
 244 0032 A36B     		ldr	r3, [r4, #56]
 245 0034 43F40023 		orr	r3, r3, #524288
ARM GAS  C:\Users\aticl\AppData\Local\Temp\ccZIOYGD.s 			page 5


 246 0038 A363     		str	r3, [r4, #56]
 247 003a 3220     		movs	r0, #50
 248 003c FFF7FEFF 		bl	HAL_Delay
 249 0040 A36B     		ldr	r3, [r4, #56]
 250 0042 13F0020F 		tst	r3, #2
 251 0046 16D1     		bne	.L20
 252 0048 FD21     		movs	r1, #253
 253 004a 2846     		mov	r0, r5
 254 004c FFF7FEFF 		bl	HAL_PCDEx_BCD_Callback
 255              	.L21:
 256 0050 2846     		mov	r0, r5
 257 0052 FFF7FEFF 		bl	HAL_PCDEx_DeActivateBCD
 258 0056 FFF7FEFF 		bl	HAL_GetTick
 259 005a 801B     		subs	r0, r0, r6
 260 005c B0F57A7F 		cmp	r0, #1000
 261 0060 25D9     		bls	.L23
 262 0062 FF21     		movs	r1, #255
 263 0064 2846     		mov	r0, r5
 264 0066 FFF7FEFF 		bl	HAL_PCDEx_BCD_Callback
 265              	.L18:
 266 006a 70BD     		pop	{r4, r5, r6, pc}
 267              	.L26:
 268 006c FE21     		movs	r1, #254
 269 006e 2846     		mov	r0, r5
 270 0070 FFF7FEFF 		bl	HAL_PCDEx_BCD_Callback
 271 0074 D6E7     		b	.L19
 272              	.L20:
 273 0076 A36B     		ldr	r3, [r4, #56]
 274 0078 23F40023 		bic	r3, r3, #524288
 275 007c A363     		str	r3, [r4, #56]
 276 007e 3220     		movs	r0, #50
 277 0080 FFF7FEFF 		bl	HAL_Delay
 278 0084 A36B     		ldr	r3, [r4, #56]
 279 0086 43F48013 		orr	r3, r3, #1048576
 280 008a A363     		str	r3, [r4, #56]
 281 008c 3220     		movs	r0, #50
 282 008e FFF7FEFF 		bl	HAL_Delay
 283 0092 A36B     		ldr	r3, [r4, #56]
 284 0094 13F0040F 		tst	r3, #4
 285 0098 04D0     		beq	.L22
 286 009a FB21     		movs	r1, #251
 287 009c 2846     		mov	r0, r5
 288 009e FFF7FEFF 		bl	HAL_PCDEx_BCD_Callback
 289 00a2 D5E7     		b	.L21
 290              	.L22:
 291 00a4 FC21     		movs	r1, #252
 292 00a6 2846     		mov	r0, r5
 293 00a8 FFF7FEFF 		bl	HAL_PCDEx_BCD_Callback
 294 00ac D0E7     		b	.L21
 295              	.L23:
 296 00ae 0021     		movs	r1, #0
 297 00b0 2846     		mov	r0, r5
 298 00b2 FFF7FEFF 		bl	HAL_PCDEx_BCD_Callback
 299 00b6 D8E7     		b	.L18
 301              		.ident	"GCC: (xPack GNU Arm Embedded GCC x86_64) 14.2.1 20241119"
ARM GAS  C:\Users\aticl\AppData\Local\Temp\ccZIOYGD.s 			page 6


DEFINED SYMBOLS
                            *ABS*:00000000 stm32h7xx_hal_pcd_ex.c
C:\Users\aticl\AppData\Local\Temp\ccZIOYGD.s:17     .text.HAL_PCDEx_SetTxFiFo:00000000 $t
C:\Users\aticl\AppData\Local\Temp\ccZIOYGD.s:23     .text.HAL_PCDEx_SetTxFiFo:00000000 HAL_PCDEx_SetTxFiFo
C:\Users\aticl\AppData\Local\Temp\ccZIOYGD.s:61     .text.HAL_PCDEx_SetRxFiFo:00000000 $t
C:\Users\aticl\AppData\Local\Temp\ccZIOYGD.s:67     .text.HAL_PCDEx_SetRxFiFo:00000000 HAL_PCDEx_SetRxFiFo
C:\Users\aticl\AppData\Local\Temp\ccZIOYGD.s:77     .text.HAL_PCDEx_ActivateLPM:00000000 $t
C:\Users\aticl\AppData\Local\Temp\ccZIOYGD.s:83     .text.HAL_PCDEx_ActivateLPM:00000000 HAL_PCDEx_ActivateLPM
C:\Users\aticl\AppData\Local\Temp\ccZIOYGD.s:104    .text.HAL_PCDEx_ActivateLPM:00000024 $d
C:\Users\aticl\AppData\Local\Temp\ccZIOYGD.s:107    .text.HAL_PCDEx_DeActivateLPM:00000000 $t
C:\Users\aticl\AppData\Local\Temp\ccZIOYGD.s:113    .text.HAL_PCDEx_DeActivateLPM:00000000 HAL_PCDEx_DeActivateLPM
C:\Users\aticl\AppData\Local\Temp\ccZIOYGD.s:132    .text.HAL_PCDEx_DeActivateLPM:0000001c $d
C:\Users\aticl\AppData\Local\Temp\ccZIOYGD.s:135    .text.HAL_PCDEx_ActivateBCD:00000000 $t
C:\Users\aticl\AppData\Local\Temp\ccZIOYGD.s:141    .text.HAL_PCDEx_ActivateBCD:00000000 HAL_PCDEx_ActivateBCD
C:\Users\aticl\AppData\Local\Temp\ccZIOYGD.s:164    .text.HAL_PCDEx_DeActivateBCD:00000000 $t
C:\Users\aticl\AppData\Local\Temp\ccZIOYGD.s:170    .text.HAL_PCDEx_DeActivateBCD:00000000 HAL_PCDEx_DeActivateBCD
C:\Users\aticl\AppData\Local\Temp\ccZIOYGD.s:190    .text.HAL_PCDEx_LPM_Callback:00000000 $t
C:\Users\aticl\AppData\Local\Temp\ccZIOYGD.s:196    .text.HAL_PCDEx_LPM_Callback:00000000 HAL_PCDEx_LPM_Callback
C:\Users\aticl\AppData\Local\Temp\ccZIOYGD.s:203    .text.HAL_PCDEx_BCD_Callback:00000000 $t
C:\Users\aticl\AppData\Local\Temp\ccZIOYGD.s:209    .text.HAL_PCDEx_BCD_Callback:00000000 HAL_PCDEx_BCD_Callback
C:\Users\aticl\AppData\Local\Temp\ccZIOYGD.s:216    .text.HAL_PCDEx_BCD_VBUSDetect:00000000 $t
C:\Users\aticl\AppData\Local\Temp\ccZIOYGD.s:222    .text.HAL_PCDEx_BCD_VBUSDetect:00000000 HAL_PCDEx_BCD_VBUSDetect

UNDEFINED SYMBOLS
HAL_GetTick
HAL_Delay
