ARM GAS  C:\Users\aticl\AppData\Local\Temp\ccb5SL9L.s 			page 1


   1              		.cpu cortex-m7
   2              		.arch armv7e-m
   3              		.fpu fpv5-d16
   4              		.eabi_attribute 28, 1
   5              		.eabi_attribute 20, 1
   6              		.eabi_attribute 21, 1
   7              		.eabi_attribute 23, 3
   8              		.eabi_attribute 24, 1
   9              		.eabi_attribute 25, 1
  10              		.eabi_attribute 26, 1
  11              		.eabi_attribute 30, 1
  12              		.eabi_attribute 34, 1
  13              		.eabi_attribute 18, 4
  14              		.file	"stm32h7xx_hal_pwr.c"
  15              		.text
  16              		.section	.text.HAL_PWR_DeInit,"ax",%progbits
  17              		.align	1
  18              		.global	HAL_PWR_DeInit
  19              		.syntax unified
  20              		.thumb
  21              		.thumb_func
  23              	HAL_PWR_DeInit:
  24              		@ args = 0, pretend = 0, frame = 0
  25              		@ frame_needed = 0, uses_anonymous_args = 0
  26              		@ link register save eliminated.
  27 0000 7047     		bx	lr
  29              		.section	.text.HAL_PWR_EnableBkUpAccess,"ax",%progbits
  30              		.align	1
  31              		.global	HAL_PWR_EnableBkUpAccess
  32              		.syntax unified
  33              		.thumb
  34              		.thumb_func
  36              	HAL_PWR_EnableBkUpAccess:
  37              		@ args = 0, pretend = 0, frame = 0
  38              		@ frame_needed = 0, uses_anonymous_args = 0
  39              		@ link register save eliminated.
  40 0000 024A     		ldr	r2, .L3
  41 0002 1368     		ldr	r3, [r2]
  42 0004 43F48073 		orr	r3, r3, #256
  43 0008 1360     		str	r3, [r2]
  44 000a 7047     		bx	lr
  45              	.L4:
  46              		.align	2
  47              	.L3:
  48 000c 00480258 		.word	1476544512
  50              		.section	.text.HAL_PWR_DisableBkUpAccess,"ax",%progbits
  51              		.align	1
  52              		.global	HAL_PWR_DisableBkUpAccess
  53              		.syntax unified
  54              		.thumb
  55              		.thumb_func
  57              	HAL_PWR_DisableBkUpAccess:
  58              		@ args = 0, pretend = 0, frame = 0
  59              		@ frame_needed = 0, uses_anonymous_args = 0
  60              		@ link register save eliminated.
  61 0000 024A     		ldr	r2, .L6
  62 0002 1368     		ldr	r3, [r2]
ARM GAS  C:\Users\aticl\AppData\Local\Temp\ccb5SL9L.s 			page 2


  63 0004 23F48073 		bic	r3, r3, #256
  64 0008 1360     		str	r3, [r2]
  65 000a 7047     		bx	lr
  66              	.L7:
  67              		.align	2
  68              	.L6:
  69 000c 00480258 		.word	1476544512
  71              		.section	.text.HAL_PWR_ConfigPVD,"ax",%progbits
  72              		.align	1
  73              		.global	HAL_PWR_ConfigPVD
  74              		.syntax unified
  75              		.thumb
  76              		.thumb_func
  78              	HAL_PWR_ConfigPVD:
  79              		@ args = 0, pretend = 0, frame = 0
  80              		@ frame_needed = 0, uses_anonymous_args = 0
  81              		@ link register save eliminated.
  82 0000 0246     		mov	r2, r0
  83 0002 0028     		cmp	r0, #0
  84 0004 48D0     		beq	.L8
  85 0006 2549     		ldr	r1, .L13
  86 0008 0B68     		ldr	r3, [r1]
  87 000a 23F0E003 		bic	r3, r3, #224
  88 000e 0068     		ldr	r0, [r0]
  89 0010 0343     		orrs	r3, r3, r0
  90 0012 0B60     		str	r3, [r1]
  91 0014 4FF0B043 		mov	r3, #1476395008
  92 0018 D3F88410 		ldr	r1, [r3, #132]
  93 001c 21F48031 		bic	r1, r1, #65536
  94 0020 C3F88410 		str	r1, [r3, #132]
  95 0024 D3F88010 		ldr	r1, [r3, #128]
  96 0028 21F48031 		bic	r1, r1, #65536
  97 002c C3F88010 		str	r1, [r3, #128]
  98 0030 1968     		ldr	r1, [r3]
  99 0032 21F48031 		bic	r1, r1, #65536
 100 0036 1960     		str	r1, [r3]
 101 0038 5968     		ldr	r1, [r3, #4]
 102 003a 21F48031 		bic	r1, r1, #65536
 103 003e 5960     		str	r1, [r3, #4]
 104 0040 5368     		ldr	r3, [r2, #4]
 105 0042 13F4803F 		tst	r3, #65536
 106 0046 07D0     		beq	.L10
 107 0048 4FF0B041 		mov	r1, #1476395008
 108 004c D1F88030 		ldr	r3, [r1, #128]
 109 0050 43F48033 		orr	r3, r3, #65536
 110 0054 C1F88030 		str	r3, [r1, #128]
 111              	.L10:
 112 0058 5368     		ldr	r3, [r2, #4]
 113 005a 13F4003F 		tst	r3, #131072
 114 005e 07D0     		beq	.L11
 115 0060 4FF0B041 		mov	r1, #1476395008
 116 0064 D1F88430 		ldr	r3, [r1, #132]
 117 0068 43F48033 		orr	r3, r3, #65536
 118 006c C1F88430 		str	r3, [r1, #132]
 119              	.L11:
 120 0070 5368     		ldr	r3, [r2, #4]
 121 0072 13F0010F 		tst	r3, #1
ARM GAS  C:\Users\aticl\AppData\Local\Temp\ccb5SL9L.s 			page 3


 122 0076 05D0     		beq	.L12
 123 0078 4FF0B041 		mov	r1, #1476395008
 124 007c 0B68     		ldr	r3, [r1]
 125 007e 43F48033 		orr	r3, r3, #65536
 126 0082 0B60     		str	r3, [r1]
 127              	.L12:
 128 0084 5368     		ldr	r3, [r2, #4]
 129 0086 13F0020F 		tst	r3, #2
 130 008a 05D0     		beq	.L8
 131 008c 4FF0B042 		mov	r2, #1476395008
 132 0090 5368     		ldr	r3, [r2, #4]
 133 0092 43F48033 		orr	r3, r3, #65536
 134 0096 5360     		str	r3, [r2, #4]
 135              	.L8:
 136 0098 7047     		bx	lr
 137              	.L14:
 138 009a 00BF     		.align	2
 139              	.L13:
 140 009c 00480258 		.word	1476544512
 142              		.section	.text.HAL_PWR_EnablePVD,"ax",%progbits
 143              		.align	1
 144              		.global	HAL_PWR_EnablePVD
 145              		.syntax unified
 146              		.thumb
 147              		.thumb_func
 149              	HAL_PWR_EnablePVD:
 150              		@ args = 0, pretend = 0, frame = 0
 151              		@ frame_needed = 0, uses_anonymous_args = 0
 152              		@ link register save eliminated.
 153 0000 024A     		ldr	r2, .L16
 154 0002 1368     		ldr	r3, [r2]
 155 0004 43F01003 		orr	r3, r3, #16
 156 0008 1360     		str	r3, [r2]
 157 000a 7047     		bx	lr
 158              	.L17:
 159              		.align	2
 160              	.L16:
 161 000c 00480258 		.word	1476544512
 163              		.section	.text.HAL_PWR_DisablePVD,"ax",%progbits
 164              		.align	1
 165              		.global	HAL_PWR_DisablePVD
 166              		.syntax unified
 167              		.thumb
 168              		.thumb_func
 170              	HAL_PWR_DisablePVD:
 171              		@ args = 0, pretend = 0, frame = 0
 172              		@ frame_needed = 0, uses_anonymous_args = 0
 173              		@ link register save eliminated.
 174 0000 024A     		ldr	r2, .L19
 175 0002 1368     		ldr	r3, [r2]
 176 0004 23F01003 		bic	r3, r3, #16
 177 0008 1360     		str	r3, [r2]
 178 000a 7047     		bx	lr
 179              	.L20:
 180              		.align	2
 181              	.L19:
 182 000c 00480258 		.word	1476544512
ARM GAS  C:\Users\aticl\AppData\Local\Temp\ccb5SL9L.s 			page 4


 184              		.section	.text.HAL_PWR_EnableWakeUpPin,"ax",%progbits
 185              		.align	1
 186              		.global	HAL_PWR_EnableWakeUpPin
 187              		.syntax unified
 188              		.thumb
 189              		.thumb_func
 191              	HAL_PWR_EnableWakeUpPin:
 192              		@ args = 0, pretend = 0, frame = 0
 193              		@ frame_needed = 0, uses_anonymous_args = 0
 194              		@ link register save eliminated.
 195 0000 034A     		ldr	r2, .L22
 196 0002 916A     		ldr	r1, [r2, #40]
 197 0004 034B     		ldr	r3, .L22+4
 198 0006 0B40     		ands	r3, r3, r1
 199 0008 0343     		orrs	r3, r3, r0
 200 000a 9362     		str	r3, [r2, #40]
 201 000c 7047     		bx	lr
 202              	.L23:
 203 000e 00BF     		.align	2
 204              	.L22:
 205 0010 00480258 		.word	1476544512
 206 0014 C0C000F0 		.word	-268386112
 208              		.section	.text.HAL_PWR_DisableWakeUpPin,"ax",%progbits
 209              		.align	1
 210              		.global	HAL_PWR_DisableWakeUpPin
 211              		.syntax unified
 212              		.thumb
 213              		.thumb_func
 215              	HAL_PWR_DisableWakeUpPin:
 216              		@ args = 0, pretend = 0, frame = 0
 217              		@ frame_needed = 0, uses_anonymous_args = 0
 218              		@ link register save eliminated.
 219 0000 034A     		ldr	r2, .L25
 220 0002 936A     		ldr	r3, [r2, #40]
 221 0004 00F03F00 		and	r0, r0, #63
 222 0008 23EA0003 		bic	r3, r3, r0
 223 000c 9362     		str	r3, [r2, #40]
 224 000e 7047     		bx	lr
 225              	.L26:
 226              		.align	2
 227              	.L25:
 228 0010 00480258 		.word	1476544512
 230              		.section	.text.HAL_PWR_EnterSLEEPMode,"ax",%progbits
 231              		.align	1
 232              		.global	HAL_PWR_EnterSLEEPMode
 233              		.syntax unified
 234              		.thumb
 235              		.thumb_func
 237              	HAL_PWR_EnterSLEEPMode:
 238              		@ args = 0, pretend = 0, frame = 0
 239              		@ frame_needed = 0, uses_anonymous_args = 0
 240              		@ link register save eliminated.
 241 0000 054A     		ldr	r2, .L31
 242 0002 1369     		ldr	r3, [r2, #16]
 243 0004 23F00403 		bic	r3, r3, #4
 244 0008 1361     		str	r3, [r2, #16]
 245 000a 0129     		cmp	r1, #1
ARM GAS  C:\Users\aticl\AppData\Local\Temp\ccb5SL9L.s 			page 5


 246 000c 01D0     		beq	.L30
 247              		.syntax unified
 248              	@ 585 "Drivers/STM32H7xx_HAL_Driver/Src/stm32h7xx_hal_pwr.c" 1
 249 000e 20BF     		wfe
 250              	@ 0 "" 2
 251              		.thumb
 252              		.syntax unified
 253 0010 7047     		bx	lr
 254              	.L30:
 255              		.syntax unified
 256              	@ 580 "Drivers/STM32H7xx_HAL_Driver/Src/stm32h7xx_hal_pwr.c" 1
 257 0012 30BF     		wfi
 258              	@ 0 "" 2
 259              		.thumb
 260              		.syntax unified
 261 0014 7047     		bx	lr
 262              	.L32:
 263 0016 00BF     		.align	2
 264              	.L31:
 265 0018 00ED00E0 		.word	-536810240
 267              		.section	.text.HAL_PWR_EnterSTOPMode,"ax",%progbits
 268              		.align	1
 269              		.global	HAL_PWR_EnterSTOPMode
 270              		.syntax unified
 271              		.thumb
 272              		.thumb_func
 274              	HAL_PWR_EnterSTOPMode:
 275              		@ args = 0, pretend = 0, frame = 0
 276              		@ frame_needed = 0, uses_anonymous_args = 0
 277              		@ link register save eliminated.
 278 0000 104B     		ldr	r3, .L37
 279 0002 1A68     		ldr	r2, [r3]
 280 0004 22F00102 		bic	r2, r2, #1
 281 0008 0243     		orrs	r2, r2, r0
 282 000a 1A60     		str	r2, [r3]
 283 000c 1A69     		ldr	r2, [r3, #16]
 284 000e 22F00502 		bic	r2, r2, #5
 285 0012 1A61     		str	r2, [r3, #16]
 286 0014 1A69     		ldr	r2, [r3, #16]
 287 0016 22F00202 		bic	r2, r2, #2
 288 001a 1A61     		str	r2, [r3, #16]
 289 001c 0A4A     		ldr	r2, .L37+4
 290 001e 1369     		ldr	r3, [r2, #16]
 291 0020 43F00403 		orr	r3, r3, #4
 292 0024 1361     		str	r3, [r2, #16]
 293              		.syntax unified
 294              	@ 946 "Drivers/CMSIS/Include/cmsis_gcc.h" 1
 295 0026 BFF34F8F 		dsb 0xF
 296              	@ 0 "" 2
 297              	@ 935 "Drivers/CMSIS/Include/cmsis_gcc.h" 1
 298 002a BFF36F8F 		isb 0xF
 299              	@ 0 "" 2
 300              		.thumb
 301              		.syntax unified
 302 002e 0129     		cmp	r1, #1
 303 0030 06D0     		beq	.L36
 304              		.syntax unified
ARM GAS  C:\Users\aticl\AppData\Local\Temp\ccb5SL9L.s 			page 6


 305              	@ 666 "Drivers/STM32H7xx_HAL_Driver/Src/stm32h7xx_hal_pwr.c" 1
 306 0032 20BF     		wfe
 307              	@ 0 "" 2
 308              		.thumb
 309              		.syntax unified
 310              	.L35:
 311 0034 044A     		ldr	r2, .L37+4
 312 0036 1369     		ldr	r3, [r2, #16]
 313 0038 23F00403 		bic	r3, r3, #4
 314 003c 1361     		str	r3, [r2, #16]
 315 003e 7047     		bx	lr
 316              	.L36:
 317              		.syntax unified
 318              	@ 661 "Drivers/STM32H7xx_HAL_Driver/Src/stm32h7xx_hal_pwr.c" 1
 319 0040 30BF     		wfi
 320              	@ 0 "" 2
 321              		.thumb
 322              		.syntax unified
 323 0042 F7E7     		b	.L35
 324              	.L38:
 325              		.align	2
 326              	.L37:
 327 0044 00480258 		.word	1476544512
 328 0048 00ED00E0 		.word	-536810240
 330              		.section	.text.HAL_PWR_EnterSTANDBYMode,"ax",%progbits
 331              		.align	1
 332              		.global	HAL_PWR_EnterSTANDBYMode
 333              		.syntax unified
 334              		.thumb
 335              		.thumb_func
 337              	HAL_PWR_EnterSTANDBYMode:
 338              		@ args = 0, pretend = 0, frame = 0
 339              		@ frame_needed = 0, uses_anonymous_args = 0
 340              		@ link register save eliminated.
 341 0000 094B     		ldr	r3, .L40
 342 0002 1A69     		ldr	r2, [r3, #16]
 343 0004 42F00502 		orr	r2, r2, #5
 344 0008 1A61     		str	r2, [r3, #16]
 345 000a 1A69     		ldr	r2, [r3, #16]
 346 000c 42F00202 		orr	r2, r2, #2
 347 0010 1A61     		str	r2, [r3, #16]
 348 0012 064A     		ldr	r2, .L40+4
 349 0014 1369     		ldr	r3, [r2, #16]
 350 0016 43F00403 		orr	r3, r3, #4
 351 001a 1361     		str	r3, [r2, #16]
 352              		.syntax unified
 353              	@ 946 "Drivers/CMSIS/Include/cmsis_gcc.h" 1
 354 001c BFF34F8F 		dsb 0xF
 355              	@ 0 "" 2
 356              	@ 935 "Drivers/CMSIS/Include/cmsis_gcc.h" 1
 357 0020 BFF36F8F 		isb 0xF
 358              	@ 0 "" 2
 359              	@ 729 "Drivers/STM32H7xx_HAL_Driver/Src/stm32h7xx_hal_pwr.c" 1
 360 0024 30BF     		wfi
 361              	@ 0 "" 2
 362              		.thumb
 363              		.syntax unified
ARM GAS  C:\Users\aticl\AppData\Local\Temp\ccb5SL9L.s 			page 7


 364 0026 7047     		bx	lr
 365              	.L41:
 366              		.align	2
 367              	.L40:
 368 0028 00480258 		.word	1476544512
 369 002c 00ED00E0 		.word	-536810240
 371              		.section	.text.HAL_PWR_EnableSleepOnExit,"ax",%progbits
 372              		.align	1
 373              		.global	HAL_PWR_EnableSleepOnExit
 374              		.syntax unified
 375              		.thumb
 376              		.thumb_func
 378              	HAL_PWR_EnableSleepOnExit:
 379              		@ args = 0, pretend = 0, frame = 0
 380              		@ frame_needed = 0, uses_anonymous_args = 0
 381              		@ link register save eliminated.
 382 0000 024A     		ldr	r2, .L43
 383 0002 1369     		ldr	r3, [r2, #16]
 384 0004 43F00203 		orr	r3, r3, #2
 385 0008 1361     		str	r3, [r2, #16]
 386 000a 7047     		bx	lr
 387              	.L44:
 388              		.align	2
 389              	.L43:
 390 000c 00ED00E0 		.word	-536810240
 392              		.section	.text.HAL_PWR_DisableSleepOnExit,"ax",%progbits
 393              		.align	1
 394              		.global	HAL_PWR_DisableSleepOnExit
 395              		.syntax unified
 396              		.thumb
 397              		.thumb_func
 399              	HAL_PWR_DisableSleepOnExit:
 400              		@ args = 0, pretend = 0, frame = 0
 401              		@ frame_needed = 0, uses_anonymous_args = 0
 402              		@ link register save eliminated.
 403 0000 024A     		ldr	r2, .L46
 404 0002 1369     		ldr	r3, [r2, #16]
 405 0004 23F00203 		bic	r3, r3, #2
 406 0008 1361     		str	r3, [r2, #16]
 407 000a 7047     		bx	lr
 408              	.L47:
 409              		.align	2
 410              	.L46:
 411 000c 00ED00E0 		.word	-536810240
 413              		.section	.text.HAL_PWR_EnableSEVOnPend,"ax",%progbits
 414              		.align	1
 415              		.global	HAL_PWR_EnableSEVOnPend
 416              		.syntax unified
 417              		.thumb
 418              		.thumb_func
 420              	HAL_PWR_EnableSEVOnPend:
 421              		@ args = 0, pretend = 0, frame = 0
 422              		@ frame_needed = 0, uses_anonymous_args = 0
 423              		@ link register save eliminated.
 424 0000 024A     		ldr	r2, .L49
 425 0002 1369     		ldr	r3, [r2, #16]
 426 0004 43F01003 		orr	r3, r3, #16
ARM GAS  C:\Users\aticl\AppData\Local\Temp\ccb5SL9L.s 			page 8


 427 0008 1361     		str	r3, [r2, #16]
 428 000a 7047     		bx	lr
 429              	.L50:
 430              		.align	2
 431              	.L49:
 432 000c 00ED00E0 		.word	-536810240
 434              		.section	.text.HAL_PWR_DisableSEVOnPend,"ax",%progbits
 435              		.align	1
 436              		.global	HAL_PWR_DisableSEVOnPend
 437              		.syntax unified
 438              		.thumb
 439              		.thumb_func
 441              	HAL_PWR_DisableSEVOnPend:
 442              		@ args = 0, pretend = 0, frame = 0
 443              		@ frame_needed = 0, uses_anonymous_args = 0
 444              		@ link register save eliminated.
 445 0000 024A     		ldr	r2, .L52
 446 0002 1369     		ldr	r3, [r2, #16]
 447 0004 23F01003 		bic	r3, r3, #16
 448 0008 1361     		str	r3, [r2, #16]
 449 000a 7047     		bx	lr
 450              	.L53:
 451              		.align	2
 452              	.L52:
 453 000c 00ED00E0 		.word	-536810240
 455              		.section	.text.HAL_PWR_PVDCallback,"ax",%progbits
 456              		.align	1
 457              		.weak	HAL_PWR_PVDCallback
 458              		.syntax unified
 459              		.thumb
 460              		.thumb_func
 462              	HAL_PWR_PVDCallback:
 463              		@ args = 0, pretend = 0, frame = 0
 464              		@ frame_needed = 0, uses_anonymous_args = 0
 465              		@ link register save eliminated.
 466 0000 7047     		bx	lr
 468              		.section	.text.HAL_PWR_PVD_IRQHandler,"ax",%progbits
 469              		.align	1
 470              		.global	HAL_PWR_PVD_IRQHandler
 471              		.syntax unified
 472              		.thumb
 473              		.thumb_func
 475              	HAL_PWR_PVD_IRQHandler:
 476              		@ args = 0, pretend = 0, frame = 0
 477              		@ frame_needed = 0, uses_anonymous_args = 0
 478 0000 08B5     		push	{r3, lr}
 479 0002 4FF0B043 		mov	r3, #1476395008
 480 0006 D3F88830 		ldr	r3, [r3, #136]
 481 000a 13F4803F 		tst	r3, #65536
 482 000e 00D1     		bne	.L58
 483              	.L55:
 484 0010 08BD     		pop	{r3, pc}
 485              	.L58:
 486 0012 4FF0B042 		mov	r2, #1476395008
 487 0016 D2F88830 		ldr	r3, [r2, #136]
 488 001a 43F48033 		orr	r3, r3, #65536
 489 001e C2F88830 		str	r3, [r2, #136]
ARM GAS  C:\Users\aticl\AppData\Local\Temp\ccb5SL9L.s 			page 9


 490 0022 FFF7FEFF 		bl	HAL_PWR_PVDCallback
 491 0026 F3E7     		b	.L55
 493              		.ident	"GCC: (xPack GNU Arm Embedded GCC x86_64) 14.2.1 20241119"
ARM GAS  C:\Users\aticl\AppData\Local\Temp\ccb5SL9L.s 			page 10


DEFINED SYMBOLS
                            *ABS*:00000000 stm32h7xx_hal_pwr.c
C:\Users\aticl\AppData\Local\Temp\ccb5SL9L.s:17     .text.HAL_PWR_DeInit:00000000 $t
C:\Users\aticl\AppData\Local\Temp\ccb5SL9L.s:23     .text.HAL_PWR_DeInit:00000000 HAL_PWR_DeInit
C:\Users\aticl\AppData\Local\Temp\ccb5SL9L.s:30     .text.HAL_PWR_EnableBkUpAccess:00000000 $t
C:\Users\aticl\AppData\Local\Temp\ccb5SL9L.s:36     .text.HAL_PWR_EnableBkUpAccess:00000000 HAL_PWR_EnableBkUpAccess
C:\Users\aticl\AppData\Local\Temp\ccb5SL9L.s:48     .text.HAL_PWR_EnableBkUpAccess:0000000c $d
C:\Users\aticl\AppData\Local\Temp\ccb5SL9L.s:51     .text.HAL_PWR_DisableBkUpAccess:00000000 $t
C:\Users\aticl\AppData\Local\Temp\ccb5SL9L.s:57     .text.HAL_PWR_DisableBkUpAccess:00000000 HAL_PWR_DisableBkUpAccess
C:\Users\aticl\AppData\Local\Temp\ccb5SL9L.s:69     .text.HAL_PWR_DisableBkUpAccess:0000000c $d
C:\Users\aticl\AppData\Local\Temp\ccb5SL9L.s:72     .text.HAL_PWR_ConfigPVD:00000000 $t
C:\Users\aticl\AppData\Local\Temp\ccb5SL9L.s:78     .text.HAL_PWR_ConfigPVD:00000000 HAL_PWR_ConfigPVD
C:\Users\aticl\AppData\Local\Temp\ccb5SL9L.s:140    .text.HAL_PWR_ConfigPVD:0000009c $d
C:\Users\aticl\AppData\Local\Temp\ccb5SL9L.s:143    .text.HAL_PWR_EnablePVD:00000000 $t
C:\Users\aticl\AppData\Local\Temp\ccb5SL9L.s:149    .text.HAL_PWR_EnablePVD:00000000 HAL_PWR_EnablePVD
C:\Users\aticl\AppData\Local\Temp\ccb5SL9L.s:161    .text.HAL_PWR_EnablePVD:0000000c $d
C:\Users\aticl\AppData\Local\Temp\ccb5SL9L.s:164    .text.HAL_PWR_DisablePVD:00000000 $t
C:\Users\aticl\AppData\Local\Temp\ccb5SL9L.s:170    .text.HAL_PWR_DisablePVD:00000000 HAL_PWR_DisablePVD
C:\Users\aticl\AppData\Local\Temp\ccb5SL9L.s:182    .text.HAL_PWR_DisablePVD:0000000c $d
C:\Users\aticl\AppData\Local\Temp\ccb5SL9L.s:185    .text.HAL_PWR_EnableWakeUpPin:00000000 $t
C:\Users\aticl\AppData\Local\Temp\ccb5SL9L.s:191    .text.HAL_PWR_EnableWakeUpPin:00000000 HAL_PWR_EnableWakeUpPin
C:\Users\aticl\AppData\Local\Temp\ccb5SL9L.s:205    .text.HAL_PWR_EnableWakeUpPin:00000010 $d
C:\Users\aticl\AppData\Local\Temp\ccb5SL9L.s:209    .text.HAL_PWR_DisableWakeUpPin:00000000 $t
C:\Users\aticl\AppData\Local\Temp\ccb5SL9L.s:215    .text.HAL_PWR_DisableWakeUpPin:00000000 HAL_PWR_DisableWakeUpPin
C:\Users\aticl\AppData\Local\Temp\ccb5SL9L.s:228    .text.HAL_PWR_DisableWakeUpPin:00000010 $d
C:\Users\aticl\AppData\Local\Temp\ccb5SL9L.s:231    .text.HAL_PWR_EnterSLEEPMode:00000000 $t
C:\Users\aticl\AppData\Local\Temp\ccb5SL9L.s:237    .text.HAL_PWR_EnterSLEEPMode:00000000 HAL_PWR_EnterSLEEPMode
C:\Users\aticl\AppData\Local\Temp\ccb5SL9L.s:265    .text.HAL_PWR_EnterSLEEPMode:00000018 $d
C:\Users\aticl\AppData\Local\Temp\ccb5SL9L.s:268    .text.HAL_PWR_EnterSTOPMode:00000000 $t
C:\Users\aticl\AppData\Local\Temp\ccb5SL9L.s:274    .text.HAL_PWR_EnterSTOPMode:00000000 HAL_PWR_EnterSTOPMode
C:\Users\aticl\AppData\Local\Temp\ccb5SL9L.s:327    .text.HAL_PWR_EnterSTOPMode:00000044 $d
C:\Users\aticl\AppData\Local\Temp\ccb5SL9L.s:331    .text.HAL_PWR_EnterSTANDBYMode:00000000 $t
C:\Users\aticl\AppData\Local\Temp\ccb5SL9L.s:337    .text.HAL_PWR_EnterSTANDBYMode:00000000 HAL_PWR_EnterSTANDBYMode
C:\Users\aticl\AppData\Local\Temp\ccb5SL9L.s:368    .text.HAL_PWR_EnterSTANDBYMode:00000028 $d
C:\Users\aticl\AppData\Local\Temp\ccb5SL9L.s:372    .text.HAL_PWR_EnableSleepOnExit:00000000 $t
C:\Users\aticl\AppData\Local\Temp\ccb5SL9L.s:378    .text.HAL_PWR_EnableSleepOnExit:00000000 HAL_PWR_EnableSleepOnExit
C:\Users\aticl\AppData\Local\Temp\ccb5SL9L.s:390    .text.HAL_PWR_EnableSleepOnExit:0000000c $d
C:\Users\aticl\AppData\Local\Temp\ccb5SL9L.s:393    .text.HAL_PWR_DisableSleepOnExit:00000000 $t
C:\Users\aticl\AppData\Local\Temp\ccb5SL9L.s:399    .text.HAL_PWR_DisableSleepOnExit:00000000 HAL_PWR_DisableSleepOnExit
C:\Users\aticl\AppData\Local\Temp\ccb5SL9L.s:411    .text.HAL_PWR_DisableSleepOnExit:0000000c $d
C:\Users\aticl\AppData\Local\Temp\ccb5SL9L.s:414    .text.HAL_PWR_EnableSEVOnPend:00000000 $t
C:\Users\aticl\AppData\Local\Temp\ccb5SL9L.s:420    .text.HAL_PWR_EnableSEVOnPend:00000000 HAL_PWR_EnableSEVOnPend
C:\Users\aticl\AppData\Local\Temp\ccb5SL9L.s:432    .text.HAL_PWR_EnableSEVOnPend:0000000c $d
C:\Users\aticl\AppData\Local\Temp\ccb5SL9L.s:435    .text.HAL_PWR_DisableSEVOnPend:00000000 $t
C:\Users\aticl\AppData\Local\Temp\ccb5SL9L.s:441    .text.HAL_PWR_DisableSEVOnPend:00000000 HAL_PWR_DisableSEVOnPend
C:\Users\aticl\AppData\Local\Temp\ccb5SL9L.s:453    .text.HAL_PWR_DisableSEVOnPend:0000000c $d
C:\Users\aticl\AppData\Local\Temp\ccb5SL9L.s:456    .text.HAL_PWR_PVDCallback:00000000 $t
C:\Users\aticl\AppData\Local\Temp\ccb5SL9L.s:462    .text.HAL_PWR_PVDCallback:00000000 HAL_PWR_PVDCallback
C:\Users\aticl\AppData\Local\Temp\ccb5SL9L.s:469    .text.HAL_PWR_PVD_IRQHandler:00000000 $t
C:\Users\aticl\AppData\Local\Temp\ccb5SL9L.s:475    .text.HAL_PWR_PVD_IRQHandler:00000000 HAL_PWR_PVD_IRQHandler

NO UNDEFINED SYMBOLS
