ARM GAS  C:\Users\aticl\AppData\Local\Temp\ccB0XFXi.s 			page 1


   1              		.cpu cortex-m7
   2              		.arch armv7e-m
   3              		.fpu fpv5-d16
   4              		.eabi_attribute 28, 1
   5              		.eabi_attribute 20, 1
   6              		.eabi_attribute 21, 1
   7              		.eabi_attribute 23, 3
   8              		.eabi_attribute 24, 1
   9              		.eabi_attribute 25, 1
  10              		.eabi_attribute 26, 1
  11              		.eabi_attribute 30, 1
  12              		.eabi_attribute 34, 1
  13              		.eabi_attribute 18, 4
  14              		.file	"stm32h7xx_hal_msp.c"
  15              		.text
  16              		.section	.text.HAL_MspInit,"ax",%progbits
  17              		.align	1
  18              		.global	HAL_MspInit
  19              		.syntax unified
  20              		.thumb
  21              		.thumb_func
  23              	HAL_MspInit:
  24              		@ args = 0, pretend = 0, frame = 8
  25              		@ frame_needed = 0, uses_anonymous_args = 0
  26              		@ link register save eliminated.
  27 0000 82B0     		sub	sp, sp, #8
  28 0002 074B     		ldr	r3, .L3
  29 0004 D3F8F420 		ldr	r2, [r3, #244]
  30 0008 42F00202 		orr	r2, r2, #2
  31 000c C3F8F420 		str	r2, [r3, #244]
  32 0010 D3F8F430 		ldr	r3, [r3, #244]
  33 0014 03F00203 		and	r3, r3, #2
  34 0018 0193     		str	r3, [sp, #4]
  35 001a 019B     		ldr	r3, [sp, #4]
  36 001c 02B0     		add	sp, sp, #8
  37              		@ sp needed
  38 001e 7047     		bx	lr
  39              	.L4:
  40              		.align	2
  41              	.L3:
  42 0020 00440258 		.word	1476543488
  44              		.section	.text.HAL_FDCAN_MspInit,"ax",%progbits
  45              		.align	1
  46              		.global	HAL_FDCAN_MspInit
  47              		.syntax unified
  48              		.thumb
  49              		.thumb_func
  51              	HAL_FDCAN_MspInit:
  52              		@ args = 0, pretend = 0, frame = 224
  53              		@ frame_needed = 0, uses_anonymous_args = 0
  54 0000 10B5     		push	{r4, lr}
  55 0002 B8B0     		sub	sp, sp, #224
  56 0004 0446     		mov	r4, r0
  57 0006 0021     		movs	r1, #0
  58 0008 3391     		str	r1, [sp, #204]
  59 000a 3491     		str	r1, [sp, #208]
  60 000c 3591     		str	r1, [sp, #212]
ARM GAS  C:\Users\aticl\AppData\Local\Temp\ccB0XFXi.s 			page 2


  61 000e 3691     		str	r1, [sp, #216]
  62 0010 3791     		str	r1, [sp, #220]
  63 0012 C022     		movs	r2, #192
  64 0014 02A8     		add	r0, sp, #8
  65 0016 FFF7FEFF 		bl	memset
  66 001a 2268     		ldr	r2, [r4]
  67 001c 234B     		ldr	r3, .L11
  68 001e 9A42     		cmp	r2, r3
  69 0020 01D0     		beq	.L9
  70              	.L5:
  71 0022 38B0     		add	sp, sp, #224
  72              		@ sp needed
  73 0024 10BD     		pop	{r4, pc}
  74              	.L9:
  75 0026 4FF40042 		mov	r2, #32768
  76 002a 0023     		movs	r3, #0
  77 002c CDE90223 		strd	r2, [sp, #8]
  78 0030 0223     		movs	r3, #2
  79 0032 0493     		str	r3, [sp, #16]
  80 0034 0C22     		movs	r2, #12
  81 0036 0592     		str	r2, [sp, #20]
  82 0038 0693     		str	r3, [sp, #24]
  83 003a 0322     		movs	r2, #3
  84 003c 0792     		str	r2, [sp, #28]
  85 003e 0893     		str	r3, [sp, #32]
  86 0040 C023     		movs	r3, #192
  87 0042 0993     		str	r3, [sp, #36]
  88 0044 2023     		movs	r3, #32
  89 0046 0A93     		str	r3, [sp, #40]
  90 0048 4FF00053 		mov	r3, #536870912
  91 004c 1E93     		str	r3, [sp, #120]
  92 004e 02A8     		add	r0, sp, #8
  93 0050 FFF7FEFF 		bl	HAL_RCCEx_PeriphCLKConfig
  94 0054 30BB     		cbnz	r0, .L10
  95              	.L7:
  96 0056 164B     		ldr	r3, .L11+4
  97 0058 D3F8EC20 		ldr	r2, [r3, #236]
  98 005c 42F48072 		orr	r2, r2, #256
  99 0060 C3F8EC20 		str	r2, [r3, #236]
 100 0064 D3F8EC20 		ldr	r2, [r3, #236]
 101 0068 02F48072 		and	r2, r2, #256
 102 006c 0092     		str	r2, [sp]
 103 006e 009A     		ldr	r2, [sp]
 104 0070 D3F8E020 		ldr	r2, [r3, #224]
 105 0074 42F00802 		orr	r2, r2, #8
 106 0078 C3F8E020 		str	r2, [r3, #224]
 107 007c D3F8E030 		ldr	r3, [r3, #224]
 108 0080 03F00803 		and	r3, r3, #8
 109 0084 0193     		str	r3, [sp, #4]
 110 0086 019B     		ldr	r3, [sp, #4]
 111 0088 0323     		movs	r3, #3
 112 008a 3393     		str	r3, [sp, #204]
 113 008c 0223     		movs	r3, #2
 114 008e 3493     		str	r3, [sp, #208]
 115 0090 0023     		movs	r3, #0
 116 0092 3593     		str	r3, [sp, #212]
 117 0094 3693     		str	r3, [sp, #216]
ARM GAS  C:\Users\aticl\AppData\Local\Temp\ccB0XFXi.s 			page 3


 118 0096 0923     		movs	r3, #9
 119 0098 3793     		str	r3, [sp, #220]
 120 009a 33A9     		add	r1, sp, #204
 121 009c 0548     		ldr	r0, .L11+8
 122 009e FFF7FEFF 		bl	HAL_GPIO_Init
 123 00a2 BEE7     		b	.L5
 124              	.L10:
 125 00a4 FFF7FEFF 		bl	Error_Handler
 126 00a8 D5E7     		b	.L7
 127              	.L12:
 128 00aa 00BF     		.align	2
 129              	.L11:
 130 00ac 00A00040 		.word	1073782784
 131 00b0 00440258 		.word	1476543488
 132 00b4 000C0258 		.word	1476529152
 134              		.section	.text.HAL_FDCAN_MspDeInit,"ax",%progbits
 135              		.align	1
 136              		.global	HAL_FDCAN_MspDeInit
 137              		.syntax unified
 138              		.thumb
 139              		.thumb_func
 141              	HAL_FDCAN_MspDeInit:
 142              		@ args = 0, pretend = 0, frame = 0
 143              		@ frame_needed = 0, uses_anonymous_args = 0
 144 0000 08B5     		push	{r3, lr}
 145 0002 0268     		ldr	r2, [r0]
 146 0004 074B     		ldr	r3, .L17
 147 0006 9A42     		cmp	r2, r3
 148 0008 00D0     		beq	.L16
 149              	.L13:
 150 000a 08BD     		pop	{r3, pc}
 151              	.L16:
 152 000c 064A     		ldr	r2, .L17+4
 153 000e D2F8EC30 		ldr	r3, [r2, #236]
 154 0012 23F48073 		bic	r3, r3, #256
 155 0016 C2F8EC30 		str	r3, [r2, #236]
 156 001a 0321     		movs	r1, #3
 157 001c 0348     		ldr	r0, .L17+8
 158 001e FFF7FEFF 		bl	HAL_GPIO_DeInit
 159 0022 F2E7     		b	.L13
 160              	.L18:
 161              		.align	2
 162              	.L17:
 163 0024 00A00040 		.word	1073782784
 164 0028 00440258 		.word	1476543488
 165 002c 000C0258 		.word	1476529152
 167              		.section	.text.HAL_TIM_PWM_MspInit,"ax",%progbits
 168              		.align	1
 169              		.global	HAL_TIM_PWM_MspInit
 170              		.syntax unified
 171              		.thumb
 172              		.thumb_func
 174              	HAL_TIM_PWM_MspInit:
 175              		@ args = 0, pretend = 0, frame = 8
 176              		@ frame_needed = 0, uses_anonymous_args = 0
 177              		@ link register save eliminated.
 178 0000 0368     		ldr	r3, [r0]
ARM GAS  C:\Users\aticl\AppData\Local\Temp\ccB0XFXi.s 			page 4


 179 0002 B3F1804F 		cmp	r3, #1073741824
 180 0006 00D0     		beq	.L25
 181 0008 7047     		bx	lr
 182              	.L25:
 183 000a 82B0     		sub	sp, sp, #8
 184 000c 074B     		ldr	r3, .L26
 185 000e D3F8E820 		ldr	r2, [r3, #232]
 186 0012 42F00102 		orr	r2, r2, #1
 187 0016 C3F8E820 		str	r2, [r3, #232]
 188 001a D3F8E830 		ldr	r3, [r3, #232]
 189 001e 03F00103 		and	r3, r3, #1
 190 0022 0193     		str	r3, [sp, #4]
 191 0024 019B     		ldr	r3, [sp, #4]
 192 0026 02B0     		add	sp, sp, #8
 193              		@ sp needed
 194 0028 7047     		bx	lr
 195              	.L27:
 196 002a 00BF     		.align	2
 197              	.L26:
 198 002c 00440258 		.word	1476543488
 200              		.section	.text.HAL_TIM_MspPostInit,"ax",%progbits
 201              		.align	1
 202              		.global	HAL_TIM_MspPostInit
 203              		.syntax unified
 204              		.thumb
 205              		.thumb_func
 207              	HAL_TIM_MspPostInit:
 208              		@ args = 0, pretend = 0, frame = 24
 209              		@ frame_needed = 0, uses_anonymous_args = 0
 210 0000 00B5     		push	{lr}
 211 0002 87B0     		sub	sp, sp, #28
 212 0004 0023     		movs	r3, #0
 213 0006 0193     		str	r3, [sp, #4]
 214 0008 0293     		str	r3, [sp, #8]
 215 000a 0393     		str	r3, [sp, #12]
 216 000c 0493     		str	r3, [sp, #16]
 217 000e 0593     		str	r3, [sp, #20]
 218 0010 0368     		ldr	r3, [r0]
 219 0012 B3F1804F 		cmp	r3, #1073741824
 220 0016 02D0     		beq	.L31
 221              	.L28:
 222 0018 07B0     		add	sp, sp, #28
 223              		@ sp needed
 224 001a 5DF804FB 		ldr	pc, [sp], #4
 225              	.L31:
 226 001e 0C4B     		ldr	r3, .L32
 227 0020 D3F8E020 		ldr	r2, [r3, #224]
 228 0024 42F00102 		orr	r2, r2, #1
 229 0028 C3F8E020 		str	r2, [r3, #224]
 230 002c D3F8E030 		ldr	r3, [r3, #224]
 231 0030 03F00103 		and	r3, r3, #1
 232 0034 0093     		str	r3, [sp]
 233 0036 009B     		ldr	r3, [sp]
 234 0038 0823     		movs	r3, #8
 235 003a 0193     		str	r3, [sp, #4]
 236 003c 0223     		movs	r3, #2
 237 003e 0293     		str	r3, [sp, #8]
ARM GAS  C:\Users\aticl\AppData\Local\Temp\ccB0XFXi.s 			page 5


 238 0040 0123     		movs	r3, #1
 239 0042 0593     		str	r3, [sp, #20]
 240 0044 01A9     		add	r1, sp, #4
 241 0046 0348     		ldr	r0, .L32+4
 242 0048 FFF7FEFF 		bl	HAL_GPIO_Init
 243 004c E4E7     		b	.L28
 244              	.L33:
 245 004e 00BF     		.align	2
 246              	.L32:
 247 0050 00440258 		.word	1476543488
 248 0054 00000258 		.word	1476526080
 250              		.section	.text.HAL_TIM_PWM_MspDeInit,"ax",%progbits
 251              		.align	1
 252              		.global	HAL_TIM_PWM_MspDeInit
 253              		.syntax unified
 254              		.thumb
 255              		.thumb_func
 257              	HAL_TIM_PWM_MspDeInit:
 258              		@ args = 0, pretend = 0, frame = 0
 259              		@ frame_needed = 0, uses_anonymous_args = 0
 260              		@ link register save eliminated.
 261 0000 0368     		ldr	r3, [r0]
 262 0002 B3F1804F 		cmp	r3, #1073741824
 263 0006 00D0     		beq	.L36
 264              	.L34:
 265 0008 7047     		bx	lr
 266              	.L36:
 267 000a 044A     		ldr	r2, .L37
 268 000c D2F8E830 		ldr	r3, [r2, #232]
 269 0010 23F00103 		bic	r3, r3, #1
 270 0014 C2F8E830 		str	r3, [r2, #232]
 271 0018 F6E7     		b	.L34
 272              	.L38:
 273 001a 00BF     		.align	2
 274              	.L37:
 275 001c 00440258 		.word	1476543488
 277              		.ident	"GCC: (xPack GNU Arm Embedded GCC x86_64) 14.2.1 20241119"
ARM GAS  C:\Users\aticl\AppData\Local\Temp\ccB0XFXi.s 			page 6


DEFINED SYMBOLS
                            *ABS*:00000000 stm32h7xx_hal_msp.c
C:\Users\aticl\AppData\Local\Temp\ccB0XFXi.s:17     .text.HAL_MspInit:00000000 $t
C:\Users\aticl\AppData\Local\Temp\ccB0XFXi.s:23     .text.HAL_MspInit:00000000 HAL_MspInit
C:\Users\aticl\AppData\Local\Temp\ccB0XFXi.s:42     .text.HAL_MspInit:00000020 $d
C:\Users\aticl\AppData\Local\Temp\ccB0XFXi.s:45     .text.HAL_FDCAN_MspInit:00000000 $t
C:\Users\aticl\AppData\Local\Temp\ccB0XFXi.s:51     .text.HAL_FDCAN_MspInit:00000000 HAL_FDCAN_MspInit
C:\Users\aticl\AppData\Local\Temp\ccB0XFXi.s:130    .text.HAL_FDCAN_MspInit:000000ac $d
C:\Users\aticl\AppData\Local\Temp\ccB0XFXi.s:135    .text.HAL_FDCAN_MspDeInit:00000000 $t
C:\Users\aticl\AppData\Local\Temp\ccB0XFXi.s:141    .text.HAL_FDCAN_MspDeInit:00000000 HAL_FDCAN_MspDeInit
C:\Users\aticl\AppData\Local\Temp\ccB0XFXi.s:163    .text.HAL_FDCAN_MspDeInit:00000024 $d
C:\Users\aticl\AppData\Local\Temp\ccB0XFXi.s:168    .text.HAL_TIM_PWM_MspInit:00000000 $t
C:\Users\aticl\AppData\Local\Temp\ccB0XFXi.s:174    .text.HAL_TIM_PWM_MspInit:00000000 HAL_TIM_PWM_MspInit
C:\Users\aticl\AppData\Local\Temp\ccB0XFXi.s:198    .text.HAL_TIM_PWM_MspInit:0000002c $d
C:\Users\aticl\AppData\Local\Temp\ccB0XFXi.s:201    .text.HAL_TIM_MspPostInit:00000000 $t
C:\Users\aticl\AppData\Local\Temp\ccB0XFXi.s:207    .text.HAL_TIM_MspPostInit:00000000 HAL_TIM_MspPostInit
C:\Users\aticl\AppData\Local\Temp\ccB0XFXi.s:247    .text.HAL_TIM_MspPostInit:00000050 $d
C:\Users\aticl\AppData\Local\Temp\ccB0XFXi.s:251    .text.HAL_TIM_PWM_MspDeInit:00000000 $t
C:\Users\aticl\AppData\Local\Temp\ccB0XFXi.s:257    .text.HAL_TIM_PWM_MspDeInit:00000000 HAL_TIM_PWM_MspDeInit
C:\Users\aticl\AppData\Local\Temp\ccB0XFXi.s:275    .text.HAL_TIM_PWM_MspDeInit:0000001c $d

UNDEFINED SYMBOLS
memset
HAL_RCCEx_PeriphCLKConfig
HAL_GPIO_Init
Error_Handler
HAL_GPIO_DeInit
