ARM GAS  C:\Users\aticl\AppData\Local\Temp\cc9BFwXi.s 			page 1


   1              		.cpu cortex-m7
   2              		.arch armv7e-m
   3              		.fpu fpv5-d16
   4              		.eabi_attribute 28, 1
   5              		.eabi_attribute 20, 1
   6              		.eabi_attribute 21, 1
   7              		.eabi_attribute 23, 3
   8              		.eabi_attribute 24, 1
   9              		.eabi_attribute 25, 1
  10              		.eabi_attribute 26, 1
  11              		.eabi_attribute 30, 1
  12              		.eabi_attribute 34, 1
  13              		.eabi_attribute 18, 4
  14              		.file	"stm32h7xx_hal_pcd.c"
  15              		.text
  16              		.section	.text.PCD_WriteEmptyTxFifo,"ax",%progbits
  17              		.align	1
  18              		.syntax unified
  19              		.thumb
  20              		.thumb_func
  22              	PCD_WriteEmptyTxFifo:
  23              		@ args = 0, pretend = 0, frame = 0
  24              		@ frame_needed = 0, uses_anonymous_args = 0
  25 0000 2DE9F043 		push	{r4, r5, r6, r7, r8, r9, lr}
  26 0004 83B0     		sub	sp, sp, #12
  27 0006 D0F80080 		ldr	r8, [r0]
  28 000a 01EBC103 		add	r3, r1, r1, lsl #3
  29 000e 00EB8303 		add	r3, r0, r3, lsl #2
  30 0012 9A6A     		ldr	r2, [r3, #40]
  31 0014 5B6A     		ldr	r3, [r3, #36]
  32 0016 9A42     		cmp	r2, r3
  33 0018 54D8     		bhi	.L8
  34 001a 0746     		mov	r7, r0
  35 001c 0C46     		mov	r4, r1
  36 001e 9B1A     		subs	r3, r3, r2
  37 0020 01EBC102 		add	r2, r1, r1, lsl #3
  38 0024 00EB8202 		add	r2, r0, r2, lsl #2
  39 0028 D269     		ldr	r2, [r2, #28]
  40 002a 9A42     		cmp	r2, r3
  41 002c 00D3     		bcc	.L3
  42 002e 1A46     		mov	r2, r3
  43              	.L3:
  44 0030 02F10309 		add	r9, r2, #3
  45 0034 4FEA9909 		lsr	r9, r9, #2
  46 0038 15E0     		b	.L4
  47              	.L5:
  48 003a 06F10309 		add	r9, r6, #3
  49 003e 4FEA9909 		lsr	r9, r9, #2
  50 0042 BB79     		ldrb	r3, [r7, #6]	@ zero_extendqisi2
  51 0044 04EBC405 		add	r5, r4, r4, lsl #3
  52 0048 07EB8505 		add	r5, r7, r5, lsl #2
  53 004c 296A     		ldr	r1, [r5, #32]
  54 004e 0093     		str	r3, [sp]
  55 0050 B3B2     		uxth	r3, r6
  56 0052 E2B2     		uxtb	r2, r4
  57 0054 4046     		mov	r0, r8
  58 0056 FFF7FEFF 		bl	USB_WritePacket
ARM GAS  C:\Users\aticl\AppData\Local\Temp\cc9BFwXi.s 			page 2


  59 005a 2B6A     		ldr	r3, [r5, #32]
  60 005c 3344     		add	r3, r3, r6
  61 005e 2B62     		str	r3, [r5, #32]
  62 0060 AB6A     		ldr	r3, [r5, #40]
  63 0062 3344     		add	r3, r3, r6
  64 0064 AB62     		str	r3, [r5, #40]
  65              	.L4:
  66 0066 08EB4413 		add	r3, r8, r4, lsl #5
  67 006a 03F51063 		add	r3, r3, #2304
  68 006e 9B69     		ldr	r3, [r3, #24]
  69 0070 9BB2     		uxth	r3, r3
  70 0072 4B45     		cmp	r3, r9
  71 0074 12D3     		bcc	.L6
  72 0076 04EBC403 		add	r3, r4, r4, lsl #3
  73 007a 07EB8303 		add	r3, r7, r3, lsl #2
  74 007e 9A6A     		ldr	r2, [r3, #40]
  75 0080 5B6A     		ldr	r3, [r3, #36]
  76 0082 9A42     		cmp	r2, r3
  77 0084 0AD2     		bcs	.L6
  78 0086 4BB1     		cbz	r3, .L6
  79 0088 9B1A     		subs	r3, r3, r2
  80 008a 04EBC402 		add	r2, r4, r4, lsl #3
  81 008e 07EB8202 		add	r2, r7, r2, lsl #2
  82 0092 D669     		ldr	r6, [r2, #28]
  83 0094 9E42     		cmp	r6, r3
  84 0096 D0D3     		bcc	.L5
  85 0098 1E46     		mov	r6, r3
  86 009a CEE7     		b	.L5
  87              	.L6:
  88 009c 04EBC403 		add	r3, r4, r4, lsl #3
  89 00a0 07EB8307 		add	r7, r7, r3, lsl #2
  90 00a4 7A6A     		ldr	r2, [r7, #36]
  91 00a6 BB6A     		ldr	r3, [r7, #40]
  92 00a8 9A42     		cmp	r2, r3
  93 00aa 0FD8     		bhi	.L9
  94 00ac 04F00F04 		and	r4, r4, #15
  95 00b0 0122     		movs	r2, #1
  96 00b2 A240     		lsls	r2, r2, r4
  97 00b4 D8F83438 		ldr	r3, [r8, #2100]
  98 00b8 23EA0203 		bic	r3, r3, r2
  99 00bc C8F83438 		str	r3, [r8, #2100]
 100 00c0 0020     		movs	r0, #0
 101 00c2 00E0     		b	.L2
 102              	.L8:
 103 00c4 0120     		movs	r0, #1
 104              	.L2:
 105 00c6 03B0     		add	sp, sp, #12
 106              		@ sp needed
 107 00c8 BDE8F083 		pop	{r4, r5, r6, r7, r8, r9, pc}
 108              	.L9:
 109 00cc 0020     		movs	r0, #0
 110 00ce FAE7     		b	.L2
 112              		.section	.text.HAL_PCD_MspInit,"ax",%progbits
 113              		.align	1
 114              		.weak	HAL_PCD_MspInit
 115              		.syntax unified
 116              		.thumb
ARM GAS  C:\Users\aticl\AppData\Local\Temp\cc9BFwXi.s 			page 3


 117              		.thumb_func
 119              	HAL_PCD_MspInit:
 120              		@ args = 0, pretend = 0, frame = 0
 121              		@ frame_needed = 0, uses_anonymous_args = 0
 122              		@ link register save eliminated.
 123 0000 7047     		bx	lr
 125              		.section	.text.HAL_PCD_Init,"ax",%progbits
 126              		.align	1
 127              		.global	HAL_PCD_Init
 128              		.syntax unified
 129              		.thumb
 130              		.thumb_func
 132              	HAL_PCD_Init:
 133              		@ args = 0, pretend = 0, frame = 0
 134              		@ frame_needed = 0, uses_anonymous_args = 0
 135 0000 30B5     		push	{r4, r5, lr}
 136 0002 83B0     		sub	sp, sp, #12
 137 0004 0028     		cmp	r0, #0
 138 0006 7AD0     		beq	.L22
 139 0008 0446     		mov	r4, r0
 140 000a 90F89534 		ldrb	r3, [r0, #1173]	@ zero_extendqisi2
 141 000e ABB1     		cbz	r3, .L25
 142              	.L14:
 143 0010 0323     		movs	r3, #3
 144 0012 84F89534 		strb	r3, [r4, #1173]
 145 0016 2068     		ldr	r0, [r4]
 146 0018 FFF7FEFF 		bl	USB_DisableGlobalInt
 147 001c 237C     		ldrb	r3, [r4, #16]	@ zero_extendqisi2
 148 001e 8DF80030 		strb	r3, [sp]
 149 0022 231D     		adds	r3, r4, #4
 150 0024 0ECB     		ldm	r3, {r1, r2, r3}
 151 0026 2068     		ldr	r0, [r4]
 152 0028 FFF7FEFF 		bl	USB_CoreInit
 153 002c 58B1     		cbz	r0, .L15
 154 002e 0223     		movs	r3, #2
 155 0030 84F89534 		strb	r3, [r4, #1173]
 156 0034 0125     		movs	r5, #1
 157              	.L13:
 158 0036 2846     		mov	r0, r5
 159 0038 03B0     		add	sp, sp, #12
 160              		@ sp needed
 161 003a 30BD     		pop	{r4, r5, pc}
 162              	.L25:
 163 003c 80F89434 		strb	r3, [r0, #1172]
 164 0040 FFF7FEFF 		bl	HAL_PCD_MspInit
 165 0044 E4E7     		b	.L14
 166              	.L15:
 167 0046 0021     		movs	r1, #0
 168 0048 2068     		ldr	r0, [r4]
 169 004a FFF7FEFF 		bl	USB_SetCurrentMode
 170 004e 0246     		mov	r2, r0
 171 0050 B8B9     		cbnz	r0, .L26
 172 0052 0346     		mov	r3, r0
 173              	.L16:
 174 0054 2079     		ldrb	r0, [r4, #4]	@ zero_extendqisi2
 175 0056 9842     		cmp	r0, r3
 176 0058 18D9     		bls	.L18
ARM GAS  C:\Users\aticl\AppData\Local\Temp\cc9BFwXi.s 			page 4


 177 005a 03EBC301 		add	r1, r3, r3, lsl #3
 178 005e 04EB8101 		add	r1, r4, r1, lsl #2
 179 0062 0120     		movs	r0, #1
 180 0064 4875     		strb	r0, [r1, #21]
 181 0066 0B75     		strb	r3, [r1, #20]
 182 0068 CB85     		strh	r3, [r1, #46]	@ movhi
 183 006a 0020     		movs	r0, #0
 184 006c 0876     		strb	r0, [r1, #24]
 185 006e C861     		str	r0, [r1, #28]
 186 0070 0862     		str	r0, [r1, #32]
 187 0072 03EBC301 		add	r1, r3, r3, lsl #3
 188 0076 04EB8101 		add	r1, r4, r1, lsl #2
 189 007a 4862     		str	r0, [r1, #36]
 190 007c 0133     		adds	r3, r3, #1
 191 007e DBB2     		uxtb	r3, r3
 192 0080 E8E7     		b	.L16
 193              	.L26:
 194 0082 0223     		movs	r3, #2
 195 0084 84F89534 		strb	r3, [r4, #1173]
 196 0088 0125     		movs	r5, #1
 197 008a D4E7     		b	.L13
 198              	.L18:
 199 008c 9042     		cmp	r0, r2
 200 008e 17D9     		bls	.L27
 201 0090 02EBC203 		add	r3, r2, r2, lsl #3
 202 0094 04EB8303 		add	r3, r4, r3, lsl #2
 203 0098 0021     		movs	r1, #0
 204 009a 83F85512 		strb	r1, [r3, #597]
 205 009e 83F85422 		strb	r2, [r3, #596]
 206 00a2 83F85812 		strb	r1, [r3, #600]
 207 00a6 C3F85C12 		str	r1, [r3, #604]
 208 00aa C3F86012 		str	r1, [r3, #608]
 209 00ae 02EBC203 		add	r3, r2, r2, lsl #3
 210 00b2 04EB8303 		add	r3, r4, r3, lsl #2
 211 00b6 C3F86412 		str	r1, [r3, #612]
 212 00ba 0132     		adds	r2, r2, #1
 213 00bc D2B2     		uxtb	r2, r2
 214 00be E5E7     		b	.L18
 215              	.L27:
 216 00c0 237C     		ldrb	r3, [r4, #16]	@ zero_extendqisi2
 217 00c2 8DF80030 		strb	r3, [sp]
 218 00c6 231D     		adds	r3, r4, #4
 219 00c8 0ECB     		ldm	r3, {r1, r2, r3}
 220 00ca 2068     		ldr	r0, [r4]
 221 00cc FFF7FEFF 		bl	USB_DevInit
 222 00d0 0546     		mov	r5, r0
 223 00d2 58B9     		cbnz	r0, .L28
 224 00d4 0023     		movs	r3, #0
 225 00d6 6374     		strb	r3, [r4, #17]
 226 00d8 0123     		movs	r3, #1
 227 00da 84F89534 		strb	r3, [r4, #1173]
 228 00de 237B     		ldrb	r3, [r4, #12]	@ zero_extendqisi2
 229 00e0 012B     		cmp	r3, #1
 230 00e2 08D0     		beq	.L29
 231              	.L21:
 232 00e4 2068     		ldr	r0, [r4]
 233 00e6 FFF7FEFF 		bl	USB_DevDisconnect
ARM GAS  C:\Users\aticl\AppData\Local\Temp\cc9BFwXi.s 			page 5


 234 00ea A4E7     		b	.L13
 235              	.L28:
 236 00ec 0223     		movs	r3, #2
 237 00ee 84F89534 		strb	r3, [r4, #1173]
 238 00f2 0125     		movs	r5, #1
 239 00f4 9FE7     		b	.L13
 240              	.L29:
 241 00f6 2046     		mov	r0, r4
 242 00f8 FFF7FEFF 		bl	HAL_PCDEx_ActivateLPM
 243 00fc F2E7     		b	.L21
 244              	.L22:
 245 00fe 0125     		movs	r5, #1
 246 0100 99E7     		b	.L13
 248              		.section	.text.HAL_PCD_MspDeInit,"ax",%progbits
 249              		.align	1
 250              		.weak	HAL_PCD_MspDeInit
 251              		.syntax unified
 252              		.thumb
 253              		.thumb_func
 255              	HAL_PCD_MspDeInit:
 256              		@ args = 0, pretend = 0, frame = 0
 257              		@ frame_needed = 0, uses_anonymous_args = 0
 258              		@ link register save eliminated.
 259 0000 7047     		bx	lr
 261              		.section	.text.HAL_PCD_DeInit,"ax",%progbits
 262              		.align	1
 263              		.global	HAL_PCD_DeInit
 264              		.syntax unified
 265              		.thumb
 266              		.thumb_func
 268              	HAL_PCD_DeInit:
 269              		@ args = 0, pretend = 0, frame = 0
 270              		@ frame_needed = 0, uses_anonymous_args = 0
 271 0000 38B5     		push	{r3, r4, r5, lr}
 272 0002 90B1     		cbz	r0, .L33
 273 0004 0446     		mov	r4, r0
 274 0006 0323     		movs	r3, #3
 275 0008 80F89534 		strb	r3, [r0, #1173]
 276 000c 0068     		ldr	r0, [r0]
 277 000e FFF7FEFF 		bl	USB_StopDevice
 278 0012 0546     		mov	r5, r0
 279 0014 10B1     		cbz	r0, .L36
 280 0016 0125     		movs	r5, #1
 281              	.L32:
 282 0018 2846     		mov	r0, r5
 283 001a 38BD     		pop	{r3, r4, r5, pc}
 284              	.L36:
 285 001c 2046     		mov	r0, r4
 286 001e FFF7FEFF 		bl	HAL_PCD_MspDeInit
 287 0022 0023     		movs	r3, #0
 288 0024 84F89534 		strb	r3, [r4, #1173]
 289 0028 F6E7     		b	.L32
 290              	.L33:
 291 002a 0125     		movs	r5, #1
 292 002c F4E7     		b	.L32
 294              		.section	.text.HAL_PCD_Start,"ax",%progbits
 295              		.align	1
ARM GAS  C:\Users\aticl\AppData\Local\Temp\cc9BFwXi.s 			page 6


 296              		.global	HAL_PCD_Start
 297              		.syntax unified
 298              		.thumb
 299              		.thumb_func
 301              	HAL_PCD_Start:
 302              		@ args = 0, pretend = 0, frame = 0
 303              		@ frame_needed = 0, uses_anonymous_args = 0
 304 0000 0368     		ldr	r3, [r0]
 305 0002 90F89424 		ldrb	r2, [r0, #1172]	@ zero_extendqisi2
 306 0006 012A     		cmp	r2, #1
 307 0008 1AD0     		beq	.L40
 308 000a 10B5     		push	{r4, lr}
 309 000c 0446     		mov	r4, r0
 310 000e 0122     		movs	r2, #1
 311 0010 80F89424 		strb	r2, [r0, #1172]
 312 0014 DA68     		ldr	r2, [r3, #12]
 313 0016 12F0400F 		tst	r2, #64
 314 001a 02D0     		beq	.L39
 315 001c 427B     		ldrb	r2, [r0, #13]	@ zero_extendqisi2
 316 001e 012A     		cmp	r2, #1
 317 0020 09D0     		beq	.L45
 318              	.L39:
 319 0022 2068     		ldr	r0, [r4]
 320 0024 FFF7FEFF 		bl	USB_EnableGlobalInt
 321 0028 2068     		ldr	r0, [r4]
 322 002a FFF7FEFF 		bl	USB_DevConnect
 323 002e 0020     		movs	r0, #0
 324 0030 84F89404 		strb	r0, [r4, #1172]
 325 0034 10BD     		pop	{r4, pc}
 326              	.L45:
 327 0036 9A6B     		ldr	r2, [r3, #56]
 328 0038 42F48032 		orr	r2, r2, #65536
 329 003c 9A63     		str	r2, [r3, #56]
 330 003e F0E7     		b	.L39
 331              	.L40:
 332 0040 0220     		movs	r0, #2
 333 0042 7047     		bx	lr
 335              		.section	.text.HAL_PCD_Stop,"ax",%progbits
 336              		.align	1
 337              		.global	HAL_PCD_Stop
 338              		.syntax unified
 339              		.thumb
 340              		.thumb_func
 342              	HAL_PCD_Stop:
 343              		@ args = 0, pretend = 0, frame = 0
 344              		@ frame_needed = 0, uses_anonymous_args = 0
 345 0000 38B5     		push	{r3, r4, r5, lr}
 346 0002 0568     		ldr	r5, [r0]
 347 0004 90F89434 		ldrb	r3, [r0, #1172]	@ zero_extendqisi2
 348 0008 012B     		cmp	r3, #1
 349 000a 1DD0     		beq	.L49
 350 000c 0446     		mov	r4, r0
 351 000e 0123     		movs	r3, #1
 352 0010 80F89434 		strb	r3, [r0, #1172]
 353 0014 2846     		mov	r0, r5
 354 0016 FFF7FEFF 		bl	USB_DisableGlobalInt
 355 001a 2068     		ldr	r0, [r4]
ARM GAS  C:\Users\aticl\AppData\Local\Temp\cc9BFwXi.s 			page 7


 356 001c FFF7FEFF 		bl	USB_DevDisconnect
 357 0020 1021     		movs	r1, #16
 358 0022 2068     		ldr	r0, [r4]
 359 0024 FFF7FEFF 		bl	USB_FlushTxFifo
 360 0028 EB68     		ldr	r3, [r5, #12]
 361 002a 13F0400F 		tst	r3, #64
 362 002e 02D0     		beq	.L48
 363 0030 637B     		ldrb	r3, [r4, #13]	@ zero_extendqisi2
 364 0032 012B     		cmp	r3, #1
 365 0034 03D0     		beq	.L51
 366              	.L48:
 367 0036 0020     		movs	r0, #0
 368 0038 84F89404 		strb	r0, [r4, #1172]
 369              	.L47:
 370 003c 38BD     		pop	{r3, r4, r5, pc}
 371              	.L51:
 372 003e AB6B     		ldr	r3, [r5, #56]
 373 0040 23F48033 		bic	r3, r3, #65536
 374 0044 AB63     		str	r3, [r5, #56]
 375 0046 F6E7     		b	.L48
 376              	.L49:
 377 0048 0220     		movs	r0, #2
 378 004a F7E7     		b	.L47
 380              		.section	.text.HAL_PCD_DataOutStageCallback,"ax",%progbits
 381              		.align	1
 382              		.weak	HAL_PCD_DataOutStageCallback
 383              		.syntax unified
 384              		.thumb
 385              		.thumb_func
 387              	HAL_PCD_DataOutStageCallback:
 388              		@ args = 0, pretend = 0, frame = 0
 389              		@ frame_needed = 0, uses_anonymous_args = 0
 390              		@ link register save eliminated.
 391 0000 7047     		bx	lr
 393              		.section	.text.PCD_EP_OutXfrComplete_int,"ax",%progbits
 394              		.align	1
 395              		.syntax unified
 396              		.thumb
 397              		.thumb_func
 399              	PCD_EP_OutXfrComplete_int:
 400              		@ args = 0, pretend = 0, frame = 0
 401              		@ frame_needed = 0, uses_anonymous_args = 0
 402 0000 70B5     		push	{r4, r5, r6, lr}
 403 0002 0446     		mov	r4, r0
 404 0004 0D46     		mov	r5, r1
 405 0006 0068     		ldr	r0, [r0]
 406 0008 066C     		ldr	r6, [r0, #64]
 407 000a 00EB4113 		add	r3, r0, r1, lsl #5
 408 000e 03F53063 		add	r3, r3, #2816
 409 0012 9A68     		ldr	r2, [r3, #8]
 410 0014 A179     		ldrb	r1, [r4, #6]	@ zero_extendqisi2
 411 0016 0129     		cmp	r1, #1
 412 0018 11D0     		beq	.L66
 413 001a 3849     		ldr	r1, .L70
 414 001c 8E42     		cmp	r6, r1
 415 001e 56D0     		beq	.L67
 416 0020 3DB9     		cbnz	r5, .L64
ARM GAS  C:\Users\aticl\AppData\Local\Temp\cc9BFwXi.s 			page 8


 417 0022 05EBC503 		add	r3, r5, r5, lsl #3
 418 0026 04EB8303 		add	r3, r4, r3, lsl #2
 419 002a D3F86432 		ldr	r3, [r3, #612]
 420 002e 002B     		cmp	r3, #0
 421 0030 5ED0     		beq	.L68
 422              	.L64:
 423 0032 E9B2     		uxtb	r1, r5
 424 0034 2046     		mov	r0, r4
 425 0036 FFF7FEFF 		bl	HAL_PCD_DataOutStageCallback
 426              	.L56:
 427 003a 0020     		movs	r0, #0
 428 003c 70BD     		pop	{r4, r5, r6, pc}
 429              	.L66:
 430 003e 12F0080F 		tst	r2, #8
 431 0042 09D0     		beq	.L55
 432 0044 2E49     		ldr	r1, .L70+4
 433 0046 8E42     		cmp	r6, r1
 434 0048 F7D9     		bls	.L56
 435 004a 12F4004F 		tst	r2, #32768
 436 004e F4D0     		beq	.L56
 437 0050 4FF40042 		mov	r2, #32768
 438 0054 9A60     		str	r2, [r3, #8]
 439 0056 F0E7     		b	.L56
 440              	.L55:
 441 0058 12F0200F 		tst	r2, #32
 442 005c 02D0     		beq	.L57
 443 005e 2022     		movs	r2, #32
 444 0060 9A60     		str	r2, [r3, #8]
 445 0062 EAE7     		b	.L56
 446              	.L57:
 447 0064 12F0280F 		tst	r2, #40
 448 0068 E7D1     		bne	.L56
 449 006a 2549     		ldr	r1, .L70+4
 450 006c 8E42     		cmp	r6, r1
 451 006e 06D9     		bls	.L58
 452 0070 12F4004F 		tst	r2, #32768
 453 0074 03D0     		beq	.L58
 454 0076 4FF40042 		mov	r2, #32768
 455 007a 9A60     		str	r2, [r3, #8]
 456 007c DDE7     		b	.L56
 457              	.L58:
 458 007e 05EBC502 		add	r2, r5, r5, lsl #3
 459 0082 04EB8202 		add	r2, r4, r2, lsl #2
 460 0086 D2F87412 		ldr	r1, [r2, #628]
 461 008a 1B69     		ldr	r3, [r3, #16]
 462 008c C3F31203 		ubfx	r3, r3, #0, #19
 463 0090 CB1A     		subs	r3, r1, r3
 464 0092 C2F86832 		str	r3, [r2, #616]
 465 0096 7DB9     		cbnz	r5, .L59
 466 0098 05EBC502 		add	r2, r5, r5, lsl #3
 467 009c 04EB8202 		add	r2, r4, r2, lsl #2
 468 00a0 D2F86422 		ldr	r2, [r2, #612]
 469 00a4 6AB1     		cbz	r2, .L69
 470 00a6 05EBC502 		add	r2, r5, r5, lsl #3
 471 00aa 04EB8202 		add	r2, r4, r2, lsl #2
 472 00ae D2F86012 		ldr	r1, [r2, #608]
 473 00b2 1944     		add	r1, r1, r3
ARM GAS  C:\Users\aticl\AppData\Local\Temp\cc9BFwXi.s 			page 9


 474 00b4 C2F86012 		str	r1, [r2, #608]
 475              	.L59:
 476 00b8 E9B2     		uxtb	r1, r5
 477 00ba 2046     		mov	r0, r4
 478 00bc FFF7FEFF 		bl	HAL_PCD_DataOutStageCallback
 479 00c0 BBE7     		b	.L56
 480              	.L69:
 481 00c2 04F29C42 		addw	r2, r4, #1180
 482 00c6 0121     		movs	r1, #1
 483 00c8 FFF7FEFF 		bl	USB_EP0_OutStart
 484 00cc F4E7     		b	.L59
 485              	.L67:
 486 00ce 12F4004F 		tst	r2, #32768
 487 00d2 03D0     		beq	.L62
 488 00d4 4FF40042 		mov	r2, #32768
 489 00d8 9A60     		str	r2, [r3, #8]
 490 00da AEE7     		b	.L56
 491              	.L62:
 492 00dc 12F0200F 		tst	r2, #32
 493 00e0 01D0     		beq	.L63
 494 00e2 2022     		movs	r2, #32
 495 00e4 9A60     		str	r2, [r3, #8]
 496              	.L63:
 497 00e6 E9B2     		uxtb	r1, r5
 498 00e8 2046     		mov	r0, r4
 499 00ea FFF7FEFF 		bl	HAL_PCD_DataOutStageCallback
 500 00ee A4E7     		b	.L56
 501              	.L68:
 502 00f0 04F29C42 		addw	r2, r4, #1180
 503 00f4 0021     		movs	r1, #0
 504 00f6 FFF7FEFF 		bl	USB_EP0_OutStart
 505 00fa 9AE7     		b	.L64
 506              	.L71:
 507              		.align	2
 508              	.L70:
 509 00fc 0A31544F 		.word	1330917642
 510 0100 0A30544F 		.word	1330917386
 512              		.section	.text.HAL_PCD_DataInStageCallback,"ax",%progbits
 513              		.align	1
 514              		.weak	HAL_PCD_DataInStageCallback
 515              		.syntax unified
 516              		.thumb
 517              		.thumb_func
 519              	HAL_PCD_DataInStageCallback:
 520              		@ args = 0, pretend = 0, frame = 0
 521              		@ frame_needed = 0, uses_anonymous_args = 0
 522              		@ link register save eliminated.
 523 0000 7047     		bx	lr
 525              		.section	.text.HAL_PCD_SetupStageCallback,"ax",%progbits
 526              		.align	1
 527              		.weak	HAL_PCD_SetupStageCallback
 528              		.syntax unified
 529              		.thumb
 530              		.thumb_func
 532              	HAL_PCD_SetupStageCallback:
 533              		@ args = 0, pretend = 0, frame = 0
 534              		@ frame_needed = 0, uses_anonymous_args = 0
ARM GAS  C:\Users\aticl\AppData\Local\Temp\cc9BFwXi.s 			page 10


 535              		@ link register save eliminated.
 536 0000 7047     		bx	lr
 538              		.section	.text.PCD_EP_OutSetupPacket_int,"ax",%progbits
 539              		.align	1
 540              		.syntax unified
 541              		.thumb
 542              		.thumb_func
 544              	PCD_EP_OutSetupPacket_int:
 545              		@ args = 0, pretend = 0, frame = 0
 546              		@ frame_needed = 0, uses_anonymous_args = 0
 547 0000 38B5     		push	{r3, r4, r5, lr}
 548 0002 0446     		mov	r4, r0
 549 0004 0368     		ldr	r3, [r0]
 550 0006 1D6C     		ldr	r5, [r3, #64]
 551 0008 03EB4113 		add	r3, r3, r1, lsl #5
 552 000c D3F8081B 		ldr	r1, [r3, #2824]
 553 0010 0E4A     		ldr	r2, .L79
 554 0012 9542     		cmp	r5, r2
 555 0014 07D9     		bls	.L75
 556 0016 03F53063 		add	r3, r3, #2816
 557 001a 11F4004F 		tst	r1, #32768
 558 001e 02D0     		beq	.L75
 559 0020 4FF40042 		mov	r2, #32768
 560 0024 9A60     		str	r2, [r3, #8]
 561              	.L75:
 562 0026 2046     		mov	r0, r4
 563 0028 FFF7FEFF 		bl	HAL_PCD_SetupStageCallback
 564 002c 074B     		ldr	r3, .L79
 565 002e 9D42     		cmp	r5, r3
 566 0030 02D9     		bls	.L76
 567 0032 A379     		ldrb	r3, [r4, #6]	@ zero_extendqisi2
 568 0034 012B     		cmp	r3, #1
 569 0036 01D0     		beq	.L78
 570              	.L76:
 571 0038 0020     		movs	r0, #0
 572 003a 38BD     		pop	{r3, r4, r5, pc}
 573              	.L78:
 574 003c 04F29C42 		addw	r2, r4, #1180
 575 0040 0121     		movs	r1, #1
 576 0042 2068     		ldr	r0, [r4]
 577 0044 FFF7FEFF 		bl	USB_EP0_OutStart
 578 0048 F6E7     		b	.L76
 579              	.L80:
 580 004a 00BF     		.align	2
 581              	.L79:
 582 004c 0A30544F 		.word	1330917386
 584              		.section	.text.HAL_PCD_SOFCallback,"ax",%progbits
 585              		.align	1
 586              		.weak	HAL_PCD_SOFCallback
 587              		.syntax unified
 588              		.thumb
 589              		.thumb_func
 591              	HAL_PCD_SOFCallback:
 592              		@ args = 0, pretend = 0, frame = 0
 593              		@ frame_needed = 0, uses_anonymous_args = 0
 594              		@ link register save eliminated.
 595 0000 7047     		bx	lr
ARM GAS  C:\Users\aticl\AppData\Local\Temp\cc9BFwXi.s 			page 11


 597              		.section	.text.HAL_PCD_ResetCallback,"ax",%progbits
 598              		.align	1
 599              		.weak	HAL_PCD_ResetCallback
 600              		.syntax unified
 601              		.thumb
 602              		.thumb_func
 604              	HAL_PCD_ResetCallback:
 605              		@ args = 0, pretend = 0, frame = 0
 606              		@ frame_needed = 0, uses_anonymous_args = 0
 607              		@ link register save eliminated.
 608 0000 7047     		bx	lr
 610              		.section	.text.HAL_PCD_SuspendCallback,"ax",%progbits
 611              		.align	1
 612              		.weak	HAL_PCD_SuspendCallback
 613              		.syntax unified
 614              		.thumb
 615              		.thumb_func
 617              	HAL_PCD_SuspendCallback:
 618              		@ args = 0, pretend = 0, frame = 0
 619              		@ frame_needed = 0, uses_anonymous_args = 0
 620              		@ link register save eliminated.
 621 0000 7047     		bx	lr
 623              		.section	.text.HAL_PCD_ResumeCallback,"ax",%progbits
 624              		.align	1
 625              		.weak	HAL_PCD_ResumeCallback
 626              		.syntax unified
 627              		.thumb
 628              		.thumb_func
 630              	HAL_PCD_ResumeCallback:
 631              		@ args = 0, pretend = 0, frame = 0
 632              		@ frame_needed = 0, uses_anonymous_args = 0
 633              		@ link register save eliminated.
 634 0000 7047     		bx	lr
 636              		.section	.text.HAL_PCD_ISOOUTIncompleteCallback,"ax",%progbits
 637              		.align	1
 638              		.weak	HAL_PCD_ISOOUTIncompleteCallback
 639              		.syntax unified
 640              		.thumb
 641              		.thumb_func
 643              	HAL_PCD_ISOOUTIncompleteCallback:
 644              		@ args = 0, pretend = 0, frame = 0
 645              		@ frame_needed = 0, uses_anonymous_args = 0
 646              		@ link register save eliminated.
 647 0000 7047     		bx	lr
 649              		.section	.text.HAL_PCD_ISOINIncompleteCallback,"ax",%progbits
 650              		.align	1
 651              		.weak	HAL_PCD_ISOINIncompleteCallback
 652              		.syntax unified
 653              		.thumb
 654              		.thumb_func
 656              	HAL_PCD_ISOINIncompleteCallback:
 657              		@ args = 0, pretend = 0, frame = 0
 658              		@ frame_needed = 0, uses_anonymous_args = 0
 659              		@ link register save eliminated.
 660 0000 7047     		bx	lr
 662              		.section	.text.HAL_PCD_ConnectCallback,"ax",%progbits
 663              		.align	1
ARM GAS  C:\Users\aticl\AppData\Local\Temp\cc9BFwXi.s 			page 12


 664              		.weak	HAL_PCD_ConnectCallback
 665              		.syntax unified
 666              		.thumb
 667              		.thumb_func
 669              	HAL_PCD_ConnectCallback:
 670              		@ args = 0, pretend = 0, frame = 0
 671              		@ frame_needed = 0, uses_anonymous_args = 0
 672              		@ link register save eliminated.
 673 0000 7047     		bx	lr
 675              		.section	.text.HAL_PCD_DisconnectCallback,"ax",%progbits
 676              		.align	1
 677              		.weak	HAL_PCD_DisconnectCallback
 678              		.syntax unified
 679              		.thumb
 680              		.thumb_func
 682              	HAL_PCD_DisconnectCallback:
 683              		@ args = 0, pretend = 0, frame = 0
 684              		@ frame_needed = 0, uses_anonymous_args = 0
 685              		@ link register save eliminated.
 686 0000 7047     		bx	lr
 688              		.section	.text.HAL_PCD_DevConnect,"ax",%progbits
 689              		.align	1
 690              		.global	HAL_PCD_DevConnect
 691              		.syntax unified
 692              		.thumb
 693              		.thumb_func
 695              	HAL_PCD_DevConnect:
 696              		@ args = 0, pretend = 0, frame = 0
 697              		@ frame_needed = 0, uses_anonymous_args = 0
 698 0000 0368     		ldr	r3, [r0]
 699 0002 90F89424 		ldrb	r2, [r0, #1172]	@ zero_extendqisi2
 700 0006 012A     		cmp	r2, #1
 701 0008 17D0     		beq	.L92
 702 000a 10B5     		push	{r4, lr}
 703 000c 0446     		mov	r4, r0
 704 000e 0122     		movs	r2, #1
 705 0010 80F89424 		strb	r2, [r0, #1172]
 706 0014 DA68     		ldr	r2, [r3, #12]
 707 0016 12F0400F 		tst	r2, #64
 708 001a 02D0     		beq	.L91
 709 001c 427B     		ldrb	r2, [r0, #13]	@ zero_extendqisi2
 710 001e 012A     		cmp	r2, #1
 711 0020 06D0     		beq	.L97
 712              	.L91:
 713 0022 2068     		ldr	r0, [r4]
 714 0024 FFF7FEFF 		bl	USB_DevConnect
 715 0028 0020     		movs	r0, #0
 716 002a 84F89404 		strb	r0, [r4, #1172]
 717 002e 10BD     		pop	{r4, pc}
 718              	.L97:
 719 0030 9A6B     		ldr	r2, [r3, #56]
 720 0032 42F48032 		orr	r2, r2, #65536
 721 0036 9A63     		str	r2, [r3, #56]
 722 0038 F3E7     		b	.L91
 723              	.L92:
 724 003a 0220     		movs	r0, #2
 725 003c 7047     		bx	lr
ARM GAS  C:\Users\aticl\AppData\Local\Temp\cc9BFwXi.s 			page 13


 727              		.section	.text.HAL_PCD_DevDisconnect,"ax",%progbits
 728              		.align	1
 729              		.global	HAL_PCD_DevDisconnect
 730              		.syntax unified
 731              		.thumb
 732              		.thumb_func
 734              	HAL_PCD_DevDisconnect:
 735              		@ args = 0, pretend = 0, frame = 0
 736              		@ frame_needed = 0, uses_anonymous_args = 0
 737 0000 38B5     		push	{r3, r4, r5, lr}
 738 0002 0568     		ldr	r5, [r0]
 739 0004 90F89434 		ldrb	r3, [r0, #1172]	@ zero_extendqisi2
 740 0008 012B     		cmp	r3, #1
 741 000a 16D0     		beq	.L101
 742 000c 0446     		mov	r4, r0
 743 000e 0123     		movs	r3, #1
 744 0010 80F89434 		strb	r3, [r0, #1172]
 745 0014 2846     		mov	r0, r5
 746 0016 FFF7FEFF 		bl	USB_DevDisconnect
 747 001a EB68     		ldr	r3, [r5, #12]
 748 001c 13F0400F 		tst	r3, #64
 749 0020 02D0     		beq	.L100
 750 0022 637B     		ldrb	r3, [r4, #13]	@ zero_extendqisi2
 751 0024 012B     		cmp	r3, #1
 752 0026 03D0     		beq	.L103
 753              	.L100:
 754 0028 0020     		movs	r0, #0
 755 002a 84F89404 		strb	r0, [r4, #1172]
 756              	.L99:
 757 002e 38BD     		pop	{r3, r4, r5, pc}
 758              	.L103:
 759 0030 AB6B     		ldr	r3, [r5, #56]
 760 0032 23F48033 		bic	r3, r3, #65536
 761 0036 AB63     		str	r3, [r5, #56]
 762 0038 F6E7     		b	.L100
 763              	.L101:
 764 003a 0220     		movs	r0, #2
 765 003c F7E7     		b	.L99
 767              		.section	.text.HAL_PCD_SetAddress,"ax",%progbits
 768              		.align	1
 769              		.global	HAL_PCD_SetAddress
 770              		.syntax unified
 771              		.thumb
 772              		.thumb_func
 774              	HAL_PCD_SetAddress:
 775              		@ args = 0, pretend = 0, frame = 0
 776              		@ frame_needed = 0, uses_anonymous_args = 0
 777 0000 90F89434 		ldrb	r3, [r0, #1172]	@ zero_extendqisi2
 778 0004 012B     		cmp	r3, #1
 779 0006 0CD0     		beq	.L106
 780 0008 10B5     		push	{r4, lr}
 781 000a 0446     		mov	r4, r0
 782 000c 0123     		movs	r3, #1
 783 000e 80F89434 		strb	r3, [r0, #1172]
 784 0012 4174     		strb	r1, [r0, #17]
 785 0014 0068     		ldr	r0, [r0]
 786 0016 FFF7FEFF 		bl	USB_SetDevAddress
ARM GAS  C:\Users\aticl\AppData\Local\Temp\cc9BFwXi.s 			page 14


 787 001a 0020     		movs	r0, #0
 788 001c 84F89404 		strb	r0, [r4, #1172]
 789 0020 10BD     		pop	{r4, pc}
 790              	.L106:
 791 0022 0220     		movs	r0, #2
 792 0024 7047     		bx	lr
 794              		.section	.text.HAL_PCD_EP_Open,"ax",%progbits
 795              		.align	1
 796              		.global	HAL_PCD_EP_Open
 797              		.syntax unified
 798              		.thumb
 799              		.thumb_func
 801              	HAL_PCD_EP_Open:
 802              		@ args = 0, pretend = 0, frame = 0
 803              		@ frame_needed = 0, uses_anonymous_args = 0
 804 0000 38B5     		push	{r3, r4, r5, lr}
 805 0002 0546     		mov	r5, r0
 806 0004 8C46     		mov	ip, r1
 807 0006 11F0800F 		tst	r1, #128
 808 000a 2BD1     		bne	.L119
 809 000c 01F00F0E 		and	lr, r1, #15
 810 0010 0EEBCE04 		add	r4, lr, lr, lsl #3
 811 0014 A400     		lsls	r4, r4, #2
 812 0016 04F51474 		add	r4, r4, #592
 813 001a 0444     		add	r4, r4, r0
 814 001c 211D     		adds	r1, r4, #4
 815 001e 0EEBCE0E 		add	lr, lr, lr, lsl #3
 816 0022 00EB8E0E 		add	lr, r0, lr, lsl #2
 817 0026 0020     		movs	r0, #0
 818 0028 8EF85502 		strb	r0, [lr, #597]
 819              	.L113:
 820 002c 0CF00F0C 		and	ip, ip, #15
 821 0030 81F800C0 		strb	ip, [r1]
 822 0034 C2F30A02 		ubfx	r2, r2, #0, #11
 823 0038 8A60     		str	r2, [r1, #8]
 824 003a 0B71     		strb	r3, [r1, #4]
 825 003c 4A78     		ldrb	r2, [r1, #1]	@ zero_extendqisi2
 826 003e 0AB1     		cbz	r2, .L114
 827 0040 A1F81AC0 		strh	ip, [r1, #26]	@ movhi
 828              	.L114:
 829 0044 022B     		cmp	r3, #2
 830 0046 1CD0     		beq	.L120
 831              	.L115:
 832 0048 95F89434 		ldrb	r3, [r5, #1172]	@ zero_extendqisi2
 833 004c 012B     		cmp	r3, #1
 834 004e 1BD0     		beq	.L117
 835 0050 0123     		movs	r3, #1
 836 0052 85F89434 		strb	r3, [r5, #1172]
 837 0056 2868     		ldr	r0, [r5]
 838 0058 FFF7FEFF 		bl	USB_ActivateEndpoint
 839 005c 0020     		movs	r0, #0
 840 005e 85F89404 		strb	r0, [r5, #1172]
 841              	.L116:
 842 0062 38BD     		pop	{r3, r4, r5, pc}
 843              	.L119:
 844 0064 01F00F00 		and	r0, r1, #15
 845 0068 00EBC001 		add	r1, r0, r0, lsl #3
ARM GAS  C:\Users\aticl\AppData\Local\Temp\cc9BFwXi.s 			page 15


 846 006c 8900     		lsls	r1, r1, #2
 847 006e 1031     		adds	r1, r1, #16
 848 0070 2944     		add	r1, r1, r5
 849 0072 0431     		adds	r1, r1, #4
 850 0074 00EBC000 		add	r0, r0, r0, lsl #3
 851 0078 05EB8000 		add	r0, r5, r0, lsl #2
 852 007c 0124     		movs	r4, #1
 853 007e 4475     		strb	r4, [r0, #21]
 854 0080 D4E7     		b	.L113
 855              	.L120:
 856 0082 0023     		movs	r3, #0
 857 0084 4B71     		strb	r3, [r1, #5]
 858 0086 DFE7     		b	.L115
 859              	.L117:
 860 0088 0220     		movs	r0, #2
 861 008a EAE7     		b	.L116
 863              		.section	.text.HAL_PCD_EP_Close,"ax",%progbits
 864              		.align	1
 865              		.global	HAL_PCD_EP_Close
 866              		.syntax unified
 867              		.thumb
 868              		.thumb_func
 870              	HAL_PCD_EP_Close:
 871              		@ args = 0, pretend = 0, frame = 0
 872              		@ frame_needed = 0, uses_anonymous_args = 0
 873 0000 10B5     		push	{r4, lr}
 874 0002 0446     		mov	r4, r0
 875 0004 0A46     		mov	r2, r1
 876 0006 11F0800F 		tst	r1, #128
 877 000a 20D1     		bne	.L127
 878 000c 01F00F00 		and	r0, r1, #15
 879 0010 00EBC003 		add	r3, r0, r0, lsl #3
 880 0014 9B00     		lsls	r3, r3, #2
 881 0016 03F51473 		add	r3, r3, #592
 882 001a 2344     		add	r3, r3, r4
 883 001c 191D     		adds	r1, r3, #4
 884 001e 00EBC000 		add	r0, r0, r0, lsl #3
 885 0022 04EB8000 		add	r0, r4, r0, lsl #2
 886 0026 0023     		movs	r3, #0
 887 0028 80F85532 		strb	r3, [r0, #597]
 888              	.L123:
 889 002c 02F00F02 		and	r2, r2, #15
 890 0030 0A70     		strb	r2, [r1]
 891 0032 94F89434 		ldrb	r3, [r4, #1172]	@ zero_extendqisi2
 892 0036 012B     		cmp	r3, #1
 893 0038 18D0     		beq	.L125
 894 003a 0123     		movs	r3, #1
 895 003c 84F89434 		strb	r3, [r4, #1172]
 896 0040 2068     		ldr	r0, [r4]
 897 0042 FFF7FEFF 		bl	USB_DeactivateEndpoint
 898 0046 0020     		movs	r0, #0
 899 0048 84F89404 		strb	r0, [r4, #1172]
 900              	.L124:
 901 004c 10BD     		pop	{r4, pc}
 902              	.L127:
 903 004e 01F00F00 		and	r0, r1, #15
 904 0052 00EBC003 		add	r3, r0, r0, lsl #3
ARM GAS  C:\Users\aticl\AppData\Local\Temp\cc9BFwXi.s 			page 16


 905 0056 9B00     		lsls	r3, r3, #2
 906 0058 1033     		adds	r3, r3, #16
 907 005a 2344     		add	r3, r3, r4
 908 005c 191D     		adds	r1, r3, #4
 909 005e 00EBC000 		add	r0, r0, r0, lsl #3
 910 0062 04EB8000 		add	r0, r4, r0, lsl #2
 911 0066 0123     		movs	r3, #1
 912 0068 4375     		strb	r3, [r0, #21]
 913 006a DFE7     		b	.L123
 914              	.L125:
 915 006c 0220     		movs	r0, #2
 916 006e EDE7     		b	.L124
 918              		.section	.text.HAL_PCD_EP_Receive,"ax",%progbits
 919              		.align	1
 920              		.global	HAL_PCD_EP_Receive
 921              		.syntax unified
 922              		.thumb
 923              		.thumb_func
 925              	HAL_PCD_EP_Receive:
 926              		@ args = 0, pretend = 0, frame = 0
 927              		@ frame_needed = 0, uses_anonymous_args = 0
 928 0000 10B5     		push	{r4, lr}
 929 0002 1446     		mov	r4, r2
 930 0004 01F00F0C 		and	ip, r1, #15
 931 0008 0CEBCC01 		add	r1, ip, ip, lsl #3
 932 000c 8900     		lsls	r1, r1, #2
 933 000e 01F51471 		add	r1, r1, #592
 934 0012 0144     		add	r1, r1, r0
 935 0014 0431     		adds	r1, r1, #4
 936 0016 0CEBCC0E 		add	lr, ip, ip, lsl #3
 937 001a 00EB8E0E 		add	lr, r0, lr, lsl #2
 938 001e CEF86022 		str	r2, [lr, #608]
 939 0022 CEF86432 		str	r3, [lr, #612]
 940 0026 0023     		movs	r3, #0
 941 0028 CEF86832 		str	r3, [lr, #616]
 942 002c 8EF85532 		strb	r3, [lr, #597]
 943 0030 8EF854C2 		strb	ip, [lr, #596]
 944 0034 8279     		ldrb	r2, [r0, #6]	@ zero_extendqisi2
 945 0036 012A     		cmp	r2, #1
 946 0038 04D0     		beq	.L131
 947              	.L129:
 948 003a 0068     		ldr	r0, [r0]
 949 003c FFF7FEFF 		bl	USB_EPStartXfer
 950 0040 0020     		movs	r0, #0
 951 0042 10BD     		pop	{r4, pc}
 952              	.L131:
 953 0044 CEF87042 		str	r4, [lr, #624]
 954 0048 F7E7     		b	.L129
 956              		.section	.text.HAL_PCD_EP_GetRxCount,"ax",%progbits
 957              		.align	1
 958              		.global	HAL_PCD_EP_GetRxCount
 959              		.syntax unified
 960              		.thumb
 961              		.thumb_func
 963              	HAL_PCD_EP_GetRxCount:
 964              		@ args = 0, pretend = 0, frame = 0
 965              		@ frame_needed = 0, uses_anonymous_args = 0
ARM GAS  C:\Users\aticl\AppData\Local\Temp\cc9BFwXi.s 			page 17


 966              		@ link register save eliminated.
 967 0000 01F00F01 		and	r1, r1, #15
 968 0004 01EBC101 		add	r1, r1, r1, lsl #3
 969 0008 00EB8100 		add	r0, r0, r1, lsl #2
 970 000c D0F86802 		ldr	r0, [r0, #616]
 971 0010 7047     		bx	lr
 973              		.section	.text.HAL_PCD_EP_Transmit,"ax",%progbits
 974              		.align	1
 975              		.global	HAL_PCD_EP_Transmit
 976              		.syntax unified
 977              		.thumb
 978              		.thumb_func
 980              	HAL_PCD_EP_Transmit:
 981              		@ args = 0, pretend = 0, frame = 0
 982              		@ frame_needed = 0, uses_anonymous_args = 0
 983 0000 10B5     		push	{r4, lr}
 984 0002 1446     		mov	r4, r2
 985 0004 01F00F0C 		and	ip, r1, #15
 986 0008 0CEBCC01 		add	r1, ip, ip, lsl #3
 987 000c 8900     		lsls	r1, r1, #2
 988 000e 1031     		adds	r1, r1, #16
 989 0010 0144     		add	r1, r1, r0
 990 0012 0431     		adds	r1, r1, #4
 991 0014 0CEBCC0E 		add	lr, ip, ip, lsl #3
 992 0018 00EB8E0E 		add	lr, r0, lr, lsl #2
 993 001c CEF82020 		str	r2, [lr, #32]
 994 0020 CEF82430 		str	r3, [lr, #36]
 995 0024 0023     		movs	r3, #0
 996 0026 CEF82830 		str	r3, [lr, #40]
 997 002a 0123     		movs	r3, #1
 998 002c 8EF81530 		strb	r3, [lr, #21]
 999 0030 8EF814C0 		strb	ip, [lr, #20]
 1000 0034 8279     		ldrb	r2, [r0, #6]	@ zero_extendqisi2
 1001 0036 9A42     		cmp	r2, r3
 1002 0038 04D0     		beq	.L136
 1003              	.L134:
 1004 003a 0068     		ldr	r0, [r0]
 1005 003c FFF7FEFF 		bl	USB_EPStartXfer
 1006 0040 0020     		movs	r0, #0
 1007 0042 10BD     		pop	{r4, pc}
 1008              	.L136:
 1009 0044 CEF83040 		str	r4, [lr, #48]
 1010 0048 F7E7     		b	.L134
 1012              		.section	.text.HAL_PCD_EP_SetStall,"ax",%progbits
 1013              		.align	1
 1014              		.global	HAL_PCD_EP_SetStall
 1015              		.syntax unified
 1016              		.thumb
 1017              		.thumb_func
 1019              	HAL_PCD_EP_SetStall:
 1020              		@ args = 0, pretend = 0, frame = 0
 1021              		@ frame_needed = 0, uses_anonymous_args = 0
 1022 0000 38B5     		push	{r3, r4, r5, lr}
 1023 0002 01F00F05 		and	r5, r1, #15
 1024 0006 0279     		ldrb	r2, [r0, #4]	@ zero_extendqisi2
 1025 0008 AA42     		cmp	r2, r5
 1026 000a 38D3     		bcc	.L142
ARM GAS  C:\Users\aticl\AppData\Local\Temp\cc9BFwXi.s 			page 18


 1027 000c 0446     		mov	r4, r0
 1028 000e 0B46     		mov	r3, r1
 1029 0010 11F0800F 		tst	r1, #128
 1030 0014 1FD1     		bne	.L145
 1031 0016 01EBC101 		add	r1, r1, r1, lsl #3
 1032 001a 8900     		lsls	r1, r1, #2
 1033 001c 01F51471 		add	r1, r1, #592
 1034 0020 0144     		add	r1, r1, r0
 1035 0022 0431     		adds	r1, r1, #4
 1036 0024 03EBC303 		add	r3, r3, r3, lsl #3
 1037 0028 00EB8303 		add	r3, r0, r3, lsl #2
 1038 002c 0022     		movs	r2, #0
 1039 002e 83F85522 		strb	r2, [r3, #597]
 1040              	.L140:
 1041 0032 0123     		movs	r3, #1
 1042 0034 8B70     		strb	r3, [r1, #2]
 1043 0036 0D70     		strb	r5, [r1]
 1044 0038 94F89434 		ldrb	r3, [r4, #1172]	@ zero_extendqisi2
 1045 003c 012B     		cmp	r3, #1
 1046 003e 20D0     		beq	.L143
 1047 0040 0123     		movs	r3, #1
 1048 0042 84F89434 		strb	r3, [r4, #1172]
 1049 0046 2068     		ldr	r0, [r4]
 1050 0048 FFF7FEFF 		bl	USB_EPSetStall
 1051 004c 85B1     		cbz	r5, .L146
 1052              	.L141:
 1053 004e 0020     		movs	r0, #0
 1054 0050 84F89404 		strb	r0, [r4, #1172]
 1055              	.L138:
 1056 0054 38BD     		pop	{r3, r4, r5, pc}
 1057              	.L145:
 1058 0056 05EBC501 		add	r1, r5, r5, lsl #3
 1059 005a 8900     		lsls	r1, r1, #2
 1060 005c 1031     		adds	r1, r1, #16
 1061 005e 0144     		add	r1, r1, r0
 1062 0060 0431     		adds	r1, r1, #4
 1063 0062 05EBC503 		add	r3, r5, r5, lsl #3
 1064 0066 00EB8303 		add	r3, r0, r3, lsl #2
 1065 006a 0122     		movs	r2, #1
 1066 006c 5A75     		strb	r2, [r3, #21]
 1067 006e E0E7     		b	.L140
 1068              	.L146:
 1069 0070 04F29C42 		addw	r2, r4, #1180
 1070 0074 A179     		ldrb	r1, [r4, #6]	@ zero_extendqisi2
 1071 0076 2068     		ldr	r0, [r4]
 1072 0078 FFF7FEFF 		bl	USB_EP0_OutStart
 1073 007c E7E7     		b	.L141
 1074              	.L142:
 1075 007e 0120     		movs	r0, #1
 1076 0080 E8E7     		b	.L138
 1077              	.L143:
 1078 0082 0220     		movs	r0, #2
 1079 0084 E6E7     		b	.L138
 1081              		.section	.text.HAL_PCD_EP_ClrStall,"ax",%progbits
 1082              		.align	1
 1083              		.global	HAL_PCD_EP_ClrStall
 1084              		.syntax unified
ARM GAS  C:\Users\aticl\AppData\Local\Temp\cc9BFwXi.s 			page 19


 1085              		.thumb
 1086              		.thumb_func
 1088              	HAL_PCD_EP_ClrStall:
 1089              		@ args = 0, pretend = 0, frame = 0
 1090              		@ frame_needed = 0, uses_anonymous_args = 0
 1091 0000 01F00F03 		and	r3, r1, #15
 1092 0004 0279     		ldrb	r2, [r0, #4]	@ zero_extendqisi2
 1093 0006 9A42     		cmp	r2, r3
 1094 0008 30D3     		bcc	.L151
 1095 000a 10B5     		push	{r4, lr}
 1096 000c 0446     		mov	r4, r0
 1097 000e 11F0800F 		tst	r1, #128
 1098 0012 1ED1     		bne	.L157
 1099 0014 03EBC301 		add	r1, r3, r3, lsl #3
 1100 0018 8900     		lsls	r1, r1, #2
 1101 001a 01F51471 		add	r1, r1, #592
 1102 001e 0144     		add	r1, r1, r0
 1103 0020 0431     		adds	r1, r1, #4
 1104 0022 03EBC302 		add	r2, r3, r3, lsl #3
 1105 0026 00EB8202 		add	r2, r0, r2, lsl #2
 1106 002a 0020     		movs	r0, #0
 1107 002c 82F85502 		strb	r0, [r2, #597]
 1108              	.L150:
 1109 0030 0022     		movs	r2, #0
 1110 0032 8A70     		strb	r2, [r1, #2]
 1111 0034 0B70     		strb	r3, [r1]
 1112 0036 94F89434 		ldrb	r3, [r4, #1172]	@ zero_extendqisi2
 1113 003a 012B     		cmp	r3, #1
 1114 003c 18D0     		beq	.L152
 1115 003e 0123     		movs	r3, #1
 1116 0040 84F89434 		strb	r3, [r4, #1172]
 1117 0044 2068     		ldr	r0, [r4]
 1118 0046 FFF7FEFF 		bl	USB_EPClearStall
 1119 004a 0020     		movs	r0, #0
 1120 004c 84F89404 		strb	r0, [r4, #1172]
 1121              	.L148:
 1122 0050 10BD     		pop	{r4, pc}
 1123              	.L157:
 1124 0052 03EBC301 		add	r1, r3, r3, lsl #3
 1125 0056 8900     		lsls	r1, r1, #2
 1126 0058 1031     		adds	r1, r1, #16
 1127 005a 0144     		add	r1, r1, r0
 1128 005c 0431     		adds	r1, r1, #4
 1129 005e 03EBC302 		add	r2, r3, r3, lsl #3
 1130 0062 00EB8202 		add	r2, r0, r2, lsl #2
 1131 0066 0120     		movs	r0, #1
 1132 0068 5075     		strb	r0, [r2, #21]
 1133 006a E1E7     		b	.L150
 1134              	.L151:
 1135 006c 0120     		movs	r0, #1
 1136 006e 7047     		bx	lr
 1137              	.L152:
 1138 0070 0220     		movs	r0, #2
 1139 0072 EDE7     		b	.L148
 1141              		.section	.text.HAL_PCD_EP_Abort,"ax",%progbits
 1142              		.align	1
 1143              		.global	HAL_PCD_EP_Abort
ARM GAS  C:\Users\aticl\AppData\Local\Temp\cc9BFwXi.s 			page 20


 1144              		.syntax unified
 1145              		.thumb
 1146              		.thumb_func
 1148              	HAL_PCD_EP_Abort:
 1149              		@ args = 0, pretend = 0, frame = 0
 1150              		@ frame_needed = 0, uses_anonymous_args = 0
 1151 0000 08B5     		push	{r3, lr}
 1152 0002 11F0800F 		tst	r1, #128
 1153 0006 0CD1     		bne	.L162
 1154 0008 01F00F01 		and	r1, r1, #15
 1155 000c 01EBC101 		add	r1, r1, r1, lsl #3
 1156 0010 8900     		lsls	r1, r1, #2
 1157 0012 01F51471 		add	r1, r1, #592
 1158 0016 0144     		add	r1, r1, r0
 1159 0018 0431     		adds	r1, r1, #4
 1160              	.L160:
 1161 001a 0068     		ldr	r0, [r0]
 1162 001c FFF7FEFF 		bl	USB_EPStopXfer
 1163 0020 08BD     		pop	{r3, pc}
 1164              	.L162:
 1165 0022 01F00F01 		and	r1, r1, #15
 1166 0026 01EBC101 		add	r1, r1, r1, lsl #3
 1167 002a 8900     		lsls	r1, r1, #2
 1168 002c 1031     		adds	r1, r1, #16
 1169 002e 0144     		add	r1, r1, r0
 1170 0030 0431     		adds	r1, r1, #4
 1171 0032 F2E7     		b	.L160
 1173              		.section	.text.HAL_PCD_IRQHandler,"ax",%progbits
 1174              		.align	1
 1175              		.global	HAL_PCD_IRQHandler
 1176              		.syntax unified
 1177              		.thumb
 1178              		.thumb_func
 1180              	HAL_PCD_IRQHandler:
 1181              		@ args = 0, pretend = 0, frame = 8
 1182              		@ frame_needed = 0, uses_anonymous_args = 0
 1183 0000 2DE9F04F 		push	{r4, r5, r6, r7, r8, r9, r10, fp, lr}
 1184 0004 83B0     		sub	sp, sp, #12
 1185 0006 0446     		mov	r4, r0
 1186 0008 0568     		ldr	r5, [r0]
 1187 000a 2846     		mov	r0, r5
 1188 000c FFF7FEFF 		bl	USB_GetMode
 1189 0010 10B1     		cbz	r0, .L223
 1190              	.L163:
 1191 0012 03B0     		add	sp, sp, #12
 1192              		@ sp needed
 1193 0014 BDE8F08F 		pop	{r4, r5, r6, r7, r8, r9, r10, fp, pc}
 1194              	.L223:
 1195 0018 0646     		mov	r6, r0
 1196 001a 2068     		ldr	r0, [r4]
 1197 001c FFF7FEFF 		bl	USB_ReadInterrupts
 1198 0020 0028     		cmp	r0, #0
 1199 0022 F6D0     		beq	.L163
 1200 0024 05F50067 		add	r7, r5, #2048
 1201 0028 BB68     		ldr	r3, [r7, #8]
 1202 002a C3F30D23 		ubfx	r3, r3, #8, #14
 1203 002e C4F8D434 		str	r3, [r4, #1236]
ARM GAS  C:\Users\aticl\AppData\Local\Temp\cc9BFwXi.s 			page 21


 1204 0032 2068     		ldr	r0, [r4]
 1205 0034 FFF7FEFF 		bl	USB_ReadInterrupts
 1206 0038 10F0020F 		tst	r0, #2
 1207 003c 04D0     		beq	.L165
 1208 003e 2268     		ldr	r2, [r4]
 1209 0040 5369     		ldr	r3, [r2, #20]
 1210 0042 03F00203 		and	r3, r3, #2
 1211 0046 5361     		str	r3, [r2, #20]
 1212              	.L165:
 1213 0048 2068     		ldr	r0, [r4]
 1214 004a FFF7FEFF 		bl	USB_ReadInterrupts
 1215 004e 10F0100F 		tst	r0, #16
 1216 0052 16D0     		beq	.L166
 1217 0054 2268     		ldr	r2, [r4]
 1218 0056 9369     		ldr	r3, [r2, #24]
 1219 0058 23F01003 		bic	r3, r3, #16
 1220 005c 9361     		str	r3, [r2, #24]
 1221 005e D5F82080 		ldr	r8, [r5, #32]
 1222 0062 08F00F09 		and	r9, r8, #15
 1223 0066 08F4F013 		and	r3, r8, #1966080
 1224 006a B3F5802F 		cmp	r3, #262144
 1225 006e 6AD0     		beq	.L224
 1226 0070 B3F5402F 		cmp	r3, #786432
 1227 0074 00F08D80 		beq	.L225
 1228              	.L168:
 1229 0078 2268     		ldr	r2, [r4]
 1230 007a 9369     		ldr	r3, [r2, #24]
 1231 007c 43F01003 		orr	r3, r3, #16
 1232 0080 9361     		str	r3, [r2, #24]
 1233              	.L166:
 1234 0082 2068     		ldr	r0, [r4]
 1235 0084 FFF7FEFF 		bl	USB_ReadInterrupts
 1236 0088 10F4002F 		tst	r0, #524288
 1237 008c 40F09380 		bne	.L226
 1238              	.L169:
 1239 0090 2068     		ldr	r0, [r4]
 1240 0092 FFF7FEFF 		bl	USB_ReadInterrupts
 1241 0096 10F4802F 		tst	r0, #262144
 1242 009a 40F0FC80 		bne	.L227
 1243              	.L180:
 1244 009e 2068     		ldr	r0, [r4]
 1245 00a0 FFF7FEFF 		bl	USB_ReadInterrupts
 1246 00a4 0028     		cmp	r0, #0
 1247 00a6 C0F27D81 		blt	.L228
 1248              	.L191:
 1249 00aa 2068     		ldr	r0, [r4]
 1250 00ac FFF7FEFF 		bl	USB_ReadInterrupts
 1251 00b0 10F4006F 		tst	r0, #2048
 1252 00b4 09D0     		beq	.L194
 1253 00b6 BB68     		ldr	r3, [r7, #8]
 1254 00b8 13F0010F 		tst	r3, #1
 1255 00bc 40F08A81 		bne	.L229
 1256              	.L195:
 1257 00c0 2268     		ldr	r2, [r4]
 1258 00c2 5369     		ldr	r3, [r2, #20]
 1259 00c4 03F40063 		and	r3, r3, #2048
 1260 00c8 5361     		str	r3, [r2, #20]
ARM GAS  C:\Users\aticl\AppData\Local\Temp\cc9BFwXi.s 			page 22


 1261              	.L194:
 1262 00ca 2068     		ldr	r0, [r4]
 1263 00cc FFF7FEFF 		bl	USB_ReadInterrupts
 1264 00d0 10F0006F 		tst	r0, #134217728
 1265 00d4 15D0     		beq	.L196
 1266 00d6 2268     		ldr	r2, [r4]
 1267 00d8 5369     		ldr	r3, [r2, #20]
 1268 00da 03F00063 		and	r3, r3, #134217728
 1269 00de 5361     		str	r3, [r2, #20]
 1270 00e0 94F8CC34 		ldrb	r3, [r4, #1228]	@ zero_extendqisi2
 1271 00e4 002B     		cmp	r3, #0
 1272 00e6 40F07981 		bne	.L197
 1273 00ea 0121     		movs	r1, #1
 1274 00ec 84F8CC14 		strb	r1, [r4, #1228]
 1275 00f0 2368     		ldr	r3, [r4]
 1276 00f2 5B6D     		ldr	r3, [r3, #84]
 1277 00f4 C3F38303 		ubfx	r3, r3, #2, #4
 1278 00f8 C4F8D034 		str	r3, [r4, #1232]
 1279 00fc 2046     		mov	r0, r4
 1280 00fe FFF7FEFF 		bl	HAL_PCDEx_LPM_Callback
 1281              	.L196:
 1282 0102 2068     		ldr	r0, [r4]
 1283 0104 FFF7FEFF 		bl	USB_ReadInterrupts
 1284 0108 10F4805F 		tst	r0, #4096
 1285 010c 40F06A81 		bne	.L230
 1286              	.L198:
 1287 0110 2068     		ldr	r0, [r4]
 1288 0112 FFF7FEFF 		bl	USB_ReadInterrupts
 1289 0116 10F4005F 		tst	r0, #8192
 1290 011a 40F0B681 		bne	.L231
 1291              	.L203:
 1292 011e 2068     		ldr	r0, [r4]
 1293 0120 FFF7FEFF 		bl	USB_ReadInterrupts
 1294 0124 10F0080F 		tst	r0, #8
 1295 0128 40F0C781 		bne	.L232
 1296              	.L204:
 1297 012c 2068     		ldr	r0, [r4]
 1298 012e FFF7FEFF 		bl	USB_ReadInterrupts
 1299 0132 10F0800F 		tst	r0, #128
 1300 0136 00F0DA81 		beq	.L205
 1301 013a AB69     		ldr	r3, [r5, #24]
 1302 013c 23F08003 		bic	r3, r3, #128
 1303 0140 AB61     		str	r3, [r5, #24]
 1304 0142 0126     		movs	r6, #1
 1305 0144 C3E1     		b	.L206
 1306              	.L224:
 1307 0146 47F6F073 		movw	r3, #32752
 1308 014a 18EA030F 		tst	r8, r3
 1309 014e 93D0     		beq	.L168
 1310 0150 4FEA181A 		lsr	r10, r8, #4
 1311 0154 4FEAC903 		lsl	r3, r9, #3
 1312 0158 0193     		str	r3, [sp, #4]
 1313 015a 09EBC90B 		add	fp, r9, r9, lsl #3
 1314 015e 04EB8B0B 		add	fp, r4, fp, lsl #2
 1315 0162 C8F30A12 		ubfx	r2, r8, #4, #11
 1316 0166 DBF86012 		ldr	r1, [fp, #608]
 1317 016a 2846     		mov	r0, r5
ARM GAS  C:\Users\aticl\AppData\Local\Temp\cc9BFwXi.s 			page 23


 1318 016c FFF7FEFF 		bl	USB_ReadPacket
 1319 0170 DBF86032 		ldr	r3, [fp, #608]
 1320 0174 CAF30A0A 		ubfx	r10, r10, #0, #11
 1321 0178 5344     		add	r3, r3, r10
 1322 017a CBF86032 		str	r3, [fp, #608]
 1323 017e DBF86832 		ldr	r3, [fp, #616]
 1324 0182 019A     		ldr	r2, [sp, #4]
 1325 0184 4A44     		add	r2, r2, r9
 1326 0186 04EB8202 		add	r2, r4, r2, lsl #2
 1327 018a 5344     		add	r3, r3, r10
 1328 018c C2F86832 		str	r3, [r2, #616]
 1329 0190 72E7     		b	.L168
 1330              	.L225:
 1331 0192 0822     		movs	r2, #8
 1332 0194 04F29C41 		addw	r1, r4, #1180
 1333 0198 2846     		mov	r0, r5
 1334 019a FFF7FEFF 		bl	USB_ReadPacket
 1335 019e 09EBC903 		add	r3, r9, r9, lsl #3
 1336 01a2 04EB8303 		add	r3, r4, r3, lsl #2
 1337 01a6 D3F86822 		ldr	r2, [r3, #616]
 1338 01aa C8F30A18 		ubfx	r8, r8, #4, #11
 1339 01ae 4244     		add	r2, r2, r8
 1340 01b0 C3F86822 		str	r2, [r3, #616]
 1341 01b4 60E7     		b	.L168
 1342              	.L226:
 1343 01b6 2068     		ldr	r0, [r4]
 1344 01b8 FFF7FEFF 		bl	USB_ReadDevAllOutEpInterrupt
 1345 01bc 8046     		mov	r8, r0
 1346 01be B146     		mov	r9, r6
 1347 01c0 35E0     		b	.L170
 1348              	.L234:
 1349 01c2 05EB4913 		add	r3, r5, r9, lsl #5
 1350 01c6 0122     		movs	r2, #1
 1351 01c8 C3F8082B 		str	r2, [r3, #2824]
 1352 01cc 4946     		mov	r1, r9
 1353 01ce 2046     		mov	r0, r4
 1354 01d0 FFF7FEFF 		bl	PCD_EP_OutXfrComplete_int
 1355 01d4 3CE0     		b	.L172
 1356              	.L235:
 1357 01d6 05EB4913 		add	r3, r5, r9, lsl #5
 1358 01da 0822     		movs	r2, #8
 1359 01dc C3F8082B 		str	r2, [r3, #2824]
 1360 01e0 4946     		mov	r1, r9
 1361 01e2 2046     		mov	r0, r4
 1362 01e4 FFF7FEFF 		bl	PCD_EP_OutSetupPacket_int
 1363 01e8 35E0     		b	.L173
 1364              	.L176:
 1365 01ea 09EBC903 		add	r3, r9, r9, lsl #3
 1366 01ee 04EB8303 		add	r3, r4, r3, lsl #2
 1367 01f2 93F85732 		ldrb	r3, [r3, #599]	@ zero_extendqisi2
 1368 01f6 012B     		cmp	r3, #1
 1369 01f8 41D0     		beq	.L233
 1370              	.L177:
 1371 01fa 05EB4913 		add	r3, r5, r9, lsl #5
 1372 01fe 0222     		movs	r2, #2
 1373 0200 C3F8082B 		str	r2, [r3, #2824]
 1374              	.L175:
ARM GAS  C:\Users\aticl\AppData\Local\Temp\cc9BFwXi.s 			page 24


 1375 0204 1AF0200F 		tst	r10, #32
 1376 0208 04D0     		beq	.L178
 1377 020a 05EB4913 		add	r3, r5, r9, lsl #5
 1378 020e 2022     		movs	r2, #32
 1379 0210 C3F8082B 		str	r2, [r3, #2824]
 1380              	.L178:
 1381 0214 1AF4005F 		tst	r10, #8192
 1382 0218 05D0     		beq	.L171
 1383 021a 05EB4913 		add	r3, r5, r9, lsl #5
 1384 021e 4FF40052 		mov	r2, #8192
 1385 0222 C3F8082B 		str	r2, [r3, #2824]
 1386              	.L171:
 1387 0226 09F10109 		add	r9, r9, #1
 1388 022a 4FEA5808 		lsr	r8, r8, #1
 1389              	.L170:
 1390 022e B8F1000F 		cmp	r8, #0
 1391 0232 3FF42DAF 		beq	.L169
 1392 0236 18F0010F 		tst	r8, #1
 1393 023a F4D0     		beq	.L171
 1394 023c 5FFA89FB 		uxtb	fp, r9
 1395 0240 5946     		mov	r1, fp
 1396 0242 2068     		ldr	r0, [r4]
 1397 0244 FFF7FEFF 		bl	USB_ReadDevOutEPInterrupt
 1398 0248 8246     		mov	r10, r0
 1399 024a 10F0010F 		tst	r0, #1
 1400 024e B8D1     		bne	.L234
 1401              	.L172:
 1402 0250 1AF0080F 		tst	r10, #8
 1403 0254 BFD1     		bne	.L235
 1404              	.L173:
 1405 0256 1AF0100F 		tst	r10, #16
 1406 025a 04D0     		beq	.L174
 1407 025c 05EB4913 		add	r3, r5, r9, lsl #5
 1408 0260 1022     		movs	r2, #16
 1409 0262 C3F8082B 		str	r2, [r3, #2824]
 1410              	.L174:
 1411 0266 1AF0020F 		tst	r10, #2
 1412 026a CBD0     		beq	.L175
 1413 026c 6B69     		ldr	r3, [r5, #20]
 1414 026e 13F0800F 		tst	r3, #128
 1415 0272 BAD0     		beq	.L176
 1416 0274 7B68     		ldr	r3, [r7, #4]
 1417 0276 43F48063 		orr	r3, r3, #1024
 1418 027a 7B60     		str	r3, [r7, #4]
 1419 027c B5E7     		b	.L176
 1420              	.L233:
 1421 027e 09EBC903 		add	r3, r9, r9, lsl #3
 1422 0282 04EB8303 		add	r3, r4, r3, lsl #2
 1423 0286 0022     		movs	r2, #0
 1424 0288 83F85722 		strb	r2, [r3, #599]
 1425 028c 5946     		mov	r1, fp
 1426 028e 2046     		mov	r0, r4
 1427 0290 FFF7FEFF 		bl	HAL_PCD_ISOOUTIncompleteCallback
 1428 0294 B1E7     		b	.L177
 1429              	.L227:
 1430 0296 2068     		ldr	r0, [r4]
 1431 0298 FFF7FEFF 		bl	USB_ReadDevAllInEpInterrupt
ARM GAS  C:\Users\aticl\AppData\Local\Temp\cc9BFwXi.s 			page 25


 1432 029c 8046     		mov	r8, r0
 1433 029e B146     		mov	r9, r6
 1434 02a0 25E0     		b	.L181
 1435              	.L184:
 1436 02a2 5946     		mov	r1, fp
 1437 02a4 2046     		mov	r0, r4
 1438 02a6 FFF7FEFF 		bl	HAL_PCD_DataInStageCallback
 1439              	.L183:
 1440 02aa 1AF0080F 		tst	r10, #8
 1441 02ae 04D0     		beq	.L185
 1442 02b0 05EB4913 		add	r3, r5, r9, lsl #5
 1443 02b4 0822     		movs	r2, #8
 1444 02b6 C3F80829 		str	r2, [r3, #2312]
 1445              	.L185:
 1446 02ba 1AF0100F 		tst	r10, #16
 1447 02be 04D0     		beq	.L186
 1448 02c0 05EB4913 		add	r3, r5, r9, lsl #5
 1449 02c4 1022     		movs	r2, #16
 1450 02c6 C3F80829 		str	r2, [r3, #2312]
 1451              	.L186:
 1452 02ca 1AF0400F 		tst	r10, #64
 1453 02ce 04D0     		beq	.L187
 1454 02d0 05EB4913 		add	r3, r5, r9, lsl #5
 1455 02d4 4022     		movs	r2, #64
 1456 02d6 C3F80829 		str	r2, [r3, #2312]
 1457              	.L187:
 1458 02da 1AF0020F 		tst	r10, #2
 1459 02de 40D1     		bne	.L236
 1460              	.L188:
 1461 02e0 1AF0800F 		tst	r10, #128
 1462 02e4 59D1     		bne	.L237
 1463              	.L182:
 1464 02e6 09F10109 		add	r9, r9, #1
 1465 02ea 4FEA5808 		lsr	r8, r8, #1
 1466              	.L181:
 1467 02ee B8F1000F 		cmp	r8, #0
 1468 02f2 3FF4D4AE 		beq	.L180
 1469 02f6 18F0010F 		tst	r8, #1
 1470 02fa F4D0     		beq	.L182
 1471 02fc 5FFA89FB 		uxtb	fp, r9
 1472 0300 5946     		mov	r1, fp
 1473 0302 2068     		ldr	r0, [r4]
 1474 0304 FFF7FEFF 		bl	USB_ReadDevInEPInterrupt
 1475 0308 8246     		mov	r10, r0
 1476 030a 10F0010F 		tst	r0, #1
 1477 030e CCD0     		beq	.L183
 1478 0310 09F00F02 		and	r2, r9, #15
 1479 0314 0121     		movs	r1, #1
 1480 0316 01FA02F2 		lsl	r2, r1, r2
 1481 031a 7B6B     		ldr	r3, [r7, #52]
 1482 031c 23EA0203 		bic	r3, r3, r2
 1483 0320 7B63     		str	r3, [r7, #52]
 1484 0322 05EB4913 		add	r3, r5, r9, lsl #5
 1485 0326 C3F80819 		str	r1, [r3, #2312]
 1486 032a A379     		ldrb	r3, [r4, #6]	@ zero_extendqisi2
 1487 032c 8B42     		cmp	r3, r1
 1488 032e B8D1     		bne	.L184
ARM GAS  C:\Users\aticl\AppData\Local\Temp\cc9BFwXi.s 			page 26


 1489 0330 09EBC903 		add	r3, r9, r9, lsl #3
 1490 0334 04EB8303 		add	r3, r4, r3, lsl #2
 1491 0338 1A6A     		ldr	r2, [r3, #32]
 1492 033a D969     		ldr	r1, [r3, #28]
 1493 033c 0A44     		add	r2, r2, r1
 1494 033e 1A62     		str	r2, [r3, #32]
 1495 0340 B9F1000F 		cmp	r9, #0
 1496 0344 ADD1     		bne	.L184
 1497 0346 09EBC903 		add	r3, r9, r9, lsl #3
 1498 034a 04EB8303 		add	r3, r4, r3, lsl #2
 1499 034e 5B6A     		ldr	r3, [r3, #36]
 1500 0350 002B     		cmp	r3, #0
 1501 0352 A6D1     		bne	.L184
 1502 0354 04F29C42 		addw	r2, r4, #1180
 1503 0358 0121     		movs	r1, #1
 1504 035a 2068     		ldr	r0, [r4]
 1505 035c FFF7FEFF 		bl	USB_EP0_OutStart
 1506 0360 9FE7     		b	.L184
 1507              	.L236:
 1508 0362 4946     		mov	r1, r9
 1509 0364 2846     		mov	r0, r5
 1510 0366 FFF7FEFF 		bl	USB_FlushTxFifo
 1511 036a 09EBC903 		add	r3, r9, r9, lsl #3
 1512 036e 04EB8303 		add	r3, r4, r3, lsl #2
 1513 0372 DB7D     		ldrb	r3, [r3, #23]	@ zero_extendqisi2
 1514 0374 012B     		cmp	r3, #1
 1515 0376 05D0     		beq	.L238
 1516              	.L189:
 1517 0378 05EB4913 		add	r3, r5, r9, lsl #5
 1518 037c 0222     		movs	r2, #2
 1519 037e C3F80829 		str	r2, [r3, #2312]
 1520 0382 ADE7     		b	.L188
 1521              	.L238:
 1522 0384 09EBC903 		add	r3, r9, r9, lsl #3
 1523 0388 04EB8303 		add	r3, r4, r3, lsl #2
 1524 038c 0022     		movs	r2, #0
 1525 038e DA75     		strb	r2, [r3, #23]
 1526 0390 5946     		mov	r1, fp
 1527 0392 2046     		mov	r0, r4
 1528 0394 FFF7FEFF 		bl	HAL_PCD_ISOINIncompleteCallback
 1529 0398 EEE7     		b	.L189
 1530              	.L237:
 1531 039a 4946     		mov	r1, r9
 1532 039c 2046     		mov	r0, r4
 1533 039e FFF7FEFF 		bl	PCD_WriteEmptyTxFifo
 1534 03a2 A0E7     		b	.L182
 1535              	.L228:
 1536 03a4 7B68     		ldr	r3, [r7, #4]
 1537 03a6 23F00103 		bic	r3, r3, #1
 1538 03aa 7B60     		str	r3, [r7, #4]
 1539 03ac 94F8CC34 		ldrb	r3, [r4, #1228]	@ zero_extendqisi2
 1540 03b0 012B     		cmp	r3, #1
 1541 03b2 08D0     		beq	.L239
 1542 03b4 2046     		mov	r0, r4
 1543 03b6 FFF7FEFF 		bl	HAL_PCD_ResumeCallback
 1544              	.L193:
 1545 03ba 2268     		ldr	r2, [r4]
ARM GAS  C:\Users\aticl\AppData\Local\Temp\cc9BFwXi.s 			page 27


 1546 03bc 5369     		ldr	r3, [r2, #20]
 1547 03be 03F00043 		and	r3, r3, #-2147483648
 1548 03c2 5361     		str	r3, [r2, #20]
 1549 03c4 71E6     		b	.L191
 1550              	.L239:
 1551 03c6 0021     		movs	r1, #0
 1552 03c8 84F8CC14 		strb	r1, [r4, #1228]
 1553 03cc 2046     		mov	r0, r4
 1554 03ce FFF7FEFF 		bl	HAL_PCDEx_LPM_Callback
 1555 03d2 F2E7     		b	.L193
 1556              	.L229:
 1557 03d4 2046     		mov	r0, r4
 1558 03d6 FFF7FEFF 		bl	HAL_PCD_SuspendCallback
 1559 03da 71E6     		b	.L195
 1560              	.L197:
 1561 03dc 2046     		mov	r0, r4
 1562 03de FFF7FEFF 		bl	HAL_PCD_SuspendCallback
 1563 03e2 8EE6     		b	.L196
 1564              	.L230:
 1565 03e4 7B68     		ldr	r3, [r7, #4]
 1566 03e6 23F00103 		bic	r3, r3, #1
 1567 03ea 7B60     		str	r3, [r7, #4]
 1568 03ec 1021     		movs	r1, #16
 1569 03ee 2068     		ldr	r0, [r4]
 1570 03f0 FFF7FEFF 		bl	USB_FlushTxFifo
 1571 03f4 1AE0     		b	.L199
 1572              	.L200:
 1573 03f6 05EB4613 		add	r3, r5, r6, lsl #5
 1574 03fa 4FF67F31 		movw	r1, #64383
 1575 03fe C3F80819 		str	r1, [r3, #2312]
 1576 0402 D3F80029 		ldr	r2, [r3, #2304]
 1577 0406 22F40012 		bic	r2, r2, #2097152
 1578 040a C3F80029 		str	r2, [r3, #2304]
 1579 040e C3F8081B 		str	r1, [r3, #2824]
 1580 0412 D3F8002B 		ldr	r2, [r3, #2816]
 1581 0416 22F40012 		bic	r2, r2, #2097152
 1582 041a C3F8002B 		str	r2, [r3, #2816]
 1583 041e D3F8002B 		ldr	r2, [r3, #2816]
 1584 0422 42F00062 		orr	r2, r2, #134217728
 1585 0426 C3F8002B 		str	r2, [r3, #2816]
 1586 042a 0136     		adds	r6, r6, #1
 1587              	.L199:
 1588 042c 2379     		ldrb	r3, [r4, #4]	@ zero_extendqisi2
 1589 042e B342     		cmp	r3, r6
 1590 0430 E1D8     		bhi	.L200
 1591 0432 FB69     		ldr	r3, [r7, #28]
 1592 0434 43F00113 		orr	r3, r3, #65537
 1593 0438 FB61     		str	r3, [r7, #28]
 1594 043a E37B     		ldrb	r3, [r4, #15]	@ zero_extendqisi2
 1595 043c DBB1     		cbz	r3, .L201
 1596 043e D7F88430 		ldr	r3, [r7, #132]
 1597 0442 43F00B03 		orr	r3, r3, #11
 1598 0446 C7F88430 		str	r3, [r7, #132]
 1599 044a 7B6C     		ldr	r3, [r7, #68]
 1600 044c 43F00B03 		orr	r3, r3, #11
 1601 0450 7B64     		str	r3, [r7, #68]
 1602              	.L202:
ARM GAS  C:\Users\aticl\AppData\Local\Temp\cc9BFwXi.s 			page 28


 1603 0452 D5F80038 		ldr	r3, [r5, #2048]
 1604 0456 23F4FE63 		bic	r3, r3, #2032
 1605 045a C5F80038 		str	r3, [r5, #2048]
 1606 045e 04F29C42 		addw	r2, r4, #1180
 1607 0462 A179     		ldrb	r1, [r4, #6]	@ zero_extendqisi2
 1608 0464 2068     		ldr	r0, [r4]
 1609 0466 FFF7FEFF 		bl	USB_EP0_OutStart
 1610 046a 2268     		ldr	r2, [r4]
 1611 046c 5369     		ldr	r3, [r2, #20]
 1612 046e 03F48053 		and	r3, r3, #4096
 1613 0472 5361     		str	r3, [r2, #20]
 1614 0474 4CE6     		b	.L198
 1615              	.L201:
 1616 0476 7A69     		ldr	r2, [r7, #20]
 1617 0478 42F22B03 		movw	r3, #8235
 1618 047c 1343     		orrs	r3, r3, r2
 1619 047e 7B61     		str	r3, [r7, #20]
 1620 0480 3B69     		ldr	r3, [r7, #16]
 1621 0482 43F00B03 		orr	r3, r3, #11
 1622 0486 3B61     		str	r3, [r7, #16]
 1623 0488 E3E7     		b	.L202
 1624              	.L231:
 1625 048a 2068     		ldr	r0, [r4]
 1626 048c FFF7FEFF 		bl	USB_ActivateSetup
 1627 0490 2068     		ldr	r0, [r4]
 1628 0492 FFF7FEFF 		bl	USB_GetDevSpeed
 1629 0496 E071     		strb	r0, [r4, #7]
 1630 0498 2668     		ldr	r6, [r4]
 1631 049a FFF7FEFF 		bl	HAL_RCC_GetHCLKFreq
 1632 049e 0146     		mov	r1, r0
 1633 04a0 E279     		ldrb	r2, [r4, #7]	@ zero_extendqisi2
 1634 04a2 3046     		mov	r0, r6
 1635 04a4 FFF7FEFF 		bl	USB_SetTurnaroundTime
 1636 04a8 2046     		mov	r0, r4
 1637 04aa FFF7FEFF 		bl	HAL_PCD_ResetCallback
 1638 04ae 2268     		ldr	r2, [r4]
 1639 04b0 5369     		ldr	r3, [r2, #20]
 1640 04b2 03F40053 		and	r3, r3, #8192
 1641 04b6 5361     		str	r3, [r2, #20]
 1642 04b8 31E6     		b	.L203
 1643              	.L232:
 1644 04ba 2046     		mov	r0, r4
 1645 04bc FFF7FEFF 		bl	HAL_PCD_SOFCallback
 1646 04c0 2268     		ldr	r2, [r4]
 1647 04c2 5369     		ldr	r3, [r2, #20]
 1648 04c4 03F00803 		and	r3, r3, #8
 1649 04c8 5361     		str	r3, [r2, #20]
 1650 04ca 2FE6     		b	.L204
 1651              	.L207:
 1652 04cc 0136     		adds	r6, r6, #1
 1653              	.L206:
 1654 04ce 2379     		ldrb	r3, [r4, #4]	@ zero_extendqisi2
 1655 04d0 B342     		cmp	r3, r6
 1656 04d2 0CD9     		bls	.L205
 1657 04d4 06EBC603 		add	r3, r6, r6, lsl #3
 1658 04d8 04EB8303 		add	r3, r4, r3, lsl #2
 1659 04dc 93F85732 		ldrb	r3, [r3, #599]	@ zero_extendqisi2
ARM GAS  C:\Users\aticl\AppData\Local\Temp\cc9BFwXi.s 			page 29


 1660 04e0 012B     		cmp	r3, #1
 1661 04e2 F3D1     		bne	.L207
 1662 04e4 F1B2     		uxtb	r1, r6
 1663 04e6 2046     		mov	r0, r4
 1664 04e8 FFF7FEFF 		bl	HAL_PCD_EP_Abort
 1665 04ec EEE7     		b	.L207
 1666              	.L205:
 1667 04ee 2068     		ldr	r0, [r4]
 1668 04f0 FFF7FEFF 		bl	USB_ReadInterrupts
 1669 04f4 10F4801F 		tst	r0, #1048576
 1670 04f8 25D1     		bne	.L220
 1671              	.L210:
 1672 04fa 2068     		ldr	r0, [r4]
 1673 04fc FFF7FEFF 		bl	USB_ReadInterrupts
 1674 0500 10F4001F 		tst	r0, #2097152
 1675 0504 58D0     		beq	.L214
 1676 0506 0123     		movs	r3, #1
 1677 0508 26E0     		b	.L213
 1678              	.L211:
 1679 050a 0136     		adds	r6, r6, #1
 1680              	.L209:
 1681 050c 2379     		ldrb	r3, [r4, #4]	@ zero_extendqisi2
 1682 050e B342     		cmp	r3, r6
 1683 0510 1BD9     		bls	.L240
 1684 0512 05EB4613 		add	r3, r5, r6, lsl #5
 1685 0516 D3F80029 		ldr	r2, [r3, #2304]
 1686 051a 06EBC603 		add	r3, r6, r6, lsl #3
 1687 051e 04EB8303 		add	r3, r4, r3, lsl #2
 1688 0522 1B7E     		ldrb	r3, [r3, #24]	@ zero_extendqisi2
 1689 0524 012B     		cmp	r3, #1
 1690 0526 F0D1     		bne	.L211
 1691 0528 002A     		cmp	r2, #0
 1692 052a EEDA     		bge	.L211
 1693 052c 06EBC603 		add	r3, r6, r6, lsl #3
 1694 0530 04EB8303 		add	r3, r4, r3, lsl #2
 1695 0534 0122     		movs	r2, #1
 1696 0536 DA75     		strb	r2, [r3, #23]
 1697 0538 66F07F01 		orn	r1, r6, #127
 1698 053c C9B2     		uxtb	r1, r1
 1699 053e 2046     		mov	r0, r4
 1700 0540 FFF7FEFF 		bl	HAL_PCD_EP_Abort
 1701 0544 E1E7     		b	.L211
 1702              	.L220:
 1703 0546 0126     		movs	r6, #1
 1704 0548 E0E7     		b	.L209
 1705              	.L240:
 1706 054a 2268     		ldr	r2, [r4]
 1707 054c 5369     		ldr	r3, [r2, #20]
 1708 054e 03F48013 		and	r3, r3, #1048576
 1709 0552 5361     		str	r3, [r2, #20]
 1710 0554 D1E7     		b	.L210
 1711              	.L215:
 1712 0556 0133     		adds	r3, r3, #1
 1713              	.L213:
 1714 0558 2279     		ldrb	r2, [r4, #4]	@ zero_extendqisi2
 1715 055a 9A42     		cmp	r2, r3
 1716 055c 27D9     		bls	.L216
ARM GAS  C:\Users\aticl\AppData\Local\Temp\cc9BFwXi.s 			page 30


 1717 055e 05EB4312 		add	r2, r5, r3, lsl #5
 1718 0562 D2F8001B 		ldr	r1, [r2, #2816]
 1719 0566 03EBC302 		add	r2, r3, r3, lsl #3
 1720 056a 04EB8202 		add	r2, r4, r2, lsl #2
 1721 056e 92F85822 		ldrb	r2, [r2, #600]	@ zero_extendqisi2
 1722 0572 012A     		cmp	r2, #1
 1723 0574 EFD1     		bne	.L215
 1724 0576 0029     		cmp	r1, #0
 1725 0578 EDDA     		bge	.L215
 1726 057a D4F8D424 		ldr	r2, [r4, #1236]
 1727 057e 82EA1142 		eor	r2, r2, r1, lsr #16
 1728 0582 12F0010F 		tst	r2, #1
 1729 0586 E6D1     		bne	.L215
 1730 0588 03EBC302 		add	r2, r3, r3, lsl #3
 1731 058c 04EB8202 		add	r2, r4, r2, lsl #2
 1732 0590 0121     		movs	r1, #1
 1733 0592 82F85712 		strb	r1, [r2, #599]
 1734 0596 AA69     		ldr	r2, [r5, #24]
 1735 0598 42F08002 		orr	r2, r2, #128
 1736 059c AA61     		str	r2, [r5, #24]
 1737 059e 6A69     		ldr	r2, [r5, #20]
 1738 05a0 12F0800F 		tst	r2, #128
 1739 05a4 D7D1     		bne	.L215
 1740 05a6 7B68     		ldr	r3, [r7, #4]
 1741 05a8 43F40073 		orr	r3, r3, #512
 1742 05ac 7B60     		str	r3, [r7, #4]
 1743              	.L216:
 1744 05ae 2268     		ldr	r2, [r4]
 1745 05b0 5369     		ldr	r3, [r2, #20]
 1746 05b2 03F40013 		and	r3, r3, #2097152
 1747 05b6 5361     		str	r3, [r2, #20]
 1748              	.L214:
 1749 05b8 2068     		ldr	r0, [r4]
 1750 05ba FFF7FEFF 		bl	USB_ReadInterrupts
 1751 05be 10F0804F 		tst	r0, #1073741824
 1752 05c2 10D1     		bne	.L241
 1753              	.L218:
 1754 05c4 2068     		ldr	r0, [r4]
 1755 05c6 FFF7FEFF 		bl	USB_ReadInterrupts
 1756 05ca 10F0040F 		tst	r0, #4
 1757 05ce 3FF420AD 		beq	.L163
 1758 05d2 2368     		ldr	r3, [r4]
 1759 05d4 5D68     		ldr	r5, [r3, #4]
 1760 05d6 15F0040F 		tst	r5, #4
 1761 05da 0DD1     		bne	.L242
 1762              	.L219:
 1763 05dc 2268     		ldr	r2, [r4]
 1764 05de 5368     		ldr	r3, [r2, #4]
 1765 05e0 2B43     		orrs	r3, r3, r5
 1766 05e2 5360     		str	r3, [r2, #4]
 1767 05e4 15E5     		b	.L163
 1768              	.L241:
 1769 05e6 2046     		mov	r0, r4
 1770 05e8 FFF7FEFF 		bl	HAL_PCD_ConnectCallback
 1771 05ec 2268     		ldr	r2, [r4]
 1772 05ee 5369     		ldr	r3, [r2, #20]
 1773 05f0 03F08043 		and	r3, r3, #1073741824
ARM GAS  C:\Users\aticl\AppData\Local\Temp\cc9BFwXi.s 			page 31


 1774 05f4 5361     		str	r3, [r2, #20]
 1775 05f6 E5E7     		b	.L218
 1776              	.L242:
 1777 05f8 2046     		mov	r0, r4
 1778 05fa FFF7FEFF 		bl	HAL_PCD_DisconnectCallback
 1779 05fe EDE7     		b	.L219
 1781              		.section	.text.HAL_PCD_EP_Flush,"ax",%progbits
 1782              		.align	1
 1783              		.global	HAL_PCD_EP_Flush
 1784              		.syntax unified
 1785              		.thumb
 1786              		.thumb_func
 1788              	HAL_PCD_EP_Flush:
 1789              		@ args = 0, pretend = 0, frame = 0
 1790              		@ frame_needed = 0, uses_anonymous_args = 0
 1791 0000 90F89434 		ldrb	r3, [r0, #1172]	@ zero_extendqisi2
 1792 0004 012B     		cmp	r3, #1
 1793 0006 14D0     		beq	.L247
 1794 0008 10B5     		push	{r4, lr}
 1795 000a 0446     		mov	r4, r0
 1796 000c 0123     		movs	r3, #1
 1797 000e 80F89434 		strb	r3, [r0, #1172]
 1798 0012 11F0800F 		tst	r1, #128
 1799 0016 06D1     		bne	.L252
 1800 0018 0068     		ldr	r0, [r0]
 1801 001a FFF7FEFF 		bl	USB_FlushRxFifo
 1802              	.L246:
 1803 001e 0020     		movs	r0, #0
 1804 0020 84F89404 		strb	r0, [r4, #1172]
 1805 0024 10BD     		pop	{r4, pc}
 1806              	.L252:
 1807 0026 01F00F01 		and	r1, r1, #15
 1808 002a 0068     		ldr	r0, [r0]
 1809 002c FFF7FEFF 		bl	USB_FlushTxFifo
 1810 0030 F5E7     		b	.L246
 1811              	.L247:
 1812 0032 0220     		movs	r0, #2
 1813 0034 7047     		bx	lr
 1815              		.section	.text.HAL_PCD_ActivateRemoteWakeup,"ax",%progbits
 1816              		.align	1
 1817              		.global	HAL_PCD_ActivateRemoteWakeup
 1818              		.syntax unified
 1819              		.thumb
 1820              		.thumb_func
 1822              	HAL_PCD_ActivateRemoteWakeup:
 1823              		@ args = 0, pretend = 0, frame = 0
 1824              		@ frame_needed = 0, uses_anonymous_args = 0
 1825 0000 08B5     		push	{r3, lr}
 1826 0002 0068     		ldr	r0, [r0]
 1827 0004 FFF7FEFF 		bl	USB_ActivateRemoteWakeup
 1828 0008 08BD     		pop	{r3, pc}
 1830              		.section	.text.HAL_PCD_DeActivateRemoteWakeup,"ax",%progbits
 1831              		.align	1
 1832              		.global	HAL_PCD_DeActivateRemoteWakeup
 1833              		.syntax unified
 1834              		.thumb
 1835              		.thumb_func
ARM GAS  C:\Users\aticl\AppData\Local\Temp\cc9BFwXi.s 			page 32


 1837              	HAL_PCD_DeActivateRemoteWakeup:
 1838              		@ args = 0, pretend = 0, frame = 0
 1839              		@ frame_needed = 0, uses_anonymous_args = 0
 1840 0000 08B5     		push	{r3, lr}
 1841 0002 0068     		ldr	r0, [r0]
 1842 0004 FFF7FEFF 		bl	USB_DeActivateRemoteWakeup
 1843 0008 08BD     		pop	{r3, pc}
 1845              		.section	.text.HAL_PCD_GetState,"ax",%progbits
 1846              		.align	1
 1847              		.global	HAL_PCD_GetState
 1848              		.syntax unified
 1849              		.thumb
 1850              		.thumb_func
 1852              	HAL_PCD_GetState:
 1853              		@ args = 0, pretend = 0, frame = 0
 1854              		@ frame_needed = 0, uses_anonymous_args = 0
 1855              		@ link register save eliminated.
 1856 0000 90F89504 		ldrb	r0, [r0, #1173]	@ zero_extendqisi2
 1857 0004 7047     		bx	lr
 1859              		.section	.text.HAL_PCD_SetTestMode,"ax",%progbits
 1860              		.align	1
 1861              		.global	HAL_PCD_SetTestMode
 1862              		.syntax unified
 1863              		.thumb
 1864              		.thumb_func
 1866              	HAL_PCD_SetTestMode:
 1867              		@ args = 0, pretend = 0, frame = 0
 1868              		@ frame_needed = 0, uses_anonymous_args = 0
 1869              		@ link register save eliminated.
 1870 0000 0368     		ldr	r3, [r0]
 1871 0002 4A1E     		subs	r2, r1, #1
 1872 0004 042A     		cmp	r2, #4
 1873 0006 0BD8     		bhi	.L259
 1874 0008 D3F80428 		ldr	r2, [r3, #2052]
 1875 000c 22F07002 		bic	r2, r2, #112
 1876 0010 C3F80428 		str	r2, [r3, #2052]
 1877 0014 D3F80428 		ldr	r2, [r3, #2052]
 1878 0018 42EA0112 		orr	r2, r2, r1, lsl #4
 1879 001c C3F80428 		str	r2, [r3, #2052]
 1880              	.L259:
 1881 0020 0020     		movs	r0, #0
 1882 0022 7047     		bx	lr
 1884              		.ident	"GCC: (xPack GNU Arm Embedded GCC x86_64) 14.2.1 20241119"
ARM GAS  C:\Users\aticl\AppData\Local\Temp\cc9BFwXi.s 			page 33


DEFINED SYMBOLS
                            *ABS*:00000000 stm32h7xx_hal_pcd.c
C:\Users\aticl\AppData\Local\Temp\cc9BFwXi.s:17     .text.PCD_WriteEmptyTxFifo:00000000 $t
C:\Users\aticl\AppData\Local\Temp\cc9BFwXi.s:22     .text.PCD_WriteEmptyTxFifo:00000000 PCD_WriteEmptyTxFifo
C:\Users\aticl\AppData\Local\Temp\cc9BFwXi.s:113    .text.HAL_PCD_MspInit:00000000 $t
C:\Users\aticl\AppData\Local\Temp\cc9BFwXi.s:119    .text.HAL_PCD_MspInit:00000000 HAL_PCD_MspInit
C:\Users\aticl\AppData\Local\Temp\cc9BFwXi.s:126    .text.HAL_PCD_Init:00000000 $t
C:\Users\aticl\AppData\Local\Temp\cc9BFwXi.s:132    .text.HAL_PCD_Init:00000000 HAL_PCD_Init
C:\Users\aticl\AppData\Local\Temp\cc9BFwXi.s:249    .text.HAL_PCD_MspDeInit:00000000 $t
C:\Users\aticl\AppData\Local\Temp\cc9BFwXi.s:255    .text.HAL_PCD_MspDeInit:00000000 HAL_PCD_MspDeInit
C:\Users\aticl\AppData\Local\Temp\cc9BFwXi.s:262    .text.HAL_PCD_DeInit:00000000 $t
C:\Users\aticl\AppData\Local\Temp\cc9BFwXi.s:268    .text.HAL_PCD_DeInit:00000000 HAL_PCD_DeInit
C:\Users\aticl\AppData\Local\Temp\cc9BFwXi.s:295    .text.HAL_PCD_Start:00000000 $t
C:\Users\aticl\AppData\Local\Temp\cc9BFwXi.s:301    .text.HAL_PCD_Start:00000000 HAL_PCD_Start
C:\Users\aticl\AppData\Local\Temp\cc9BFwXi.s:336    .text.HAL_PCD_Stop:00000000 $t
C:\Users\aticl\AppData\Local\Temp\cc9BFwXi.s:342    .text.HAL_PCD_Stop:00000000 HAL_PCD_Stop
C:\Users\aticl\AppData\Local\Temp\cc9BFwXi.s:381    .text.HAL_PCD_DataOutStageCallback:00000000 $t
C:\Users\aticl\AppData\Local\Temp\cc9BFwXi.s:387    .text.HAL_PCD_DataOutStageCallback:00000000 HAL_PCD_DataOutStageCallback
C:\Users\aticl\AppData\Local\Temp\cc9BFwXi.s:394    .text.PCD_EP_OutXfrComplete_int:00000000 $t
C:\Users\aticl\AppData\Local\Temp\cc9BFwXi.s:399    .text.PCD_EP_OutXfrComplete_int:00000000 PCD_EP_OutXfrComplete_int
C:\Users\aticl\AppData\Local\Temp\cc9BFwXi.s:509    .text.PCD_EP_OutXfrComplete_int:000000fc $d
C:\Users\aticl\AppData\Local\Temp\cc9BFwXi.s:513    .text.HAL_PCD_DataInStageCallback:00000000 $t
C:\Users\aticl\AppData\Local\Temp\cc9BFwXi.s:519    .text.HAL_PCD_DataInStageCallback:00000000 HAL_PCD_DataInStageCallback
C:\Users\aticl\AppData\Local\Temp\cc9BFwXi.s:526    .text.HAL_PCD_SetupStageCallback:00000000 $t
C:\Users\aticl\AppData\Local\Temp\cc9BFwXi.s:532    .text.HAL_PCD_SetupStageCallback:00000000 HAL_PCD_SetupStageCallback
C:\Users\aticl\AppData\Local\Temp\cc9BFwXi.s:539    .text.PCD_EP_OutSetupPacket_int:00000000 $t
C:\Users\aticl\AppData\Local\Temp\cc9BFwXi.s:544    .text.PCD_EP_OutSetupPacket_int:00000000 PCD_EP_OutSetupPacket_int
C:\Users\aticl\AppData\Local\Temp\cc9BFwXi.s:582    .text.PCD_EP_OutSetupPacket_int:0000004c $d
C:\Users\aticl\AppData\Local\Temp\cc9BFwXi.s:585    .text.HAL_PCD_SOFCallback:00000000 $t
C:\Users\aticl\AppData\Local\Temp\cc9BFwXi.s:591    .text.HAL_PCD_SOFCallback:00000000 HAL_PCD_SOFCallback
C:\Users\aticl\AppData\Local\Temp\cc9BFwXi.s:598    .text.HAL_PCD_ResetCallback:00000000 $t
C:\Users\aticl\AppData\Local\Temp\cc9BFwXi.s:604    .text.HAL_PCD_ResetCallback:00000000 HAL_PCD_ResetCallback
C:\Users\aticl\AppData\Local\Temp\cc9BFwXi.s:611    .text.HAL_PCD_SuspendCallback:00000000 $t
C:\Users\aticl\AppData\Local\Temp\cc9BFwXi.s:617    .text.HAL_PCD_SuspendCallback:00000000 HAL_PCD_SuspendCallback
C:\Users\aticl\AppData\Local\Temp\cc9BFwXi.s:624    .text.HAL_PCD_ResumeCallback:00000000 $t
C:\Users\aticl\AppData\Local\Temp\cc9BFwXi.s:630    .text.HAL_PCD_ResumeCallback:00000000 HAL_PCD_ResumeCallback
C:\Users\aticl\AppData\Local\Temp\cc9BFwXi.s:637    .text.HAL_PCD_ISOOUTIncompleteCallback:00000000 $t
C:\Users\aticl\AppData\Local\Temp\cc9BFwXi.s:643    .text.HAL_PCD_ISOOUTIncompleteCallback:00000000 HAL_PCD_ISOOUTIncompleteCallback
C:\Users\aticl\AppData\Local\Temp\cc9BFwXi.s:650    .text.HAL_PCD_ISOINIncompleteCallback:00000000 $t
C:\Users\aticl\AppData\Local\Temp\cc9BFwXi.s:656    .text.HAL_PCD_ISOINIncompleteCallback:00000000 HAL_PCD_ISOINIncompleteCallback
C:\Users\aticl\AppData\Local\Temp\cc9BFwXi.s:663    .text.HAL_PCD_ConnectCallback:00000000 $t
C:\Users\aticl\AppData\Local\Temp\cc9BFwXi.s:669    .text.HAL_PCD_ConnectCallback:00000000 HAL_PCD_ConnectCallback
C:\Users\aticl\AppData\Local\Temp\cc9BFwXi.s:676    .text.HAL_PCD_DisconnectCallback:00000000 $t
C:\Users\aticl\AppData\Local\Temp\cc9BFwXi.s:682    .text.HAL_PCD_DisconnectCallback:00000000 HAL_PCD_DisconnectCallback
C:\Users\aticl\AppData\Local\Temp\cc9BFwXi.s:689    .text.HAL_PCD_DevConnect:00000000 $t
C:\Users\aticl\AppData\Local\Temp\cc9BFwXi.s:695    .text.HAL_PCD_DevConnect:00000000 HAL_PCD_DevConnect
C:\Users\aticl\AppData\Local\Temp\cc9BFwXi.s:728    .text.HAL_PCD_DevDisconnect:00000000 $t
C:\Users\aticl\AppData\Local\Temp\cc9BFwXi.s:734    .text.HAL_PCD_DevDisconnect:00000000 HAL_PCD_DevDisconnect
C:\Users\aticl\AppData\Local\Temp\cc9BFwXi.s:768    .text.HAL_PCD_SetAddress:00000000 $t
C:\Users\aticl\AppData\Local\Temp\cc9BFwXi.s:774    .text.HAL_PCD_SetAddress:00000000 HAL_PCD_SetAddress
C:\Users\aticl\AppData\Local\Temp\cc9BFwXi.s:795    .text.HAL_PCD_EP_Open:00000000 $t
C:\Users\aticl\AppData\Local\Temp\cc9BFwXi.s:801    .text.HAL_PCD_EP_Open:00000000 HAL_PCD_EP_Open
C:\Users\aticl\AppData\Local\Temp\cc9BFwXi.s:864    .text.HAL_PCD_EP_Close:00000000 $t
C:\Users\aticl\AppData\Local\Temp\cc9BFwXi.s:870    .text.HAL_PCD_EP_Close:00000000 HAL_PCD_EP_Close
C:\Users\aticl\AppData\Local\Temp\cc9BFwXi.s:919    .text.HAL_PCD_EP_Receive:00000000 $t
C:\Users\aticl\AppData\Local\Temp\cc9BFwXi.s:925    .text.HAL_PCD_EP_Receive:00000000 HAL_PCD_EP_Receive
C:\Users\aticl\AppData\Local\Temp\cc9BFwXi.s:957    .text.HAL_PCD_EP_GetRxCount:00000000 $t
ARM GAS  C:\Users\aticl\AppData\Local\Temp\cc9BFwXi.s 			page 34


C:\Users\aticl\AppData\Local\Temp\cc9BFwXi.s:963    .text.HAL_PCD_EP_GetRxCount:00000000 HAL_PCD_EP_GetRxCount
C:\Users\aticl\AppData\Local\Temp\cc9BFwXi.s:974    .text.HAL_PCD_EP_Transmit:00000000 $t
C:\Users\aticl\AppData\Local\Temp\cc9BFwXi.s:980    .text.HAL_PCD_EP_Transmit:00000000 HAL_PCD_EP_Transmit
C:\Users\aticl\AppData\Local\Temp\cc9BFwXi.s:1013   .text.HAL_PCD_EP_SetStall:00000000 $t
C:\Users\aticl\AppData\Local\Temp\cc9BFwXi.s:1019   .text.HAL_PCD_EP_SetStall:00000000 HAL_PCD_EP_SetStall
C:\Users\aticl\AppData\Local\Temp\cc9BFwXi.s:1082   .text.HAL_PCD_EP_ClrStall:00000000 $t
C:\Users\aticl\AppData\Local\Temp\cc9BFwXi.s:1088   .text.HAL_PCD_EP_ClrStall:00000000 HAL_PCD_EP_ClrStall
C:\Users\aticl\AppData\Local\Temp\cc9BFwXi.s:1142   .text.HAL_PCD_EP_Abort:00000000 $t
C:\Users\aticl\AppData\Local\Temp\cc9BFwXi.s:1148   .text.HAL_PCD_EP_Abort:00000000 HAL_PCD_EP_Abort
C:\Users\aticl\AppData\Local\Temp\cc9BFwXi.s:1174   .text.HAL_PCD_IRQHandler:00000000 $t
C:\Users\aticl\AppData\Local\Temp\cc9BFwXi.s:1180   .text.HAL_PCD_IRQHandler:00000000 HAL_PCD_IRQHandler
C:\Users\aticl\AppData\Local\Temp\cc9BFwXi.s:1782   .text.HAL_PCD_EP_Flush:00000000 $t
C:\Users\aticl\AppData\Local\Temp\cc9BFwXi.s:1788   .text.HAL_PCD_EP_Flush:00000000 HAL_PCD_EP_Flush
C:\Users\aticl\AppData\Local\Temp\cc9BFwXi.s:1816   .text.HAL_PCD_ActivateRemoteWakeup:00000000 $t
C:\Users\aticl\AppData\Local\Temp\cc9BFwXi.s:1822   .text.HAL_PCD_ActivateRemoteWakeup:00000000 HAL_PCD_ActivateRemoteWakeup
C:\Users\aticl\AppData\Local\Temp\cc9BFwXi.s:1831   .text.HAL_PCD_DeActivateRemoteWakeup:00000000 $t
C:\Users\aticl\AppData\Local\Temp\cc9BFwXi.s:1837   .text.HAL_PCD_DeActivateRemoteWakeup:00000000 HAL_PCD_DeActivateRemoteWakeup
C:\Users\aticl\AppData\Local\Temp\cc9BFwXi.s:1846   .text.HAL_PCD_GetState:00000000 $t
C:\Users\aticl\AppData\Local\Temp\cc9BFwXi.s:1852   .text.HAL_PCD_GetState:00000000 HAL_PCD_GetState
C:\Users\aticl\AppData\Local\Temp\cc9BFwXi.s:1860   .text.HAL_PCD_SetTestMode:00000000 $t
C:\Users\aticl\AppData\Local\Temp\cc9BFwXi.s:1866   .text.HAL_PCD_SetTestMode:00000000 HAL_PCD_SetTestMode

UNDEFINED SYMBOLS
USB_WritePacket
USB_DisableGlobalInt
USB_CoreInit
USB_SetCurrentMode
USB_DevInit
USB_DevDisconnect
HAL_PCDEx_ActivateLPM
USB_StopDevice
USB_EnableGlobalInt
USB_DevConnect
USB_FlushTxFifo
USB_EP0_OutStart
USB_SetDevAddress
USB_ActivateEndpoint
USB_DeactivateEndpoint
USB_EPStartXfer
USB_EPSetStall
USB_EPClearStall
USB_EPStopXfer
USB_GetMode
USB_ReadInterrupts
HAL_PCDEx_LPM_Callback
USB_ReadPacket
USB_ReadDevAllOutEpInterrupt
USB_ReadDevOutEPInterrupt
USB_ReadDevAllInEpInterrupt
USB_ReadDevInEPInterrupt
USB_ActivateSetup
USB_GetDevSpeed
HAL_RCC_GetHCLKFreq
USB_SetTurnaroundTime
USB_FlushRxFifo
USB_ActivateRemoteWakeup
USB_DeActivateRemoteWakeup
ARM GAS  C:\Users\aticl\AppData\Local\Temp\cc9BFwXi.s 			page 35


