ARM GAS  C:\Users\aticl\AppData\Local\Temp\cchIMcZi.s 			page 1


   1              		.cpu cortex-m7
   2              		.arch armv7e-m
   3              		.fpu fpv5-d16
   4              		.eabi_attribute 28, 1
   5              		.eabi_attribute 20, 1
   6              		.eabi_attribute 21, 1
   7              		.eabi_attribute 23, 3
   8              		.eabi_attribute 24, 1
   9              		.eabi_attribute 25, 1
  10              		.eabi_attribute 26, 1
  11              		.eabi_attribute 30, 1
  12              		.eabi_attribute 34, 1
  13              		.eabi_attribute 18, 4
  14              		.file	"stm32h7xx_hal_flash.c"
  15              		.text
  16              		.section	.text.HAL_FLASH_EndOfOperationCallback,"ax",%progbits
  17              		.align	1
  18              		.weak	HAL_FLASH_EndOfOperationCallback
  19              		.syntax unified
  20              		.thumb
  21              		.thumb_func
  23              	HAL_FLASH_EndOfOperationCallback:
  24              		@ args = 0, pretend = 0, frame = 0
  25              		@ frame_needed = 0, uses_anonymous_args = 0
  26              		@ link register save eliminated.
  27 0000 7047     		bx	lr
  29              		.section	.text.HAL_FLASH_OperationErrorCallback,"ax",%progbits
  30              		.align	1
  31              		.weak	HAL_FLASH_OperationErrorCallback
  32              		.syntax unified
  33              		.thumb
  34              		.thumb_func
  36              	HAL_FLASH_OperationErrorCallback:
  37              		@ args = 0, pretend = 0, frame = 0
  38              		@ frame_needed = 0, uses_anonymous_args = 0
  39              		@ link register save eliminated.
  40 0000 7047     		bx	lr
  42              		.section	.text.HAL_FLASH_IRQHandler,"ax",%progbits
  43              		.align	1
  44              		.global	HAL_FLASH_IRQHandler
  45              		.syntax unified
  46              		.thumb
  47              		.thumb_func
  49              	HAL_FLASH_IRQHandler:
  50              		@ args = 0, pretend = 0, frame = 0
  51              		@ frame_needed = 0, uses_anonymous_args = 0
  52 0000 10B5     		push	{r4, lr}
  53 0002 3C4B     		ldr	r3, .L19
  54 0004 1B69     		ldr	r3, [r3, #16]
  55 0006 13F4803F 		tst	r3, #65536
  56 000a 17D0     		beq	.L4
  57 000c 3A4B     		ldr	r3, .L19+4
  58 000e 1B78     		ldrb	r3, [r3]	@ zero_extendqisi2
  59 0010 012B     		cmp	r3, #1
  60 0012 29D0     		beq	.L15
  61 0014 384B     		ldr	r3, .L19+4
  62 0016 1B78     		ldrb	r3, [r3]	@ zero_extendqisi2
ARM GAS  C:\Users\aticl\AppData\Local\Temp\cchIMcZi.s 			page 2


  63 0018 DCB2     		uxtb	r4, r3
  64 001a 072B     		cmp	r3, #7
  65 001c 18BF     		it	ne
  66 001e 022B     		cmpne	r3, #2
  67 0020 47D0     		beq	.L16
  68 0022 032C     		cmp	r4, #3
  69 0024 49D0     		beq	.L17
  70              	.L8:
  71 0026 043C     		subs	r4, r4, #4
  72 0028 E4B2     		uxtb	r4, r4
  73 002a 022C     		cmp	r4, #2
  74 002c 06D9     		bls	.L4
  75 002e 324B     		ldr	r3, .L19+4
  76 0030 0022     		movs	r2, #0
  77 0032 1A70     		strb	r2, [r3]
  78 0034 2F4B     		ldr	r3, .L19
  79 0036 4FF48032 		mov	r2, #65536
  80 003a 5A61     		str	r2, [r3, #20]
  81              	.L4:
  82 003c 2D4B     		ldr	r3, .L19
  83 003e 1B69     		ldr	r3, [r3, #16]
  84 0040 13F4DC03 		ands	r3, r3, #7208960
  85 0044 48D0     		beq	.L9
  86 0046 2C4A     		ldr	r2, .L19+4
  87 0048 9169     		ldr	r1, [r2, #24]
  88 004a 1943     		orrs	r1, r1, r3
  89 004c 9161     		str	r1, [r2, #24]
  90 004e 2949     		ldr	r1, .L19
  91 0050 4B61     		str	r3, [r1, #20]
  92 0052 1378     		ldrb	r3, [r2]	@ zero_extendqisi2
  93 0054 DAB2     		uxtb	r2, r3
  94 0056 012B     		cmp	r3, #1
  95 0058 34D0     		beq	.L18
  96 005a 072A     		cmp	r2, #7
  97 005c 18BF     		it	ne
  98 005e 022A     		cmpne	r2, #2
  99 0060 46D0     		beq	.L13
 100 0062 254B     		ldr	r3, .L19+4
 101 0064 1869     		ldr	r0, [r3, #16]
 102 0066 32E0     		b	.L11
 103              	.L15:
 104 0068 234B     		ldr	r3, .L19+4
 105 006a 5A68     		ldr	r2, [r3, #4]
 106 006c 013A     		subs	r2, r2, #1
 107 006e 5A60     		str	r2, [r3, #4]
 108 0070 5B68     		ldr	r3, [r3, #4]
 109 0072 83B1     		cbz	r3, .L6
 110 0074 204C     		ldr	r4, .L19+4
 111 0076 E068     		ldr	r0, [r4, #12]
 112 0078 FFF7FEFF 		bl	HAL_FLASH_EndOfOperationCallback
 113 007c 1D4B     		ldr	r3, .L19
 114 007e 4FF48032 		mov	r2, #65536
 115 0082 5A61     		str	r2, [r3, #20]
 116 0084 E368     		ldr	r3, [r4, #12]
 117 0086 0133     		adds	r3, r3, #1
 118 0088 E360     		str	r3, [r4, #12]
 119 008a E068     		ldr	r0, [r4, #12]
ARM GAS  C:\Users\aticl\AppData\Local\Temp\cchIMcZi.s 			page 3


 120 008c A268     		ldr	r2, [r4, #8]
 121 008e 0121     		movs	r1, #1
 122 0090 FFF7FEFF 		bl	FLASH_Erase_Sector
 123 0094 D2E7     		b	.L4
 124              	.L6:
 125 0096 184B     		ldr	r3, .L19+4
 126 0098 4FF0FF32 		mov	r2, #-1
 127 009c DA60     		str	r2, [r3, #12]
 128 009e 0022     		movs	r2, #0
 129 00a0 1A70     		strb	r2, [r3]
 130 00a2 D868     		ldr	r0, [r3, #12]
 131 00a4 FFF7FEFF 		bl	HAL_FLASH_EndOfOperationCallback
 132 00a8 124B     		ldr	r3, .L19
 133 00aa 4FF48032 		mov	r2, #65536
 134 00ae 5A61     		str	r2, [r3, #20]
 135 00b0 C4E7     		b	.L4
 136              	.L16:
 137 00b2 0120     		movs	r0, #1
 138 00b4 FFF7FEFF 		bl	HAL_FLASH_EndOfOperationCallback
 139 00b8 B5E7     		b	.L8
 140              	.L17:
 141 00ba 0F4B     		ldr	r3, .L19+4
 142 00bc 1869     		ldr	r0, [r3, #16]
 143 00be FFF7FEFF 		bl	HAL_FLASH_EndOfOperationCallback
 144 00c2 B0E7     		b	.L8
 145              	.L18:
 146 00c4 0C4B     		ldr	r3, .L19+4
 147 00c6 D868     		ldr	r0, [r3, #12]
 148 00c8 4FF0FF32 		mov	r2, #-1
 149 00cc DA60     		str	r2, [r3, #12]
 150              	.L11:
 151 00ce 0A4B     		ldr	r3, .L19+4
 152 00d0 0022     		movs	r2, #0
 153 00d2 1A70     		strb	r2, [r3]
 154 00d4 FFF7FEFF 		bl	HAL_FLASH_OperationErrorCallback
 155              	.L9:
 156 00d8 074B     		ldr	r3, .L19+4
 157 00da 1B78     		ldrb	r3, [r3]	@ zero_extendqisi2
 158 00dc 3BB9     		cbnz	r3, .L3
 159 00de 054A     		ldr	r2, .L19
 160 00e0 D368     		ldr	r3, [r2, #12]
 161 00e2 23F4DE03 		bic	r3, r3, #7274496
 162 00e6 D360     		str	r3, [r2, #12]
 163 00e8 034B     		ldr	r3, .L19+4
 164 00ea 0022     		movs	r2, #0
 165 00ec 1A75     		strb	r2, [r3, #20]
 166              	.L3:
 167 00ee 10BD     		pop	{r4, pc}
 168              	.L13:
 169 00f0 0120     		movs	r0, #1
 170 00f2 ECE7     		b	.L11
 171              	.L20:
 172              		.align	2
 173              	.L19:
 174 00f4 00200052 		.word	1375739904
 175 00f8 00000000 		.word	pFlash
 177              		.section	.text.HAL_FLASH_Unlock,"ax",%progbits
ARM GAS  C:\Users\aticl\AppData\Local\Temp\cchIMcZi.s 			page 4


 178              		.align	1
 179              		.global	HAL_FLASH_Unlock
 180              		.syntax unified
 181              		.thumb
 182              		.thumb_func
 184              	HAL_FLASH_Unlock:
 185              		@ args = 0, pretend = 0, frame = 0
 186              		@ frame_needed = 0, uses_anonymous_args = 0
 187              		@ link register save eliminated.
 188 0000 0A4B     		ldr	r3, .L25
 189 0002 DB68     		ldr	r3, [r3, #12]
 190 0004 13F0010F 		tst	r3, #1
 191 0008 0BD0     		beq	.L23
 192 000a 084B     		ldr	r3, .L25
 193 000c 084A     		ldr	r2, .L25+4
 194 000e 5A60     		str	r2, [r3, #4]
 195 0010 02F18832 		add	r2, r2, #-2004318072
 196 0014 5A60     		str	r2, [r3, #4]
 197 0016 DB68     		ldr	r3, [r3, #12]
 198 0018 13F0010F 		tst	r3, #1
 199 001c 03D1     		bne	.L24
 200 001e 0020     		movs	r0, #0
 201 0020 7047     		bx	lr
 202              	.L23:
 203 0022 0020     		movs	r0, #0
 204 0024 7047     		bx	lr
 205              	.L24:
 206 0026 0120     		movs	r0, #1
 207 0028 7047     		bx	lr
 208              	.L26:
 209 002a 00BF     		.align	2
 210              	.L25:
 211 002c 00200052 		.word	1375739904
 212 0030 23016745 		.word	1164378403
 214              		.section	.text.HAL_FLASH_Lock,"ax",%progbits
 215              		.align	1
 216              		.global	HAL_FLASH_Lock
 217              		.syntax unified
 218              		.thumb
 219              		.thumb_func
 221              	HAL_FLASH_Lock:
 222              		@ args = 0, pretend = 0, frame = 0
 223              		@ frame_needed = 0, uses_anonymous_args = 0
 224              		@ link register save eliminated.
 225 0000 064B     		ldr	r3, .L30
 226 0002 DA68     		ldr	r2, [r3, #12]
 227 0004 42F00102 		orr	r2, r2, #1
 228 0008 DA60     		str	r2, [r3, #12]
 229 000a DB68     		ldr	r3, [r3, #12]
 230 000c 13F0010F 		tst	r3, #1
 231 0010 01D0     		beq	.L29
 232 0012 0020     		movs	r0, #0
 233 0014 7047     		bx	lr
 234              	.L29:
 235 0016 0120     		movs	r0, #1
 236 0018 7047     		bx	lr
 237              	.L31:
ARM GAS  C:\Users\aticl\AppData\Local\Temp\cchIMcZi.s 			page 5


 238 001a 00BF     		.align	2
 239              	.L30:
 240 001c 00200052 		.word	1375739904
 242              		.section	.text.HAL_FLASH_OB_Unlock,"ax",%progbits
 243              		.align	1
 244              		.global	HAL_FLASH_OB_Unlock
 245              		.syntax unified
 246              		.thumb
 247              		.thumb_func
 249              	HAL_FLASH_OB_Unlock:
 250              		@ args = 0, pretend = 0, frame = 0
 251              		@ frame_needed = 0, uses_anonymous_args = 0
 252              		@ link register save eliminated.
 253 0000 0A4B     		ldr	r3, .L36
 254 0002 9B69     		ldr	r3, [r3, #24]
 255 0004 13F0010F 		tst	r3, #1
 256 0008 0BD0     		beq	.L34
 257 000a 084B     		ldr	r3, .L36
 258 000c 084A     		ldr	r2, .L36+4
 259 000e 9A60     		str	r2, [r3, #8]
 260 0010 02F14432 		add	r2, r2, #1145324612
 261 0014 9A60     		str	r2, [r3, #8]
 262 0016 9B69     		ldr	r3, [r3, #24]
 263 0018 13F0010F 		tst	r3, #1
 264 001c 03D1     		bne	.L35
 265 001e 0020     		movs	r0, #0
 266 0020 7047     		bx	lr
 267              	.L34:
 268 0022 0020     		movs	r0, #0
 269 0024 7047     		bx	lr
 270              	.L35:
 271 0026 0120     		movs	r0, #1
 272 0028 7047     		bx	lr
 273              	.L37:
 274 002a 00BF     		.align	2
 275              	.L36:
 276 002c 00200052 		.word	1375739904
 277 0030 3B2A1908 		.word	135866939
 279              		.section	.text.HAL_FLASH_OB_Lock,"ax",%progbits
 280              		.align	1
 281              		.global	HAL_FLASH_OB_Lock
 282              		.syntax unified
 283              		.thumb
 284              		.thumb_func
 286              	HAL_FLASH_OB_Lock:
 287              		@ args = 0, pretend = 0, frame = 0
 288              		@ frame_needed = 0, uses_anonymous_args = 0
 289              		@ link register save eliminated.
 290 0000 064B     		ldr	r3, .L41
 291 0002 9A69     		ldr	r2, [r3, #24]
 292 0004 42F00102 		orr	r2, r2, #1
 293 0008 9A61     		str	r2, [r3, #24]
 294 000a 9B69     		ldr	r3, [r3, #24]
 295 000c 13F0010F 		tst	r3, #1
 296 0010 01D0     		beq	.L40
 297 0012 0020     		movs	r0, #0
 298 0014 7047     		bx	lr
ARM GAS  C:\Users\aticl\AppData\Local\Temp\cchIMcZi.s 			page 6


 299              	.L40:
 300 0016 0120     		movs	r0, #1
 301 0018 7047     		bx	lr
 302              	.L42:
 303 001a 00BF     		.align	2
 304              	.L41:
 305 001c 00200052 		.word	1375739904
 307              		.section	.text.HAL_FLASH_GetError,"ax",%progbits
 308              		.align	1
 309              		.global	HAL_FLASH_GetError
 310              		.syntax unified
 311              		.thumb
 312              		.thumb_func
 314              	HAL_FLASH_GetError:
 315              		@ args = 0, pretend = 0, frame = 0
 316              		@ frame_needed = 0, uses_anonymous_args = 0
 317              		@ link register save eliminated.
 318 0000 014B     		ldr	r3, .L44
 319 0002 9869     		ldr	r0, [r3, #24]
 320 0004 7047     		bx	lr
 321              	.L45:
 322 0006 00BF     		.align	2
 323              	.L44:
 324 0008 00000000 		.word	pFlash
 326              		.section	.text.FLASH_WaitForLastOperation,"ax",%progbits
 327              		.align	1
 328              		.global	FLASH_WaitForLastOperation
 329              		.syntax unified
 330              		.thumb
 331              		.thumb_func
 333              	FLASH_WaitForLastOperation:
 334              		@ args = 0, pretend = 0, frame = 0
 335              		@ frame_needed = 0, uses_anonymous_args = 0
 336 0000 70B5     		push	{r4, r5, r6, lr}
 337 0002 0446     		mov	r4, r0
 338 0004 0D46     		mov	r5, r1
 339 0006 FFF7FEFF 		bl	HAL_GetTick
 340 000a 0646     		mov	r6, r0
 341              	.L48:
 342 000c 194B     		ldr	r3, .L60
 343 000e 1B69     		ldr	r3, [r3, #16]
 344 0010 13F0040F 		tst	r3, #4
 345 0014 0BD0     		beq	.L57
 346 0016 B4F1FF3F 		cmp	r4, #-1
 347 001a F7D0     		beq	.L48
 348 001c FFF7FEFF 		bl	HAL_GetTick
 349 0020 801B     		subs	r0, r0, r6
 350 0022 A042     		cmp	r0, r4
 351 0024 21D8     		bhi	.L52
 352 0026 002C     		cmp	r4, #0
 353 0028 F0D1     		bne	.L48
 354 002a 0320     		movs	r0, #3
 355 002c 04E0     		b	.L49
 356              	.L57:
 357 002e 012D     		cmp	r5, #1
 358 0030 03D0     		beq	.L58
 359              	.L51:
ARM GAS  C:\Users\aticl\AppData\Local\Temp\cchIMcZi.s 			page 7


 360 0032 012D     		cmp	r5, #1
 361 0034 0ED0     		beq	.L59
 362 0036 0020     		movs	r0, #0
 363              	.L49:
 364 0038 70BD     		pop	{r4, r5, r6, pc}
 365              	.L58:
 366 003a 0E4B     		ldr	r3, .L60
 367 003c 1B69     		ldr	r3, [r3, #16]
 368 003e 0E4A     		ldr	r2, .L60+4
 369 0040 1340     		ands	r3, r3, r2
 370 0042 F6D0     		beq	.L51
 371 0044 0D49     		ldr	r1, .L60+8
 372 0046 8A69     		ldr	r2, [r1, #24]
 373 0048 1A43     		orrs	r2, r2, r3
 374 004a 8A61     		str	r2, [r1, #24]
 375 004c 094A     		ldr	r2, .L60
 376 004e 5361     		str	r3, [r2, #20]
 377 0050 0120     		movs	r0, #1
 378 0052 F1E7     		b	.L49
 379              	.L59:
 380 0054 074B     		ldr	r3, .L60
 381 0056 1B69     		ldr	r3, [r3, #16]
 382 0058 13F4803F 		tst	r3, #65536
 383 005c 07D0     		beq	.L55
 384 005e 054B     		ldr	r3, .L60
 385 0060 4FF48032 		mov	r2, #65536
 386 0064 5A61     		str	r2, [r3, #20]
 387 0066 0020     		movs	r0, #0
 388 0068 E6E7     		b	.L49
 389              	.L52:
 390 006a 0320     		movs	r0, #3
 391 006c E4E7     		b	.L49
 392              	.L55:
 393 006e 0020     		movs	r0, #0
 394 0070 E2E7     		b	.L49
 395              	.L61:
 396 0072 00BF     		.align	2
 397              	.L60:
 398 0074 00200052 		.word	1375739904
 399 0078 0000EE17 		.word	401473536
 400 007c 00000000 		.word	pFlash
 402              		.section	.text.HAL_FLASH_Program,"ax",%progbits
 403              		.align	1
 404              		.global	HAL_FLASH_Program
 405              		.syntax unified
 406              		.thumb
 407              		.thumb_func
 409              	HAL_FLASH_Program:
 410              		@ args = 0, pretend = 0, frame = 0
 411              		@ frame_needed = 0, uses_anonymous_args = 0
 412 0000 38B5     		push	{r3, r4, r5, lr}
 413 0002 1F4B     		ldr	r3, .L70
 414 0004 1B7D     		ldrb	r3, [r3, #20]	@ zero_extendqisi2
 415 0006 012B     		cmp	r3, #1
 416 0008 37D0     		beq	.L66
 417 000a 0D46     		mov	r5, r1
 418 000c 1446     		mov	r4, r2
ARM GAS  C:\Users\aticl\AppData\Local\Temp\cchIMcZi.s 			page 8


 419 000e 1C4B     		ldr	r3, .L70
 420 0010 0122     		movs	r2, #1
 421 0012 1A75     		strb	r2, [r3, #20]
 422 0014 01F17841 		add	r1, r1, #-134217728
 423 0018 B1F5003F 		cmp	r1, #131072
 424 001c 01D3     		bcc	.L69
 425 001e 0120     		movs	r0, #1
 426              	.L63:
 427 0020 38BD     		pop	{r3, r4, r5, pc}
 428              	.L69:
 429 0022 0022     		movs	r2, #0
 430 0024 9A61     		str	r2, [r3, #24]
 431 0026 0121     		movs	r1, #1
 432 0028 4CF25030 		movw	r0, #50000
 433 002c FFF7FEFF 		bl	FLASH_WaitForLastOperation
 434 0030 F8B9     		cbnz	r0, .L64
 435 0032 144A     		ldr	r2, .L70+4
 436 0034 D368     		ldr	r3, [r2, #12]
 437 0036 43F00203 		orr	r3, r3, #2
 438 003a D360     		str	r3, [r2, #12]
 439              		.syntax unified
 440              	@ 935 "Drivers/CMSIS/Include/cmsis_gcc.h" 1
 441 003c BFF36F8F 		isb 0xF
 442              	@ 0 "" 2
 443              	@ 946 "Drivers/CMSIS/Include/cmsis_gcc.h" 1
 444 0040 BFF34F8F 		dsb 0xF
 445              	@ 0 "" 2
 446              		.thumb
 447              		.syntax unified
 448 0044 0823     		movs	r3, #8
 449              	.L65:
 450 0046 54F8042B 		ldr	r2, [r4], #4
 451 004a 45F8042B 		str	r2, [r5], #4
 452 004e 013B     		subs	r3, r3, #1
 453 0050 13F0FF03 		ands	r3, r3, #255
 454 0054 F7D1     		bne	.L65
 455              		.syntax unified
 456              	@ 935 "Drivers/CMSIS/Include/cmsis_gcc.h" 1
 457 0056 BFF36F8F 		isb 0xF
 458              	@ 0 "" 2
 459              	@ 946 "Drivers/CMSIS/Include/cmsis_gcc.h" 1
 460 005a BFF34F8F 		dsb 0xF
 461              	@ 0 "" 2
 462              		.thumb
 463              		.syntax unified
 464 005e 0121     		movs	r1, #1
 465 0060 4CF25030 		movw	r0, #50000
 466 0064 FFF7FEFF 		bl	FLASH_WaitForLastOperation
 467 0068 064A     		ldr	r2, .L70+4
 468 006a D368     		ldr	r3, [r2, #12]
 469 006c 23F00203 		bic	r3, r3, #2
 470 0070 D360     		str	r3, [r2, #12]
 471              	.L64:
 472 0072 034B     		ldr	r3, .L70
 473 0074 0022     		movs	r2, #0
 474 0076 1A75     		strb	r2, [r3, #20]
 475 0078 D2E7     		b	.L63
ARM GAS  C:\Users\aticl\AppData\Local\Temp\cchIMcZi.s 			page 9


 476              	.L66:
 477 007a 0220     		movs	r0, #2
 478 007c D0E7     		b	.L63
 479              	.L71:
 480 007e 00BF     		.align	2
 481              	.L70:
 482 0080 00000000 		.word	pFlash
 483 0084 00200052 		.word	1375739904
 485              		.section	.text.HAL_FLASH_Program_IT,"ax",%progbits
 486              		.align	1
 487              		.global	HAL_FLASH_Program_IT
 488              		.syntax unified
 489              		.thumb
 490              		.thumb_func
 492              	HAL_FLASH_Program_IT:
 493              		@ args = 0, pretend = 0, frame = 0
 494              		@ frame_needed = 0, uses_anonymous_args = 0
 495 0000 1F4B     		ldr	r3, .L83
 496 0002 1B7D     		ldrb	r3, [r3, #20]	@ zero_extendqisi2
 497 0004 012B     		cmp	r3, #1
 498 0006 38D0     		beq	.L76
 499 0008 70B5     		push	{r4, r5, r6, lr}
 500 000a 0D46     		mov	r5, r1
 501 000c 0E46     		mov	r6, r1
 502 000e 1446     		mov	r4, r2
 503 0010 1B4B     		ldr	r3, .L83
 504 0012 0122     		movs	r2, #1
 505 0014 1A75     		strb	r2, [r3, #20]
 506 0016 0022     		movs	r2, #0
 507 0018 9A61     		str	r2, [r3, #24]
 508 001a 01F17843 		add	r3, r1, #-134217728
 509 001e B3F5003F 		cmp	r3, #131072
 510 0022 01D3     		bcc	.L82
 511 0024 0120     		movs	r0, #1
 512              	.L73:
 513 0026 70BD     		pop	{r4, r5, r6, pc}
 514              	.L82:
 515 0028 0121     		movs	r1, #1
 516 002a 4CF25030 		movw	r0, #50000
 517 002e FFF7FEFF 		bl	FLASH_WaitForLastOperation
 518 0032 18B1     		cbz	r0, .L74
 519 0034 124B     		ldr	r3, .L83
 520 0036 0022     		movs	r2, #0
 521 0038 1A75     		strb	r2, [r3, #20]
 522 003a F4E7     		b	.L73
 523              	.L74:
 524 003c 104B     		ldr	r3, .L83
 525 003e 1D61     		str	r5, [r3, #16]
 526 0040 0322     		movs	r2, #3
 527 0042 1A70     		strb	r2, [r3]
 528 0044 0F4B     		ldr	r3, .L83+4
 529 0046 DA68     		ldr	r2, [r3, #12]
 530 0048 42F00202 		orr	r2, r2, #2
 531 004c DA60     		str	r2, [r3, #12]
 532 004e DA68     		ldr	r2, [r3, #12]
 533 0050 42F4DE02 		orr	r2, r2, #7274496
 534 0054 DA60     		str	r2, [r3, #12]
ARM GAS  C:\Users\aticl\AppData\Local\Temp\cchIMcZi.s 			page 10


 535              		.syntax unified
 536              	@ 935 "Drivers/CMSIS/Include/cmsis_gcc.h" 1
 537 0056 BFF36F8F 		isb 0xF
 538              	@ 0 "" 2
 539              	@ 946 "Drivers/CMSIS/Include/cmsis_gcc.h" 1
 540 005a BFF34F8F 		dsb 0xF
 541              	@ 0 "" 2
 542              		.thumb
 543              		.syntax unified
 544 005e 0823     		movs	r3, #8
 545              	.L75:
 546 0060 54F8042B 		ldr	r2, [r4], #4
 547 0064 46F8042B 		str	r2, [r6], #4
 548 0068 013B     		subs	r3, r3, #1
 549 006a 13F0FF03 		ands	r3, r3, #255
 550 006e F7D1     		bne	.L75
 551              		.syntax unified
 552              	@ 935 "Drivers/CMSIS/Include/cmsis_gcc.h" 1
 553 0070 BFF36F8F 		isb 0xF
 554              	@ 0 "" 2
 555              	@ 946 "Drivers/CMSIS/Include/cmsis_gcc.h" 1
 556 0074 BFF34F8F 		dsb 0xF
 557              	@ 0 "" 2
 558              		.thumb
 559              		.syntax unified
 560 0078 D5E7     		b	.L73
 561              	.L76:
 562 007a 0220     		movs	r0, #2
 563 007c 7047     		bx	lr
 564              	.L84:
 565 007e 00BF     		.align	2
 566              	.L83:
 567 0080 00000000 		.word	pFlash
 568 0084 00200052 		.word	1375739904
 570              		.section	.text.FLASH_OB_WaitForLastOperation,"ax",%progbits
 571              		.align	1
 572              		.global	FLASH_OB_WaitForLastOperation
 573              		.syntax unified
 574              		.thumb
 575              		.thumb_func
 577              	FLASH_OB_WaitForLastOperation:
 578              		@ args = 0, pretend = 0, frame = 0
 579              		@ frame_needed = 0, uses_anonymous_args = 0
 580 0000 38B5     		push	{r3, r4, r5, lr}
 581 0002 0446     		mov	r4, r0
 582 0004 FFF7FEFF 		bl	HAL_GetTick
 583 0008 0546     		mov	r5, r0
 584              	.L87:
 585 000a 134B     		ldr	r3, .L96
 586 000c DB69     		ldr	r3, [r3, #28]
 587 000e 13F0010F 		tst	r3, #1
 588 0012 0BD0     		beq	.L94
 589 0014 B4F1FF3F 		cmp	r4, #-1
 590 0018 F7D0     		beq	.L87
 591 001a FFF7FEFF 		bl	HAL_GetTick
 592 001e 401B     		subs	r0, r0, r5
 593 0020 A042     		cmp	r0, r4
ARM GAS  C:\Users\aticl\AppData\Local\Temp\cchIMcZi.s 			page 11


 594 0022 16D8     		bhi	.L90
 595 0024 002C     		cmp	r4, #0
 596 0026 F0D1     		bne	.L87
 597 0028 0320     		movs	r0, #3
 598 002a 05E0     		b	.L88
 599              	.L94:
 600 002c 0A4B     		ldr	r3, .L96
 601 002e DB69     		ldr	r3, [r3, #28]
 602 0030 13F0804F 		tst	r3, #1073741824
 603 0034 01D1     		bne	.L95
 604 0036 0020     		movs	r0, #0
 605              	.L88:
 606 0038 38BD     		pop	{r3, r4, r5, pc}
 607              	.L95:
 608 003a 084A     		ldr	r2, .L96+4
 609 003c 9369     		ldr	r3, [r2, #24]
 610 003e 43F08043 		orr	r3, r3, #1073741824
 611 0042 9361     		str	r3, [r2, #24]
 612 0044 044A     		ldr	r2, .L96
 613 0046 536A     		ldr	r3, [r2, #36]
 614 0048 43F08043 		orr	r3, r3, #1073741824
 615 004c 5362     		str	r3, [r2, #36]
 616 004e 0120     		movs	r0, #1
 617 0050 F2E7     		b	.L88
 618              	.L90:
 619 0052 0320     		movs	r0, #3
 620 0054 F0E7     		b	.L88
 621              	.L97:
 622 0056 00BF     		.align	2
 623              	.L96:
 624 0058 00200052 		.word	1375739904
 625 005c 00000000 		.word	pFlash
 627              		.section	.text.FLASH_CRC_WaitForLastOperation,"ax",%progbits
 628              		.align	1
 629              		.global	FLASH_CRC_WaitForLastOperation
 630              		.syntax unified
 631              		.thumb
 632              		.thumb_func
 634              	FLASH_CRC_WaitForLastOperation:
 635              		@ args = 0, pretend = 0, frame = 0
 636              		@ frame_needed = 0, uses_anonymous_args = 0
 637 0000 F8B5     		push	{r3, r4, r5, r6, r7, lr}
 638 0002 0446     		mov	r4, r0
 639 0004 0E46     		mov	r6, r1
 640 0006 FFF7FEFF 		bl	HAL_GetTick
 641 000a 0746     		mov	r7, r0
 642 000c 012E     		cmp	r6, #1
 643 000e 11D0     		beq	.L99
 644 0010 154D     		ldr	r5, .L113
 645              	.L101:
 646 0012 164B     		ldr	r3, .L113+4
 647 0014 1B69     		ldr	r3, [r3, #16]
 648 0016 35EA0303 		bics	r3, r5, r3
 649 001a 0DD1     		bne	.L110
 650 001c B4F1FF3F 		cmp	r4, #-1
 651 0020 F7D0     		beq	.L101
 652 0022 FFF7FEFF 		bl	HAL_GetTick
ARM GAS  C:\Users\aticl\AppData\Local\Temp\cchIMcZi.s 			page 12


 653 0026 C01B     		subs	r0, r0, r7
 654 0028 A042     		cmp	r0, r4
 655 002a 1BD8     		bhi	.L105
 656 002c 002C     		cmp	r4, #0
 657 002e F0D1     		bne	.L101
 658 0030 0320     		movs	r0, #3
 659 0032 04E0     		b	.L102
 660              	.L99:
 661 0034 0825     		movs	r5, #8
 662 0036 ECE7     		b	.L101
 663              	.L110:
 664 0038 012E     		cmp	r6, #1
 665 003a 01D0     		beq	.L111
 666 003c 0020     		movs	r0, #0
 667              	.L102:
 668 003e F8BD     		pop	{r3, r4, r5, r6, r7, pc}
 669              	.L111:
 670 0040 0A4B     		ldr	r3, .L113+4
 671 0042 1B69     		ldr	r3, [r3, #16]
 672 0044 13F0805F 		tst	r3, #268435456
 673 0048 01D1     		bne	.L112
 674 004a 0020     		movs	r0, #0
 675 004c F7E7     		b	.L102
 676              	.L112:
 677 004e 084A     		ldr	r2, .L113+8
 678 0050 9369     		ldr	r3, [r2, #24]
 679 0052 43F08053 		orr	r3, r3, #268435456
 680 0056 9361     		str	r3, [r2, #24]
 681 0058 044B     		ldr	r3, .L113+4
 682 005a 4FF08052 		mov	r2, #268435456
 683 005e 5A61     		str	r2, [r3, #20]
 684 0060 0120     		movs	r0, #1
 685 0062 ECE7     		b	.L102
 686              	.L105:
 687 0064 0320     		movs	r0, #3
 688 0066 EAE7     		b	.L102
 689              	.L114:
 690              		.align	2
 691              	.L113:
 692 0068 08000080 		.word	-2147483640
 693 006c 00200052 		.word	1375739904
 694 0070 00000000 		.word	pFlash
 696              		.section	.text.HAL_FLASH_OB_Launch,"ax",%progbits
 697              		.align	1
 698              		.global	HAL_FLASH_OB_Launch
 699              		.syntax unified
 700              		.thumb
 701              		.thumb_func
 703              	HAL_FLASH_OB_Launch:
 704              		@ args = 0, pretend = 0, frame = 0
 705              		@ frame_needed = 0, uses_anonymous_args = 0
 706 0000 08B5     		push	{r3, lr}
 707 0002 0121     		movs	r1, #1
 708 0004 4CF25030 		movw	r0, #50000
 709 0008 FFF7FEFF 		bl	FLASH_CRC_WaitForLastOperation
 710 000c 08B1     		cbz	r0, .L119
 711 000e 0120     		movs	r0, #1
ARM GAS  C:\Users\aticl\AppData\Local\Temp\cchIMcZi.s 			page 13


 712              	.L116:
 713 0010 08BD     		pop	{r3, pc}
 714              	.L119:
 715 0012 054A     		ldr	r2, .L120
 716 0014 9369     		ldr	r3, [r2, #24]
 717 0016 43F00203 		orr	r3, r3, #2
 718 001a 9361     		str	r3, [r2, #24]
 719 001c 4CF25030 		movw	r0, #50000
 720 0020 FFF7FEFF 		bl	FLASH_OB_WaitForLastOperation
 721 0024 F4E7     		b	.L116
 722              	.L121:
 723 0026 00BF     		.align	2
 724              	.L120:
 725 0028 00200052 		.word	1375739904
 727              		.global	pFlash
 728              		.section	.bss.pFlash,"aw",%nobits
 729              		.align	2
 732              	pFlash:
 733 0000 00000000 		.space	28
 733      00000000 
 733      00000000 
 733      00000000 
 733      00000000 
 734              		.ident	"GCC: (xPack GNU Arm Embedded GCC x86_64) 14.2.1 20241119"
ARM GAS  C:\Users\aticl\AppData\Local\Temp\cchIMcZi.s 			page 14


DEFINED SYMBOLS
                            *ABS*:00000000 stm32h7xx_hal_flash.c
C:\Users\aticl\AppData\Local\Temp\cchIMcZi.s:17     .text.HAL_FLASH_EndOfOperationCallback:00000000 $t
C:\Users\aticl\AppData\Local\Temp\cchIMcZi.s:23     .text.HAL_FLASH_EndOfOperationCallback:00000000 HAL_FLASH_EndOfOperationCallback
C:\Users\aticl\AppData\Local\Temp\cchIMcZi.s:30     .text.HAL_FLASH_OperationErrorCallback:00000000 $t
C:\Users\aticl\AppData\Local\Temp\cchIMcZi.s:36     .text.HAL_FLASH_OperationErrorCallback:00000000 HAL_FLASH_OperationErrorCallback
C:\Users\aticl\AppData\Local\Temp\cchIMcZi.s:43     .text.HAL_FLASH_IRQHandler:00000000 $t
C:\Users\aticl\AppData\Local\Temp\cchIMcZi.s:49     .text.HAL_FLASH_IRQHandler:00000000 HAL_FLASH_IRQHandler
C:\Users\aticl\AppData\Local\Temp\cchIMcZi.s:174    .text.HAL_FLASH_IRQHandler:000000f4 $d
C:\Users\aticl\AppData\Local\Temp\cchIMcZi.s:732    .bss.pFlash:00000000 pFlash
C:\Users\aticl\AppData\Local\Temp\cchIMcZi.s:178    .text.HAL_FLASH_Unlock:00000000 $t
C:\Users\aticl\AppData\Local\Temp\cchIMcZi.s:184    .text.HAL_FLASH_Unlock:00000000 HAL_FLASH_Unlock
C:\Users\aticl\AppData\Local\Temp\cchIMcZi.s:211    .text.HAL_FLASH_Unlock:0000002c $d
C:\Users\aticl\AppData\Local\Temp\cchIMcZi.s:215    .text.HAL_FLASH_Lock:00000000 $t
C:\Users\aticl\AppData\Local\Temp\cchIMcZi.s:221    .text.HAL_FLASH_Lock:00000000 HAL_FLASH_Lock
C:\Users\aticl\AppData\Local\Temp\cchIMcZi.s:240    .text.HAL_FLASH_Lock:0000001c $d
C:\Users\aticl\AppData\Local\Temp\cchIMcZi.s:243    .text.HAL_FLASH_OB_Unlock:00000000 $t
C:\Users\aticl\AppData\Local\Temp\cchIMcZi.s:249    .text.HAL_FLASH_OB_Unlock:00000000 HAL_FLASH_OB_Unlock
C:\Users\aticl\AppData\Local\Temp\cchIMcZi.s:276    .text.HAL_FLASH_OB_Unlock:0000002c $d
C:\Users\aticl\AppData\Local\Temp\cchIMcZi.s:280    .text.HAL_FLASH_OB_Lock:00000000 $t
C:\Users\aticl\AppData\Local\Temp\cchIMcZi.s:286    .text.HAL_FLASH_OB_Lock:00000000 HAL_FLASH_OB_Lock
C:\Users\aticl\AppData\Local\Temp\cchIMcZi.s:305    .text.HAL_FLASH_OB_Lock:0000001c $d
C:\Users\aticl\AppData\Local\Temp\cchIMcZi.s:308    .text.HAL_FLASH_GetError:00000000 $t
C:\Users\aticl\AppData\Local\Temp\cchIMcZi.s:314    .text.HAL_FLASH_GetError:00000000 HAL_FLASH_GetError
C:\Users\aticl\AppData\Local\Temp\cchIMcZi.s:324    .text.HAL_FLASH_GetError:00000008 $d
C:\Users\aticl\AppData\Local\Temp\cchIMcZi.s:327    .text.FLASH_WaitForLastOperation:00000000 $t
C:\Users\aticl\AppData\Local\Temp\cchIMcZi.s:333    .text.FLASH_WaitForLastOperation:00000000 FLASH_WaitForLastOperation
C:\Users\aticl\AppData\Local\Temp\cchIMcZi.s:398    .text.FLASH_WaitForLastOperation:00000074 $d
C:\Users\aticl\AppData\Local\Temp\cchIMcZi.s:403    .text.HAL_FLASH_Program:00000000 $t
C:\Users\aticl\AppData\Local\Temp\cchIMcZi.s:409    .text.HAL_FLASH_Program:00000000 HAL_FLASH_Program
C:\Users\aticl\AppData\Local\Temp\cchIMcZi.s:482    .text.HAL_FLASH_Program:00000080 $d
C:\Users\aticl\AppData\Local\Temp\cchIMcZi.s:486    .text.HAL_FLASH_Program_IT:00000000 $t
C:\Users\aticl\AppData\Local\Temp\cchIMcZi.s:492    .text.HAL_FLASH_Program_IT:00000000 HAL_FLASH_Program_IT
C:\Users\aticl\AppData\Local\Temp\cchIMcZi.s:567    .text.HAL_FLASH_Program_IT:00000080 $d
C:\Users\aticl\AppData\Local\Temp\cchIMcZi.s:571    .text.FLASH_OB_WaitForLastOperation:00000000 $t
C:\Users\aticl\AppData\Local\Temp\cchIMcZi.s:577    .text.FLASH_OB_WaitForLastOperation:00000000 FLASH_OB_WaitForLastOperation
C:\Users\aticl\AppData\Local\Temp\cchIMcZi.s:624    .text.FLASH_OB_WaitForLastOperation:00000058 $d
C:\Users\aticl\AppData\Local\Temp\cchIMcZi.s:628    .text.FLASH_CRC_WaitForLastOperation:00000000 $t
C:\Users\aticl\AppData\Local\Temp\cchIMcZi.s:634    .text.FLASH_CRC_WaitForLastOperation:00000000 FLASH_CRC_WaitForLastOperation
C:\Users\aticl\AppData\Local\Temp\cchIMcZi.s:692    .text.FLASH_CRC_WaitForLastOperation:00000068 $d
C:\Users\aticl\AppData\Local\Temp\cchIMcZi.s:697    .text.HAL_FLASH_OB_Launch:00000000 $t
C:\Users\aticl\AppData\Local\Temp\cchIMcZi.s:703    .text.HAL_FLASH_OB_Launch:00000000 HAL_FLASH_OB_Launch
C:\Users\aticl\AppData\Local\Temp\cchIMcZi.s:725    .text.HAL_FLASH_OB_Launch:00000028 $d
C:\Users\aticl\AppData\Local\Temp\cchIMcZi.s:729    .bss.pFlash:00000000 $d

UNDEFINED SYMBOLS
FLASH_Erase_Sector
HAL_GetTick
