ARM GAS  C:\Users\aticl\AppData\Local\Temp\ccEldVjm.s 			page 1


   1              		.cpu cortex-m7
   2              		.arch armv7e-m
   3              		.fpu fpv5-d16
   4              		.eabi_attribute 28, 1
   5              		.eabi_attribute 20, 1
   6              		.eabi_attribute 21, 1
   7              		.eabi_attribute 23, 3
   8              		.eabi_attribute 24, 1
   9              		.eabi_attribute 25, 1
  10              		.eabi_attribute 26, 1
  11              		.eabi_attribute 30, 1
  12              		.eabi_attribute 34, 1
  13              		.eabi_attribute 18, 4
  14              		.file	"stm32h7xx_it.c"
  15              		.text
  16              		.section	.text.NMI_Handler,"ax",%progbits
  17              		.align	1
  18              		.global	NMI_Handler
  19              		.syntax unified
  20              		.thumb
  21              		.thumb_func
  23              	NMI_Handler:
  24              		@ Volatile: function does not return.
  25              		@ args = 0, pretend = 0, frame = 0
  26              		@ frame_needed = 0, uses_anonymous_args = 0
  27              		@ link register save eliminated.
  28              	.L2:
  29 0000 FEE7     		b	.L2
  31              		.section	.text.HardFault_Handler,"ax",%progbits
  32              		.align	1
  33              		.global	HardFault_Handler
  34              		.syntax unified
  35              		.thumb
  36              		.thumb_func
  38              	HardFault_Handler:
  39              		@ Volatile: function does not return.
  40              		@ args = 0, pretend = 0, frame = 0
  41              		@ frame_needed = 0, uses_anonymous_args = 0
  42              		@ link register save eliminated.
  43              	.L4:
  44 0000 FEE7     		b	.L4
  46              		.section	.text.MemManage_Handler,"ax",%progbits
  47              		.align	1
  48              		.global	MemManage_Handler
  49              		.syntax unified
  50              		.thumb
  51              		.thumb_func
  53              	MemManage_Handler:
  54              		@ Volatile: function does not return.
  55              		@ args = 0, pretend = 0, frame = 0
  56              		@ frame_needed = 0, uses_anonymous_args = 0
  57              		@ link register save eliminated.
  58              	.L6:
  59 0000 FEE7     		b	.L6
  61              		.section	.text.BusFault_Handler,"ax",%progbits
  62              		.align	1
  63              		.global	BusFault_Handler
ARM GAS  C:\Users\aticl\AppData\Local\Temp\ccEldVjm.s 			page 2


  64              		.syntax unified
  65              		.thumb
  66              		.thumb_func
  68              	BusFault_Handler:
  69              		@ Volatile: function does not return.
  70              		@ args = 0, pretend = 0, frame = 0
  71              		@ frame_needed = 0, uses_anonymous_args = 0
  72              		@ link register save eliminated.
  73              	.L8:
  74 0000 FEE7     		b	.L8
  76              		.section	.text.UsageFault_Handler,"ax",%progbits
  77              		.align	1
  78              		.global	UsageFault_Handler
  79              		.syntax unified
  80              		.thumb
  81              		.thumb_func
  83              	UsageFault_Handler:
  84              		@ Volatile: function does not return.
  85              		@ args = 0, pretend = 0, frame = 0
  86              		@ frame_needed = 0, uses_anonymous_args = 0
  87              		@ link register save eliminated.
  88              	.L10:
  89 0000 FEE7     		b	.L10
  91              		.section	.text.SVC_Handler,"ax",%progbits
  92              		.align	1
  93              		.global	SVC_Handler
  94              		.syntax unified
  95              		.thumb
  96              		.thumb_func
  98              	SVC_Handler:
  99              		@ args = 0, pretend = 0, frame = 0
 100              		@ frame_needed = 0, uses_anonymous_args = 0
 101              		@ link register save eliminated.
 102 0000 7047     		bx	lr
 104              		.section	.text.DebugMon_Handler,"ax",%progbits
 105              		.align	1
 106              		.global	DebugMon_Handler
 107              		.syntax unified
 108              		.thumb
 109              		.thumb_func
 111              	DebugMon_Handler:
 112              		@ args = 0, pretend = 0, frame = 0
 113              		@ frame_needed = 0, uses_anonymous_args = 0
 114              		@ link register save eliminated.
 115 0000 7047     		bx	lr
 117              		.section	.text.PendSV_Handler,"ax",%progbits
 118              		.align	1
 119              		.global	PendSV_Handler
 120              		.syntax unified
 121              		.thumb
 122              		.thumb_func
 124              	PendSV_Handler:
 125              		@ args = 0, pretend = 0, frame = 0
 126              		@ frame_needed = 0, uses_anonymous_args = 0
 127              		@ link register save eliminated.
 128 0000 7047     		bx	lr
 130              		.section	.text.SysTick_Handler,"ax",%progbits
ARM GAS  C:\Users\aticl\AppData\Local\Temp\ccEldVjm.s 			page 3


 131              		.align	1
 132              		.global	SysTick_Handler
 133              		.syntax unified
 134              		.thumb
 135              		.thumb_func
 137              	SysTick_Handler:
 138              		@ args = 0, pretend = 0, frame = 0
 139              		@ frame_needed = 0, uses_anonymous_args = 0
 140 0000 08B5     		push	{r3, lr}
 141 0002 FFF7FEFF 		bl	HAL_IncTick
 142 0006 08BD     		pop	{r3, pc}
 144              		.section	.text.OTG_FS_IRQHandler,"ax",%progbits
 145              		.align	1
 146              		.global	OTG_FS_IRQHandler
 147              		.syntax unified
 148              		.thumb
 149              		.thumb_func
 151              	OTG_FS_IRQHandler:
 152              		@ args = 0, pretend = 0, frame = 0
 153              		@ frame_needed = 0, uses_anonymous_args = 0
 154 0000 08B5     		push	{r3, lr}
 155 0002 0248     		ldr	r0, .L18
 156 0004 FFF7FEFF 		bl	HAL_PCD_IRQHandler
 157 0008 08BD     		pop	{r3, pc}
 158              	.L19:
 159 000a 00BF     		.align	2
 160              	.L18:
 161 000c 00000000 		.word	hpcd_USB_OTG_FS
 163              		.ident	"GCC: (xPack GNU Arm Embedded GCC x86_64) 14.2.1 20241119"
ARM GAS  C:\Users\aticl\AppData\Local\Temp\ccEldVjm.s 			page 4


DEFINED SYMBOLS
                            *ABS*:00000000 stm32h7xx_it.c
C:\Users\aticl\AppData\Local\Temp\ccEldVjm.s:17     .text.NMI_Handler:00000000 $t
C:\Users\aticl\AppData\Local\Temp\ccEldVjm.s:23     .text.NMI_Handler:00000000 NMI_Handler
C:\Users\aticl\AppData\Local\Temp\ccEldVjm.s:32     .text.HardFault_Handler:00000000 $t
C:\Users\aticl\AppData\Local\Temp\ccEldVjm.s:38     .text.HardFault_Handler:00000000 HardFault_Handler
C:\Users\aticl\AppData\Local\Temp\ccEldVjm.s:47     .text.MemManage_Handler:00000000 $t
C:\Users\aticl\AppData\Local\Temp\ccEldVjm.s:53     .text.MemManage_Handler:00000000 MemManage_Handler
C:\Users\aticl\AppData\Local\Temp\ccEldVjm.s:62     .text.BusFault_Handler:00000000 $t
C:\Users\aticl\AppData\Local\Temp\ccEldVjm.s:68     .text.BusFault_Handler:00000000 BusFault_Handler
C:\Users\aticl\AppData\Local\Temp\ccEldVjm.s:77     .text.UsageFault_Handler:00000000 $t
C:\Users\aticl\AppData\Local\Temp\ccEldVjm.s:83     .text.UsageFault_Handler:00000000 UsageFault_Handler
C:\Users\aticl\AppData\Local\Temp\ccEldVjm.s:92     .text.SVC_Handler:00000000 $t
C:\Users\aticl\AppData\Local\Temp\ccEldVjm.s:98     .text.SVC_Handler:00000000 SVC_Handler
C:\Users\aticl\AppData\Local\Temp\ccEldVjm.s:105    .text.DebugMon_Handler:00000000 $t
C:\Users\aticl\AppData\Local\Temp\ccEldVjm.s:111    .text.DebugMon_Handler:00000000 DebugMon_Handler
C:\Users\aticl\AppData\Local\Temp\ccEldVjm.s:118    .text.PendSV_Handler:00000000 $t
C:\Users\aticl\AppData\Local\Temp\ccEldVjm.s:124    .text.PendSV_Handler:00000000 PendSV_Handler
C:\Users\aticl\AppData\Local\Temp\ccEldVjm.s:131    .text.SysTick_Handler:00000000 $t
C:\Users\aticl\AppData\Local\Temp\ccEldVjm.s:137    .text.SysTick_Handler:00000000 SysTick_Handler
C:\Users\aticl\AppData\Local\Temp\ccEldVjm.s:145    .text.OTG_FS_IRQHandler:00000000 $t
C:\Users\aticl\AppData\Local\Temp\ccEldVjm.s:151    .text.OTG_FS_IRQHandler:00000000 OTG_FS_IRQHandler
C:\Users\aticl\AppData\Local\Temp\ccEldVjm.s:161    .text.OTG_FS_IRQHandler:0000000c $d

UNDEFINED SYMBOLS
HAL_IncTick
HAL_PCD_IRQHandler
hpcd_USB_OTG_FS
