ARM GAS  C:\Users\aticl\AppData\Local\Temp\ccr7WNk3.s 			page 1


   1              		.cpu cortex-m7
   2              		.arch armv7e-m
   3              		.fpu fpv5-d16
   4              		.eabi_attribute 28, 1
   5              		.eabi_attribute 20, 1
   6              		.eabi_attribute 21, 1
   7              		.eabi_attribute 23, 3
   8              		.eabi_attribute 24, 1
   9              		.eabi_attribute 25, 1
  10              		.eabi_attribute 26, 1
  11              		.eabi_attribute 30, 1
  12              		.eabi_attribute 34, 1
  13              		.eabi_attribute 18, 4
  14              		.file	"stm32h7xx_hal_rcc.c"
  15              		.text
  16              		.section	.text.HAL_RCC_DeInit,"ax",%progbits
  17              		.align	1
  18              		.global	HAL_RCC_DeInit
  19              		.syntax unified
  20              		.thumb
  21              		.thumb_func
  23              	HAL_RCC_DeInit:
  24              		@ args = 0, pretend = 0, frame = 0
  25              		@ frame_needed = 0, uses_anonymous_args = 0
  26 0000 38B5     		push	{r3, r4, r5, lr}
  27 0002 684B     		ldr	r3, .L33
  28 0004 1B68     		ldr	r3, [r3]
  29 0006 03F00F03 		and	r3, r3, #15
  30 000a 062B     		cmp	r3, #6
  31 000c 0CD8     		bhi	.L2
  32 000e 654A     		ldr	r2, .L33
  33 0010 1368     		ldr	r3, [r2]
  34 0012 23F00F03 		bic	r3, r3, #15
  35 0016 43F00703 		orr	r3, r3, #7
  36 001a 1360     		str	r3, [r2]
  37 001c 1368     		ldr	r3, [r2]
  38 001e 03F00F03 		and	r3, r3, #15
  39 0022 072B     		cmp	r3, #7
  40 0024 40F0BA80 		bne	.L16
  41              	.L2:
  42 0028 FFF7FEFF 		bl	HAL_GetTick
  43 002c 0446     		mov	r4, r0
  44 002e 5E4A     		ldr	r2, .L33+4
  45 0030 1368     		ldr	r3, [r2]
  46 0032 43F00103 		orr	r3, r3, #1
  47 0036 1360     		str	r3, [r2]
  48              	.L4:
  49 0038 5B4B     		ldr	r3, .L33+4
  50 003a 1B68     		ldr	r3, [r3]
  51 003c 13F0040F 		tst	r3, #4
  52 0040 06D1     		bne	.L26
  53 0042 FFF7FEFF 		bl	HAL_GetTick
  54 0046 001B     		subs	r0, r0, r4
  55 0048 0228     		cmp	r0, #2
  56 004a F5D9     		bls	.L4
  57 004c 0324     		movs	r4, #3
  58 004e A6E0     		b	.L3
ARM GAS  C:\Users\aticl\AppData\Local\Temp\ccr7WNk3.s 			page 2


  59              	.L26:
  60 0050 554B     		ldr	r3, .L33+4
  61 0052 5A68     		ldr	r2, [r3, #4]
  62 0054 42F08042 		orr	r2, r2, #1073741824
  63 0058 5A60     		str	r2, [r3, #4]
  64 005a 0022     		movs	r2, #0
  65 005c 1A61     		str	r2, [r3, #16]
  66 005e 534B     		ldr	r3, .L33+8
  67 0060 534A     		ldr	r2, .L33+12
  68 0062 1360     		str	r3, [r2]
  69 0064 534A     		ldr	r2, .L33+16
  70 0066 1360     		str	r3, [r2]
  71 0068 534B     		ldr	r3, .L33+20
  72 006a 1868     		ldr	r0, [r3]
  73 006c FFF7FEFF 		bl	HAL_InitTick
  74 0070 0446     		mov	r4, r0
  75 0072 08B1     		cbz	r0, .L27
  76 0074 0124     		movs	r4, #1
  77 0076 92E0     		b	.L3
  78              	.L27:
  79 0078 FFF7FEFF 		bl	HAL_GetTick
  80 007c 0546     		mov	r5, r0
  81              	.L6:
  82 007e 4A4B     		ldr	r3, .L33+4
  83 0080 1B69     		ldr	r3, [r3, #16]
  84 0082 13F0380F 		tst	r3, #56
  85 0086 08D0     		beq	.L28
  86 0088 FFF7FEFF 		bl	HAL_GetTick
  87 008c 401B     		subs	r0, r0, r5
  88 008e 41F28833 		movw	r3, #5000
  89 0092 9842     		cmp	r0, r3
  90 0094 F3D9     		bls	.L6
  91 0096 0324     		movs	r4, #3
  92 0098 81E0     		b	.L3
  93              	.L28:
  94 009a FFF7FEFF 		bl	HAL_GetTick
  95 009e 0546     		mov	r5, r0
  96 00a0 414A     		ldr	r2, .L33+4
  97 00a2 1168     		ldr	r1, [r2]
  98 00a4 454B     		ldr	r3, .L33+24
  99 00a6 0B40     		ands	r3, r3, r1
 100 00a8 1360     		str	r3, [r2]
 101              	.L8:
 102 00aa 3F4B     		ldr	r3, .L33+4
 103 00ac 1B68     		ldr	r3, [r3]
 104 00ae 13F4003F 		tst	r3, #131072
 105 00b2 06D0     		beq	.L29
 106 00b4 FFF7FEFF 		bl	HAL_GetTick
 107 00b8 401B     		subs	r0, r0, r5
 108 00ba 6428     		cmp	r0, #100
 109 00bc F5D9     		bls	.L8
 110 00be 0324     		movs	r4, #3
 111 00c0 6DE0     		b	.L3
 112              	.L29:
 113 00c2 FFF7FEFF 		bl	HAL_GetTick
 114 00c6 0546     		mov	r5, r0
 115 00c8 374A     		ldr	r2, .L33+4
ARM GAS  C:\Users\aticl\AppData\Local\Temp\ccr7WNk3.s 			page 3


 116 00ca 1368     		ldr	r3, [r2]
 117 00cc 23F08073 		bic	r3, r3, #16777216
 118 00d0 1360     		str	r3, [r2]
 119              	.L10:
 120 00d2 354B     		ldr	r3, .L33+4
 121 00d4 1B68     		ldr	r3, [r3]
 122 00d6 13F0007F 		tst	r3, #33554432
 123 00da 06D0     		beq	.L30
 124 00dc FFF7FEFF 		bl	HAL_GetTick
 125 00e0 401B     		subs	r0, r0, r5
 126 00e2 0228     		cmp	r0, #2
 127 00e4 F5D9     		bls	.L10
 128 00e6 0324     		movs	r4, #3
 129 00e8 59E0     		b	.L3
 130              	.L30:
 131 00ea FFF7FEFF 		bl	HAL_GetTick
 132 00ee 0546     		mov	r5, r0
 133 00f0 2D4A     		ldr	r2, .L33+4
 134 00f2 1368     		ldr	r3, [r2]
 135 00f4 23F08063 		bic	r3, r3, #67108864
 136 00f8 1360     		str	r3, [r2]
 137              	.L12:
 138 00fa 2B4B     		ldr	r3, .L33+4
 139 00fc 1B68     		ldr	r3, [r3]
 140 00fe 13F0006F 		tst	r3, #134217728
 141 0102 06D0     		beq	.L31
 142 0104 FFF7FEFF 		bl	HAL_GetTick
 143 0108 401B     		subs	r0, r0, r5
 144 010a 0228     		cmp	r0, #2
 145 010c F5D9     		bls	.L12
 146 010e 0324     		movs	r4, #3
 147 0110 45E0     		b	.L3
 148              	.L31:
 149 0112 FFF7FEFF 		bl	HAL_GetTick
 150 0116 0546     		mov	r5, r0
 151 0118 234A     		ldr	r2, .L33+4
 152 011a 1368     		ldr	r3, [r2]
 153 011c 23F08053 		bic	r3, r3, #268435456
 154 0120 1360     		str	r3, [r2]
 155              	.L14:
 156 0122 214B     		ldr	r3, .L33+4
 157 0124 1B68     		ldr	r3, [r3]
 158 0126 13F0005F 		tst	r3, #536870912
 159 012a 06D0     		beq	.L32
 160 012c FFF7FEFF 		bl	HAL_GetTick
 161 0130 401B     		subs	r0, r0, r5
 162 0132 0228     		cmp	r0, #2
 163 0134 F5D9     		bls	.L14
 164 0136 0324     		movs	r4, #3
 165 0138 31E0     		b	.L3
 166              	.L32:
 167 013a 1B4B     		ldr	r3, .L33+4
 168 013c 0022     		movs	r2, #0
 169 013e 9A61     		str	r2, [r3, #24]
 170 0140 DA61     		str	r2, [r3, #28]
 171 0142 1A62     		str	r2, [r3, #32]
 172 0144 1E49     		ldr	r1, .L33+28
ARM GAS  C:\Users\aticl\AppData\Local\Temp\ccr7WNk3.s 			page 4


 173 0146 9962     		str	r1, [r3, #40]
 174 0148 1E49     		ldr	r1, .L33+32
 175 014a D962     		str	r1, [r3, #44]
 176 014c 1E49     		ldr	r1, .L33+36
 177 014e 1963     		str	r1, [r3, #48]
 178 0150 5A63     		str	r2, [r3, #52]
 179 0152 9963     		str	r1, [r3, #56]
 180 0154 DA63     		str	r2, [r3, #60]
 181 0156 1964     		str	r1, [r3, #64]
 182 0158 5A64     		str	r2, [r3, #68]
 183 015a 1968     		ldr	r1, [r3]
 184 015c 21F48021 		bic	r1, r1, #262144
 185 0160 1960     		str	r1, [r3]
 186 0162 1A66     		str	r2, [r3, #96]
 187 0164 4FF0FF32 		mov	r2, #-1
 188 0168 9A66     		str	r2, [r3, #104]
 189 016a D3F8D020 		ldr	r2, [r3, #208]
 190 016e 42F48032 		orr	r2, r2, #65536
 191 0172 C3F8D020 		str	r2, [r3, #208]
 192 0176 0B4B     		ldr	r3, .L33
 193 0178 1B68     		ldr	r3, [r3]
 194 017a 13F0080F 		tst	r3, #8
 195 017e 0ED0     		beq	.L3
 196 0180 084A     		ldr	r2, .L33
 197 0182 1368     		ldr	r3, [r2]
 198 0184 23F00F03 		bic	r3, r3, #15
 199 0188 43F00703 		orr	r3, r3, #7
 200 018c 1360     		str	r3, [r2]
 201 018e 1368     		ldr	r3, [r2]
 202 0190 03F00F03 		and	r3, r3, #15
 203 0194 072B     		cmp	r3, #7
 204 0196 02D0     		beq	.L3
 205 0198 0124     		movs	r4, #1
 206 019a 00E0     		b	.L3
 207              	.L16:
 208 019c 0124     		movs	r4, #1
 209              	.L3:
 210 019e 2046     		mov	r0, r4
 211 01a0 38BD     		pop	{r3, r4, r5, pc}
 212              	.L34:
 213 01a2 00BF     		.align	2
 214              	.L33:
 215 01a4 00200052 		.word	1375739904
 216 01a8 00440258 		.word	1476543488
 217 01ac 0090D003 		.word	64000000
 218 01b0 00000000 		.word	SystemCoreClock
 219 01b4 00000000 		.word	SystemD2Clock
 220 01b8 00000000 		.word	uwTickPrio
 221 01bc 45EDF6FF 		.word	-594619
 222 01c0 00020202 		.word	33686016
 223 01c4 0000FF01 		.word	33488896
 224 01c8 80020101 		.word	16843392
 226              		.section	.text.HAL_RCC_OscConfig,"ax",%progbits
 227              		.align	1
 228              		.weak	HAL_RCC_OscConfig
 229              		.syntax unified
 230              		.thumb
ARM GAS  C:\Users\aticl\AppData\Local\Temp\ccr7WNk3.s 			page 5


 231              		.thumb_func
 233              	HAL_RCC_OscConfig:
 234              		@ args = 0, pretend = 0, frame = 0
 235              		@ frame_needed = 0, uses_anonymous_args = 0
 236 0000 0028     		cmp	r0, #0
 237 0002 00F03983 		beq	.L110
 238 0006 38B5     		push	{r3, r4, r5, lr}
 239 0008 0446     		mov	r4, r0
 240 000a 0368     		ldr	r3, [r0]
 241 000c 13F0010F 		tst	r3, #1
 242 0010 25D0     		beq	.L37
 243 0012 944A     		ldr	r2, .L166
 244 0014 1369     		ldr	r3, [r2, #16]
 245 0016 03F03803 		and	r3, r3, #56
 246 001a 926A     		ldr	r2, [r2, #40]
 247 001c 102B     		cmp	r3, #16
 248 001e 15D0     		beq	.L38
 249 0020 182B     		cmp	r3, #24
 250 0022 0FD0     		beq	.L144
 251              	.L39:
 252 0024 6368     		ldr	r3, [r4, #4]
 253 0026 B3F5803F 		cmp	r3, #65536
 254 002a 3FD0     		beq	.L145
 255 002c 002B     		cmp	r3, #0
 256 002e 53D1     		bne	.L42
 257 0030 8C4B     		ldr	r3, .L166
 258 0032 1A68     		ldr	r2, [r3]
 259 0034 22F48032 		bic	r2, r2, #65536
 260 0038 1A60     		str	r2, [r3]
 261 003a 1A68     		ldr	r2, [r3]
 262 003c 22F48022 		bic	r2, r2, #262144
 263 0040 1A60     		str	r2, [r3]
 264 0042 38E0     		b	.L41
 265              	.L144:
 266 0044 02F00302 		and	r2, r2, #3
 267 0048 022A     		cmp	r2, #2
 268 004a EBD1     		bne	.L39
 269              	.L38:
 270 004c 854B     		ldr	r3, .L166
 271 004e 1B68     		ldr	r3, [r3]
 272 0050 13F4003F 		tst	r3, #131072
 273 0054 03D0     		beq	.L37
 274 0056 6368     		ldr	r3, [r4, #4]
 275 0058 002B     		cmp	r3, #0
 276 005a 00F00F83 		beq	.L146
 277              	.L37:
 278 005e 2368     		ldr	r3, [r4]
 279 0060 13F0020F 		tst	r3, #2
 280 0064 00F0A180 		beq	.L49
 281 0068 7E4A     		ldr	r2, .L166
 282 006a 1369     		ldr	r3, [r2, #16]
 283 006c 926A     		ldr	r2, [r2, #40]
 284 006e 13F03803 		ands	r3, r3, #56
 285 0072 5AD0     		beq	.L50
 286 0074 182B     		cmp	r3, #24
 287 0076 55D0     		beq	.L147
 288              	.L51:
ARM GAS  C:\Users\aticl\AppData\Local\Temp\ccr7WNk3.s 			page 6


 289 0078 E368     		ldr	r3, [r4, #12]
 290 007a 002B     		cmp	r3, #0
 291 007c 00F0DE80 		beq	.L57
 292 0080 7849     		ldr	r1, .L166
 293 0082 0A68     		ldr	r2, [r1]
 294 0084 22F01902 		bic	r2, r2, #25
 295 0088 1343     		orrs	r3, r3, r2
 296 008a 0B60     		str	r3, [r1]
 297 008c FFF7FEFF 		bl	HAL_GetTick
 298 0090 0546     		mov	r5, r0
 299              	.L58:
 300 0092 744B     		ldr	r3, .L166
 301 0094 1B68     		ldr	r3, [r3]
 302 0096 13F0040F 		tst	r3, #4
 303 009a 40F0AD80 		bne	.L148
 304 009e FFF7FEFF 		bl	HAL_GetTick
 305 00a2 401B     		subs	r0, r0, r5
 306 00a4 0228     		cmp	r0, #2
 307 00a6 F4D9     		bls	.L58
 308 00a8 0320     		movs	r0, #3
 309 00aa EEE2     		b	.L36
 310              	.L145:
 311 00ac 6D4A     		ldr	r2, .L166
 312 00ae 1368     		ldr	r3, [r2]
 313 00b0 43F48033 		orr	r3, r3, #65536
 314 00b4 1360     		str	r3, [r2]
 315              	.L41:
 316 00b6 6368     		ldr	r3, [r4, #4]
 317 00b8 2BB3     		cbz	r3, .L44
 318 00ba FFF7FEFF 		bl	HAL_GetTick
 319 00be 0546     		mov	r5, r0
 320              	.L45:
 321 00c0 684B     		ldr	r3, .L166
 322 00c2 1B68     		ldr	r3, [r3]
 323 00c4 13F4003F 		tst	r3, #131072
 324 00c8 C9D1     		bne	.L37
 325 00ca FFF7FEFF 		bl	HAL_GetTick
 326 00ce 401B     		subs	r0, r0, r5
 327 00d0 6428     		cmp	r0, #100
 328 00d2 F5D9     		bls	.L45
 329 00d4 0320     		movs	r0, #3
 330 00d6 D8E2     		b	.L36
 331              	.L42:
 332 00d8 B3F5A02F 		cmp	r3, #327680
 333 00dc 09D0     		beq	.L149
 334 00de 614B     		ldr	r3, .L166
 335 00e0 1A68     		ldr	r2, [r3]
 336 00e2 22F48032 		bic	r2, r2, #65536
 337 00e6 1A60     		str	r2, [r3]
 338 00e8 1A68     		ldr	r2, [r3]
 339 00ea 22F48022 		bic	r2, r2, #262144
 340 00ee 1A60     		str	r2, [r3]
 341 00f0 E1E7     		b	.L41
 342              	.L149:
 343 00f2 5C4B     		ldr	r3, .L166
 344 00f4 1A68     		ldr	r2, [r3]
 345 00f6 42F48022 		orr	r2, r2, #262144
ARM GAS  C:\Users\aticl\AppData\Local\Temp\ccr7WNk3.s 			page 7


 346 00fa 1A60     		str	r2, [r3]
 347 00fc 1A68     		ldr	r2, [r3]
 348 00fe 42F48032 		orr	r2, r2, #65536
 349 0102 1A60     		str	r2, [r3]
 350 0104 D7E7     		b	.L41
 351              	.L44:
 352 0106 FFF7FEFF 		bl	HAL_GetTick
 353 010a 0546     		mov	r5, r0
 354              	.L47:
 355 010c 554B     		ldr	r3, .L166
 356 010e 1B68     		ldr	r3, [r3]
 357 0110 13F4003F 		tst	r3, #131072
 358 0114 A3D0     		beq	.L37
 359 0116 FFF7FEFF 		bl	HAL_GetTick
 360 011a 401B     		subs	r0, r0, r5
 361 011c 6428     		cmp	r0, #100
 362 011e F5D9     		bls	.L47
 363 0120 0320     		movs	r0, #3
 364 0122 B2E2     		b	.L36
 365              	.L147:
 366 0124 12F0030F 		tst	r2, #3
 367 0128 A6D1     		bne	.L51
 368              	.L50:
 369 012a 4E4B     		ldr	r3, .L166
 370 012c 1B68     		ldr	r3, [r3]
 371 012e 13F0040F 		tst	r3, #4
 372 0132 03D0     		beq	.L52
 373 0134 E368     		ldr	r3, [r4, #12]
 374 0136 002B     		cmp	r3, #0
 375 0138 00F0A282 		beq	.L114
 376              	.L52:
 377 013c 494A     		ldr	r2, .L166
 378 013e 1368     		ldr	r3, [r2]
 379 0140 23F01903 		bic	r3, r3, #25
 380 0144 E168     		ldr	r1, [r4, #12]
 381 0146 0B43     		orrs	r3, r3, r1
 382 0148 1360     		str	r3, [r2]
 383 014a FFF7FEFF 		bl	HAL_GetTick
 384 014e 0546     		mov	r5, r0
 385              	.L53:
 386 0150 444B     		ldr	r3, .L166
 387 0152 1B68     		ldr	r3, [r3]
 388 0154 13F0040F 		tst	r3, #4
 389 0158 06D1     		bne	.L150
 390 015a FFF7FEFF 		bl	HAL_GetTick
 391 015e 401B     		subs	r0, r0, r5
 392 0160 0228     		cmp	r0, #2
 393 0162 F5D9     		bls	.L53
 394 0164 0320     		movs	r0, #3
 395 0166 90E2     		b	.L36
 396              	.L150:
 397 0168 FFF7FEFF 		bl	HAL_GetREVID
 398 016c 41F20303 		movw	r3, #4099
 399 0170 9842     		cmp	r0, r3
 400 0172 12D8     		bhi	.L55
 401 0174 2269     		ldr	r2, [r4, #16]
 402 0176 402A     		cmp	r2, #64
ARM GAS  C:\Users\aticl\AppData\Local\Temp\ccr7WNk3.s 			page 8


 403 0178 07D0     		beq	.L151
 404 017a 3A49     		ldr	r1, .L166
 405 017c 4B68     		ldr	r3, [r1, #4]
 406 017e 23F47C33 		bic	r3, r3, #258048
 407 0182 43EA0233 		orr	r3, r3, r2, lsl #12
 408 0186 4B60     		str	r3, [r1, #4]
 409 0188 0FE0     		b	.L49
 410              	.L151:
 411 018a 364A     		ldr	r2, .L166
 412 018c 5368     		ldr	r3, [r2, #4]
 413 018e 23F47C33 		bic	r3, r3, #258048
 414 0192 43F40033 		orr	r3, r3, #131072
 415 0196 5360     		str	r3, [r2, #4]
 416 0198 07E0     		b	.L49
 417              	.L55:
 418 019a 324A     		ldr	r2, .L166
 419 019c 5368     		ldr	r3, [r2, #4]
 420 019e 23F0FE43 		bic	r3, r3, #2130706432
 421 01a2 2169     		ldr	r1, [r4, #16]
 422 01a4 43EA0163 		orr	r3, r3, r1, lsl #24
 423 01a8 5360     		str	r3, [r2, #4]
 424              	.L49:
 425 01aa 2368     		ldr	r3, [r4]
 426 01ac 13F0100F 		tst	r3, #16
 427 01b0 00F08880 		beq	.L64
 428 01b4 2B4A     		ldr	r2, .L166
 429 01b6 1369     		ldr	r3, [r2, #16]
 430 01b8 03F03803 		and	r3, r3, #56
 431 01bc 926A     		ldr	r2, [r2, #40]
 432 01be 082B     		cmp	r3, #8
 433 01c0 56D0     		beq	.L65
 434 01c2 182B     		cmp	r3, #24
 435 01c4 50D0     		beq	.L152
 436              	.L66:
 437 01c6 E369     		ldr	r3, [r4, #28]
 438 01c8 002B     		cmp	r3, #0
 439 01ca 00F0B880 		beq	.L70
 440 01ce 254A     		ldr	r2, .L166
 441 01d0 1368     		ldr	r3, [r2]
 442 01d2 43F08003 		orr	r3, r3, #128
 443 01d6 1360     		str	r3, [r2]
 444 01d8 FFF7FEFF 		bl	HAL_GetTick
 445 01dc 0546     		mov	r5, r0
 446              	.L71:
 447 01de 214B     		ldr	r3, .L166
 448 01e0 1B68     		ldr	r3, [r3]
 449 01e2 13F4807F 		tst	r3, #256
 450 01e6 40F08880 		bne	.L153
 451 01ea FFF7FEFF 		bl	HAL_GetTick
 452 01ee 401B     		subs	r0, r0, r5
 453 01f0 0228     		cmp	r0, #2
 454 01f2 F4D9     		bls	.L71
 455 01f4 0320     		movs	r0, #3
 456 01f6 48E2     		b	.L36
 457              	.L148:
 458 01f8 FFF7FEFF 		bl	HAL_GetREVID
 459 01fc 41F20303 		movw	r3, #4099
ARM GAS  C:\Users\aticl\AppData\Local\Temp\ccr7WNk3.s 			page 9


 460 0200 9842     		cmp	r0, r3
 461 0202 12D8     		bhi	.L60
 462 0204 2269     		ldr	r2, [r4, #16]
 463 0206 402A     		cmp	r2, #64
 464 0208 07D0     		beq	.L154
 465 020a 1649     		ldr	r1, .L166
 466 020c 4B68     		ldr	r3, [r1, #4]
 467 020e 23F47C33 		bic	r3, r3, #258048
 468 0212 43EA0233 		orr	r3, r3, r2, lsl #12
 469 0216 4B60     		str	r3, [r1, #4]
 470 0218 C7E7     		b	.L49
 471              	.L154:
 472 021a 124A     		ldr	r2, .L166
 473 021c 5368     		ldr	r3, [r2, #4]
 474 021e 23F47C33 		bic	r3, r3, #258048
 475 0222 43F40033 		orr	r3, r3, #131072
 476 0226 5360     		str	r3, [r2, #4]
 477 0228 BFE7     		b	.L49
 478              	.L60:
 479 022a 0E4A     		ldr	r2, .L166
 480 022c 5368     		ldr	r3, [r2, #4]
 481 022e 23F0FE43 		bic	r3, r3, #2130706432
 482 0232 2169     		ldr	r1, [r4, #16]
 483 0234 43EA0163 		orr	r3, r3, r1, lsl #24
 484 0238 5360     		str	r3, [r2, #4]
 485 023a B6E7     		b	.L49
 486              	.L57:
 487 023c 094A     		ldr	r2, .L166
 488 023e 1368     		ldr	r3, [r2]
 489 0240 23F00103 		bic	r3, r3, #1
 490 0244 1360     		str	r3, [r2]
 491 0246 FFF7FEFF 		bl	HAL_GetTick
 492 024a 0546     		mov	r5, r0
 493              	.L62:
 494 024c 054B     		ldr	r3, .L166
 495 024e 1B68     		ldr	r3, [r3]
 496 0250 13F0040F 		tst	r3, #4
 497 0254 A9D0     		beq	.L49
 498 0256 FFF7FEFF 		bl	HAL_GetTick
 499 025a 401B     		subs	r0, r0, r5
 500 025c 0228     		cmp	r0, #2
 501 025e F5D9     		bls	.L62
 502 0260 0320     		movs	r0, #3
 503 0262 12E2     		b	.L36
 504              	.L167:
 505              		.align	2
 506              	.L166:
 507 0264 00440258 		.word	1476543488
 508              	.L152:
 509 0268 02F00302 		and	r2, r2, #3
 510 026c 012A     		cmp	r2, #1
 511 026e AAD1     		bne	.L66
 512              	.L65:
 513 0270 A14B     		ldr	r3, .L168
 514 0272 1B68     		ldr	r3, [r3]
 515 0274 13F4807F 		tst	r3, #256
 516 0278 03D0     		beq	.L67
ARM GAS  C:\Users\aticl\AppData\Local\Temp\ccr7WNk3.s 			page 10


 517 027a E369     		ldr	r3, [r4, #28]
 518 027c 802B     		cmp	r3, #128
 519 027e 40F00182 		bne	.L118
 520              	.L67:
 521 0282 FFF7FEFF 		bl	HAL_GetREVID
 522 0286 41F20303 		movw	r3, #4099
 523 028a 9842     		cmp	r0, r3
 524 028c 12D8     		bhi	.L68
 525 028e 226A     		ldr	r2, [r4, #32]
 526 0290 202A     		cmp	r2, #32
 527 0292 07D0     		beq	.L155
 528 0294 9849     		ldr	r1, .L168
 529 0296 4B68     		ldr	r3, [r1, #4]
 530 0298 23F0F843 		bic	r3, r3, #2080374784
 531 029c 43EA8263 		orr	r3, r3, r2, lsl #26
 532 02a0 4B60     		str	r3, [r1, #4]
 533 02a2 0FE0     		b	.L64
 534              	.L155:
 535 02a4 944A     		ldr	r2, .L168
 536 02a6 5368     		ldr	r3, [r2, #4]
 537 02a8 23F0F843 		bic	r3, r3, #2080374784
 538 02ac 43F08043 		orr	r3, r3, #1073741824
 539 02b0 5360     		str	r3, [r2, #4]
 540 02b2 07E0     		b	.L64
 541              	.L68:
 542 02b4 904A     		ldr	r2, .L168
 543 02b6 D368     		ldr	r3, [r2, #12]
 544 02b8 23F07C53 		bic	r3, r3, #1056964608
 545 02bc 216A     		ldr	r1, [r4, #32]
 546 02be 43EA0163 		orr	r3, r3, r1, lsl #24
 547 02c2 D360     		str	r3, [r2, #12]
 548              	.L64:
 549 02c4 2368     		ldr	r3, [r4]
 550 02c6 13F0080F 		tst	r3, #8
 551 02ca 60D0     		beq	.L77
 552 02cc 6369     		ldr	r3, [r4, #20]
 553 02ce 002B     		cmp	r3, #0
 554 02d0 49D0     		beq	.L78
 555 02d2 894A     		ldr	r2, .L168
 556 02d4 536F     		ldr	r3, [r2, #116]
 557 02d6 43F00103 		orr	r3, r3, #1
 558 02da 5367     		str	r3, [r2, #116]
 559 02dc FFF7FEFF 		bl	HAL_GetTick
 560 02e0 0546     		mov	r5, r0
 561              	.L79:
 562 02e2 854B     		ldr	r3, .L168
 563 02e4 5B6F     		ldr	r3, [r3, #116]
 564 02e6 13F0020F 		tst	r3, #2
 565 02ea 50D1     		bne	.L77
 566 02ec FFF7FEFF 		bl	HAL_GetTick
 567 02f0 401B     		subs	r0, r0, r5
 568 02f2 0228     		cmp	r0, #2
 569 02f4 F5D9     		bls	.L79
 570 02f6 0320     		movs	r0, #3
 571 02f8 C7E1     		b	.L36
 572              	.L153:
 573 02fa FFF7FEFF 		bl	HAL_GetREVID
ARM GAS  C:\Users\aticl\AppData\Local\Temp\ccr7WNk3.s 			page 11


 574 02fe 41F20303 		movw	r3, #4099
 575 0302 9842     		cmp	r0, r3
 576 0304 12D8     		bhi	.L73
 577 0306 226A     		ldr	r2, [r4, #32]
 578 0308 202A     		cmp	r2, #32
 579 030a 07D0     		beq	.L156
 580 030c 7A49     		ldr	r1, .L168
 581 030e 4B68     		ldr	r3, [r1, #4]
 582 0310 23F0F843 		bic	r3, r3, #2080374784
 583 0314 43EA8263 		orr	r3, r3, r2, lsl #26
 584 0318 4B60     		str	r3, [r1, #4]
 585 031a D3E7     		b	.L64
 586              	.L156:
 587 031c 764A     		ldr	r2, .L168
 588 031e 5368     		ldr	r3, [r2, #4]
 589 0320 23F0F843 		bic	r3, r3, #2080374784
 590 0324 43F08043 		orr	r3, r3, #1073741824
 591 0328 5360     		str	r3, [r2, #4]
 592 032a CBE7     		b	.L64
 593              	.L73:
 594 032c 724A     		ldr	r2, .L168
 595 032e D368     		ldr	r3, [r2, #12]
 596 0330 23F07C53 		bic	r3, r3, #1056964608
 597 0334 216A     		ldr	r1, [r4, #32]
 598 0336 43EA0163 		orr	r3, r3, r1, lsl #24
 599 033a D360     		str	r3, [r2, #12]
 600 033c C2E7     		b	.L64
 601              	.L70:
 602 033e 6E4A     		ldr	r2, .L168
 603 0340 1368     		ldr	r3, [r2]
 604 0342 23F08003 		bic	r3, r3, #128
 605 0346 1360     		str	r3, [r2]
 606 0348 FFF7FEFF 		bl	HAL_GetTick
 607 034c 0546     		mov	r5, r0
 608              	.L75:
 609 034e 6A4B     		ldr	r3, .L168
 610 0350 1B68     		ldr	r3, [r3]
 611 0352 13F4807F 		tst	r3, #256
 612 0356 B5D0     		beq	.L64
 613 0358 FFF7FEFF 		bl	HAL_GetTick
 614 035c 401B     		subs	r0, r0, r5
 615 035e 0228     		cmp	r0, #2
 616 0360 F5D9     		bls	.L75
 617 0362 0320     		movs	r0, #3
 618 0364 91E1     		b	.L36
 619              	.L78:
 620 0366 644A     		ldr	r2, .L168
 621 0368 536F     		ldr	r3, [r2, #116]
 622 036a 23F00103 		bic	r3, r3, #1
 623 036e 5367     		str	r3, [r2, #116]
 624 0370 FFF7FEFF 		bl	HAL_GetTick
 625 0374 0546     		mov	r5, r0
 626              	.L81:
 627 0376 604B     		ldr	r3, .L168
 628 0378 5B6F     		ldr	r3, [r3, #116]
 629 037a 13F0020F 		tst	r3, #2
 630 037e 06D0     		beq	.L77
ARM GAS  C:\Users\aticl\AppData\Local\Temp\ccr7WNk3.s 			page 12


 631 0380 FFF7FEFF 		bl	HAL_GetTick
 632 0384 401B     		subs	r0, r0, r5
 633 0386 0228     		cmp	r0, #2
 634 0388 F5D9     		bls	.L81
 635 038a 0320     		movs	r0, #3
 636 038c 7DE1     		b	.L36
 637              	.L77:
 638 038e 2368     		ldr	r3, [r4]
 639 0390 13F0200F 		tst	r3, #32
 640 0394 29D0     		beq	.L83
 641 0396 A369     		ldr	r3, [r4, #24]
 642 0398 9BB1     		cbz	r3, .L84
 643 039a 574A     		ldr	r2, .L168
 644 039c 1368     		ldr	r3, [r2]
 645 039e 43F48053 		orr	r3, r3, #4096
 646 03a2 1360     		str	r3, [r2]
 647 03a4 FFF7FEFF 		bl	HAL_GetTick
 648 03a8 0546     		mov	r5, r0
 649              	.L85:
 650 03aa 534B     		ldr	r3, .L168
 651 03ac 1B68     		ldr	r3, [r3]
 652 03ae 13F4005F 		tst	r3, #8192
 653 03b2 1AD1     		bne	.L83
 654 03b4 FFF7FEFF 		bl	HAL_GetTick
 655 03b8 401B     		subs	r0, r0, r5
 656 03ba 0228     		cmp	r0, #2
 657 03bc F5D9     		bls	.L85
 658 03be 0320     		movs	r0, #3
 659 03c0 63E1     		b	.L36
 660              	.L84:
 661 03c2 4D4A     		ldr	r2, .L168
 662 03c4 1368     		ldr	r3, [r2]
 663 03c6 23F48053 		bic	r3, r3, #4096
 664 03ca 1360     		str	r3, [r2]
 665 03cc FFF7FEFF 		bl	HAL_GetTick
 666 03d0 0546     		mov	r5, r0
 667              	.L87:
 668 03d2 494B     		ldr	r3, .L168
 669 03d4 1B68     		ldr	r3, [r3]
 670 03d6 13F4005F 		tst	r3, #8192
 671 03da 06D0     		beq	.L83
 672 03dc FFF7FEFF 		bl	HAL_GetTick
 673 03e0 401B     		subs	r0, r0, r5
 674 03e2 0228     		cmp	r0, #2
 675 03e4 F5D9     		bls	.L87
 676 03e6 0320     		movs	r0, #3
 677 03e8 4FE1     		b	.L36
 678              	.L83:
 679 03ea 2368     		ldr	r3, [r4]
 680 03ec 13F0040F 		tst	r3, #4
 681 03f0 21D1     		bne	.L157
 682              	.L89:
 683 03f2 636A     		ldr	r3, [r4, #36]
 684 03f4 002B     		cmp	r3, #0
 685 03f6 00F04781 		beq	.L128
 686 03fa 3F4A     		ldr	r2, .L168
 687 03fc 1269     		ldr	r2, [r2, #16]
ARM GAS  C:\Users\aticl\AppData\Local\Temp\ccr7WNk3.s 			page 13


 688 03fe 02F03802 		and	r2, r2, #56
 689 0402 182A     		cmp	r2, #24
 690 0404 00F0EE80 		beq	.L101
 691 0408 022B     		cmp	r3, #2
 692 040a 79D0     		beq	.L158
 693 040c 3A4A     		ldr	r2, .L168
 694 040e 1368     		ldr	r3, [r2]
 695 0410 23F08073 		bic	r3, r3, #16777216
 696 0414 1360     		str	r3, [r2]
 697 0416 FFF7FEFF 		bl	HAL_GetTick
 698 041a 0446     		mov	r4, r0
 699              	.L107:
 700 041c 364B     		ldr	r3, .L168
 701 041e 1B68     		ldr	r3, [r3]
 702 0420 13F0007F 		tst	r3, #33554432
 703 0424 00F0DC80 		beq	.L159
 704 0428 FFF7FEFF 		bl	HAL_GetTick
 705 042c 001B     		subs	r0, r0, r4
 706 042e 0228     		cmp	r0, #2
 707 0430 F4D9     		bls	.L107
 708 0432 0320     		movs	r0, #3
 709 0434 29E1     		b	.L36
 710              	.L157:
 711 0436 314A     		ldr	r2, .L168+4
 712 0438 1368     		ldr	r3, [r2]
 713 043a 43F48073 		orr	r3, r3, #256
 714 043e 1360     		str	r3, [r2]
 715 0440 FFF7FEFF 		bl	HAL_GetTick
 716 0444 0546     		mov	r5, r0
 717              	.L90:
 718 0446 2D4B     		ldr	r3, .L168+4
 719 0448 1B68     		ldr	r3, [r3]
 720 044a 13F4807F 		tst	r3, #256
 721 044e 06D1     		bne	.L160
 722 0450 FFF7FEFF 		bl	HAL_GetTick
 723 0454 401B     		subs	r0, r0, r5
 724 0456 6428     		cmp	r0, #100
 725 0458 F5D9     		bls	.L90
 726 045a 0320     		movs	r0, #3
 727 045c 15E1     		b	.L36
 728              	.L160:
 729 045e A368     		ldr	r3, [r4, #8]
 730 0460 012B     		cmp	r3, #1
 731 0462 0AD0     		beq	.L161
 732 0464 0BBB     		cbnz	r3, .L94
 733 0466 244B     		ldr	r3, .L168
 734 0468 1A6F     		ldr	r2, [r3, #112]
 735 046a 22F00102 		bic	r2, r2, #1
 736 046e 1A67     		str	r2, [r3, #112]
 737 0470 1A6F     		ldr	r2, [r3, #112]
 738 0472 22F00402 		bic	r2, r2, #4
 739 0476 1A67     		str	r2, [r3, #112]
 740 0478 04E0     		b	.L93
 741              	.L161:
 742 047a 1F4A     		ldr	r2, .L168
 743 047c 136F     		ldr	r3, [r2, #112]
 744 047e 43F00103 		orr	r3, r3, #1
ARM GAS  C:\Users\aticl\AppData\Local\Temp\ccr7WNk3.s 			page 14


 745 0482 1367     		str	r3, [r2, #112]
 746              	.L93:
 747 0484 A368     		ldr	r3, [r4, #8]
 748 0486 33B3     		cbz	r3, .L96
 749 0488 FFF7FEFF 		bl	HAL_GetTick
 750 048c 0546     		mov	r5, r0
 751              	.L97:
 752 048e 1A4B     		ldr	r3, .L168
 753 0490 1B6F     		ldr	r3, [r3, #112]
 754 0492 13F0020F 		tst	r3, #2
 755 0496 ACD1     		bne	.L89
 756 0498 FFF7FEFF 		bl	HAL_GetTick
 757 049c 401B     		subs	r0, r0, r5
 758 049e 41F28833 		movw	r3, #5000
 759 04a2 9842     		cmp	r0, r3
 760 04a4 F3D9     		bls	.L97
 761 04a6 0320     		movs	r0, #3
 762 04a8 EFE0     		b	.L36
 763              	.L94:
 764 04aa 052B     		cmp	r3, #5
 765 04ac 09D0     		beq	.L162
 766 04ae 124B     		ldr	r3, .L168
 767 04b0 1A6F     		ldr	r2, [r3, #112]
 768 04b2 22F00102 		bic	r2, r2, #1
 769 04b6 1A67     		str	r2, [r3, #112]
 770 04b8 1A6F     		ldr	r2, [r3, #112]
 771 04ba 22F00402 		bic	r2, r2, #4
 772 04be 1A67     		str	r2, [r3, #112]
 773 04c0 E0E7     		b	.L93
 774              	.L162:
 775 04c2 0D4B     		ldr	r3, .L168
 776 04c4 1A6F     		ldr	r2, [r3, #112]
 777 04c6 42F00402 		orr	r2, r2, #4
 778 04ca 1A67     		str	r2, [r3, #112]
 779 04cc 1A6F     		ldr	r2, [r3, #112]
 780 04ce 42F00102 		orr	r2, r2, #1
 781 04d2 1A67     		str	r2, [r3, #112]
 782 04d4 D6E7     		b	.L93
 783              	.L96:
 784 04d6 FFF7FEFF 		bl	HAL_GetTick
 785 04da 0546     		mov	r5, r0
 786              	.L99:
 787 04dc 064B     		ldr	r3, .L168
 788 04de 1B6F     		ldr	r3, [r3, #112]
 789 04e0 13F0020F 		tst	r3, #2
 790 04e4 85D0     		beq	.L89
 791 04e6 FFF7FEFF 		bl	HAL_GetTick
 792 04ea 401B     		subs	r0, r0, r5
 793 04ec 41F28833 		movw	r3, #5000
 794 04f0 9842     		cmp	r0, r3
 795 04f2 F3D9     		bls	.L99
 796 04f4 0320     		movs	r0, #3
 797 04f6 C8E0     		b	.L36
 798              	.L169:
 799              		.align	2
 800              	.L168:
 801 04f8 00440258 		.word	1476543488
ARM GAS  C:\Users\aticl\AppData\Local\Temp\ccr7WNk3.s 			page 15


 802 04fc 00480258 		.word	1476544512
 803              	.L158:
 804 0500 694A     		ldr	r2, .L170
 805 0502 1368     		ldr	r3, [r2]
 806 0504 23F08073 		bic	r3, r3, #16777216
 807 0508 1360     		str	r3, [r2]
 808 050a FFF7FEFF 		bl	HAL_GetTick
 809 050e 0546     		mov	r5, r0
 810              	.L103:
 811 0510 654B     		ldr	r3, .L170
 812 0512 1B68     		ldr	r3, [r3]
 813 0514 13F0007F 		tst	r3, #33554432
 814 0518 06D0     		beq	.L163
 815 051a FFF7FEFF 		bl	HAL_GetTick
 816 051e 401B     		subs	r0, r0, r5
 817 0520 0228     		cmp	r0, #2
 818 0522 F5D9     		bls	.L103
 819 0524 0320     		movs	r0, #3
 820 0526 B0E0     		b	.L36
 821              	.L163:
 822 0528 5F4B     		ldr	r3, .L170
 823 052a 996A     		ldr	r1, [r3, #40]
 824 052c 5F4A     		ldr	r2, .L170+4
 825 052e 0A40     		ands	r2, r2, r1
 826 0530 A16A     		ldr	r1, [r4, #40]
 827 0532 E06A     		ldr	r0, [r4, #44]
 828 0534 41EA0011 		orr	r1, r1, r0, lsl #4
 829 0538 0A43     		orrs	r2, r2, r1
 830 053a 9A62     		str	r2, [r3, #40]
 831 053c 226B     		ldr	r2, [r4, #48]
 832 053e 013A     		subs	r2, r2, #1
 833 0540 C2F30802 		ubfx	r2, r2, #0, #9
 834 0544 616B     		ldr	r1, [r4, #52]
 835 0546 0139     		subs	r1, r1, #1
 836 0548 4902     		lsls	r1, r1, #9
 837 054a 89B2     		uxth	r1, r1
 838 054c 0A43     		orrs	r2, r2, r1
 839 054e A16B     		ldr	r1, [r4, #56]
 840 0550 0139     		subs	r1, r1, #1
 841 0552 0904     		lsls	r1, r1, #16
 842 0554 01F4FE01 		and	r1, r1, #8323072
 843 0558 0A43     		orrs	r2, r2, r1
 844 055a E16B     		ldr	r1, [r4, #60]
 845 055c 0139     		subs	r1, r1, #1
 846 055e 0906     		lsls	r1, r1, #24
 847 0560 01F0FE41 		and	r1, r1, #2130706432
 848 0564 0A43     		orrs	r2, r2, r1
 849 0566 1A63     		str	r2, [r3, #48]
 850 0568 DA6A     		ldr	r2, [r3, #44]
 851 056a 22F00102 		bic	r2, r2, #1
 852 056e DA62     		str	r2, [r3, #44]
 853 0570 5A6B     		ldr	r2, [r3, #52]
 854 0572 6FF3CF02 		bfc	r2, #3, #13
 855 0576 A16C     		ldr	r1, [r4, #72]
 856 0578 42EAC102 		orr	r2, r2, r1, lsl #3
 857 057c 5A63     		str	r2, [r3, #52]
 858 057e DA6A     		ldr	r2, [r3, #44]
ARM GAS  C:\Users\aticl\AppData\Local\Temp\ccr7WNk3.s 			page 16


 859 0580 22F00C02 		bic	r2, r2, #12
 860 0584 216C     		ldr	r1, [r4, #64]
 861 0586 0A43     		orrs	r2, r2, r1
 862 0588 DA62     		str	r2, [r3, #44]
 863 058a DA6A     		ldr	r2, [r3, #44]
 864 058c 22F00202 		bic	r2, r2, #2
 865 0590 616C     		ldr	r1, [r4, #68]
 866 0592 0A43     		orrs	r2, r2, r1
 867 0594 DA62     		str	r2, [r3, #44]
 868 0596 DA6A     		ldr	r2, [r3, #44]
 869 0598 42F48032 		orr	r2, r2, #65536
 870 059c DA62     		str	r2, [r3, #44]
 871 059e DA6A     		ldr	r2, [r3, #44]
 872 05a0 42F40032 		orr	r2, r2, #131072
 873 05a4 DA62     		str	r2, [r3, #44]
 874 05a6 DA6A     		ldr	r2, [r3, #44]
 875 05a8 42F48022 		orr	r2, r2, #262144
 876 05ac DA62     		str	r2, [r3, #44]
 877 05ae DA6A     		ldr	r2, [r3, #44]
 878 05b0 42F00102 		orr	r2, r2, #1
 879 05b4 DA62     		str	r2, [r3, #44]
 880 05b6 1A68     		ldr	r2, [r3]
 881 05b8 42F08072 		orr	r2, r2, #16777216
 882 05bc 1A60     		str	r2, [r3]
 883 05be FFF7FEFF 		bl	HAL_GetTick
 884 05c2 0446     		mov	r4, r0
 885              	.L105:
 886 05c4 384B     		ldr	r3, .L170
 887 05c6 1B68     		ldr	r3, [r3]
 888 05c8 13F0007F 		tst	r3, #33554432
 889 05cc 06D1     		bne	.L164
 890 05ce FFF7FEFF 		bl	HAL_GetTick
 891 05d2 001B     		subs	r0, r0, r4
 892 05d4 0228     		cmp	r0, #2
 893 05d6 F5D9     		bls	.L105
 894 05d8 0320     		movs	r0, #3
 895 05da 56E0     		b	.L36
 896              	.L164:
 897 05dc 0020     		movs	r0, #0
 898 05de 54E0     		b	.L36
 899              	.L159:
 900 05e0 0020     		movs	r0, #0
 901 05e2 52E0     		b	.L36
 902              	.L101:
 903 05e4 304A     		ldr	r2, .L170
 904 05e6 916A     		ldr	r1, [r2, #40]
 905 05e8 106B     		ldr	r0, [r2, #48]
 906 05ea 012B     		cmp	r3, #1
 907 05ec 4ED0     		beq	.L132
 908 05ee 01F00303 		and	r3, r1, #3
 909 05f2 A26A     		ldr	r2, [r4, #40]
 910 05f4 9342     		cmp	r3, r2
 911 05f6 4BD1     		bne	.L133
 912 05f8 C1F30511 		ubfx	r1, r1, #4, #6
 913 05fc E36A     		ldr	r3, [r4, #44]
 914 05fe 9942     		cmp	r1, r3
 915 0600 48D1     		bne	.L134
ARM GAS  C:\Users\aticl\AppData\Local\Temp\ccr7WNk3.s 			page 17


 916 0602 C0F30802 		ubfx	r2, r0, #0, #9
 917 0606 236B     		ldr	r3, [r4, #48]
 918 0608 013B     		subs	r3, r3, #1
 919 060a 9A42     		cmp	r2, r3
 920 060c 44D1     		bne	.L135
 921 060e C0F34622 		ubfx	r2, r0, #9, #7
 922 0612 636B     		ldr	r3, [r4, #52]
 923 0614 013B     		subs	r3, r3, #1
 924 0616 9A42     		cmp	r2, r3
 925 0618 40D1     		bne	.L136
 926 061a C0F30642 		ubfx	r2, r0, #16, #7
 927 061e A36B     		ldr	r3, [r4, #56]
 928 0620 013B     		subs	r3, r3, #1
 929 0622 9A42     		cmp	r2, r3
 930 0624 3CD1     		bne	.L137
 931 0626 C0F30660 		ubfx	r0, r0, #24, #7
 932 062a E36B     		ldr	r3, [r4, #60]
 933 062c 013B     		subs	r3, r3, #1
 934 062e 9842     		cmp	r0, r3
 935 0630 38D1     		bne	.L138
 936 0632 1D4B     		ldr	r3, .L170
 937 0634 5B6B     		ldr	r3, [r3, #52]
 938 0636 C3F3CC03 		ubfx	r3, r3, #3, #13
 939 063a A26C     		ldr	r2, [r4, #72]
 940 063c 9A42     		cmp	r2, r3
 941 063e 01D1     		bne	.L165
 942 0640 0020     		movs	r0, #0
 943 0642 22E0     		b	.L36
 944              	.L165:
 945 0644 184A     		ldr	r2, .L170
 946 0646 D36A     		ldr	r3, [r2, #44]
 947 0648 23F00103 		bic	r3, r3, #1
 948 064c D362     		str	r3, [r2, #44]
 949 064e FFF7FEFF 		bl	HAL_GetTick
 950 0652 0546     		mov	r5, r0
 951              	.L109:
 952 0654 FFF7FEFF 		bl	HAL_GetTick
 953 0658 A842     		cmp	r0, r5
 954 065a FBD0     		beq	.L109
 955 065c 124A     		ldr	r2, .L170
 956 065e 536B     		ldr	r3, [r2, #52]
 957 0660 6FF3CF03 		bfc	r3, #3, #13
 958 0664 A16C     		ldr	r1, [r4, #72]
 959 0666 43EAC103 		orr	r3, r3, r1, lsl #3
 960 066a 5363     		str	r3, [r2, #52]
 961 066c D36A     		ldr	r3, [r2, #44]
 962 066e 43F00103 		orr	r3, r3, #1
 963 0672 D362     		str	r3, [r2, #44]
 964 0674 0020     		movs	r0, #0
 965 0676 08E0     		b	.L36
 966              	.L110:
 967 0678 0120     		movs	r0, #1
 968 067a 7047     		bx	lr
 969              	.L146:
 970 067c 0120     		movs	r0, #1
 971 067e 04E0     		b	.L36
 972              	.L114:
ARM GAS  C:\Users\aticl\AppData\Local\Temp\ccr7WNk3.s 			page 18


 973 0680 0120     		movs	r0, #1
 974 0682 02E0     		b	.L36
 975              	.L118:
 976 0684 0120     		movs	r0, #1
 977 0686 00E0     		b	.L36
 978              	.L128:
 979 0688 0020     		movs	r0, #0
 980              	.L36:
 981 068a 38BD     		pop	{r3, r4, r5, pc}
 982              	.L132:
 983 068c 0120     		movs	r0, #1
 984 068e FCE7     		b	.L36
 985              	.L133:
 986 0690 0120     		movs	r0, #1
 987 0692 FAE7     		b	.L36
 988              	.L134:
 989 0694 0120     		movs	r0, #1
 990 0696 F8E7     		b	.L36
 991              	.L135:
 992 0698 0120     		movs	r0, #1
 993 069a F6E7     		b	.L36
 994              	.L136:
 995 069c 0120     		movs	r0, #1
 996 069e F4E7     		b	.L36
 997              	.L137:
 998 06a0 0120     		movs	r0, #1
 999 06a2 F2E7     		b	.L36
 1000              	.L138:
 1001 06a4 0120     		movs	r0, #1
 1002 06a6 F0E7     		b	.L36
 1003              	.L171:
 1004              		.align	2
 1005              	.L170:
 1006 06a8 00440258 		.word	1476543488
 1007 06ac 0CFCFFFF 		.word	-1012
 1009              		.section	.text.HAL_RCC_MCOConfig,"ax",%progbits
 1010              		.align	1
 1011              		.global	HAL_RCC_MCOConfig
 1012              		.syntax unified
 1013              		.thumb
 1014              		.thumb_func
 1016              	HAL_RCC_MCOConfig:
 1017              		@ args = 0, pretend = 0, frame = 32
 1018              		@ frame_needed = 0, uses_anonymous_args = 0
 1019 0000 70B5     		push	{r4, r5, r6, lr}
 1020 0002 88B0     		sub	sp, sp, #32
 1021 0004 0C46     		mov	r4, r1
 1022 0006 1546     		mov	r5, r2
 1023 0008 10BB     		cbnz	r0, .L173
 1024 000a 234E     		ldr	r6, .L176
 1025 000c D6F8E030 		ldr	r3, [r6, #224]
 1026 0010 43F00103 		orr	r3, r3, #1
 1027 0014 C6F8E030 		str	r3, [r6, #224]
 1028 0018 D6F8E030 		ldr	r3, [r6, #224]
 1029 001c 03F00103 		and	r3, r3, #1
 1030 0020 0193     		str	r3, [sp, #4]
 1031 0022 019B     		ldr	r3, [sp, #4]
ARM GAS  C:\Users\aticl\AppData\Local\Temp\ccr7WNk3.s 			page 19


 1032 0024 4FF48073 		mov	r3, #256
 1033 0028 0393     		str	r3, [sp, #12]
 1034 002a 0223     		movs	r3, #2
 1035 002c 0493     		str	r3, [sp, #16]
 1036 002e 0323     		movs	r3, #3
 1037 0030 0693     		str	r3, [sp, #24]
 1038 0032 0023     		movs	r3, #0
 1039 0034 0593     		str	r3, [sp, #20]
 1040 0036 0793     		str	r3, [sp, #28]
 1041 0038 03A9     		add	r1, sp, #12
 1042 003a 1848     		ldr	r0, .L176+4
 1043 003c FFF7FEFF 		bl	HAL_GPIO_Init
 1044 0040 3369     		ldr	r3, [r6, #16]
 1045 0042 23F0FE73 		bic	r3, r3, #33292288
 1046 0046 2543     		orrs	r5, r5, r4
 1047 0048 1D43     		orrs	r5, r5, r3
 1048 004a 3561     		str	r5, [r6, #16]
 1049              	.L172:
 1050 004c 08B0     		add	sp, sp, #32
 1051              		@ sp needed
 1052 004e 70BD     		pop	{r4, r5, r6, pc}
 1053              	.L173:
 1054 0050 114E     		ldr	r6, .L176
 1055 0052 D6F8E030 		ldr	r3, [r6, #224]
 1056 0056 43F00403 		orr	r3, r3, #4
 1057 005a C6F8E030 		str	r3, [r6, #224]
 1058 005e D6F8E030 		ldr	r3, [r6, #224]
 1059 0062 03F00403 		and	r3, r3, #4
 1060 0066 0293     		str	r3, [sp, #8]
 1061 0068 029B     		ldr	r3, [sp, #8]
 1062 006a 4FF40073 		mov	r3, #512
 1063 006e 0393     		str	r3, [sp, #12]
 1064 0070 0223     		movs	r3, #2
 1065 0072 0493     		str	r3, [sp, #16]
 1066 0074 0323     		movs	r3, #3
 1067 0076 0693     		str	r3, [sp, #24]
 1068 0078 0023     		movs	r3, #0
 1069 007a 0593     		str	r3, [sp, #20]
 1070 007c 0793     		str	r3, [sp, #28]
 1071 007e 03A9     		add	r1, sp, #12
 1072 0080 0748     		ldr	r0, .L176+8
 1073 0082 FFF7FEFF 		bl	HAL_GPIO_Init
 1074 0086 3369     		ldr	r3, [r6, #16]
 1075 0088 23F07E43 		bic	r3, r3, #-33554432
 1076 008c 44EAC514 		orr	r4, r4, r5, lsl #7
 1077 0090 1C43     		orrs	r4, r4, r3
 1078 0092 3461     		str	r4, [r6, #16]
 1079 0094 DAE7     		b	.L172
 1080              	.L177:
 1081 0096 00BF     		.align	2
 1082              	.L176:
 1083 0098 00440258 		.word	1476543488
 1084 009c 00000258 		.word	1476526080
 1085 00a0 00080258 		.word	1476528128
 1087              		.section	.text.HAL_RCC_EnableCSS,"ax",%progbits
 1088              		.align	1
 1089              		.global	HAL_RCC_EnableCSS
ARM GAS  C:\Users\aticl\AppData\Local\Temp\ccr7WNk3.s 			page 20


 1090              		.syntax unified
 1091              		.thumb
 1092              		.thumb_func
 1094              	HAL_RCC_EnableCSS:
 1095              		@ args = 0, pretend = 0, frame = 0
 1096              		@ frame_needed = 0, uses_anonymous_args = 0
 1097              		@ link register save eliminated.
 1098 0000 024A     		ldr	r2, .L179
 1099 0002 1368     		ldr	r3, [r2]
 1100 0004 43F40023 		orr	r3, r3, #524288
 1101 0008 1360     		str	r3, [r2]
 1102 000a 7047     		bx	lr
 1103              	.L180:
 1104              		.align	2
 1105              	.L179:
 1106 000c 00440258 		.word	1476543488
 1108              		.section	.text.HAL_RCC_DisableCSS,"ax",%progbits
 1109              		.align	1
 1110              		.global	HAL_RCC_DisableCSS
 1111              		.syntax unified
 1112              		.thumb
 1113              		.thumb_func
 1115              	HAL_RCC_DisableCSS:
 1116              		@ args = 0, pretend = 0, frame = 0
 1117              		@ frame_needed = 0, uses_anonymous_args = 0
 1118              		@ link register save eliminated.
 1119 0000 024A     		ldr	r2, .L182
 1120 0002 1368     		ldr	r3, [r2]
 1121 0004 23F40023 		bic	r3, r3, #524288
 1122 0008 1360     		str	r3, [r2]
 1123 000a 7047     		bx	lr
 1124              	.L183:
 1125              		.align	2
 1126              	.L182:
 1127 000c 00440258 		.word	1476543488
 1129              		.section	.text.HAL_RCC_GetSysClockFreq,"ax",%progbits
 1130              		.align	1
 1131              		.global	HAL_RCC_GetSysClockFreq
 1132              		.syntax unified
 1133              		.thumb
 1134              		.thumb_func
 1136              	HAL_RCC_GetSysClockFreq:
 1137              		@ args = 0, pretend = 0, frame = 0
 1138              		@ frame_needed = 0, uses_anonymous_args = 0
 1139              		@ link register save eliminated.
 1140 0000 754B     		ldr	r3, .L198
 1141 0002 1B69     		ldr	r3, [r3, #16]
 1142 0004 03F03803 		and	r3, r3, #56
 1143 0008 102B     		cmp	r3, #16
 1144 000a 00F0DE80 		beq	.L192
 1145 000e 182B     		cmp	r3, #24
 1146 0010 0FD0     		beq	.L186
 1147 0012 002B     		cmp	r3, #0
 1148 0014 40F0DB80 		bne	.L193
 1149 0018 6F4B     		ldr	r3, .L198
 1150 001a 1B68     		ldr	r3, [r3]
 1151 001c 13F0200F 		tst	r3, #32
ARM GAS  C:\Users\aticl\AppData\Local\Temp\ccr7WNk3.s 			page 21


 1152 0020 00F0D780 		beq	.L194
 1153 0024 6C4B     		ldr	r3, .L198
 1154 0026 1B68     		ldr	r3, [r3]
 1155 0028 C3F3C103 		ubfx	r3, r3, #3, #2
 1156 002c 6B48     		ldr	r0, .L198+4
 1157 002e D840     		lsrs	r0, r0, r3
 1158 0030 7047     		bx	lr
 1159              	.L186:
 1160 0032 10B4     		push	{r4}
 1161 0034 684B     		ldr	r3, .L198
 1162 0036 9A6A     		ldr	r2, [r3, #40]
 1163 0038 02F00302 		and	r2, r2, #3
 1164 003c 9C6A     		ldr	r4, [r3, #40]
 1165 003e C4F30510 		ubfx	r0, r4, #4, #6
 1166 0042 D96A     		ldr	r1, [r3, #44]
 1167 0044 01F00101 		and	r1, r1, #1
 1168 0048 5B6B     		ldr	r3, [r3, #52]
 1169 004a C3F3CC03 		ubfx	r3, r3, #3, #13
 1170 004e 01FB03F3 		mul	r3, r1, r3
 1171 0052 07EE903A 		vmov	s15, r3	@ int
 1172 0056 F8EE677A 		vcvt.f32.u32	s15, s15
 1173 005a 14F47C7F 		tst	r4, #1008
 1174 005e 77D0     		beq	.L184
 1175 0060 012A     		cmp	r2, #1
 1176 0062 4AD0     		beq	.L187
 1177 0064 022A     		cmp	r2, #2
 1178 0066 76D0     		beq	.L188
 1179 0068 002A     		cmp	r2, #0
 1180 006a 40F09180 		bne	.L189
 1181 006e 5A4B     		ldr	r3, .L198
 1182 0070 1B68     		ldr	r3, [r3]
 1183 0072 13F0200F 		tst	r3, #32
 1184 0076 23D0     		beq	.L190
 1185 0078 5749     		ldr	r1, .L198
 1186 007a 0A68     		ldr	r2, [r1]
 1187 007c C2F3C102 		ubfx	r2, r2, #3, #2
 1188 0080 564B     		ldr	r3, .L198+4
 1189 0082 D340     		lsrs	r3, r3, r2
 1190 0084 07EE103A 		vmov	s14, r3	@ int
 1191 0088 F8EE476A 		vcvt.f32.u32	s13, s14
 1192 008c 07EE100A 		vmov	s14, r0	@ int
 1193 0090 B8EE476A 		vcvt.f32.u32	s12, s14
 1194 0094 86EE867A 		vdiv.f32	s14, s13, s12
 1195 0098 0B6B     		ldr	r3, [r1, #48]
 1196 009a C3F30803 		ubfx	r3, r3, #0, #9
 1197 009e 06EE903A 		vmov	s13, r3	@ int
 1198 00a2 F8EE666A 		vcvt.f32.u32	s13, s13
 1199 00a6 9FED4E6A 		vldr.32	s12, .L198+8
 1200 00aa 67EE867A 		vmul.f32	s15, s15, s12
 1201 00ae 76EEA77A 		vadd.f32	s15, s13, s15
 1202 00b2 F7EE006A 		vmov.f32	s13, #1.0e+0
 1203 00b6 77EEA67A 		vadd.f32	s15, s15, s13
 1204 00ba 27EE277A 		vmul.f32	s14, s14, s15
 1205 00be 38E0     		b	.L191
 1206              	.L190:
 1207 00c0 07EE100A 		vmov	s14, r0	@ int
 1208 00c4 F8EE476A 		vcvt.f32.u32	s13, s14
ARM GAS  C:\Users\aticl\AppData\Local\Temp\ccr7WNk3.s 			page 22


 1209 00c8 9FED466A 		vldr.32	s12, .L198+12
 1210 00cc 86EE267A 		vdiv.f32	s14, s12, s13
 1211 00d0 414B     		ldr	r3, .L198
 1212 00d2 1B6B     		ldr	r3, [r3, #48]
 1213 00d4 C3F30803 		ubfx	r3, r3, #0, #9
 1214 00d8 06EE903A 		vmov	s13, r3	@ int
 1215 00dc F8EE666A 		vcvt.f32.u32	s13, s13
 1216 00e0 9FED3F6A 		vldr.32	s12, .L198+8
 1217 00e4 67EE867A 		vmul.f32	s15, s15, s12
 1218 00e8 76EEA77A 		vadd.f32	s15, s13, s15
 1219 00ec F7EE006A 		vmov.f32	s13, #1.0e+0
 1220 00f0 77EEA67A 		vadd.f32	s15, s15, s13
 1221 00f4 27EE277A 		vmul.f32	s14, s14, s15
 1222 00f8 1BE0     		b	.L191
 1223              	.L187:
 1224 00fa 07EE100A 		vmov	s14, r0	@ int
 1225 00fe F8EE476A 		vcvt.f32.u32	s13, s14
 1226 0102 9FED396A 		vldr.32	s12, .L198+16
 1227 0106 86EE267A 		vdiv.f32	s14, s12, s13
 1228 010a 334B     		ldr	r3, .L198
 1229 010c 1B6B     		ldr	r3, [r3, #48]
 1230 010e C3F30803 		ubfx	r3, r3, #0, #9
 1231 0112 06EE903A 		vmov	s13, r3	@ int
 1232 0116 F8EE666A 		vcvt.f32.u32	s13, s13
 1233 011a 9FED316A 		vldr.32	s12, .L198+8
 1234 011e 67EE867A 		vmul.f32	s15, s15, s12
 1235 0122 76EEA77A 		vadd.f32	s15, s13, s15
 1236 0126 F7EE006A 		vmov.f32	s13, #1.0e+0
 1237 012a 77EEA67A 		vadd.f32	s15, s15, s13
 1238 012e 27EE277A 		vmul.f32	s14, s14, s15
 1239              	.L191:
 1240 0132 294B     		ldr	r3, .L198
 1241 0134 1B6B     		ldr	r3, [r3, #48]
 1242 0136 C3F34623 		ubfx	r3, r3, #9, #7
 1243 013a 0133     		adds	r3, r3, #1
 1244 013c 07EE903A 		vmov	s15, r3	@ int
 1245 0140 F8EE677A 		vcvt.f32.u32	s15, s15
 1246 0144 C7EE276A 		vdiv.f32	s13, s14, s15
 1247 0148 FCEEE67A 		vcvt.u32.f32	s15, s13
 1248 014c 17EE900A 		vmov	r0, s15	@ int
 1249              	.L184:
 1250 0150 5DF8044B 		ldr	r4, [sp], #4
 1251 0154 7047     		bx	lr
 1252              	.L188:
 1253 0156 07EE100A 		vmov	s14, r0	@ int
 1254 015a F8EE476A 		vcvt.f32.u32	s13, s14
 1255 015e 9FED236A 		vldr.32	s12, .L198+20
 1256 0162 86EE267A 		vdiv.f32	s14, s12, s13
 1257 0166 1C4B     		ldr	r3, .L198
 1258 0168 1B6B     		ldr	r3, [r3, #48]
 1259 016a C3F30803 		ubfx	r3, r3, #0, #9
 1260 016e 06EE903A 		vmov	s13, r3	@ int
 1261 0172 F8EE666A 		vcvt.f32.u32	s13, s13
 1262 0176 9FED1A6A 		vldr.32	s12, .L198+8
 1263 017a 67EE867A 		vmul.f32	s15, s15, s12
 1264 017e 76EEA77A 		vadd.f32	s15, s13, s15
 1265 0182 F7EE006A 		vmov.f32	s13, #1.0e+0
ARM GAS  C:\Users\aticl\AppData\Local\Temp\ccr7WNk3.s 			page 23


 1266 0186 77EEA67A 		vadd.f32	s15, s15, s13
 1267 018a 27EE277A 		vmul.f32	s14, s14, s15
 1268 018e D0E7     		b	.L191
 1269              	.L189:
 1270 0190 07EE100A 		vmov	s14, r0	@ int
 1271 0194 F8EE476A 		vcvt.f32.u32	s13, s14
 1272 0198 9FED136A 		vldr.32	s12, .L198+16
 1273 019c 86EE267A 		vdiv.f32	s14, s12, s13
 1274 01a0 0D4B     		ldr	r3, .L198
 1275 01a2 1B6B     		ldr	r3, [r3, #48]
 1276 01a4 C3F30803 		ubfx	r3, r3, #0, #9
 1277 01a8 06EE903A 		vmov	s13, r3	@ int
 1278 01ac F8EE666A 		vcvt.f32.u32	s13, s13
 1279 01b0 9FED0B6A 		vldr.32	s12, .L198+8
 1280 01b4 67EE867A 		vmul.f32	s15, s15, s12
 1281 01b8 76EEA77A 		vadd.f32	s15, s13, s15
 1282 01bc F7EE006A 		vmov.f32	s13, #1.0e+0
 1283 01c0 77EEA67A 		vadd.f32	s15, s15, s13
 1284 01c4 27EE277A 		vmul.f32	s14, s14, s15
 1285 01c8 B3E7     		b	.L191
 1286              	.L192:
 1287 01ca 0948     		ldr	r0, .L198+24
 1288 01cc 7047     		bx	lr
 1289              	.L193:
 1290 01ce 0948     		ldr	r0, .L198+28
 1291 01d0 7047     		bx	lr
 1292              	.L194:
 1293 01d2 0248     		ldr	r0, .L198+4
 1294 01d4 7047     		bx	lr
 1295              	.L199:
 1296 01d6 00BF     		.align	2
 1297              	.L198:
 1298 01d8 00440258 		.word	1476543488
 1299 01dc 0090D003 		.word	64000000
 1300 01e0 00000039 		.word	956301312
 1301 01e4 0024744C 		.word	1282679808
 1302 01e8 0024744A 		.word	1249125376
 1303 01ec 20BCBE4B 		.word	1270791200
 1304 01f0 40787D01 		.word	25000000
 1305 01f4 00093D00 		.word	4000000
 1307              		.section	.text.HAL_RCC_ClockConfig,"ax",%progbits
 1308              		.align	1
 1309              		.global	HAL_RCC_ClockConfig
 1310              		.syntax unified
 1311              		.thumb
 1312              		.thumb_func
 1314              	HAL_RCC_ClockConfig:
 1315              		@ args = 0, pretend = 0, frame = 0
 1316              		@ frame_needed = 0, uses_anonymous_args = 0
 1317 0000 0028     		cmp	r0, #0
 1318 0002 00F03281 		beq	.L221
 1319 0006 70B5     		push	{r4, r5, r6, lr}
 1320 0008 0D46     		mov	r5, r1
 1321 000a 0446     		mov	r4, r0
 1322 000c 9B4B     		ldr	r3, .L237
 1323 000e 1B68     		ldr	r3, [r3]
 1324 0010 03F00F03 		and	r3, r3, #15
ARM GAS  C:\Users\aticl\AppData\Local\Temp\ccr7WNk3.s 			page 24


 1325 0014 8B42     		cmp	r3, r1
 1326 0016 0BD2     		bcs	.L202
 1327 0018 984A     		ldr	r2, .L237
 1328 001a 1368     		ldr	r3, [r2]
 1329 001c 23F00F03 		bic	r3, r3, #15
 1330 0020 0B43     		orrs	r3, r3, r1
 1331 0022 1360     		str	r3, [r2]
 1332 0024 1368     		ldr	r3, [r2]
 1333 0026 03F00F03 		and	r3, r3, #15
 1334 002a 8B42     		cmp	r3, r1
 1335 002c 40F01F81 		bne	.L222
 1336              	.L202:
 1337 0030 2368     		ldr	r3, [r4]
 1338 0032 13F0040F 		tst	r3, #4
 1339 0036 0CD0     		beq	.L203
 1340 0038 2269     		ldr	r2, [r4, #16]
 1341 003a 914B     		ldr	r3, .L237+4
 1342 003c 9B69     		ldr	r3, [r3, #24]
 1343 003e 03F07003 		and	r3, r3, #112
 1344 0042 9A42     		cmp	r2, r3
 1345 0044 05D9     		bls	.L203
 1346 0046 8E49     		ldr	r1, .L237+4
 1347 0048 8B69     		ldr	r3, [r1, #24]
 1348 004a 23F07003 		bic	r3, r3, #112
 1349 004e 1A43     		orrs	r2, r2, r3
 1350 0050 8A61     		str	r2, [r1, #24]
 1351              	.L203:
 1352 0052 2368     		ldr	r3, [r4]
 1353 0054 13F0080F 		tst	r3, #8
 1354 0058 0CD0     		beq	.L204
 1355 005a 6269     		ldr	r2, [r4, #20]
 1356 005c 884B     		ldr	r3, .L237+4
 1357 005e DB69     		ldr	r3, [r3, #28]
 1358 0060 03F07003 		and	r3, r3, #112
 1359 0064 9A42     		cmp	r2, r3
 1360 0066 05D9     		bls	.L204
 1361 0068 8549     		ldr	r1, .L237+4
 1362 006a CB69     		ldr	r3, [r1, #28]
 1363 006c 23F07003 		bic	r3, r3, #112
 1364 0070 1A43     		orrs	r2, r2, r3
 1365 0072 CA61     		str	r2, [r1, #28]
 1366              	.L204:
 1367 0074 2368     		ldr	r3, [r4]
 1368 0076 13F0100F 		tst	r3, #16
 1369 007a 0CD0     		beq	.L205
 1370 007c A269     		ldr	r2, [r4, #24]
 1371 007e 804B     		ldr	r3, .L237+4
 1372 0080 DB69     		ldr	r3, [r3, #28]
 1373 0082 03F4E063 		and	r3, r3, #1792
 1374 0086 9A42     		cmp	r2, r3
 1375 0088 05D9     		bls	.L205
 1376 008a 7D49     		ldr	r1, .L237+4
 1377 008c CB69     		ldr	r3, [r1, #28]
 1378 008e 23F4E063 		bic	r3, r3, #1792
 1379 0092 1A43     		orrs	r2, r2, r3
 1380 0094 CA61     		str	r2, [r1, #28]
 1381              	.L205:
ARM GAS  C:\Users\aticl\AppData\Local\Temp\ccr7WNk3.s 			page 25


 1382 0096 2368     		ldr	r3, [r4]
 1383 0098 13F0200F 		tst	r3, #32
 1384 009c 0CD0     		beq	.L206
 1385 009e E269     		ldr	r2, [r4, #28]
 1386 00a0 774B     		ldr	r3, .L237+4
 1387 00a2 1B6A     		ldr	r3, [r3, #32]
 1388 00a4 03F07003 		and	r3, r3, #112
 1389 00a8 9A42     		cmp	r2, r3
 1390 00aa 05D9     		bls	.L206
 1391 00ac 7449     		ldr	r1, .L237+4
 1392 00ae 0B6A     		ldr	r3, [r1, #32]
 1393 00b0 23F07003 		bic	r3, r3, #112
 1394 00b4 1A43     		orrs	r2, r2, r3
 1395 00b6 0A62     		str	r2, [r1, #32]
 1396              	.L206:
 1397 00b8 2368     		ldr	r3, [r4]
 1398 00ba 13F0020F 		tst	r3, #2
 1399 00be 0CD0     		beq	.L207
 1400 00c0 E268     		ldr	r2, [r4, #12]
 1401 00c2 6F4B     		ldr	r3, .L237+4
 1402 00c4 9B69     		ldr	r3, [r3, #24]
 1403 00c6 03F00F03 		and	r3, r3, #15
 1404 00ca 9A42     		cmp	r2, r3
 1405 00cc 05D9     		bls	.L207
 1406 00ce 6C49     		ldr	r1, .L237+4
 1407 00d0 8B69     		ldr	r3, [r1, #24]
 1408 00d2 23F00F03 		bic	r3, r3, #15
 1409 00d6 1A43     		orrs	r2, r2, r3
 1410 00d8 8A61     		str	r2, [r1, #24]
 1411              	.L207:
 1412 00da 2368     		ldr	r3, [r4]
 1413 00dc 13F0010F 		tst	r3, #1
 1414 00e0 41D0     		beq	.L208
 1415 00e2 674A     		ldr	r2, .L237+4
 1416 00e4 9369     		ldr	r3, [r2, #24]
 1417 00e6 23F47063 		bic	r3, r3, #3840
 1418 00ea A168     		ldr	r1, [r4, #8]
 1419 00ec 0B43     		orrs	r3, r3, r1
 1420 00ee 9361     		str	r3, [r2, #24]
 1421 00f0 6368     		ldr	r3, [r4, #4]
 1422 00f2 022B     		cmp	r3, #2
 1423 00f4 0AD0     		beq	.L233
 1424 00f6 032B     		cmp	r3, #3
 1425 00f8 27D0     		beq	.L234
 1426 00fa 012B     		cmp	r3, #1
 1427 00fc 2CD0     		beq	.L235
 1428 00fe 604A     		ldr	r2, .L237+4
 1429 0100 1268     		ldr	r2, [r2]
 1430 0102 12F0040F 		tst	r2, #4
 1431 0106 06D1     		bne	.L210
 1432 0108 0120     		movs	r0, #1
 1433 010a ADE0     		b	.L201
 1434              	.L233:
 1435 010c 1268     		ldr	r2, [r2]
 1436 010e 12F4003F 		tst	r2, #131072
 1437 0112 00F0AE80 		beq	.L236
 1438              	.L210:
ARM GAS  C:\Users\aticl\AppData\Local\Temp\ccr7WNk3.s 			page 26


 1439 0116 5A49     		ldr	r1, .L237+4
 1440 0118 0A69     		ldr	r2, [r1, #16]
 1441 011a 22F00702 		bic	r2, r2, #7
 1442 011e 1343     		orrs	r3, r3, r2
 1443 0120 0B61     		str	r3, [r1, #16]
 1444 0122 FFF7FEFF 		bl	HAL_GetTick
 1445 0126 0646     		mov	r6, r0
 1446              	.L213:
 1447 0128 554B     		ldr	r3, .L237+4
 1448 012a 1B69     		ldr	r3, [r3, #16]
 1449 012c 03F03803 		and	r3, r3, #56
 1450 0130 6268     		ldr	r2, [r4, #4]
 1451 0132 B3EBC20F 		cmp	r3, r2, lsl #3
 1452 0136 16D0     		beq	.L208
 1453 0138 FFF7FEFF 		bl	HAL_GetTick
 1454 013c 801B     		subs	r0, r0, r6
 1455 013e 41F28833 		movw	r3, #5000
 1456 0142 9842     		cmp	r0, r3
 1457 0144 F0D9     		bls	.L213
 1458 0146 0320     		movs	r0, #3
 1459 0148 8EE0     		b	.L201
 1460              	.L234:
 1461 014a 4D4A     		ldr	r2, .L237+4
 1462 014c 1268     		ldr	r2, [r2]
 1463 014e 12F0007F 		tst	r2, #33554432
 1464 0152 E0D1     		bne	.L210
 1465 0154 0120     		movs	r0, #1
 1466 0156 87E0     		b	.L201
 1467              	.L235:
 1468 0158 494A     		ldr	r2, .L237+4
 1469 015a 1268     		ldr	r2, [r2]
 1470 015c 12F4807F 		tst	r2, #256
 1471 0160 D9D1     		bne	.L210
 1472 0162 0120     		movs	r0, #1
 1473 0164 80E0     		b	.L201
 1474              	.L208:
 1475 0166 2368     		ldr	r3, [r4]
 1476 0168 13F0020F 		tst	r3, #2
 1477 016c 0CD0     		beq	.L215
 1478 016e E268     		ldr	r2, [r4, #12]
 1479 0170 434B     		ldr	r3, .L237+4
 1480 0172 9B69     		ldr	r3, [r3, #24]
 1481 0174 03F00F03 		and	r3, r3, #15
 1482 0178 9A42     		cmp	r2, r3
 1483 017a 05D2     		bcs	.L215
 1484 017c 4049     		ldr	r1, .L237+4
 1485 017e 8B69     		ldr	r3, [r1, #24]
 1486 0180 23F00F03 		bic	r3, r3, #15
 1487 0184 1A43     		orrs	r2, r2, r3
 1488 0186 8A61     		str	r2, [r1, #24]
 1489              	.L215:
 1490 0188 3C4B     		ldr	r3, .L237
 1491 018a 1B68     		ldr	r3, [r3]
 1492 018c 03F00F03 		and	r3, r3, #15
 1493 0190 AB42     		cmp	r3, r5
 1494 0192 0AD9     		bls	.L216
 1495 0194 394A     		ldr	r2, .L237
ARM GAS  C:\Users\aticl\AppData\Local\Temp\ccr7WNk3.s 			page 27


 1496 0196 1368     		ldr	r3, [r2]
 1497 0198 23F00F03 		bic	r3, r3, #15
 1498 019c 2B43     		orrs	r3, r3, r5
 1499 019e 1360     		str	r3, [r2]
 1500 01a0 1368     		ldr	r3, [r2]
 1501 01a2 03F00F03 		and	r3, r3, #15
 1502 01a6 AB42     		cmp	r3, r5
 1503 01a8 65D1     		bne	.L228
 1504              	.L216:
 1505 01aa 2368     		ldr	r3, [r4]
 1506 01ac 13F0040F 		tst	r3, #4
 1507 01b0 0CD0     		beq	.L217
 1508 01b2 2269     		ldr	r2, [r4, #16]
 1509 01b4 324B     		ldr	r3, .L237+4
 1510 01b6 9B69     		ldr	r3, [r3, #24]
 1511 01b8 03F07003 		and	r3, r3, #112
 1512 01bc 9A42     		cmp	r2, r3
 1513 01be 05D2     		bcs	.L217
 1514 01c0 2F49     		ldr	r1, .L237+4
 1515 01c2 8B69     		ldr	r3, [r1, #24]
 1516 01c4 23F07003 		bic	r3, r3, #112
 1517 01c8 1A43     		orrs	r2, r2, r3
 1518 01ca 8A61     		str	r2, [r1, #24]
 1519              	.L217:
 1520 01cc 2368     		ldr	r3, [r4]
 1521 01ce 13F0080F 		tst	r3, #8
 1522 01d2 0CD0     		beq	.L218
 1523 01d4 6269     		ldr	r2, [r4, #20]
 1524 01d6 2A4B     		ldr	r3, .L237+4
 1525 01d8 DB69     		ldr	r3, [r3, #28]
 1526 01da 03F07003 		and	r3, r3, #112
 1527 01de 9A42     		cmp	r2, r3
 1528 01e0 05D2     		bcs	.L218
 1529 01e2 2749     		ldr	r1, .L237+4
 1530 01e4 CB69     		ldr	r3, [r1, #28]
 1531 01e6 23F07003 		bic	r3, r3, #112
 1532 01ea 1A43     		orrs	r2, r2, r3
 1533 01ec CA61     		str	r2, [r1, #28]
 1534              	.L218:
 1535 01ee 2368     		ldr	r3, [r4]
 1536 01f0 13F0100F 		tst	r3, #16
 1537 01f4 0CD0     		beq	.L219
 1538 01f6 A269     		ldr	r2, [r4, #24]
 1539 01f8 214B     		ldr	r3, .L237+4
 1540 01fa DB69     		ldr	r3, [r3, #28]
 1541 01fc 03F4E063 		and	r3, r3, #1792
 1542 0200 9A42     		cmp	r2, r3
 1543 0202 05D2     		bcs	.L219
 1544 0204 1E49     		ldr	r1, .L237+4
 1545 0206 CB69     		ldr	r3, [r1, #28]
 1546 0208 23F4E063 		bic	r3, r3, #1792
 1547 020c 1A43     		orrs	r2, r2, r3
 1548 020e CA61     		str	r2, [r1, #28]
 1549              	.L219:
 1550 0210 2368     		ldr	r3, [r4]
 1551 0212 13F0200F 		tst	r3, #32
 1552 0216 0CD0     		beq	.L220
ARM GAS  C:\Users\aticl\AppData\Local\Temp\ccr7WNk3.s 			page 28


 1553 0218 E269     		ldr	r2, [r4, #28]
 1554 021a 194B     		ldr	r3, .L237+4
 1555 021c 1B6A     		ldr	r3, [r3, #32]
 1556 021e 03F07003 		and	r3, r3, #112
 1557 0222 9A42     		cmp	r2, r3
 1558 0224 05D2     		bcs	.L220
 1559 0226 1649     		ldr	r1, .L237+4
 1560 0228 0B6A     		ldr	r3, [r1, #32]
 1561 022a 23F07003 		bic	r3, r3, #112
 1562 022e 1A43     		orrs	r2, r2, r3
 1563 0230 0A62     		str	r2, [r1, #32]
 1564              	.L220:
 1565 0232 FFF7FEFF 		bl	HAL_RCC_GetSysClockFreq
 1566 0236 1249     		ldr	r1, .L237+4
 1567 0238 8B69     		ldr	r3, [r1, #24]
 1568 023a C3F30323 		ubfx	r3, r3, #8, #4
 1569 023e 114A     		ldr	r2, .L237+8
 1570 0240 D35C     		ldrb	r3, [r2, r3]	@ zero_extendqisi2
 1571 0242 03F01F03 		and	r3, r3, #31
 1572 0246 D840     		lsrs	r0, r0, r3
 1573 0248 8B69     		ldr	r3, [r1, #24]
 1574 024a 03F00F03 		and	r3, r3, #15
 1575 024e D35C     		ldrb	r3, [r2, r3]	@ zero_extendqisi2
 1576 0250 03F01F03 		and	r3, r3, #31
 1577 0254 20FA03F3 		lsr	r3, r0, r3
 1578 0258 0B4A     		ldr	r2, .L237+12
 1579 025a 1360     		str	r3, [r2]
 1580 025c 0B4B     		ldr	r3, .L237+16
 1581 025e 1860     		str	r0, [r3]
 1582 0260 0B4B     		ldr	r3, .L237+20
 1583 0262 1868     		ldr	r0, [r3]
 1584 0264 FFF7FEFF 		bl	HAL_InitTick
 1585              	.L201:
 1586 0268 70BD     		pop	{r4, r5, r6, pc}
 1587              	.L221:
 1588 026a 0120     		movs	r0, #1
 1589 026c 7047     		bx	lr
 1590              	.L222:
 1591 026e 0120     		movs	r0, #1
 1592 0270 FAE7     		b	.L201
 1593              	.L236:
 1594 0272 0120     		movs	r0, #1
 1595 0274 F8E7     		b	.L201
 1596              	.L228:
 1597 0276 0120     		movs	r0, #1
 1598 0278 F6E7     		b	.L201
 1599              	.L238:
 1600 027a 00BF     		.align	2
 1601              	.L237:
 1602 027c 00200052 		.word	1375739904
 1603 0280 00440258 		.word	1476543488
 1604 0284 00000000 		.word	D1CorePrescTable
 1605 0288 00000000 		.word	SystemD2Clock
 1606 028c 00000000 		.word	SystemCoreClock
 1607 0290 00000000 		.word	uwTickPrio
 1609              		.section	.text.HAL_RCC_GetHCLKFreq,"ax",%progbits
 1610              		.align	1
ARM GAS  C:\Users\aticl\AppData\Local\Temp\ccr7WNk3.s 			page 29


 1611              		.global	HAL_RCC_GetHCLKFreq
 1612              		.syntax unified
 1613              		.thumb
 1614              		.thumb_func
 1616              	HAL_RCC_GetHCLKFreq:
 1617              		@ args = 0, pretend = 0, frame = 0
 1618              		@ frame_needed = 0, uses_anonymous_args = 0
 1619 0000 08B5     		push	{r3, lr}
 1620 0002 FFF7FEFF 		bl	HAL_RCC_GetSysClockFreq
 1621 0006 0B4A     		ldr	r2, .L241
 1622 0008 9369     		ldr	r3, [r2, #24]
 1623 000a C3F30323 		ubfx	r3, r3, #8, #4
 1624 000e 0A49     		ldr	r1, .L241+4
 1625 0010 CB5C     		ldrb	r3, [r1, r3]	@ zero_extendqisi2
 1626 0012 03F01F03 		and	r3, r3, #31
 1627 0016 20FA03F3 		lsr	r3, r0, r3
 1628 001a 9269     		ldr	r2, [r2, #24]
 1629 001c 02F00F02 		and	r2, r2, #15
 1630 0020 885C     		ldrb	r0, [r1, r2]	@ zero_extendqisi2
 1631 0022 00F01F00 		and	r0, r0, #31
 1632 0026 23FA00F0 		lsr	r0, r3, r0
 1633 002a 044A     		ldr	r2, .L241+8
 1634 002c 1060     		str	r0, [r2]
 1635 002e 044A     		ldr	r2, .L241+12
 1636 0030 1360     		str	r3, [r2]
 1637 0032 08BD     		pop	{r3, pc}
 1638              	.L242:
 1639              		.align	2
 1640              	.L241:
 1641 0034 00440258 		.word	1476543488
 1642 0038 00000000 		.word	D1CorePrescTable
 1643 003c 00000000 		.word	SystemD2Clock
 1644 0040 00000000 		.word	SystemCoreClock
 1646              		.section	.text.HAL_RCC_GetPCLK1Freq,"ax",%progbits
 1647              		.align	1
 1648              		.global	HAL_RCC_GetPCLK1Freq
 1649              		.syntax unified
 1650              		.thumb
 1651              		.thumb_func
 1653              	HAL_RCC_GetPCLK1Freq:
 1654              		@ args = 0, pretend = 0, frame = 0
 1655              		@ frame_needed = 0, uses_anonymous_args = 0
 1656 0000 08B5     		push	{r3, lr}
 1657 0002 FFF7FEFF 		bl	HAL_RCC_GetHCLKFreq
 1658 0006 054B     		ldr	r3, .L245
 1659 0008 DB69     		ldr	r3, [r3, #28]
 1660 000a C3F30213 		ubfx	r3, r3, #4, #3
 1661 000e 044A     		ldr	r2, .L245+4
 1662 0010 D35C     		ldrb	r3, [r2, r3]	@ zero_extendqisi2
 1663 0012 03F01F03 		and	r3, r3, #31
 1664 0016 D840     		lsrs	r0, r0, r3
 1665 0018 08BD     		pop	{r3, pc}
 1666              	.L246:
 1667 001a 00BF     		.align	2
 1668              	.L245:
 1669 001c 00440258 		.word	1476543488
 1670 0020 00000000 		.word	D1CorePrescTable
ARM GAS  C:\Users\aticl\AppData\Local\Temp\ccr7WNk3.s 			page 30


 1672              		.section	.text.HAL_RCC_GetPCLK2Freq,"ax",%progbits
 1673              		.align	1
 1674              		.global	HAL_RCC_GetPCLK2Freq
 1675              		.syntax unified
 1676              		.thumb
 1677              		.thumb_func
 1679              	HAL_RCC_GetPCLK2Freq:
 1680              		@ args = 0, pretend = 0, frame = 0
 1681              		@ frame_needed = 0, uses_anonymous_args = 0
 1682 0000 08B5     		push	{r3, lr}
 1683 0002 FFF7FEFF 		bl	HAL_RCC_GetHCLKFreq
 1684 0006 054B     		ldr	r3, .L249
 1685 0008 DB69     		ldr	r3, [r3, #28]
 1686 000a C3F30223 		ubfx	r3, r3, #8, #3
 1687 000e 044A     		ldr	r2, .L249+4
 1688 0010 D35C     		ldrb	r3, [r2, r3]	@ zero_extendqisi2
 1689 0012 03F01F03 		and	r3, r3, #31
 1690 0016 D840     		lsrs	r0, r0, r3
 1691 0018 08BD     		pop	{r3, pc}
 1692              	.L250:
 1693 001a 00BF     		.align	2
 1694              	.L249:
 1695 001c 00440258 		.word	1476543488
 1696 0020 00000000 		.word	D1CorePrescTable
 1698              		.section	.text.HAL_RCC_GetOscConfig,"ax",%progbits
 1699              		.align	1
 1700              		.global	HAL_RCC_GetOscConfig
 1701              		.syntax unified
 1702              		.thumb
 1703              		.thumb_func
 1705              	HAL_RCC_GetOscConfig:
 1706              		@ args = 0, pretend = 0, frame = 0
 1707              		@ frame_needed = 0, uses_anonymous_args = 0
 1708 0000 10B5     		push	{r4, lr}
 1709 0002 0446     		mov	r4, r0
 1710 0004 3F23     		movs	r3, #63
 1711 0006 0360     		str	r3, [r0]
 1712 0008 514B     		ldr	r3, .L273
 1713 000a 1B68     		ldr	r3, [r3]
 1714 000c 13F4802F 		tst	r3, #262144
 1715 0010 6CD0     		beq	.L252
 1716 0012 4FF4A023 		mov	r3, #327680
 1717 0016 4360     		str	r3, [r0, #4]
 1718              	.L253:
 1719 0018 4D4B     		ldr	r3, .L273
 1720 001a 1B68     		ldr	r3, [r3]
 1721 001c 13F0800F 		tst	r3, #128
 1722 0020 70D0     		beq	.L255
 1723 0022 8023     		movs	r3, #128
 1724 0024 E361     		str	r3, [r4, #28]
 1725              	.L256:
 1726 0026 FFF7FEFF 		bl	HAL_GetREVID
 1727 002a 41F20303 		movw	r3, #4099
 1728 002e 9842     		cmp	r0, r3
 1729 0030 6BD8     		bhi	.L257
 1730 0032 474B     		ldr	r3, .L273
 1731 0034 5B68     		ldr	r3, [r3, #4]
ARM GAS  C:\Users\aticl\AppData\Local\Temp\ccr7WNk3.s 			page 31


 1732 0036 C3F38463 		ubfx	r3, r3, #26, #5
 1733 003a 2362     		str	r3, [r4, #32]
 1734              	.L258:
 1735 003c 444B     		ldr	r3, .L273
 1736 003e 1B68     		ldr	r3, [r3]
 1737 0040 13F0010F 		tst	r3, #1
 1738 0044 67D0     		beq	.L259
 1739 0046 0123     		movs	r3, #1
 1740 0048 E360     		str	r3, [r4, #12]
 1741              	.L260:
 1742 004a FFF7FEFF 		bl	HAL_GetREVID
 1743 004e 41F20303 		movw	r3, #4099
 1744 0052 9842     		cmp	r0, r3
 1745 0054 62D8     		bhi	.L261
 1746 0056 3E4B     		ldr	r3, .L273
 1747 0058 5B68     		ldr	r3, [r3, #4]
 1748 005a C3F30533 		ubfx	r3, r3, #12, #6
 1749 005e 2361     		str	r3, [r4, #16]
 1750              	.L262:
 1751 0060 3B4B     		ldr	r3, .L273
 1752 0062 1B6F     		ldr	r3, [r3, #112]
 1753 0064 13F0040F 		tst	r3, #4
 1754 0068 5ED0     		beq	.L263
 1755 006a 0523     		movs	r3, #5
 1756 006c A360     		str	r3, [r4, #8]
 1757              	.L264:
 1758 006e 384B     		ldr	r3, .L273
 1759 0070 5B6F     		ldr	r3, [r3, #116]
 1760 0072 13F0010F 		tst	r3, #1
 1761 0076 62D0     		beq	.L266
 1762 0078 0123     		movs	r3, #1
 1763 007a 6361     		str	r3, [r4, #20]
 1764              	.L267:
 1765 007c 344B     		ldr	r3, .L273
 1766 007e 1B68     		ldr	r3, [r3]
 1767 0080 13F4805F 		tst	r3, #4096
 1768 0084 5ED0     		beq	.L268
 1769 0086 0123     		movs	r3, #1
 1770 0088 A361     		str	r3, [r4, #24]
 1771              	.L269:
 1772 008a 314B     		ldr	r3, .L273
 1773 008c 1B68     		ldr	r3, [r3]
 1774 008e 13F0807F 		tst	r3, #16777216
 1775 0092 5AD0     		beq	.L270
 1776 0094 0223     		movs	r3, #2
 1777 0096 6362     		str	r3, [r4, #36]
 1778              	.L271:
 1779 0098 2D4B     		ldr	r3, .L273
 1780 009a 9A6A     		ldr	r2, [r3, #40]
 1781 009c 02F00302 		and	r2, r2, #3
 1782 00a0 A262     		str	r2, [r4, #40]
 1783 00a2 9A6A     		ldr	r2, [r3, #40]
 1784 00a4 C2F30512 		ubfx	r2, r2, #4, #6
 1785 00a8 E262     		str	r2, [r4, #44]
 1786 00aa 1A6B     		ldr	r2, [r3, #48]
 1787 00ac C2F30802 		ubfx	r2, r2, #0, #9
 1788 00b0 0132     		adds	r2, r2, #1
ARM GAS  C:\Users\aticl\AppData\Local\Temp\ccr7WNk3.s 			page 32


 1789 00b2 2263     		str	r2, [r4, #48]
 1790 00b4 1A6B     		ldr	r2, [r3, #48]
 1791 00b6 C2F30662 		ubfx	r2, r2, #24, #7
 1792 00ba 0132     		adds	r2, r2, #1
 1793 00bc E263     		str	r2, [r4, #60]
 1794 00be 1A6B     		ldr	r2, [r3, #48]
 1795 00c0 C2F34622 		ubfx	r2, r2, #9, #7
 1796 00c4 0132     		adds	r2, r2, #1
 1797 00c6 6263     		str	r2, [r4, #52]
 1798 00c8 1A6B     		ldr	r2, [r3, #48]
 1799 00ca C2F30642 		ubfx	r2, r2, #16, #7
 1800 00ce 0132     		adds	r2, r2, #1
 1801 00d0 A263     		str	r2, [r4, #56]
 1802 00d2 DA6A     		ldr	r2, [r3, #44]
 1803 00d4 02F00C02 		and	r2, r2, #12
 1804 00d8 2264     		str	r2, [r4, #64]
 1805 00da DA6A     		ldr	r2, [r3, #44]
 1806 00dc C2F34002 		ubfx	r2, r2, #1, #1
 1807 00e0 6264     		str	r2, [r4, #68]
 1808 00e2 5B6B     		ldr	r3, [r3, #52]
 1809 00e4 C3F3CC03 		ubfx	r3, r3, #3, #13
 1810 00e8 A364     		str	r3, [r4, #72]
 1811 00ea 10BD     		pop	{r4, pc}
 1812              	.L252:
 1813 00ec 184B     		ldr	r3, .L273
 1814 00ee 1B68     		ldr	r3, [r3]
 1815 00f0 13F4803F 		tst	r3, #65536
 1816 00f4 03D0     		beq	.L254
 1817 00f6 4FF48033 		mov	r3, #65536
 1818 00fa 4360     		str	r3, [r0, #4]
 1819 00fc 8CE7     		b	.L253
 1820              	.L254:
 1821 00fe 0023     		movs	r3, #0
 1822 0100 4360     		str	r3, [r0, #4]
 1823 0102 89E7     		b	.L253
 1824              	.L255:
 1825 0104 0023     		movs	r3, #0
 1826 0106 E361     		str	r3, [r4, #28]
 1827 0108 8DE7     		b	.L256
 1828              	.L257:
 1829 010a 114B     		ldr	r3, .L273
 1830 010c DB68     		ldr	r3, [r3, #12]
 1831 010e C3F30563 		ubfx	r3, r3, #24, #6
 1832 0112 2362     		str	r3, [r4, #32]
 1833 0114 92E7     		b	.L258
 1834              	.L259:
 1835 0116 0023     		movs	r3, #0
 1836 0118 E360     		str	r3, [r4, #12]
 1837 011a 96E7     		b	.L260
 1838              	.L261:
 1839 011c 0C4B     		ldr	r3, .L273
 1840 011e 5B68     		ldr	r3, [r3, #4]
 1841 0120 C3F30663 		ubfx	r3, r3, #24, #7
 1842 0124 2361     		str	r3, [r4, #16]
 1843 0126 9BE7     		b	.L262
 1844              	.L263:
 1845 0128 094B     		ldr	r3, .L273
ARM GAS  C:\Users\aticl\AppData\Local\Temp\ccr7WNk3.s 			page 33


 1846 012a 1B6F     		ldr	r3, [r3, #112]
 1847 012c 13F0010F 		tst	r3, #1
 1848 0130 02D0     		beq	.L265
 1849 0132 0123     		movs	r3, #1
 1850 0134 A360     		str	r3, [r4, #8]
 1851 0136 9AE7     		b	.L264
 1852              	.L265:
 1853 0138 0023     		movs	r3, #0
 1854 013a A360     		str	r3, [r4, #8]
 1855 013c 97E7     		b	.L264
 1856              	.L266:
 1857 013e 0023     		movs	r3, #0
 1858 0140 6361     		str	r3, [r4, #20]
 1859 0142 9BE7     		b	.L267
 1860              	.L268:
 1861 0144 0023     		movs	r3, #0
 1862 0146 A361     		str	r3, [r4, #24]
 1863 0148 9FE7     		b	.L269
 1864              	.L270:
 1865 014a 0123     		movs	r3, #1
 1866 014c 6362     		str	r3, [r4, #36]
 1867 014e A3E7     		b	.L271
 1868              	.L274:
 1869              		.align	2
 1870              	.L273:
 1871 0150 00440258 		.word	1476543488
 1873              		.section	.text.HAL_RCC_GetClockConfig,"ax",%progbits
 1874              		.align	1
 1875              		.global	HAL_RCC_GetClockConfig
 1876              		.syntax unified
 1877              		.thumb
 1878              		.thumb_func
 1880              	HAL_RCC_GetClockConfig:
 1881              		@ args = 0, pretend = 0, frame = 0
 1882              		@ frame_needed = 0, uses_anonymous_args = 0
 1883              		@ link register save eliminated.
 1884 0000 3F23     		movs	r3, #63
 1885 0002 0360     		str	r3, [r0]
 1886 0004 114B     		ldr	r3, .L276
 1887 0006 1A69     		ldr	r2, [r3, #16]
 1888 0008 02F00702 		and	r2, r2, #7
 1889 000c 4260     		str	r2, [r0, #4]
 1890 000e 9A69     		ldr	r2, [r3, #24]
 1891 0010 02F47062 		and	r2, r2, #3840
 1892 0014 8260     		str	r2, [r0, #8]
 1893 0016 9A69     		ldr	r2, [r3, #24]
 1894 0018 02F00F02 		and	r2, r2, #15
 1895 001c C260     		str	r2, [r0, #12]
 1896 001e 9A69     		ldr	r2, [r3, #24]
 1897 0020 02F07002 		and	r2, r2, #112
 1898 0024 0261     		str	r2, [r0, #16]
 1899 0026 DA69     		ldr	r2, [r3, #28]
 1900 0028 02F07002 		and	r2, r2, #112
 1901 002c 4261     		str	r2, [r0, #20]
 1902 002e DA69     		ldr	r2, [r3, #28]
 1903 0030 02F4E062 		and	r2, r2, #1792
 1904 0034 8261     		str	r2, [r0, #24]
ARM GAS  C:\Users\aticl\AppData\Local\Temp\ccr7WNk3.s 			page 34


 1905 0036 1B6A     		ldr	r3, [r3, #32]
 1906 0038 03F07003 		and	r3, r3, #112
 1907 003c C361     		str	r3, [r0, #28]
 1908 003e 044B     		ldr	r3, .L276+4
 1909 0040 1B68     		ldr	r3, [r3]
 1910 0042 03F00F03 		and	r3, r3, #15
 1911 0046 0B60     		str	r3, [r1]
 1912 0048 7047     		bx	lr
 1913              	.L277:
 1914 004a 00BF     		.align	2
 1915              	.L276:
 1916 004c 00440258 		.word	1476543488
 1917 0050 00200052 		.word	1375739904
 1919              		.section	.text.HAL_RCC_CSSCallback,"ax",%progbits
 1920              		.align	1
 1921              		.weak	HAL_RCC_CSSCallback
 1922              		.syntax unified
 1923              		.thumb
 1924              		.thumb_func
 1926              	HAL_RCC_CSSCallback:
 1927              		@ args = 0, pretend = 0, frame = 0
 1928              		@ frame_needed = 0, uses_anonymous_args = 0
 1929              		@ link register save eliminated.
 1930 0000 7047     		bx	lr
 1932              		.section	.text.HAL_RCC_NMI_IRQHandler,"ax",%progbits
 1933              		.align	1
 1934              		.global	HAL_RCC_NMI_IRQHandler
 1935              		.syntax unified
 1936              		.thumb
 1937              		.thumb_func
 1939              	HAL_RCC_NMI_IRQHandler:
 1940              		@ args = 0, pretend = 0, frame = 0
 1941              		@ frame_needed = 0, uses_anonymous_args = 0
 1942 0000 08B5     		push	{r3, lr}
 1943 0002 064B     		ldr	r3, .L283
 1944 0004 5B6E     		ldr	r3, [r3, #100]
 1945 0006 13F4806F 		tst	r3, #1024
 1946 000a 00D1     		bne	.L282
 1947              	.L279:
 1948 000c 08BD     		pop	{r3, pc}
 1949              	.L282:
 1950 000e FFF7FEFF 		bl	HAL_RCC_CSSCallback
 1951 0012 024B     		ldr	r3, .L283
 1952 0014 4FF48062 		mov	r2, #1024
 1953 0018 9A66     		str	r2, [r3, #104]
 1954 001a F7E7     		b	.L279
 1955              	.L284:
 1956              		.align	2
 1957              	.L283:
 1958 001c 00440258 		.word	1476543488
 1960              		.ident	"GCC: (xPack GNU Arm Embedded GCC x86_64) 14.2.1 20241119"
ARM GAS  C:\Users\aticl\AppData\Local\Temp\ccr7WNk3.s 			page 35


DEFINED SYMBOLS
                            *ABS*:00000000 stm32h7xx_hal_rcc.c
C:\Users\aticl\AppData\Local\Temp\ccr7WNk3.s:17     .text.HAL_RCC_DeInit:00000000 $t
C:\Users\aticl\AppData\Local\Temp\ccr7WNk3.s:23     .text.HAL_RCC_DeInit:00000000 HAL_RCC_DeInit
C:\Users\aticl\AppData\Local\Temp\ccr7WNk3.s:215    .text.HAL_RCC_DeInit:000001a4 $d
C:\Users\aticl\AppData\Local\Temp\ccr7WNk3.s:227    .text.HAL_RCC_OscConfig:00000000 $t
C:\Users\aticl\AppData\Local\Temp\ccr7WNk3.s:233    .text.HAL_RCC_OscConfig:00000000 HAL_RCC_OscConfig
C:\Users\aticl\AppData\Local\Temp\ccr7WNk3.s:507    .text.HAL_RCC_OscConfig:00000264 $d
C:\Users\aticl\AppData\Local\Temp\ccr7WNk3.s:509    .text.HAL_RCC_OscConfig:00000268 $t
C:\Users\aticl\AppData\Local\Temp\ccr7WNk3.s:801    .text.HAL_RCC_OscConfig:000004f8 $d
C:\Users\aticl\AppData\Local\Temp\ccr7WNk3.s:804    .text.HAL_RCC_OscConfig:00000500 $t
C:\Users\aticl\AppData\Local\Temp\ccr7WNk3.s:1006   .text.HAL_RCC_OscConfig:000006a8 $d
C:\Users\aticl\AppData\Local\Temp\ccr7WNk3.s:1010   .text.HAL_RCC_MCOConfig:00000000 $t
C:\Users\aticl\AppData\Local\Temp\ccr7WNk3.s:1016   .text.HAL_RCC_MCOConfig:00000000 HAL_RCC_MCOConfig
C:\Users\aticl\AppData\Local\Temp\ccr7WNk3.s:1083   .text.HAL_RCC_MCOConfig:00000098 $d
C:\Users\aticl\AppData\Local\Temp\ccr7WNk3.s:1088   .text.HAL_RCC_EnableCSS:00000000 $t
C:\Users\aticl\AppData\Local\Temp\ccr7WNk3.s:1094   .text.HAL_RCC_EnableCSS:00000000 HAL_RCC_EnableCSS
C:\Users\aticl\AppData\Local\Temp\ccr7WNk3.s:1106   .text.HAL_RCC_EnableCSS:0000000c $d
C:\Users\aticl\AppData\Local\Temp\ccr7WNk3.s:1109   .text.HAL_RCC_DisableCSS:00000000 $t
C:\Users\aticl\AppData\Local\Temp\ccr7WNk3.s:1115   .text.HAL_RCC_DisableCSS:00000000 HAL_RCC_DisableCSS
C:\Users\aticl\AppData\Local\Temp\ccr7WNk3.s:1127   .text.HAL_RCC_DisableCSS:0000000c $d
C:\Users\aticl\AppData\Local\Temp\ccr7WNk3.s:1130   .text.HAL_RCC_GetSysClockFreq:00000000 $t
C:\Users\aticl\AppData\Local\Temp\ccr7WNk3.s:1136   .text.HAL_RCC_GetSysClockFreq:00000000 HAL_RCC_GetSysClockFreq
C:\Users\aticl\AppData\Local\Temp\ccr7WNk3.s:1298   .text.HAL_RCC_GetSysClockFreq:000001d8 $d
C:\Users\aticl\AppData\Local\Temp\ccr7WNk3.s:1308   .text.HAL_RCC_ClockConfig:00000000 $t
C:\Users\aticl\AppData\Local\Temp\ccr7WNk3.s:1314   .text.HAL_RCC_ClockConfig:00000000 HAL_RCC_ClockConfig
C:\Users\aticl\AppData\Local\Temp\ccr7WNk3.s:1602   .text.HAL_RCC_ClockConfig:0000027c $d
C:\Users\aticl\AppData\Local\Temp\ccr7WNk3.s:1610   .text.HAL_RCC_GetHCLKFreq:00000000 $t
C:\Users\aticl\AppData\Local\Temp\ccr7WNk3.s:1616   .text.HAL_RCC_GetHCLKFreq:00000000 HAL_RCC_GetHCLKFreq
C:\Users\aticl\AppData\Local\Temp\ccr7WNk3.s:1641   .text.HAL_RCC_GetHCLKFreq:00000034 $d
C:\Users\aticl\AppData\Local\Temp\ccr7WNk3.s:1647   .text.HAL_RCC_GetPCLK1Freq:00000000 $t
C:\Users\aticl\AppData\Local\Temp\ccr7WNk3.s:1653   .text.HAL_RCC_GetPCLK1Freq:00000000 HAL_RCC_GetPCLK1Freq
C:\Users\aticl\AppData\Local\Temp\ccr7WNk3.s:1669   .text.HAL_RCC_GetPCLK1Freq:0000001c $d
C:\Users\aticl\AppData\Local\Temp\ccr7WNk3.s:1673   .text.HAL_RCC_GetPCLK2Freq:00000000 $t
C:\Users\aticl\AppData\Local\Temp\ccr7WNk3.s:1679   .text.HAL_RCC_GetPCLK2Freq:00000000 HAL_RCC_GetPCLK2Freq
C:\Users\aticl\AppData\Local\Temp\ccr7WNk3.s:1695   .text.HAL_RCC_GetPCLK2Freq:0000001c $d
C:\Users\aticl\AppData\Local\Temp\ccr7WNk3.s:1699   .text.HAL_RCC_GetOscConfig:00000000 $t
C:\Users\aticl\AppData\Local\Temp\ccr7WNk3.s:1705   .text.HAL_RCC_GetOscConfig:00000000 HAL_RCC_GetOscConfig
C:\Users\aticl\AppData\Local\Temp\ccr7WNk3.s:1871   .text.HAL_RCC_GetOscConfig:00000150 $d
C:\Users\aticl\AppData\Local\Temp\ccr7WNk3.s:1874   .text.HAL_RCC_GetClockConfig:00000000 $t
C:\Users\aticl\AppData\Local\Temp\ccr7WNk3.s:1880   .text.HAL_RCC_GetClockConfig:00000000 HAL_RCC_GetClockConfig
C:\Users\aticl\AppData\Local\Temp\ccr7WNk3.s:1916   .text.HAL_RCC_GetClockConfig:0000004c $d
C:\Users\aticl\AppData\Local\Temp\ccr7WNk3.s:1920   .text.HAL_RCC_CSSCallback:00000000 $t
C:\Users\aticl\AppData\Local\Temp\ccr7WNk3.s:1926   .text.HAL_RCC_CSSCallback:00000000 HAL_RCC_CSSCallback
C:\Users\aticl\AppData\Local\Temp\ccr7WNk3.s:1933   .text.HAL_RCC_NMI_IRQHandler:00000000 $t
C:\Users\aticl\AppData\Local\Temp\ccr7WNk3.s:1939   .text.HAL_RCC_NMI_IRQHandler:00000000 HAL_RCC_NMI_IRQHandler
C:\Users\aticl\AppData\Local\Temp\ccr7WNk3.s:1958   .text.HAL_RCC_NMI_IRQHandler:0000001c $d

UNDEFINED SYMBOLS
HAL_GetTick
HAL_InitTick
SystemCoreClock
SystemD2Clock
uwTickPrio
HAL_GetREVID
HAL_GPIO_Init
D1CorePrescTable
ARM GAS  C:\Users\aticl\AppData\Local\Temp\ccr7WNk3.s 			page 36


