ARM GAS  C:\Users\aticl\AppData\Local\Temp\ccms1IwE.s 			page 1


   1              		.cpu cortex-m7
   2              		.arch armv7e-m
   3              		.fpu fpv5-d16
   4              		.eabi_attribute 28, 1
   5              		.eabi_attribute 20, 1
   6              		.eabi_attribute 21, 1
   7              		.eabi_attribute 23, 3
   8              		.eabi_attribute 24, 1
   9              		.eabi_attribute 25, 1
  10              		.eabi_attribute 26, 1
  11              		.eabi_attribute 30, 1
  12              		.eabi_attribute 34, 1
  13              		.eabi_attribute 18, 4
  14              		.file	"sysmem.c"
  15              		.text
  16              		.section	.text._sbrk,"ax",%progbits
  17              		.align	1
  18              		.global	_sbrk
  19              		.syntax unified
  20              		.thumb
  21              		.thumb_func
  23              	_sbrk:
  24              		@ args = 0, pretend = 0, frame = 0
  25              		@ frame_needed = 0, uses_anonymous_args = 0
  26 0000 10B5     		push	{r4, lr}
  27 0002 0346     		mov	r3, r0
  28 0004 0C4A     		ldr	r2, .L8
  29 0006 0D49     		ldr	r1, .L8+4
  30 0008 0D48     		ldr	r0, .L8+8
  31 000a 0068     		ldr	r0, [r0]
  32 000c 40B1     		cbz	r0, .L6
  33              	.L2:
  34 000e 0C48     		ldr	r0, .L8+8
  35 0010 0068     		ldr	r0, [r0]
  36 0012 0344     		add	r3, r3, r0
  37 0014 521A     		subs	r2, r2, r1
  38 0016 9342     		cmp	r3, r2
  39 0018 06D8     		bhi	.L7
  40 001a 094A     		ldr	r2, .L8+8
  41 001c 1360     		str	r3, [r2]
  42              	.L1:
  43 001e 10BD     		pop	{r4, pc}
  44              	.L6:
  45 0020 0748     		ldr	r0, .L8+8
  46 0022 084C     		ldr	r4, .L8+12
  47 0024 0460     		str	r4, [r0]
  48 0026 F2E7     		b	.L2
  49              	.L7:
  50 0028 FFF7FEFF 		bl	__errno
  51 002c 0C23     		movs	r3, #12
  52 002e 0360     		str	r3, [r0]
  53 0030 4FF0FF30 		mov	r0, #-1
  54 0034 F3E7     		b	.L1
  55              	.L9:
  56 0036 00BF     		.align	2
  57              	.L8:
  58 0038 00000000 		.word	_estack
ARM GAS  C:\Users\aticl\AppData\Local\Temp\ccms1IwE.s 			page 2


  59 003c 00000000 		.word	_Min_Stack_Size
  60 0040 00000000 		.word	__sbrk_heap_end
  61 0044 00000000 		.word	_end
  63              		.section	.bss.__sbrk_heap_end,"aw",%nobits
  64              		.align	2
  67              	__sbrk_heap_end:
  68 0000 00000000 		.space	4
  69              		.ident	"GCC: (xPack GNU Arm Embedded GCC x86_64) 14.2.1 20241119"
ARM GAS  C:\Users\aticl\AppData\Local\Temp\ccms1IwE.s 			page 3


DEFINED SYMBOLS
                            *ABS*:00000000 sysmem.c
C:\Users\aticl\AppData\Local\Temp\ccms1IwE.s:17     .text._sbrk:00000000 $t
C:\Users\aticl\AppData\Local\Temp\ccms1IwE.s:23     .text._sbrk:00000000 _sbrk
C:\Users\aticl\AppData\Local\Temp\ccms1IwE.s:58     .text._sbrk:00000038 $d
C:\Users\aticl\AppData\Local\Temp\ccms1IwE.s:67     .bss.__sbrk_heap_end:00000000 __sbrk_heap_end
C:\Users\aticl\AppData\Local\Temp\ccms1IwE.s:64     .bss.__sbrk_heap_end:00000000 $d

UNDEFINED SYMBOLS
__errno
_estack
_Min_Stack_Size
_end
