ARM GAS  C:\Users\aticl\AppData\Local\Temp\ccKOTKxR.s 			page 1


   1              		.cpu cortex-m7
   2              		.arch armv7e-m
   3              		.fpu fpv5-d16
   4              		.eabi_attribute 28, 1
   5              		.eabi_attribute 20, 1
   6              		.eabi_attribute 21, 1
   7              		.eabi_attribute 23, 3
   8              		.eabi_attribute 24, 1
   9              		.eabi_attribute 25, 1
  10              		.eabi_attribute 26, 1
  11              		.eabi_attribute 30, 1
  12              		.eabi_attribute 34, 1
  13              		.eabi_attribute 18, 4
  14              		.file	"usbd_cdc_if.c"
  15              		.text
  16              		.section	.text.CDC_DeInit_FS,"ax",%progbits
  17              		.align	1
  18              		.syntax unified
  19              		.thumb
  20              		.thumb_func
  22              	CDC_DeInit_FS:
  23              		@ args = 0, pretend = 0, frame = 0
  24              		@ frame_needed = 0, uses_anonymous_args = 0
  25              		@ link register save eliminated.
  26 0000 0020     		movs	r0, #0
  27 0002 7047     		bx	lr
  29              		.section	.text.CDC_Control_FS,"ax",%progbits
  30              		.align	1
  31              		.syntax unified
  32              		.thumb
  33              		.thumb_func
  35              	CDC_Control_FS:
  36              		@ args = 0, pretend = 0, frame = 0
  37              		@ frame_needed = 0, uses_anonymous_args = 0
  38              		@ link register save eliminated.
  39 0000 0020     		movs	r0, #0
  40 0002 7047     		bx	lr
  42              		.section	.text.CDC_TransmitCplt_FS,"ax",%progbits
  43              		.align	1
  44              		.syntax unified
  45              		.thumb
  46              		.thumb_func
  48              	CDC_TransmitCplt_FS:
  49              		@ args = 0, pretend = 0, frame = 0
  50              		@ frame_needed = 0, uses_anonymous_args = 0
  51              		@ link register save eliminated.
  52 0000 0020     		movs	r0, #0
  53 0002 7047     		bx	lr
  55              		.section	.text.CDC_Receive_FS,"ax",%progbits
  56              		.align	1
  57              		.syntax unified
  58              		.thumb
  59              		.thumb_func
  61              	CDC_Receive_FS:
  62              		@ args = 0, pretend = 0, frame = 0
  63              		@ frame_needed = 0, uses_anonymous_args = 0
  64 0000 10B5     		push	{r4, lr}
ARM GAS  C:\Users\aticl\AppData\Local\Temp\ccKOTKxR.s 			page 2


  65 0002 0146     		mov	r1, r0
  66 0004 044C     		ldr	r4, .L6
  67 0006 2046     		mov	r0, r4
  68 0008 FFF7FEFF 		bl	USBD_CDC_SetRxBuffer
  69 000c 2046     		mov	r0, r4
  70 000e FFF7FEFF 		bl	USBD_CDC_ReceivePacket
  71 0012 0020     		movs	r0, #0
  72 0014 10BD     		pop	{r4, pc}
  73              	.L7:
  74 0016 00BF     		.align	2
  75              	.L6:
  76 0018 00000000 		.word	hUsbDeviceFS
  78              		.section	.text.CDC_Init_FS,"ax",%progbits
  79              		.align	1
  80              		.syntax unified
  81              		.thumb
  82              		.thumb_func
  84              	CDC_Init_FS:
  85              		@ args = 0, pretend = 0, frame = 0
  86              		@ frame_needed = 0, uses_anonymous_args = 0
  87 0000 10B5     		push	{r4, lr}
  88 0002 064C     		ldr	r4, .L10
  89 0004 0022     		movs	r2, #0
  90 0006 0649     		ldr	r1, .L10+4
  91 0008 2046     		mov	r0, r4
  92 000a FFF7FEFF 		bl	USBD_CDC_SetTxBuffer
  93 000e 0549     		ldr	r1, .L10+8
  94 0010 2046     		mov	r0, r4
  95 0012 FFF7FEFF 		bl	USBD_CDC_SetRxBuffer
  96 0016 0020     		movs	r0, #0
  97 0018 10BD     		pop	{r4, pc}
  98              	.L11:
  99 001a 00BF     		.align	2
 100              	.L10:
 101 001c 00000000 		.word	hUsbDeviceFS
 102 0020 00000000 		.word	UserTxBufferFS
 103 0024 00000000 		.word	UserRxBufferFS
 105              		.section	.text.CDC_Transmit_FS,"ax",%progbits
 106              		.align	1
 107              		.global	CDC_Transmit_FS
 108              		.syntax unified
 109              		.thumb
 110              		.thumb_func
 112              	CDC_Transmit_FS:
 113              		@ args = 0, pretend = 0, frame = 0
 114              		@ frame_needed = 0, uses_anonymous_args = 0
 115 0000 094B     		ldr	r3, .L20
 116 0002 D3F8BC32 		ldr	r3, [r3, #700]
 117 0006 D3F81432 		ldr	r3, [r3, #532]
 118 000a 0BB1     		cbz	r3, .L19
 119 000c 0120     		movs	r0, #1
 120 000e 7047     		bx	lr
 121              	.L19:
 122 0010 10B5     		push	{r4, lr}
 123 0012 054C     		ldr	r4, .L20
 124 0014 0A46     		mov	r2, r1
 125 0016 0146     		mov	r1, r0
ARM GAS  C:\Users\aticl\AppData\Local\Temp\ccKOTKxR.s 			page 3


 126 0018 2046     		mov	r0, r4
 127 001a FFF7FEFF 		bl	USBD_CDC_SetTxBuffer
 128 001e 2046     		mov	r0, r4
 129 0020 FFF7FEFF 		bl	USBD_CDC_TransmitPacket
 130 0024 10BD     		pop	{r4, pc}
 131              	.L21:
 132 0026 00BF     		.align	2
 133              	.L20:
 134 0028 00000000 		.word	hUsbDeviceFS
 136              		.global	USBD_Interface_fops_FS
 137              		.section	.data.USBD_Interface_fops_FS,"aw"
 138              		.align	2
 141              	USBD_Interface_fops_FS:
 142 0000 00000000 		.word	CDC_Init_FS
 143 0004 00000000 		.word	CDC_DeInit_FS
 144 0008 00000000 		.word	CDC_Control_FS
 145 000c 00000000 		.word	CDC_Receive_FS
 146 0010 00000000 		.word	CDC_TransmitCplt_FS
 147              		.global	UserTxBufferFS
 148              		.section	.bss.UserTxBufferFS,"aw",%nobits
 149              		.align	2
 152              	UserTxBufferFS:
 153 0000 00000000 		.space	256
 153      00000000 
 153      00000000 
 153      00000000 
 153      00000000 
 154              		.global	UserRxBufferFS
 155              		.section	.bss.UserRxBufferFS,"aw",%nobits
 156              		.align	2
 159              	UserRxBufferFS:
 160 0000 00000000 		.space	256
 160      00000000 
 160      00000000 
 160      00000000 
 160      00000000 
 161              		.ident	"GCC: (xPack GNU Arm Embedded GCC x86_64) 14.2.1 20241119"
ARM GAS  C:\Users\aticl\AppData\Local\Temp\ccKOTKxR.s 			page 4


DEFINED SYMBOLS
                            *ABS*:00000000 usbd_cdc_if.c
C:\Users\aticl\AppData\Local\Temp\ccKOTKxR.s:17     .text.CDC_DeInit_FS:00000000 $t
C:\Users\aticl\AppData\Local\Temp\ccKOTKxR.s:22     .text.CDC_DeInit_FS:00000000 CDC_DeInit_FS
C:\Users\aticl\AppData\Local\Temp\ccKOTKxR.s:30     .text.CDC_Control_FS:00000000 $t
C:\Users\aticl\AppData\Local\Temp\ccKOTKxR.s:35     .text.CDC_Control_FS:00000000 CDC_Control_FS
C:\Users\aticl\AppData\Local\Temp\ccKOTKxR.s:43     .text.CDC_TransmitCplt_FS:00000000 $t
C:\Users\aticl\AppData\Local\Temp\ccKOTKxR.s:48     .text.CDC_TransmitCplt_FS:00000000 CDC_TransmitCplt_FS
C:\Users\aticl\AppData\Local\Temp\ccKOTKxR.s:56     .text.CDC_Receive_FS:00000000 $t
C:\Users\aticl\AppData\Local\Temp\ccKOTKxR.s:61     .text.CDC_Receive_FS:00000000 CDC_Receive_FS
C:\Users\aticl\AppData\Local\Temp\ccKOTKxR.s:76     .text.CDC_Receive_FS:00000018 $d
C:\Users\aticl\AppData\Local\Temp\ccKOTKxR.s:79     .text.CDC_Init_FS:00000000 $t
C:\Users\aticl\AppData\Local\Temp\ccKOTKxR.s:84     .text.CDC_Init_FS:00000000 CDC_Init_FS
C:\Users\aticl\AppData\Local\Temp\ccKOTKxR.s:101    .text.CDC_Init_FS:0000001c $d
C:\Users\aticl\AppData\Local\Temp\ccKOTKxR.s:152    .bss.UserTxBufferFS:00000000 UserTxBufferFS
C:\Users\aticl\AppData\Local\Temp\ccKOTKxR.s:159    .bss.UserRxBufferFS:00000000 UserRxBufferFS
C:\Users\aticl\AppData\Local\Temp\ccKOTKxR.s:106    .text.CDC_Transmit_FS:00000000 $t
C:\Users\aticl\AppData\Local\Temp\ccKOTKxR.s:112    .text.CDC_Transmit_FS:00000000 CDC_Transmit_FS
C:\Users\aticl\AppData\Local\Temp\ccKOTKxR.s:134    .text.CDC_Transmit_FS:00000028 $d
C:\Users\aticl\AppData\Local\Temp\ccKOTKxR.s:141    .data.USBD_Interface_fops_FS:00000000 USBD_Interface_fops_FS
C:\Users\aticl\AppData\Local\Temp\ccKOTKxR.s:138    .data.USBD_Interface_fops_FS:00000000 $d
C:\Users\aticl\AppData\Local\Temp\ccKOTKxR.s:149    .bss.UserTxBufferFS:00000000 $d
C:\Users\aticl\AppData\Local\Temp\ccKOTKxR.s:156    .bss.UserRxBufferFS:00000000 $d

UNDEFINED SYMBOLS
USBD_CDC_SetRxBuffer
USBD_CDC_ReceivePacket
hUsbDeviceFS
USBD_CDC_SetTxBuffer
USBD_CDC_TransmitPacket
