ARM GAS  C:\Users\aticl\AppData\Local\Temp\ccYFSing.s 			page 1


   1              		.cpu cortex-m7
   2              		.arch armv7e-m
   3              		.fpu fpv5-d16
   4              		.eabi_attribute 28, 1
   5              		.eabi_attribute 20, 1
   6              		.eabi_attribute 21, 1
   7              		.eabi_attribute 23, 3
   8              		.eabi_attribute 24, 1
   9              		.eabi_attribute 25, 1
  10              		.eabi_attribute 26, 1
  11              		.eabi_attribute 30, 1
  12              		.eabi_attribute 34, 1
  13              		.eabi_attribute 18, 4
  14              		.file	"usbd_ctlreq.c"
  15              		.text
  16              		.section	.text.USBD_GetLen,"ax",%progbits
  17              		.align	1
  18              		.syntax unified
  19              		.thumb
  20              		.thumb_func
  22              	USBD_GetLen:
  23              		@ args = 0, pretend = 0, frame = 0
  24              		@ frame_needed = 0, uses_anonymous_args = 0
  25              		@ link register save eliminated.
  26 0000 0346     		mov	r3, r0
  27 0002 0020     		movs	r0, #0
  28 0004 02E0     		b	.L2
  29              	.L3:
  30 0006 0130     		adds	r0, r0, #1
  31 0008 C0B2     		uxtb	r0, r0
  32 000a 0133     		adds	r3, r3, #1
  33              	.L2:
  34 000c 1A78     		ldrb	r2, [r3]	@ zero_extendqisi2
  35 000e 002A     		cmp	r2, #0
  36 0010 F9D1     		bne	.L3
  37 0012 7047     		bx	lr
  39              		.section	.text.USBD_ParseSetupRequest,"ax",%progbits
  40              		.align	1
  41              		.global	USBD_ParseSetupRequest
  42              		.syntax unified
  43              		.thumb
  44              		.thumb_func
  46              	USBD_ParseSetupRequest:
  47              		@ args = 0, pretend = 0, frame = 0
  48              		@ frame_needed = 0, uses_anonymous_args = 0
  49              		@ link register save eliminated.
  50 0000 0B78     		ldrb	r3, [r1]	@ zero_extendqisi2
  51 0002 0370     		strb	r3, [r0]
  52 0004 4B78     		ldrb	r3, [r1, #1]	@ zero_extendqisi2
  53 0006 4370     		strb	r3, [r0, #1]
  54 0008 8B78     		ldrb	r3, [r1, #2]	@ zero_extendqisi2
  55 000a CA78     		ldrb	r2, [r1, #3]	@ zero_extendqisi2
  56 000c 43EA0223 		orr	r3, r3, r2, lsl #8
  57 0010 4380     		strh	r3, [r0, #2]	@ movhi
  58 0012 0B79     		ldrb	r3, [r1, #4]	@ zero_extendqisi2
  59 0014 4A79     		ldrb	r2, [r1, #5]	@ zero_extendqisi2
  60 0016 43EA0223 		orr	r3, r3, r2, lsl #8
ARM GAS  C:\Users\aticl\AppData\Local\Temp\ccYFSing.s 			page 2


  61 001a 8380     		strh	r3, [r0, #4]	@ movhi
  62 001c 8B79     		ldrb	r3, [r1, #6]	@ zero_extendqisi2
  63 001e CA79     		ldrb	r2, [r1, #7]	@ zero_extendqisi2
  64 0020 43EA0223 		orr	r3, r3, r2, lsl #8
  65 0024 C380     		strh	r3, [r0, #6]	@ movhi
  66 0026 7047     		bx	lr
  68              		.section	.text.USBD_CtlError,"ax",%progbits
  69              		.align	1
  70              		.global	USBD_CtlError
  71              		.syntax unified
  72              		.thumb
  73              		.thumb_func
  75              	USBD_CtlError:
  76              		@ args = 0, pretend = 0, frame = 0
  77              		@ frame_needed = 0, uses_anonymous_args = 0
  78 0000 10B5     		push	{r4, lr}
  79 0002 0446     		mov	r4, r0
  80 0004 8021     		movs	r1, #128
  81 0006 FFF7FEFF 		bl	USBD_LL_StallEP
  82 000a 0021     		movs	r1, #0
  83 000c 2046     		mov	r0, r4
  84 000e FFF7FEFF 		bl	USBD_LL_StallEP
  85 0012 10BD     		pop	{r4, pc}
  87              		.section	.text.USBD_GetDescriptor,"ax",%progbits
  88              		.align	1
  89              		.syntax unified
  90              		.thumb
  91              		.thumb_func
  93              	USBD_GetDescriptor:
  94              		@ args = 0, pretend = 0, frame = 8
  95              		@ frame_needed = 0, uses_anonymous_args = 0
  96 0000 30B5     		push	{r4, r5, lr}
  97 0002 83B0     		sub	sp, sp, #12
  98 0004 0546     		mov	r5, r0
  99 0006 0C46     		mov	r4, r1
 100 0008 0023     		movs	r3, #0
 101 000a ADF80630 		strh	r3, [sp, #6]	@ movhi
 102 000e 4A88     		ldrh	r2, [r1, #2]
 103 0010 130A     		lsrs	r3, r2, #8
 104 0012 013B     		subs	r3, r3, #1
 105 0014 0E2B     		cmp	r3, #14
 106 0016 00F2BB80 		bhi	.L8
 107 001a DFE803F0 		tbb	[pc, r3]
 108              	.L10:
 109 001e 15       		.byte	(.L15-.L10)/2
 110 001f 2F       		.byte	(.L14-.L10)/2
 111 0020 43       		.byte	(.L13-.L10)/2
 112 0021 B9       		.byte	(.L8-.L10)/2
 113 0022 B9       		.byte	(.L8-.L10)/2
 114 0023 9D       		.byte	(.L12-.L10)/2
 115 0024 AA       		.byte	(.L11-.L10)/2
 116 0025 B9       		.byte	(.L8-.L10)/2
 117 0026 B9       		.byte	(.L8-.L10)/2
 118 0027 B9       		.byte	(.L8-.L10)/2
 119 0028 B9       		.byte	(.L8-.L10)/2
 120 0029 B9       		.byte	(.L8-.L10)/2
 121 002a B9       		.byte	(.L8-.L10)/2
ARM GAS  C:\Users\aticl\AppData\Local\Temp\ccYFSing.s 			page 3


 122 002b B9       		.byte	(.L8-.L10)/2
 123 002c 08       		.byte	(.L9-.L10)/2
 124 002d 00       		.p2align 1
 125              	.L9:
 126 002e D0F8B432 		ldr	r3, [r0, #692]
 127 0032 DB69     		ldr	r3, [r3, #28]
 128 0034 23B1     		cbz	r3, .L16
 129 0036 0DF10601 		add	r1, sp, #6
 130 003a 007C     		ldrb	r0, [r0, #16]	@ zero_extendqisi2
 131 003c 9847     		blx	r3
 132 003e 0AE0     		b	.L17
 133              	.L16:
 134 0040 2146     		mov	r1, r4
 135 0042 FFF7FEFF 		bl	USBD_CtlError
 136 0046 A6E0     		b	.L7
 137              	.L15:
 138 0048 D0F8B432 		ldr	r3, [r0, #692]
 139 004c 1B68     		ldr	r3, [r3]
 140 004e 0DF10601 		add	r1, sp, #6
 141 0052 007C     		ldrb	r0, [r0, #16]	@ zero_extendqisi2
 142 0054 9847     		blx	r3
 143              	.L17:
 144 0056 E288     		ldrh	r2, [r4, #6]
 145 0058 002A     		cmp	r2, #0
 146 005a 00F0A380 		beq	.L37
 147 005e BDF80630 		ldrh	r3, [sp, #6]
 148 0062 002B     		cmp	r3, #0
 149 0064 00F09980 		beq	.L38
 150 0068 9A42     		cmp	r2, r3
 151 006a 28BF     		it	cs
 152 006c 1A46     		movcs	r2, r3
 153 006e ADF80620 		strh	r2, [sp, #6]	@ movhi
 154 0072 0146     		mov	r1, r0
 155 0074 2846     		mov	r0, r5
 156 0076 FFF7FEFF 		bl	USBD_CtlSendData
 157 007a 8CE0     		b	.L7
 158              	.L14:
 159 007c 037C     		ldrb	r3, [r0, #16]	@ zero_extendqisi2
 160 007e 43B9     		cbnz	r3, .L19
 161 0080 D0F8B832 		ldr	r3, [r0, #696]
 162 0084 9B6A     		ldr	r3, [r3, #40]
 163 0086 0DF10600 		add	r0, sp, #6
 164 008a 9847     		blx	r3
 165 008c 0223     		movs	r3, #2
 166 008e 4370     		strb	r3, [r0, #1]
 167 0090 E1E7     		b	.L17
 168              	.L19:
 169 0092 D0F8B832 		ldr	r3, [r0, #696]
 170 0096 DB6A     		ldr	r3, [r3, #44]
 171 0098 0DF10600 		add	r0, sp, #6
 172 009c 9847     		blx	r3
 173 009e 0223     		movs	r3, #2
 174 00a0 4370     		strb	r3, [r0, #1]
 175 00a2 D8E7     		b	.L17
 176              	.L13:
 177 00a4 D2B2     		uxtb	r2, r2
 178 00a6 052A     		cmp	r2, #5
ARM GAS  C:\Users\aticl\AppData\Local\Temp\ccYFSing.s 			page 4


 179 00a8 52D8     		bhi	.L20
 180 00aa DFE802F0 		tbb	[pc, r2]
 181              	.L22:
 182 00ae 03       		.byte	(.L27-.L22)/2
 183 00af 10       		.byte	(.L26-.L22)/2
 184 00b0 1D       		.byte	(.L25-.L22)/2
 185 00b1 2A       		.byte	(.L24-.L22)/2
 186 00b2 37       		.byte	(.L23-.L22)/2
 187 00b3 44       		.byte	(.L21-.L22)/2
 188              		.p2align 1
 189              	.L27:
 190 00b4 D0F8B432 		ldr	r3, [r0, #692]
 191 00b8 5B68     		ldr	r3, [r3, #4]
 192 00ba 23B1     		cbz	r3, .L28
 193 00bc 0DF10601 		add	r1, sp, #6
 194 00c0 007C     		ldrb	r0, [r0, #16]	@ zero_extendqisi2
 195 00c2 9847     		blx	r3
 196 00c4 C7E7     		b	.L17
 197              	.L28:
 198 00c6 2146     		mov	r1, r4
 199 00c8 FFF7FEFF 		bl	USBD_CtlError
 200 00cc 63E0     		b	.L7
 201              	.L26:
 202 00ce D0F8B432 		ldr	r3, [r0, #692]
 203 00d2 9B68     		ldr	r3, [r3, #8]
 204 00d4 23B1     		cbz	r3, .L29
 205 00d6 0DF10601 		add	r1, sp, #6
 206 00da 007C     		ldrb	r0, [r0, #16]	@ zero_extendqisi2
 207 00dc 9847     		blx	r3
 208 00de BAE7     		b	.L17
 209              	.L29:
 210 00e0 2146     		mov	r1, r4
 211 00e2 FFF7FEFF 		bl	USBD_CtlError
 212 00e6 56E0     		b	.L7
 213              	.L25:
 214 00e8 D0F8B432 		ldr	r3, [r0, #692]
 215 00ec DB68     		ldr	r3, [r3, #12]
 216 00ee 23B1     		cbz	r3, .L30
 217 00f0 0DF10601 		add	r1, sp, #6
 218 00f4 007C     		ldrb	r0, [r0, #16]	@ zero_extendqisi2
 219 00f6 9847     		blx	r3
 220 00f8 ADE7     		b	.L17
 221              	.L30:
 222 00fa 2146     		mov	r1, r4
 223 00fc FFF7FEFF 		bl	USBD_CtlError
 224 0100 49E0     		b	.L7
 225              	.L24:
 226 0102 D0F8B432 		ldr	r3, [r0, #692]
 227 0106 1B69     		ldr	r3, [r3, #16]
 228 0108 23B1     		cbz	r3, .L31
 229 010a 0DF10601 		add	r1, sp, #6
 230 010e 007C     		ldrb	r0, [r0, #16]	@ zero_extendqisi2
 231 0110 9847     		blx	r3
 232 0112 A0E7     		b	.L17
 233              	.L31:
 234 0114 2146     		mov	r1, r4
 235 0116 FFF7FEFF 		bl	USBD_CtlError
ARM GAS  C:\Users\aticl\AppData\Local\Temp\ccYFSing.s 			page 5


 236 011a 3CE0     		b	.L7
 237              	.L23:
 238 011c D0F8B432 		ldr	r3, [r0, #692]
 239 0120 5B69     		ldr	r3, [r3, #20]
 240 0122 23B1     		cbz	r3, .L32
 241 0124 0DF10601 		add	r1, sp, #6
 242 0128 007C     		ldrb	r0, [r0, #16]	@ zero_extendqisi2
 243 012a 9847     		blx	r3
 244 012c 93E7     		b	.L17
 245              	.L32:
 246 012e 2146     		mov	r1, r4
 247 0130 FFF7FEFF 		bl	USBD_CtlError
 248 0134 2FE0     		b	.L7
 249              	.L21:
 250 0136 D0F8B432 		ldr	r3, [r0, #692]
 251 013a 9B69     		ldr	r3, [r3, #24]
 252 013c 23B1     		cbz	r3, .L33
 253 013e 0DF10601 		add	r1, sp, #6
 254 0142 007C     		ldrb	r0, [r0, #16]	@ zero_extendqisi2
 255 0144 9847     		blx	r3
 256 0146 86E7     		b	.L17
 257              	.L33:
 258 0148 2146     		mov	r1, r4
 259 014a FFF7FEFF 		bl	USBD_CtlError
 260 014e 22E0     		b	.L7
 261              	.L20:
 262 0150 2146     		mov	r1, r4
 263 0152 FFF7FEFF 		bl	USBD_CtlError
 264 0156 1EE0     		b	.L7
 265              	.L12:
 266 0158 037C     		ldrb	r3, [r0, #16]	@ zero_extendqisi2
 267 015a 33B9     		cbnz	r3, .L34
 268 015c D0F8B832 		ldr	r3, [r0, #696]
 269 0160 5B6B     		ldr	r3, [r3, #52]
 270 0162 0DF10600 		add	r0, sp, #6
 271 0166 9847     		blx	r3
 272 0168 75E7     		b	.L17
 273              	.L34:
 274 016a 2146     		mov	r1, r4
 275 016c FFF7FEFF 		bl	USBD_CtlError
 276 0170 11E0     		b	.L7
 277              	.L11:
 278 0172 037C     		ldrb	r3, [r0, #16]	@ zero_extendqisi2
 279 0174 43B9     		cbnz	r3, .L35
 280 0176 D0F8B832 		ldr	r3, [r0, #696]
 281 017a 1B6B     		ldr	r3, [r3, #48]
 282 017c 0DF10600 		add	r0, sp, #6
 283 0180 9847     		blx	r3
 284 0182 0723     		movs	r3, #7
 285 0184 4370     		strb	r3, [r0, #1]
 286 0186 66E7     		b	.L17
 287              	.L35:
 288 0188 2146     		mov	r1, r4
 289 018a FFF7FEFF 		bl	USBD_CtlError
 290 018e 02E0     		b	.L7
 291              	.L8:
 292 0190 2146     		mov	r1, r4
ARM GAS  C:\Users\aticl\AppData\Local\Temp\ccYFSing.s 			page 6


 293 0192 FFF7FEFF 		bl	USBD_CtlError
 294              	.L7:
 295 0196 03B0     		add	sp, sp, #12
 296              		@ sp needed
 297 0198 30BD     		pop	{r4, r5, pc}
 298              	.L38:
 299 019a 2146     		mov	r1, r4
 300 019c 2846     		mov	r0, r5
 301 019e FFF7FEFF 		bl	USBD_CtlError
 302 01a2 F8E7     		b	.L7
 303              	.L37:
 304 01a4 2846     		mov	r0, r5
 305 01a6 FFF7FEFF 		bl	USBD_CtlSendStatus
 306 01aa F4E7     		b	.L7
 308              		.section	.text.USBD_SetAddress,"ax",%progbits
 309              		.align	1
 310              		.syntax unified
 311              		.thumb
 312              		.thumb_func
 314              	USBD_SetAddress:
 315              		@ args = 0, pretend = 0, frame = 0
 316              		@ frame_needed = 0, uses_anonymous_args = 0
 317 0000 38B5     		push	{r3, r4, r5, lr}
 318 0002 0446     		mov	r4, r0
 319 0004 8B88     		ldrh	r3, [r1, #4]
 320 0006 F3B9     		cbnz	r3, .L42
 321 0008 CB88     		ldrh	r3, [r1, #6]
 322 000a E3B9     		cbnz	r3, .L42
 323 000c 4B88     		ldrh	r3, [r1, #2]
 324 000e 7F2B     		cmp	r3, #127
 325 0010 19D8     		bhi	.L42
 326 0012 03F07F05 		and	r5, r3, #127
 327 0016 90F89C32 		ldrb	r3, [r0, #668]	@ zero_extendqisi2
 328 001a 032B     		cmp	r3, #3
 329 001c 0CD0     		beq	.L47
 330 001e 80F89E52 		strb	r5, [r0, #670]
 331 0022 2946     		mov	r1, r5
 332 0024 FFF7FEFF 		bl	USBD_LL_SetUSBAddress
 333 0028 2046     		mov	r0, r4
 334 002a FFF7FEFF 		bl	USBD_CtlSendStatus
 335 002e 35B1     		cbz	r5, .L45
 336 0030 0223     		movs	r3, #2
 337 0032 84F89C32 		strb	r3, [r4, #668]
 338 0036 09E0     		b	.L41
 339              	.L47:
 340 0038 FFF7FEFF 		bl	USBD_CtlError
 341 003c 06E0     		b	.L41
 342              	.L45:
 343 003e 0123     		movs	r3, #1
 344 0040 84F89C32 		strb	r3, [r4, #668]
 345 0044 02E0     		b	.L41
 346              	.L42:
 347 0046 2046     		mov	r0, r4
 348 0048 FFF7FEFF 		bl	USBD_CtlError
 349              	.L41:
 350 004c 38BD     		pop	{r3, r4, r5, pc}
 352              		.section	.text.USBD_SetConfig,"ax",%progbits
ARM GAS  C:\Users\aticl\AppData\Local\Temp\ccYFSing.s 			page 7


 353              		.align	1
 354              		.syntax unified
 355              		.thumb
 356              		.thumb_func
 358              	USBD_SetConfig:
 359              		@ args = 0, pretend = 0, frame = 0
 360              		@ frame_needed = 0, uses_anonymous_args = 0
 361 0000 70B5     		push	{r4, r5, r6, lr}
 362 0002 0446     		mov	r4, r0
 363 0004 0E46     		mov	r6, r1
 364 0006 8D78     		ldrb	r5, [r1, #2]	@ zero_extendqisi2
 365 0008 2F4B     		ldr	r3, .L63
 366 000a 1D70     		strb	r5, [r3]
 367 000c 012D     		cmp	r5, #1
 368 000e 10D8     		bhi	.L61
 369 0010 90F89C32 		ldrb	r3, [r0, #668]	@ zero_extendqisi2
 370 0014 DAB2     		uxtb	r2, r3
 371 0016 022B     		cmp	r3, #2
 372 0018 0FD0     		beq	.L51
 373 001a 032A     		cmp	r2, #3
 374 001c 26D0     		beq	.L52
 375 001e FFF7FEFF 		bl	USBD_CtlError
 376 0022 294B     		ldr	r3, .L63
 377 0024 1978     		ldrb	r1, [r3]	@ zero_extendqisi2
 378 0026 2046     		mov	r0, r4
 379 0028 FFF7FEFF 		bl	USBD_ClrClassConfig
 380 002c 0325     		movs	r5, #3
 381              	.L50:
 382 002e 2846     		mov	r0, r5
 383 0030 70BD     		pop	{r4, r5, r6, pc}
 384              	.L61:
 385 0032 FFF7FEFF 		bl	USBD_CtlError
 386 0036 0325     		movs	r5, #3
 387 0038 F9E7     		b	.L50
 388              	.L51:
 389 003a A5B1     		cbz	r5, .L54
 390 003c 4560     		str	r5, [r0, #4]
 391 003e 2946     		mov	r1, r5
 392 0040 FFF7FEFF 		bl	USBD_SetClassConfig
 393 0044 0546     		mov	r5, r0
 394 0046 38B1     		cbz	r0, .L55
 395 0048 3146     		mov	r1, r6
 396 004a 2046     		mov	r0, r4
 397 004c FFF7FEFF 		bl	USBD_CtlError
 398 0050 0223     		movs	r3, #2
 399 0052 84F89C32 		strb	r3, [r4, #668]
 400 0056 EAE7     		b	.L50
 401              	.L55:
 402 0058 2046     		mov	r0, r4
 403 005a FFF7FEFF 		bl	USBD_CtlSendStatus
 404 005e 0323     		movs	r3, #3
 405 0060 84F89C32 		strb	r3, [r4, #668]
 406 0064 E3E7     		b	.L50
 407              	.L54:
 408 0066 FFF7FEFF 		bl	USBD_CtlSendStatus
 409 006a E0E7     		b	.L50
 410              	.L52:
ARM GAS  C:\Users\aticl\AppData\Local\Temp\ccYFSing.s 			page 8


 411 006c CDB1     		cbz	r5, .L62
 412 006e 4168     		ldr	r1, [r0, #4]
 413 0070 8D42     		cmp	r5, r1
 414 0072 25D0     		beq	.L57
 415 0074 C9B2     		uxtb	r1, r1
 416 0076 FFF7FEFF 		bl	USBD_ClrClassConfig
 417 007a 134B     		ldr	r3, .L63
 418 007c 1978     		ldrb	r1, [r3]	@ zero_extendqisi2
 419 007e 6160     		str	r1, [r4, #4]
 420 0080 2046     		mov	r0, r4
 421 0082 FFF7FEFF 		bl	USBD_SetClassConfig
 422 0086 0546     		mov	r5, r0
 423 0088 B0B1     		cbz	r0, .L58
 424 008a 3146     		mov	r1, r6
 425 008c 2046     		mov	r0, r4
 426 008e FFF7FEFF 		bl	USBD_CtlError
 427 0092 2179     		ldrb	r1, [r4, #4]	@ zero_extendqisi2
 428 0094 2046     		mov	r0, r4
 429 0096 FFF7FEFF 		bl	USBD_ClrClassConfig
 430 009a 0223     		movs	r3, #2
 431 009c 84F89C32 		strb	r3, [r4, #668]
 432 00a0 C5E7     		b	.L50
 433              	.L62:
 434 00a2 0223     		movs	r3, #2
 435 00a4 80F89C32 		strb	r3, [r0, #668]
 436 00a8 4560     		str	r5, [r0, #4]
 437 00aa 2946     		mov	r1, r5
 438 00ac FFF7FEFF 		bl	USBD_ClrClassConfig
 439 00b0 2046     		mov	r0, r4
 440 00b2 FFF7FEFF 		bl	USBD_CtlSendStatus
 441 00b6 BAE7     		b	.L50
 442              	.L58:
 443 00b8 2046     		mov	r0, r4
 444 00ba FFF7FEFF 		bl	USBD_CtlSendStatus
 445 00be B6E7     		b	.L50
 446              	.L57:
 447 00c0 FFF7FEFF 		bl	USBD_CtlSendStatus
 448 00c4 0025     		movs	r5, #0
 449 00c6 B2E7     		b	.L50
 450              	.L64:
 451              		.align	2
 452              	.L63:
 453 00c8 00000000 		.word	cfgidx.0
 455              		.section	.text.USBD_GetConfig,"ax",%progbits
 456              		.align	1
 457              		.syntax unified
 458              		.thumb
 459              		.thumb_func
 461              	USBD_GetConfig:
 462              		@ args = 0, pretend = 0, frame = 0
 463              		@ frame_needed = 0, uses_anonymous_args = 0
 464 0000 08B5     		push	{r3, lr}
 465 0002 CB88     		ldrh	r3, [r1, #6]
 466 0004 012B     		cmp	r3, #1
 467 0006 0BD1     		bne	.L73
 468 0008 90F89C32 		ldrb	r3, [r0, #668]	@ zero_extendqisi2
 469 000c DAB2     		uxtb	r2, r3
ARM GAS  C:\Users\aticl\AppData\Local\Temp\ccYFSing.s 			page 9


 470 000e 022B     		cmp	r3, #2
 471 0010 09D9     		bls	.L74
 472 0012 032A     		cmp	r2, #3
 473 0014 11D1     		bne	.L70
 474 0016 0122     		movs	r2, #1
 475 0018 011D     		adds	r1, r0, #4
 476 001a FFF7FEFF 		bl	USBD_CtlSendData
 477 001e 01E0     		b	.L65
 478              	.L73:
 479 0020 FFF7FEFF 		bl	USBD_CtlError
 480              	.L65:
 481 0024 08BD     		pop	{r3, pc}
 482              	.L74:
 483 0026 52B2     		sxtb	r2, r2
 484 0028 3AB1     		cbz	r2, .L70
 485 002a 0146     		mov	r1, r0
 486 002c 0023     		movs	r3, #0
 487 002e 41F8083F 		str	r3, [r1, #8]!
 488 0032 0122     		movs	r2, #1
 489 0034 FFF7FEFF 		bl	USBD_CtlSendData
 490 0038 F4E7     		b	.L65
 491              	.L70:
 492 003a FFF7FEFF 		bl	USBD_CtlError
 493 003e F1E7     		b	.L65
 495              		.section	.text.USBD_GetStatus,"ax",%progbits
 496              		.align	1
 497              		.syntax unified
 498              		.thumb
 499              		.thumb_func
 501              	USBD_GetStatus:
 502              		@ args = 0, pretend = 0, frame = 0
 503              		@ frame_needed = 0, uses_anonymous_args = 0
 504 0000 08B5     		push	{r3, lr}
 505 0002 90F89C32 		ldrb	r3, [r0, #668]	@ zero_extendqisi2
 506 0006 013B     		subs	r3, r3, #1
 507 0008 022B     		cmp	r3, #2
 508 000a 12D8     		bhi	.L76
 509 000c CB88     		ldrh	r3, [r1, #6]
 510 000e 022B     		cmp	r3, #2
 511 0010 0CD1     		bne	.L81
 512 0012 0123     		movs	r3, #1
 513 0014 C360     		str	r3, [r0, #12]
 514 0016 D0F8A432 		ldr	r3, [r0, #676]
 515 001a 0BB1     		cbz	r3, .L79
 516 001c 0323     		movs	r3, #3
 517 001e C360     		str	r3, [r0, #12]
 518              	.L79:
 519 0020 0222     		movs	r2, #2
 520 0022 00F10C01 		add	r1, r0, #12
 521 0026 FFF7FEFF 		bl	USBD_CtlSendData
 522              	.L75:
 523 002a 08BD     		pop	{r3, pc}
 524              	.L81:
 525 002c FFF7FEFF 		bl	USBD_CtlError
 526 0030 FBE7     		b	.L75
 527              	.L76:
 528 0032 FFF7FEFF 		bl	USBD_CtlError
ARM GAS  C:\Users\aticl\AppData\Local\Temp\ccYFSing.s 			page 10


 529 0036 F8E7     		b	.L75
 531              		.section	.text.USBD_SetFeature,"ax",%progbits
 532              		.align	1
 533              		.syntax unified
 534              		.thumb
 535              		.thumb_func
 537              	USBD_SetFeature:
 538              		@ args = 0, pretend = 0, frame = 0
 539              		@ frame_needed = 0, uses_anonymous_args = 0
 540 0000 08B5     		push	{r3, lr}
 541 0002 4B88     		ldrh	r3, [r1, #2]
 542 0004 012B     		cmp	r3, #1
 543 0006 04D0     		beq	.L87
 544 0008 022B     		cmp	r3, #2
 545 000a 07D0     		beq	.L88
 546 000c FFF7FEFF 		bl	USBD_CtlError
 547              	.L82:
 548 0010 08BD     		pop	{r3, pc}
 549              	.L87:
 550 0012 C0F8A432 		str	r3, [r0, #676]
 551 0016 FFF7FEFF 		bl	USBD_CtlSendStatus
 552 001a F9E7     		b	.L82
 553              	.L88:
 554 001c 8B88     		ldrh	r3, [r1, #4]
 555 001e 1B0A     		lsrs	r3, r3, #8
 556 0020 80F8A032 		strb	r3, [r0, #672]
 557 0024 FFF7FEFF 		bl	USBD_CtlSendStatus
 558 0028 F2E7     		b	.L82
 560              		.section	.text.USBD_ClrFeature,"ax",%progbits
 561              		.align	1
 562              		.syntax unified
 563              		.thumb
 564              		.thumb_func
 566              	USBD_ClrFeature:
 567              		@ args = 0, pretend = 0, frame = 0
 568              		@ frame_needed = 0, uses_anonymous_args = 0
 569 0000 08B5     		push	{r3, lr}
 570 0002 90F89C32 		ldrb	r3, [r0, #668]	@ zero_extendqisi2
 571 0006 013B     		subs	r3, r3, #1
 572 0008 022B     		cmp	r3, #2
 573 000a 09D8     		bhi	.L90
 574 000c 4B88     		ldrh	r3, [r1, #2]
 575 000e 012B     		cmp	r3, #1
 576 0010 00D0     		beq	.L93
 577              	.L89:
 578 0012 08BD     		pop	{r3, pc}
 579              	.L93:
 580 0014 0023     		movs	r3, #0
 581 0016 C0F8A432 		str	r3, [r0, #676]
 582 001a FFF7FEFF 		bl	USBD_CtlSendStatus
 583 001e F8E7     		b	.L89
 584              	.L90:
 585 0020 FFF7FEFF 		bl	USBD_CtlError
 586 0024 F5E7     		b	.L89
 588              		.section	.text.USBD_StdDevReq,"ax",%progbits
 589              		.align	1
 590              		.global	USBD_StdDevReq
ARM GAS  C:\Users\aticl\AppData\Local\Temp\ccYFSing.s 			page 11


 591              		.syntax unified
 592              		.thumb
 593              		.thumb_func
 595              	USBD_StdDevReq:
 596              		@ args = 0, pretend = 0, frame = 0
 597              		@ frame_needed = 0, uses_anonymous_args = 0
 598 0000 38B5     		push	{r3, r4, r5, lr}
 599 0002 0C78     		ldrb	r4, [r1]	@ zero_extendqisi2
 600 0004 04F06004 		and	r4, r4, #96
 601 0008 202C     		cmp	r4, #32
 602 000a 06D0     		beq	.L95
 603 000c 402C     		cmp	r4, #64
 604 000e 04D0     		beq	.L95
 605 0010 6CB1     		cbz	r4, .L96
 606 0012 FFF7FEFF 		bl	USBD_CtlError
 607 0016 0024     		movs	r4, #0
 608 0018 07E0     		b	.L98
 609              	.L95:
 610 001a D0F8D432 		ldr	r3, [r0, #724]
 611 001e AE33     		adds	r3, r3, #174
 612 0020 50F82330 		ldr	r3, [r0, r3, lsl #2]
 613 0024 9B68     		ldr	r3, [r3, #8]
 614 0026 9847     		blx	r3
 615 0028 0446     		mov	r4, r0
 616              	.L98:
 617 002a 2046     		mov	r0, r4
 618 002c 38BD     		pop	{r3, r4, r5, pc}
 619              	.L96:
 620 002e 4D78     		ldrb	r5, [r1, #1]	@ zero_extendqisi2
 621 0030 092D     		cmp	r5, #9
 622 0032 1DD8     		bhi	.L99
 623 0034 DFE805F0 		tbb	[pc, r5]
 624              	.L101:
 625 0038 12       		.byte	(.L107-.L101)/2
 626 0039 19       		.byte	(.L106-.L101)/2
 627 003a 1C       		.byte	(.L99-.L101)/2
 628 003b 16       		.byte	(.L105-.L101)/2
 629 003c 1C       		.byte	(.L99-.L101)/2
 630 003d 08       		.byte	(.L104-.L101)/2
 631 003e 05       		.byte	(.L103-.L101)/2
 632 003f 1C       		.byte	(.L99-.L101)/2
 633 0040 0F       		.byte	(.L102-.L101)/2
 634 0041 0B       		.byte	(.L100-.L101)/2
 635              		.p2align 1
 636              	.L103:
 637 0042 FFF7FEFF 		bl	USBD_GetDescriptor
 638 0046 F0E7     		b	.L98
 639              	.L104:
 640 0048 FFF7FEFF 		bl	USBD_SetAddress
 641 004c EDE7     		b	.L98
 642              	.L100:
 643 004e FFF7FEFF 		bl	USBD_SetConfig
 644 0052 0446     		mov	r4, r0
 645 0054 E9E7     		b	.L98
 646              	.L102:
 647 0056 FFF7FEFF 		bl	USBD_GetConfig
 648 005a E6E7     		b	.L98
ARM GAS  C:\Users\aticl\AppData\Local\Temp\ccYFSing.s 			page 12


 649              	.L107:
 650 005c FFF7FEFF 		bl	USBD_GetStatus
 651 0060 2C46     		mov	r4, r5
 652 0062 E2E7     		b	.L98
 653              	.L105:
 654 0064 FFF7FEFF 		bl	USBD_SetFeature
 655 0068 DFE7     		b	.L98
 656              	.L106:
 657 006a FFF7FEFF 		bl	USBD_ClrFeature
 658 006e DCE7     		b	.L98
 659              	.L99:
 660 0070 FFF7FEFF 		bl	USBD_CtlError
 661 0074 D9E7     		b	.L98
 663              		.section	.text.USBD_StdItfReq,"ax",%progbits
 664              		.align	1
 665              		.global	USBD_StdItfReq
 666              		.syntax unified
 667              		.thumb
 668              		.thumb_func
 670              	USBD_StdItfReq:
 671              		@ args = 0, pretend = 0, frame = 0
 672              		@ frame_needed = 0, uses_anonymous_args = 0
 673 0000 70B5     		push	{r4, r5, r6, lr}
 674 0002 0546     		mov	r5, r0
 675 0004 0C46     		mov	r4, r1
 676 0006 0B78     		ldrb	r3, [r1]	@ zero_extendqisi2
 677 0008 03F06003 		and	r3, r3, #96
 678 000c 202B     		cmp	r3, #32
 679 000e 07D0     		beq	.L111
 680 0010 402B     		cmp	r3, #64
 681 0012 05D0     		beq	.L111
 682 0014 23B1     		cbz	r3, .L111
 683 0016 FFF7FEFF 		bl	USBD_CtlError
 684 001a 0026     		movs	r6, #0
 685              	.L116:
 686 001c 3046     		mov	r0, r6
 687 001e 70BD     		pop	{r4, r5, r6, pc}
 688              	.L111:
 689 0020 95F89C32 		ldrb	r3, [r5, #668]	@ zero_extendqisi2
 690 0024 013B     		subs	r3, r3, #1
 691 0026 022B     		cmp	r3, #2
 692 0028 26D8     		bhi	.L113
 693 002a 2179     		ldrb	r1, [r4, #4]	@ zero_extendqisi2
 694 002c 0129     		cmp	r1, #1
 695 002e 05D9     		bls	.L120
 696 0030 2146     		mov	r1, r4
 697 0032 2846     		mov	r0, r5
 698 0034 FFF7FEFF 		bl	USBD_CtlError
 699 0038 0026     		movs	r6, #0
 700 003a EFE7     		b	.L116
 701              	.L120:
 702 003c 2846     		mov	r0, r5
 703 003e FFF7FEFF 		bl	USBD_CoreFindIF
 704 0042 68B9     		cbnz	r0, .L117
 705 0044 00F1AE02 		add	r2, r0, #174
 706 0048 55F82220 		ldr	r2, [r5, r2, lsl #2]
 707 004c 9168     		ldr	r1, [r2, #8]
ARM GAS  C:\Users\aticl\AppData\Local\Temp\ccYFSing.s 			page 13


 708 004e 89B1     		cbz	r1, .L118
 709 0050 C5F8D402 		str	r0, [r5, #724]
 710 0054 9368     		ldr	r3, [r2, #8]
 711 0056 2146     		mov	r1, r4
 712 0058 2846     		mov	r0, r5
 713 005a 9847     		blx	r3
 714 005c 0646     		mov	r6, r0
 715 005e 00E0     		b	.L115
 716              	.L117:
 717 0060 0326     		movs	r6, #3
 718              	.L115:
 719 0062 E388     		ldrh	r3, [r4, #6]
 720 0064 002B     		cmp	r3, #0
 721 0066 D9D1     		bne	.L116
 722 0068 002E     		cmp	r6, #0
 723 006a D7D1     		bne	.L116
 724 006c 2846     		mov	r0, r5
 725 006e FFF7FEFF 		bl	USBD_CtlSendStatus
 726 0072 D3E7     		b	.L116
 727              	.L118:
 728 0074 0326     		movs	r6, #3
 729 0076 F4E7     		b	.L115
 730              	.L113:
 731 0078 2146     		mov	r1, r4
 732 007a 2846     		mov	r0, r5
 733 007c FFF7FEFF 		bl	USBD_CtlError
 734 0080 0026     		movs	r6, #0
 735 0082 CBE7     		b	.L116
 737              		.section	.text.USBD_StdEPReq,"ax",%progbits
 738              		.align	1
 739              		.global	USBD_StdEPReq
 740              		.syntax unified
 741              		.thumb
 742              		.thumb_func
 744              	USBD_StdEPReq:
 745              		@ args = 0, pretend = 0, frame = 0
 746              		@ frame_needed = 0, uses_anonymous_args = 0
 747 0000 2DE9F041 		push	{r4, r5, r6, r7, r8, lr}
 748 0004 0646     		mov	r6, r0
 749 0006 0D46     		mov	r5, r1
 750 0008 8B88     		ldrh	r3, [r1, #4]
 751 000a DFB2     		uxtb	r7, r3
 752 000c 0C78     		ldrb	r4, [r1]	@ zero_extendqisi2
 753 000e 04F06004 		and	r4, r4, #96
 754 0012 202C     		cmp	r4, #32
 755 0014 08D0     		beq	.L122
 756 0016 402C     		cmp	r4, #64
 757 0018 06D0     		beq	.L122
 758 001a DCB1     		cbz	r4, .L123
 759 001c FFF7FEFF 		bl	USBD_CtlError
 760 0020 0024     		movs	r4, #0
 761              	.L125:
 762 0022 2046     		mov	r0, r4
 763 0024 BDE8F081 		pop	{r4, r5, r6, r7, r8, pc}
 764              	.L122:
 765 0028 3946     		mov	r1, r7
 766 002a 3046     		mov	r0, r6
ARM GAS  C:\Users\aticl\AppData\Local\Temp\ccYFSing.s 			page 14


 767 002c FFF7FEFF 		bl	USBD_CoreFindEP
 768 0030 0446     		mov	r4, r0
 769 0032 0028     		cmp	r0, #0
 770 0034 40F0FD80 		bne	.L153
 771 0038 C6F8D402 		str	r0, [r6, #724]
 772 003c 00F1AE03 		add	r3, r0, #174
 773 0040 56F82330 		ldr	r3, [r6, r3, lsl #2]
 774 0044 9B68     		ldr	r3, [r3, #8]
 775 0046 002B     		cmp	r3, #0
 776 0048 EBD0     		beq	.L125
 777 004a 2946     		mov	r1, r5
 778 004c 3046     		mov	r0, r6
 779 004e 9847     		blx	r3
 780 0050 0446     		mov	r4, r0
 781 0052 E6E7     		b	.L125
 782              	.L123:
 783 0054 91F80180 		ldrb	r8, [r1, #1]	@ zero_extendqisi2
 784 0058 B8F1010F 		cmp	r8, #1
 785 005c 31D0     		beq	.L126
 786 005e B8F1030F 		cmp	r8, #3
 787 0062 05D0     		beq	.L127
 788 0064 B8F1000F 		cmp	r8, #0
 789 0068 66D0     		beq	.L128
 790 006a FFF7FEFF 		bl	USBD_CtlError
 791 006e D8E7     		b	.L125
 792              	.L127:
 793 0070 90F89C32 		ldrb	r3, [r0, #668]	@ zero_extendqisi2
 794 0074 DAB2     		uxtb	r2, r3
 795 0076 022B     		cmp	r3, #2
 796 0078 04D0     		beq	.L130
 797 007a 032A     		cmp	r2, #3
 798 007c 11D0     		beq	.L131
 799 007e FFF7FEFF 		bl	USBD_CtlError
 800 0082 CEE7     		b	.L125
 801              	.L130:
 802 0084 002F     		cmp	r7, #0
 803 0086 18BF     		it	ne
 804 0088 802F     		cmpne	r7, #128
 805 008a 07D0     		beq	.L133
 806 008c 3946     		mov	r1, r7
 807 008e FFF7FEFF 		bl	USBD_LL_StallEP
 808 0092 8021     		movs	r1, #128
 809 0094 3046     		mov	r0, r6
 810 0096 FFF7FEFF 		bl	USBD_LL_StallEP
 811 009a C2E7     		b	.L125
 812              	.L133:
 813 009c FFF7FEFF 		bl	USBD_CtlError
 814 00a0 BFE7     		b	.L125
 815              	.L131:
 816 00a2 4B88     		ldrh	r3, [r1, #2]
 817 00a4 2BB9     		cbnz	r3, .L134
 818 00a6 002F     		cmp	r7, #0
 819 00a8 18BF     		it	ne
 820 00aa 802F     		cmpne	r7, #128
 821 00ac 01D0     		beq	.L134
 822 00ae CB88     		ldrh	r3, [r1, #6]
 823 00b0 1BB1     		cbz	r3, .L161
ARM GAS  C:\Users\aticl\AppData\Local\Temp\ccYFSing.s 			page 15


 824              	.L134:
 825 00b2 3046     		mov	r0, r6
 826 00b4 FFF7FEFF 		bl	USBD_CtlSendStatus
 827 00b8 B3E7     		b	.L125
 828              	.L161:
 829 00ba 3946     		mov	r1, r7
 830 00bc FFF7FEFF 		bl	USBD_LL_StallEP
 831 00c0 F7E7     		b	.L134
 832              	.L126:
 833 00c2 90F89C32 		ldrb	r3, [r0, #668]	@ zero_extendqisi2
 834 00c6 DAB2     		uxtb	r2, r3
 835 00c8 022B     		cmp	r3, #2
 836 00ca 04D0     		beq	.L135
 837 00cc 032A     		cmp	r2, #3
 838 00ce 11D0     		beq	.L136
 839 00d0 FFF7FEFF 		bl	USBD_CtlError
 840 00d4 A5E7     		b	.L125
 841              	.L135:
 842 00d6 002F     		cmp	r7, #0
 843 00d8 18BF     		it	ne
 844 00da 802F     		cmpne	r7, #128
 845 00dc 07D0     		beq	.L138
 846 00de 3946     		mov	r1, r7
 847 00e0 FFF7FEFF 		bl	USBD_LL_StallEP
 848 00e4 8021     		movs	r1, #128
 849 00e6 3046     		mov	r0, r6
 850 00e8 FFF7FEFF 		bl	USBD_LL_StallEP
 851 00ec 99E7     		b	.L125
 852              	.L138:
 853 00ee FFF7FEFF 		bl	USBD_CtlError
 854 00f2 96E7     		b	.L125
 855              	.L136:
 856 00f4 4B88     		ldrh	r3, [r1, #2]
 857 00f6 002B     		cmp	r3, #0
 858 00f8 93D1     		bne	.L125
 859 00fa 17F07F0F 		tst	r7, #127
 860 00fe 17D1     		bne	.L162
 861              	.L139:
 862 0100 3046     		mov	r0, r6
 863 0102 FFF7FEFF 		bl	USBD_CtlSendStatus
 864 0106 3946     		mov	r1, r7
 865 0108 3046     		mov	r0, r6
 866 010a FFF7FEFF 		bl	USBD_CoreFindEP
 867 010e 0028     		cmp	r0, #0
 868 0110 87D1     		bne	.L125
 869 0112 C6F8D402 		str	r0, [r6, #724]
 870 0116 00F1AE02 		add	r2, r0, #174
 871 011a 56F82220 		ldr	r2, [r6, r2, lsl #2]
 872 011e 9268     		ldr	r2, [r2, #8]
 873 0120 002A     		cmp	r2, #0
 874 0122 00F08880 		beq	.L154
 875 0126 2946     		mov	r1, r5
 876 0128 3046     		mov	r0, r6
 877 012a 9047     		blx	r2
 878 012c 0446     		mov	r4, r0
 879 012e 78E7     		b	.L125
 880              	.L162:
ARM GAS  C:\Users\aticl\AppData\Local\Temp\ccYFSing.s 			page 16


 881 0130 3946     		mov	r1, r7
 882 0132 FFF7FEFF 		bl	USBD_LL_ClearStallEP
 883 0136 E3E7     		b	.L139
 884              	.L128:
 885 0138 90F89C22 		ldrb	r2, [r0, #668]	@ zero_extendqisi2
 886 013c D1B2     		uxtb	r1, r2
 887 013e 022A     		cmp	r2, #2
 888 0140 06D0     		beq	.L140
 889 0142 0329     		cmp	r1, #3
 890 0144 2AD0     		beq	.L141
 891 0146 2946     		mov	r1, r5
 892 0148 FFF7FEFF 		bl	USBD_CtlError
 893 014c 4446     		mov	r4, r8
 894 014e 68E7     		b	.L125
 895              	.L140:
 896 0150 002F     		cmp	r7, #0
 897 0152 18BF     		it	ne
 898 0154 802F     		cmpne	r7, #128
 899 0156 13D1     		bne	.L163
 900 0158 13F0800F 		tst	r3, #128
 901 015c 15D1     		bne	.L164
 902 015e 07F07F07 		and	r7, r7, #127
 903 0162 07EB8707 		add	r7, r7, r7, lsl #2
 904 0166 B900     		lsls	r1, r7, #2
 905 0168 01F5A871 		add	r1, r1, #336
 906 016c 0144     		add	r1, r1, r0
 907 016e 0431     		adds	r1, r1, #4
 908              	.L145:
 909 0170 0023     		movs	r3, #0
 910 0172 0B60     		str	r3, [r1]
 911 0174 0222     		movs	r2, #2
 912 0176 3046     		mov	r0, r6
 913 0178 FFF7FEFF 		bl	USBD_CtlSendData
 914 017c 4446     		mov	r4, r8
 915 017e 50E7     		b	.L125
 916              	.L163:
 917 0180 2946     		mov	r1, r5
 918 0182 FFF7FEFF 		bl	USBD_CtlError
 919 0186 4446     		mov	r4, r8
 920 0188 4BE7     		b	.L125
 921              	.L164:
 922 018a 07F07F07 		and	r7, r7, #127
 923 018e 07EB8707 		add	r7, r7, r7, lsl #2
 924 0192 B900     		lsls	r1, r7, #2
 925 0194 1031     		adds	r1, r1, #16
 926 0196 0144     		add	r1, r1, r0
 927 0198 0431     		adds	r1, r1, #4
 928 019a E9E7     		b	.L145
 929              	.L141:
 930 019c 5BB2     		sxtb	r3, r3
 931 019e 002B     		cmp	r3, #0
 932 01a0 20DB     		blt	.L165
 933 01a2 07F00F02 		and	r2, r7, #15
 934 01a6 02EB8202 		add	r2, r2, r2, lsl #2
 935 01aa 00EB8202 		add	r2, r0, r2, lsl #2
 936 01ae B2F86421 		ldrh	r2, [r2, #356]
 937 01b2 2AB3     		cbz	r2, .L166
ARM GAS  C:\Users\aticl\AppData\Local\Temp\ccYFSing.s 			page 17


 938              	.L147:
 939 01b4 002B     		cmp	r3, #0
 940 01b6 28DB     		blt	.L167
 941 01b8 07F07F03 		and	r3, r7, #127
 942 01bc 03EB8303 		add	r3, r3, r3, lsl #2
 943 01c0 9C00     		lsls	r4, r3, #2
 944 01c2 04F5A874 		add	r4, r4, #336
 945 01c6 3444     		add	r4, r4, r6
 946 01c8 0434     		adds	r4, r4, #4
 947              	.L149:
 948 01ca 802F     		cmp	r7, #128
 949 01cc 18BF     		it	ne
 950 01ce 002F     		cmpne	r7, #0
 951 01d0 24D1     		bne	.L150
 952 01d2 0023     		movs	r3, #0
 953 01d4 2360     		str	r3, [r4]
 954              	.L151:
 955 01d6 0222     		movs	r2, #2
 956 01d8 2146     		mov	r1, r4
 957 01da 3046     		mov	r0, r6
 958 01dc FFF7FEFF 		bl	USBD_CtlSendData
 959 01e0 4446     		mov	r4, r8
 960 01e2 1EE7     		b	.L125
 961              	.L165:
 962 01e4 07F00F02 		and	r2, r7, #15
 963 01e8 02EB8202 		add	r2, r2, r2, lsl #2
 964 01ec 00EB8202 		add	r2, r0, r2, lsl #2
 965 01f0 928C     		ldrh	r2, [r2, #36]
 966 01f2 002A     		cmp	r2, #0
 967 01f4 DED1     		bne	.L147
 968 01f6 2946     		mov	r1, r5
 969 01f8 FFF7FEFF 		bl	USBD_CtlError
 970 01fc 4446     		mov	r4, r8
 971 01fe 10E7     		b	.L125
 972              	.L166:
 973 0200 2946     		mov	r1, r5
 974 0202 FFF7FEFF 		bl	USBD_CtlError
 975 0206 4446     		mov	r4, r8
 976 0208 0BE7     		b	.L125
 977              	.L167:
 978 020a 07F07F03 		and	r3, r7, #127
 979 020e 03EB8303 		add	r3, r3, r3, lsl #2
 980 0212 9C00     		lsls	r4, r3, #2
 981 0214 1034     		adds	r4, r4, #16
 982 0216 3444     		add	r4, r4, r6
 983 0218 0434     		adds	r4, r4, #4
 984 021a D6E7     		b	.L149
 985              	.L150:
 986 021c 3946     		mov	r1, r7
 987 021e 3046     		mov	r0, r6
 988 0220 FFF7FEFF 		bl	USBD_LL_IsStallEP
 989 0224 10B1     		cbz	r0, .L152
 990 0226 0123     		movs	r3, #1
 991 0228 2360     		str	r3, [r4]
 992 022a D4E7     		b	.L151
 993              	.L152:
 994 022c 0023     		movs	r3, #0
ARM GAS  C:\Users\aticl\AppData\Local\Temp\ccYFSing.s 			page 18


 995 022e 2360     		str	r3, [r4]
 996 0230 D1E7     		b	.L151
 997              	.L153:
 998 0232 0024     		movs	r4, #0
 999 0234 F5E6     		b	.L125
 1000              	.L154:
 1001 0236 0446     		mov	r4, r0
 1002 0238 F3E6     		b	.L125
 1004              		.section	.text.USBD_GetString,"ax",%progbits
 1005              		.align	1
 1006              		.global	USBD_GetString
 1007              		.syntax unified
 1008              		.thumb
 1009              		.thumb_func
 1011              	USBD_GetString:
 1012              		@ args = 0, pretend = 0, frame = 0
 1013              		@ frame_needed = 0, uses_anonymous_args = 0
 1014 0000 F0B1     		cbz	r0, .L175
 1015 0002 70B5     		push	{r4, r5, r6, lr}
 1016 0004 0D46     		mov	r5, r1
 1017 0006 1646     		mov	r6, r2
 1018 0008 0446     		mov	r4, r0
 1019 000a FFF7FEFF 		bl	USBD_GetLen
 1020 000e 0130     		adds	r0, r0, #1
 1021 0010 4300     		lsls	r3, r0, #1
 1022 0012 402B     		cmp	r3, #64
 1023 0014 06D8     		bhi	.L173
 1024 0016 9BB2     		uxth	r3, r3
 1025              	.L170:
 1026 0018 3380     		strh	r3, [r6]	@ movhi
 1027 001a 2B70     		strb	r3, [r5]
 1028 001c 0323     		movs	r3, #3
 1029 001e 6B70     		strb	r3, [r5, #1]
 1030 0020 0223     		movs	r3, #2
 1031 0022 09E0     		b	.L171
 1032              	.L173:
 1033 0024 4023     		movs	r3, #64
 1034 0026 F7E7     		b	.L170
 1035              	.L172:
 1036 0028 EA54     		strb	r2, [r5, r3]
 1037 002a 0134     		adds	r4, r4, #1
 1038 002c 5A1C     		adds	r2, r3, #1
 1039 002e D2B2     		uxtb	r2, r2
 1040 0030 0021     		movs	r1, #0
 1041 0032 A954     		strb	r1, [r5, r2]
 1042 0034 0233     		adds	r3, r3, #2
 1043 0036 DBB2     		uxtb	r3, r3
 1044              	.L171:
 1045 0038 2278     		ldrb	r2, [r4]	@ zero_extendqisi2
 1046 003a 002A     		cmp	r2, #0
 1047 003c F4D1     		bne	.L172
 1048 003e 70BD     		pop	{r4, r5, r6, pc}
 1049              	.L175:
 1050 0040 7047     		bx	lr
 1052              		.section	.bss.cfgidx.0,"aw",%nobits
 1055              	cfgidx.0:
 1056 0000 00       		.space	1
ARM GAS  C:\Users\aticl\AppData\Local\Temp\ccYFSing.s 			page 19


 1057              		.ident	"GCC: (xPack GNU Arm Embedded GCC x86_64) 14.2.1 20241119"
ARM GAS  C:\Users\aticl\AppData\Local\Temp\ccYFSing.s 			page 20


DEFINED SYMBOLS
                            *ABS*:00000000 usbd_ctlreq.c
C:\Users\aticl\AppData\Local\Temp\ccYFSing.s:17     .text.USBD_GetLen:00000000 $t
C:\Users\aticl\AppData\Local\Temp\ccYFSing.s:22     .text.USBD_GetLen:00000000 USBD_GetLen
C:\Users\aticl\AppData\Local\Temp\ccYFSing.s:40     .text.USBD_ParseSetupRequest:00000000 $t
C:\Users\aticl\AppData\Local\Temp\ccYFSing.s:46     .text.USBD_ParseSetupRequest:00000000 USBD_ParseSetupRequest
C:\Users\aticl\AppData\Local\Temp\ccYFSing.s:69     .text.USBD_CtlError:00000000 $t
C:\Users\aticl\AppData\Local\Temp\ccYFSing.s:75     .text.USBD_CtlError:00000000 USBD_CtlError
C:\Users\aticl\AppData\Local\Temp\ccYFSing.s:88     .text.USBD_GetDescriptor:00000000 $t
C:\Users\aticl\AppData\Local\Temp\ccYFSing.s:93     .text.USBD_GetDescriptor:00000000 USBD_GetDescriptor
C:\Users\aticl\AppData\Local\Temp\ccYFSing.s:109    .text.USBD_GetDescriptor:0000001e $d
C:\Users\aticl\AppData\Local\Temp\ccYFSing.s:182    .text.USBD_GetDescriptor:000000ae $d
C:\Users\aticl\AppData\Local\Temp\ccYFSing.s:188    .text.USBD_GetDescriptor:000000b4 $t
C:\Users\aticl\AppData\Local\Temp\ccYFSing.s:309    .text.USBD_SetAddress:00000000 $t
C:\Users\aticl\AppData\Local\Temp\ccYFSing.s:314    .text.USBD_SetAddress:00000000 USBD_SetAddress
C:\Users\aticl\AppData\Local\Temp\ccYFSing.s:353    .text.USBD_SetConfig:00000000 $t
C:\Users\aticl\AppData\Local\Temp\ccYFSing.s:358    .text.USBD_SetConfig:00000000 USBD_SetConfig
C:\Users\aticl\AppData\Local\Temp\ccYFSing.s:453    .text.USBD_SetConfig:000000c8 $d
C:\Users\aticl\AppData\Local\Temp\ccYFSing.s:1055   .bss.cfgidx.0:00000000 cfgidx.0
C:\Users\aticl\AppData\Local\Temp\ccYFSing.s:456    .text.USBD_GetConfig:00000000 $t
C:\Users\aticl\AppData\Local\Temp\ccYFSing.s:461    .text.USBD_GetConfig:00000000 USBD_GetConfig
C:\Users\aticl\AppData\Local\Temp\ccYFSing.s:496    .text.USBD_GetStatus:00000000 $t
C:\Users\aticl\AppData\Local\Temp\ccYFSing.s:501    .text.USBD_GetStatus:00000000 USBD_GetStatus
C:\Users\aticl\AppData\Local\Temp\ccYFSing.s:532    .text.USBD_SetFeature:00000000 $t
C:\Users\aticl\AppData\Local\Temp\ccYFSing.s:537    .text.USBD_SetFeature:00000000 USBD_SetFeature
C:\Users\aticl\AppData\Local\Temp\ccYFSing.s:561    .text.USBD_ClrFeature:00000000 $t
C:\Users\aticl\AppData\Local\Temp\ccYFSing.s:566    .text.USBD_ClrFeature:00000000 USBD_ClrFeature
C:\Users\aticl\AppData\Local\Temp\ccYFSing.s:589    .text.USBD_StdDevReq:00000000 $t
C:\Users\aticl\AppData\Local\Temp\ccYFSing.s:595    .text.USBD_StdDevReq:00000000 USBD_StdDevReq
C:\Users\aticl\AppData\Local\Temp\ccYFSing.s:625    .text.USBD_StdDevReq:00000038 $d
C:\Users\aticl\AppData\Local\Temp\ccYFSing.s:635    .text.USBD_StdDevReq:00000042 $t
C:\Users\aticl\AppData\Local\Temp\ccYFSing.s:664    .text.USBD_StdItfReq:00000000 $t
C:\Users\aticl\AppData\Local\Temp\ccYFSing.s:670    .text.USBD_StdItfReq:00000000 USBD_StdItfReq
C:\Users\aticl\AppData\Local\Temp\ccYFSing.s:738    .text.USBD_StdEPReq:00000000 $t
C:\Users\aticl\AppData\Local\Temp\ccYFSing.s:744    .text.USBD_StdEPReq:00000000 USBD_StdEPReq
C:\Users\aticl\AppData\Local\Temp\ccYFSing.s:1005   .text.USBD_GetString:00000000 $t
C:\Users\aticl\AppData\Local\Temp\ccYFSing.s:1011   .text.USBD_GetString:00000000 USBD_GetString
C:\Users\aticl\AppData\Local\Temp\ccYFSing.s:1056   .bss.cfgidx.0:00000000 $d
C:\Users\aticl\AppData\Local\Temp\ccYFSing.s:124    .text.USBD_GetDescriptor:0000002d $d
C:\Users\aticl\AppData\Local\Temp\ccYFSing.s:124    .text.USBD_GetDescriptor:0000002e $t

UNDEFINED SYMBOLS
USBD_LL_StallEP
USBD_CtlSendData
USBD_CtlSendStatus
USBD_LL_SetUSBAddress
USBD_ClrClassConfig
USBD_SetClassConfig
USBD_CoreFindIF
USBD_CoreFindEP
USBD_LL_ClearStallEP
USBD_LL_IsStallEP
